<?xml version="1.0" encoding="UTF-8" ?>
<testsuites disabled="0" errors="0" failures="79" tests="62" time="1108.529">
 <testsuite name="java" timestamp="2022-08-06T13:11:50" hostname="localhost" time="1108.529" errors="0" tests="62" skipped="0" disabled="0" failures="79">
  <testcase classname="java" name="programprocesspage_testcase1" time="185.65" />
  <testcase classname="java" name="xrefcount_testcase2" time="15.1" />
  <testcase classname="java" name="xrefpage_testcase3" time="14.109" />
  <testcase classname="java" name="xrefclearsearch_testcase4" time="9.13" />
  <testcase classname="java" name="xref_testcase5" time="9.483" />
  <testcase classname="java" name="variableimpactpage_testcase6" time="0.304">
   <failure type="exception" message="Failed: unexpected alert open: {Alert text : }
  (Session info: chrome=104.0.5112.81): {Alert text : 
Build info: version: &apos;3.141.59&apos;, revision: &apos;e82be7d358&apos;, time: &apos;2018-11-14T08:25:53&apos;
System info: host: &apos;INCHCMLP12070&apos;, ip: &apos;192.168.1.100&apos;, os.name: &apos;Windows 10&apos;, os.arch: &apos;amd64&apos;, os.version: &apos;10.0&apos;, java.version: &apos;11.0.12&apos;
Driver info: driver.version: unknown"><![CDATA[UnexpectedAlertOpenError: unexpected alert open: {Alert text : }
  (Session info: chrome=104.0.5112.81): {Alert text : 
Build info: version: '3.141.59', revision: 'e82be7d358', time: '2018-11-14T08:25:53'
System info: host: 'INCHCMLP12070', ip: '192.168.1.100', os.name: 'Windows 10', os.arch: 'amd64', os.version: '10.0', java.version: '11.0.12'
Driver info: driver.version: unknown
    at Object.checkLegacyResponse (C:\Users\dr00810779\AppData\Roaming\npm\node_modules\protractor\node_modules\selenium-webdriver\lib\error.js:553:13)
    at parseHttpResponse (C:\Users\dr00810779\AppData\Roaming\npm\node_modules\protractor\node_modules\selenium-webdriver\lib\http.js:509:13)
    at C:\Users\dr00810779\AppData\Roaming\npm\node_modules\protractor\node_modules\selenium-webdriver\lib\http.js:441:30
    at runMicrotasks (<anonymous>)
    at processTicksAndRejections (internal/process/task_queues.js:95:5)
From: Task: WebDriver.findElements(By(xpath, //input[@id="Uname"]))
    at thenableWebDriverProxy.schedule (C:\Users\dr00810779\AppData\Roaming\npm\node_modules\protractor\node_modules\selenium-webdriver\lib\webdriver.js:807:17)
    at thenableWebDriverProxy.findElements (C:\Users\dr00810779\AppData\Roaming\npm\node_modules\protractor\node_modules\selenium-webdriver\lib\webdriver.js:1048:19)
    at C:\Users\dr00810779\AppData\Roaming\npm\node_modules\protractor\built\element.js:159:44
    at ManagedPromise.invokeCallback_ (C:\Users\dr00810779\AppData\Roaming\npm\node_modules\protractor\node_modules\selenium-webdriver\lib\promise.js:1376:14)
    at TaskQueue.execute_ (C:\Users\dr00810779\AppData\Roaming\npm\node_modules\protractor\node_modules\selenium-webdriver\lib\promise.js:3084:14)
    at TaskQueue.executeNext_ (C:\Users\dr00810779\AppData\Roaming\npm\node_modules\protractor\node_modules\selenium-webdriver\lib\promise.js:3067:27)
    at C:\Users\dr00810779\AppData\Roaming\npm\node_modules\protractor\node_modules\selenium-webdriver\lib\promise.js:2927:27
    at C:\Users\dr00810779\AppData\Roaming\npm\node_modules\protractor\node_modules\selenium-webdriver\lib\promise.js:668:7
From: Task: <anonymous>
    at pollCondition (C:\Users\dr00810779\AppData\Roaming\npm\node_modules\protractor\node_modules\selenium-webdriver\lib\promise.js:2195:19)
    at C:\Users\dr00810779\AppData\Roaming\npm\node_modules\protractor\node_modules\selenium-webdriver\lib\promise.js:2191:7
    at new ManagedPromise (C:\Users\dr00810779\AppData\Roaming\npm\node_modules\protractor\node_modules\selenium-webdriver\lib\promise.js:1077:7)
    at ControlFlow.promise (C:\Users\dr00810779\AppData\Roaming\npm\node_modules\protractor\node_modules\selenium-webdriver\lib\promise.js:2505:12)
    at C:\Users\dr00810779\AppData\Roaming\npm\node_modules\protractor\node_modules\selenium-webdriver\lib\promise.js:2190:22
    at TaskQueue.execute_ (C:\Users\dr00810779\AppData\Roaming\npm\node_modules\protractor\node_modules\selenium-webdriver\lib\promise.js:3084:14)
    at TaskQueue.executeNext_ (C:\Users\dr00810779\AppData\Roaming\npm\node_modules\protractor\node_modules\selenium-webdriver\lib\promise.js:3067:27)
    at C:\Users\dr00810779\AppData\Roaming\npm\node_modules\protractor\node_modules\selenium-webdriver\lib\promise.js:2927:27
    at C:\Users\dr00810779\AppData\Roaming\npm\node_modules\protractor\node_modules\selenium-webdriver\lib\promise.js:668:7
From: Task: Element taking too long to appear in the DOM
    at scheduleWait (C:\Users\dr00810779\AppData\Roaming\npm\node_modules\protractor\node_modules\selenium-webdriver\lib\promise.js:2188:20)
    at ControlFlow.wait (C:\Users\dr00810779\AppData\Roaming\npm\node_modules\protractor\node_modules\selenium-webdriver\lib\promise.js:2517:12)
    at thenableWebDriverProxy.wait (C:\Users\dr00810779\AppData\Roaming\npm\node_modules\protractor\node_modules\selenium-webdriver\lib\webdriver.js:934:29)
    at run (C:\Users\dr00810779\AppData\Roaming\npm\node_modules\protractor\built\browser.js:58:33)
    at ProtractorBrowser.to.<computed> [as wait] (C:\Users\dr00810779\AppData\Roaming\npm\node_modules\protractor\built\browser.js:66:16)
    at UserContext.<anonymous> (D:\iTAP\Recorded_Scenarios\testRun\java\spec.js:1783:9)
    at C:\Users\dr00810779\AppData\Roaming\npm\node_modules\protractor\node_modules\jasminewd2\index.js:112:25
    at new ManagedPromise (C:\Users\dr00810779\AppData\Roaming\npm\node_modules\protractor\node_modules\selenium-webdriver\lib\promise.js:1077:7)
    at ControlFlow.promise (C:\Users\dr00810779\AppData\Roaming\npm\node_modules\protractor\node_modules\selenium-webdriver\lib\promise.js:2505:12)
    at schedulerExecute (C:\Users\dr00810779\AppData\Roaming\npm\node_modules\protractor\node_modules\jasminewd2\index.js:95:18)
From: Task: Run it("variableimpactpage_testcase6") in control flow
    at UserContext.<anonymous> (C:\Users\dr00810779\AppData\Roaming\npm\node_modules\protractor\node_modules\jasminewd2\index.js:94:19)
    at attempt (C:\Users\dr00810779\AppData\Roaming\npm\node_modules\protractor\node_modules\jasmine-core\lib\jasmine-core\jasmine.js:4297:26)
    at QueueRunner.run (C:\Users\dr00810779\AppData\Roaming\npm\node_modules\protractor\node_modules\jasmine-core\lib\jasmine-core\jasmine.js:4217:20)
    at QueueRunner.execute (C:\Users\dr00810779\AppData\Roaming\npm\node_modules\protractor\node_modules\jasmine-core\lib\jasmine-core\jasmine.js:4199:10)
    at Spec.queueRunnerFactory (C:\Users\dr00810779\AppData\Roaming\npm\node_modules\protractor\node_modules\jasmine-core\lib\jasmine-core\jasmine.js:909:35)
    at Spec.execute (C:\Users\dr00810779\AppData\Roaming\npm\node_modules\protractor\node_modules\jasmine-core\lib\jasmine-core\jasmine.js:526:10)
    at UserContext.fn (C:\Users\dr00810779\AppData\Roaming\npm\node_modules\protractor\node_modules\jasmine-core\lib\jasmine-core\jasmine.js:5340:37)
    at attempt (C:\Users\dr00810779\AppData\Roaming\npm\node_modules\protractor\node_modules\jasmine-core\lib\jasmine-core\jasmine.js:4297:26)
    at QueueRunner.run (C:\Users\dr00810779\AppData\Roaming\npm\node_modules\protractor\node_modules\jasmine-core\lib\jasmine-core\jasmine.js:4217:20)
    at runNext (C:\Users\dr00810779\AppData\Roaming\npm\node_modules\protractor\node_modules\jasmine-core\lib\jasmine-core\jasmine.js:4257:20)
From asynchronous test: 
Error
    at Suite.<anonymous> (D:\iTAP\Recorded_Scenarios\testRun\java\spec.js:1761:1)
    at addSpecsToSuite (C:\Users\dr00810779\AppData\Roaming\npm\node_modules\protractor\node_modules\jasmine-core\lib\jasmine-core\jasmine.js:1107:25)
    at Env.describe (C:\Users\dr00810779\AppData\Roaming\npm\node_modules\protractor\node_modules\jasmine-core\lib\jasmine-core\jasmine.js:1074:7)
    at describe (C:\Users\dr00810779\AppData\Roaming\npm\node_modules\protractor\node_modules\jasmine-core\lib\jasmine-core\jasmine.js:4399:18)
    at Object.<anonymous> (D:\iTAP\Recorded_Scenarios\testRun\java\spec.js:6:26)
    at Module._compile (internal/modules/cjs/loader.js:1085:14)
    at Object.Module._extensions..js (internal/modules/cjs/loader.js:1114:10)
    at Module.load (internal/modules/cjs/loader.js:950:32)
    at Function.Module._load (internal/modules/cjs/loader.js:790:14)]]>
   </failure>
  </testcase>
  <testcase classname="java" name="userguidepage_testcase7" time="14.964" />
  <testcase classname="java" name="userguide_testcase8" time="16.978" />
  <testcase classname="java" name="testcolor_testcase9" time="0.239">
   <failure type="exception" message="Failed: unexpected alert open: {Alert text : }
  (Session info: chrome=104.0.5112.81): {Alert text : 
Build info: version: &apos;3.141.59&apos;, revision: &apos;e82be7d358&apos;, time: &apos;2018-11-14T08:25:53&apos;
System info: host: &apos;INCHCMLP12070&apos;, ip: &apos;192.168.1.100&apos;, os.name: &apos;Windows 10&apos;, os.arch: &apos;amd64&apos;, os.version: &apos;10.0&apos;, java.version: &apos;11.0.12&apos;
Driver info: driver.version: unknown"><![CDATA[UnexpectedAlertOpenError: unexpected alert open: {Alert text : }
  (Session info: chrome=104.0.5112.81): {Alert text : 
Build info: version: '3.141.59', revision: 'e82be7d358', time: '2018-11-14T08:25:53'
System info: host: 'INCHCMLP12070', ip: '192.168.1.100', os.name: 'Windows 10', os.arch: 'amd64', os.version: '10.0', java.version: '11.0.12'
Driver info: driver.version: unknown
    at Object.checkLegacyResponse (C:\Users\dr00810779\AppData\Roaming\npm\node_modules\protractor\node_modules\selenium-webdriver\lib\error.js:553:13)
    at parseHttpResponse (C:\Users\dr00810779\AppData\Roaming\npm\node_modules\protractor\node_modules\selenium-webdriver\lib\http.js:509:13)
    at C:\Users\dr00810779\AppData\Roaming\npm\node_modules\protractor\node_modules\selenium-webdriver\lib\http.js:441:30
    at runMicrotasks (<anonymous>)
    at processTicksAndRejections (internal/process/task_queues.js:95:5)
From: Task: WebDriver.findElements(By(xpath, //input[@id="Uname"]))
    at thenableWebDriverProxy.schedule (C:\Users\dr00810779\AppData\Roaming\npm\node_modules\protractor\node_modules\selenium-webdriver\lib\webdriver.js:807:17)
    at thenableWebDriverProxy.findElements (C:\Users\dr00810779\AppData\Roaming\npm\node_modules\protractor\node_modules\selenium-webdriver\lib\webdriver.js:1048:19)
    at C:\Users\dr00810779\AppData\Roaming\npm\node_modules\protractor\built\element.js:159:44
    at ManagedPromise.invokeCallback_ (C:\Users\dr00810779\AppData\Roaming\npm\node_modules\protractor\node_modules\selenium-webdriver\lib\promise.js:1376:14)
    at TaskQueue.execute_ (C:\Users\dr00810779\AppData\Roaming\npm\node_modules\protractor\node_modules\selenium-webdriver\lib\promise.js:3084:14)
    at TaskQueue.executeNext_ (C:\Users\dr00810779\AppData\Roaming\npm\node_modules\protractor\node_modules\selenium-webdriver\lib\promise.js:3067:27)
    at C:\Users\dr00810779\AppData\Roaming\npm\node_modules\protractor\node_modules\selenium-webdriver\lib\promise.js:2927:27
    at C:\Users\dr00810779\AppData\Roaming\npm\node_modules\protractor\node_modules\selenium-webdriver\lib\promise.js:668:7
From: Task: <anonymous>
    at pollCondition (C:\Users\dr00810779\AppData\Roaming\npm\node_modules\protractor\node_modules\selenium-webdriver\lib\promise.js:2195:19)
    at C:\Users\dr00810779\AppData\Roaming\npm\node_modules\protractor\node_modules\selenium-webdriver\lib\promise.js:2191:7
    at new ManagedPromise (C:\Users\dr00810779\AppData\Roaming\npm\node_modules\protractor\node_modules\selenium-webdriver\lib\promise.js:1077:7)
    at ControlFlow.promise (C:\Users\dr00810779\AppData\Roaming\npm\node_modules\protractor\node_modules\selenium-webdriver\lib\promise.js:2505:12)
    at C:\Users\dr00810779\AppData\Roaming\npm\node_modules\protractor\node_modules\selenium-webdriver\lib\promise.js:2190:22
    at TaskQueue.execute_ (C:\Users\dr00810779\AppData\Roaming\npm\node_modules\protractor\node_modules\selenium-webdriver\lib\promise.js:3084:14)
    at TaskQueue.executeNext_ (C:\Users\dr00810779\AppData\Roaming\npm\node_modules\protractor\node_modules\selenium-webdriver\lib\promise.js:3067:27)
    at C:\Users\dr00810779\AppData\Roaming\npm\node_modules\protractor\node_modules\selenium-webdriver\lib\promise.js:2927:27
    at C:\Users\dr00810779\AppData\Roaming\npm\node_modules\protractor\node_modules\selenium-webdriver\lib\promise.js:668:7
From: Task: Element taking too long to appear in the DOM
    at scheduleWait (C:\Users\dr00810779\AppData\Roaming\npm\node_modules\protractor\node_modules\selenium-webdriver\lib\promise.js:2188:20)
    at ControlFlow.wait (C:\Users\dr00810779\AppData\Roaming\npm\node_modules\protractor\node_modules\selenium-webdriver\lib\promise.js:2517:12)
    at thenableWebDriverProxy.wait (C:\Users\dr00810779\AppData\Roaming\npm\node_modules\protractor\node_modules\selenium-webdriver\lib\webdriver.js:934:29)
    at run (C:\Users\dr00810779\AppData\Roaming\npm\node_modules\protractor\built\browser.js:58:33)
    at ProtractorBrowser.to.<computed> [as wait] (C:\Users\dr00810779\AppData\Roaming\npm\node_modules\protractor\built\browser.js:66:16)
    at UserContext.<anonymous> (D:\iTAP\Recorded_Scenarios\testRun\java\spec.js:2384:9)
    at C:\Users\dr00810779\AppData\Roaming\npm\node_modules\protractor\node_modules\jasminewd2\index.js:112:25
    at new ManagedPromise (C:\Users\dr00810779\AppData\Roaming\npm\node_modules\protractor\node_modules\selenium-webdriver\lib\promise.js:1077:7)
    at ControlFlow.promise (C:\Users\dr00810779\AppData\Roaming\npm\node_modules\protractor\node_modules\selenium-webdriver\lib\promise.js:2505:12)
    at schedulerExecute (C:\Users\dr00810779\AppData\Roaming\npm\node_modules\protractor\node_modules\jasminewd2\index.js:95:18)
From: Task: Run it("testcolor_testcase9") in control flow
    at UserContext.<anonymous> (C:\Users\dr00810779\AppData\Roaming\npm\node_modules\protractor\node_modules\jasminewd2\index.js:94:19)
    at attempt (C:\Users\dr00810779\AppData\Roaming\npm\node_modules\protractor\node_modules\jasmine-core\lib\jasmine-core\jasmine.js:4297:26)
    at QueueRunner.run (C:\Users\dr00810779\AppData\Roaming\npm\node_modules\protractor\node_modules\jasmine-core\lib\jasmine-core\jasmine.js:4217:20)
    at QueueRunner.execute (C:\Users\dr00810779\AppData\Roaming\npm\node_modules\protractor\node_modules\jasmine-core\lib\jasmine-core\jasmine.js:4199:10)
    at Spec.queueRunnerFactory (C:\Users\dr00810779\AppData\Roaming\npm\node_modules\protractor\node_modules\jasmine-core\lib\jasmine-core\jasmine.js:909:35)
    at Spec.execute (C:\Users\dr00810779\AppData\Roaming\npm\node_modules\protractor\node_modules\jasmine-core\lib\jasmine-core\jasmine.js:526:10)
    at UserContext.fn (C:\Users\dr00810779\AppData\Roaming\npm\node_modules\protractor\node_modules\jasmine-core\lib\jasmine-core\jasmine.js:5340:37)
    at attempt (C:\Users\dr00810779\AppData\Roaming\npm\node_modules\protractor\node_modules\jasmine-core\lib\jasmine-core\jasmine.js:4297:26)
    at QueueRunner.run (C:\Users\dr00810779\AppData\Roaming\npm\node_modules\protractor\node_modules\jasmine-core\lib\jasmine-core\jasmine.js:4217:20)
    at runNext (C:\Users\dr00810779\AppData\Roaming\npm\node_modules\protractor\node_modules\jasmine-core\lib\jasmine-core\jasmine.js:4257:20)
From asynchronous test: 
Error
    at Suite.<anonymous> (D:\iTAP\Recorded_Scenarios\testRun\java\spec.js:2362:1)
    at addSpecsToSuite (C:\Users\dr00810779\AppData\Roaming\npm\node_modules\protractor\node_modules\jasmine-core\lib\jasmine-core\jasmine.js:1107:25)
    at Env.describe (C:\Users\dr00810779\AppData\Roaming\npm\node_modules\protractor\node_modules\jasmine-core\lib\jasmine-core\jasmine.js:1074:7)
    at describe (C:\Users\dr00810779\AppData\Roaming\npm\node_modules\protractor\node_modules\jasmine-core\lib\jasmine-core\jasmine.js:4399:18)
    at Object.<anonymous> (D:\iTAP\Recorded_Scenarios\testRun\java\spec.js:6:26)
    at Module._compile (internal/modules/cjs/loader.js:1085:14)
    at Object.Module._extensions..js (internal/modules/cjs/loader.js:1114:10)
    at Module.load (internal/modules/cjs/loader.js:950:32)
    at Function.Module._load (internal/modules/cjs/loader.js:790:14)]]>
   </failure>
  </testcase>
  <testcase classname="java" name="spiderautofill_testcase10" time="25.678" />
  <testcase classname="java" name="spiderpage_testcase11" time="0.239">
   <failure type="exception" message="Failed: unexpected alert open: {Alert text : }
  (Session info: chrome=104.0.5112.81): {Alert text : 
Build info: version: &apos;3.141.59&apos;, revision: &apos;e82be7d358&apos;, time: &apos;2018-11-14T08:25:53&apos;
System info: host: &apos;INCHCMLP12070&apos;, ip: &apos;192.168.1.100&apos;, os.name: &apos;Windows 10&apos;, os.arch: &apos;amd64&apos;, os.version: &apos;10.0&apos;, java.version: &apos;11.0.12&apos;
Driver info: driver.version: unknown"><![CDATA[UnexpectedAlertOpenError: unexpected alert open: {Alert text : }
  (Session info: chrome=104.0.5112.81): {Alert text : 
Build info: version: '3.141.59', revision: 'e82be7d358', time: '2018-11-14T08:25:53'
System info: host: 'INCHCMLP12070', ip: '192.168.1.100', os.name: 'Windows 10', os.arch: 'amd64', os.version: '10.0', java.version: '11.0.12'
Driver info: driver.version: unknown
    at Object.checkLegacyResponse (C:\Users\dr00810779\AppData\Roaming\npm\node_modules\protractor\node_modules\selenium-webdriver\lib\error.js:553:13)
    at parseHttpResponse (C:\Users\dr00810779\AppData\Roaming\npm\node_modules\protractor\node_modules\selenium-webdriver\lib\http.js:509:13)
    at C:\Users\dr00810779\AppData\Roaming\npm\node_modules\protractor\node_modules\selenium-webdriver\lib\http.js:441:30
    at runMicrotasks (<anonymous>)
    at processTicksAndRejections (internal/process/task_queues.js:95:5)
From: Task: WebDriver.findElements(By(xpath, //input[@id="Uname"]))
    at thenableWebDriverProxy.schedule (C:\Users\dr00810779\AppData\Roaming\npm\node_modules\protractor\node_modules\selenium-webdriver\lib\webdriver.js:807:17)
    at thenableWebDriverProxy.findElements (C:\Users\dr00810779\AppData\Roaming\npm\node_modules\protractor\node_modules\selenium-webdriver\lib\webdriver.js:1048:19)
    at C:\Users\dr00810779\AppData\Roaming\npm\node_modules\protractor\built\element.js:159:44
    at ManagedPromise.invokeCallback_ (C:\Users\dr00810779\AppData\Roaming\npm\node_modules\protractor\node_modules\selenium-webdriver\lib\promise.js:1376:14)
    at TaskQueue.execute_ (C:\Users\dr00810779\AppData\Roaming\npm\node_modules\protractor\node_modules\selenium-webdriver\lib\promise.js:3084:14)
    at TaskQueue.executeNext_ (C:\Users\dr00810779\AppData\Roaming\npm\node_modules\protractor\node_modules\selenium-webdriver\lib\promise.js:3067:27)
    at C:\Users\dr00810779\AppData\Roaming\npm\node_modules\protractor\node_modules\selenium-webdriver\lib\promise.js:2927:27
    at C:\Users\dr00810779\AppData\Roaming\npm\node_modules\protractor\node_modules\selenium-webdriver\lib\promise.js:668:7
From: Task: <anonymous>
    at pollCondition (C:\Users\dr00810779\AppData\Roaming\npm\node_modules\protractor\node_modules\selenium-webdriver\lib\promise.js:2195:19)
    at C:\Users\dr00810779\AppData\Roaming\npm\node_modules\protractor\node_modules\selenium-webdriver\lib\promise.js:2191:7
    at new ManagedPromise (C:\Users\dr00810779\AppData\Roaming\npm\node_modules\protractor\node_modules\selenium-webdriver\lib\promise.js:1077:7)
    at ControlFlow.promise (C:\Users\dr00810779\AppData\Roaming\npm\node_modules\protractor\node_modules\selenium-webdriver\lib\promise.js:2505:12)
    at C:\Users\dr00810779\AppData\Roaming\npm\node_modules\protractor\node_modules\selenium-webdriver\lib\promise.js:2190:22
    at TaskQueue.execute_ (C:\Users\dr00810779\AppData\Roaming\npm\node_modules\protractor\node_modules\selenium-webdriver\lib\promise.js:3084:14)
    at TaskQueue.executeNext_ (C:\Users\dr00810779\AppData\Roaming\npm\node_modules\protractor\node_modules\selenium-webdriver\lib\promise.js:3067:27)
    at C:\Users\dr00810779\AppData\Roaming\npm\node_modules\protractor\node_modules\selenium-webdriver\lib\promise.js:2927:27
    at C:\Users\dr00810779\AppData\Roaming\npm\node_modules\protractor\node_modules\selenium-webdriver\lib\promise.js:668:7
From: Task: Element taking too long to appear in the DOM
    at scheduleWait (C:\Users\dr00810779\AppData\Roaming\npm\node_modules\protractor\node_modules\selenium-webdriver\lib\promise.js:2188:20)
    at ControlFlow.wait (C:\Users\dr00810779\AppData\Roaming\npm\node_modules\protractor\node_modules\selenium-webdriver\lib\promise.js:2517:12)
    at thenableWebDriverProxy.wait (C:\Users\dr00810779\AppData\Roaming\npm\node_modules\protractor\node_modules\selenium-webdriver\lib\webdriver.js:934:29)
    at run (C:\Users\dr00810779\AppData\Roaming\npm\node_modules\protractor\built\browser.js:58:33)
    at ProtractorBrowser.to.<computed> [as wait] (C:\Users\dr00810779\AppData\Roaming\npm\node_modules\protractor\built\browser.js:66:16)
    at UserContext.<anonymous> (D:\iTAP\Recorded_Scenarios\testRun\java\spec.js:3028:9)
    at C:\Users\dr00810779\AppData\Roaming\npm\node_modules\protractor\node_modules\jasminewd2\index.js:112:25
    at new ManagedPromise (C:\Users\dr00810779\AppData\Roaming\npm\node_modules\protractor\node_modules\selenium-webdriver\lib\promise.js:1077:7)
    at ControlFlow.promise (C:\Users\dr00810779\AppData\Roaming\npm\node_modules\protractor\node_modules\selenium-webdriver\lib\promise.js:2505:12)
    at schedulerExecute (C:\Users\dr00810779\AppData\Roaming\npm\node_modules\protractor\node_modules\jasminewd2\index.js:95:18)
From: Task: Run it("spiderpage_testcase11") in control flow
    at UserContext.<anonymous> (C:\Users\dr00810779\AppData\Roaming\npm\node_modules\protractor\node_modules\jasminewd2\index.js:94:19)
    at attempt (C:\Users\dr00810779\AppData\Roaming\npm\node_modules\protractor\node_modules\jasmine-core\lib\jasmine-core\jasmine.js:4297:26)
    at QueueRunner.run (C:\Users\dr00810779\AppData\Roaming\npm\node_modules\protractor\node_modules\jasmine-core\lib\jasmine-core\jasmine.js:4217:20)
    at QueueRunner.execute (C:\Users\dr00810779\AppData\Roaming\npm\node_modules\protractor\node_modules\jasmine-core\lib\jasmine-core\jasmine.js:4199:10)
    at Spec.queueRunnerFactory (C:\Users\dr00810779\AppData\Roaming\npm\node_modules\protractor\node_modules\jasmine-core\lib\jasmine-core\jasmine.js:909:35)
    at Spec.execute (C:\Users\dr00810779\AppData\Roaming\npm\node_modules\protractor\node_modules\jasmine-core\lib\jasmine-core\jasmine.js:526:10)
    at UserContext.fn (C:\Users\dr00810779\AppData\Roaming\npm\node_modules\protractor\node_modules\jasmine-core\lib\jasmine-core\jasmine.js:5340:37)
    at attempt (C:\Users\dr00810779\AppData\Roaming\npm\node_modules\protractor\node_modules\jasmine-core\lib\jasmine-core\jasmine.js:4297:26)
    at QueueRunner.run (C:\Users\dr00810779\AppData\Roaming\npm\node_modules\protractor\node_modules\jasmine-core\lib\jasmine-core\jasmine.js:4217:20)
    at runNext (C:\Users\dr00810779\AppData\Roaming\npm\node_modules\protractor\node_modules\jasmine-core\lib\jasmine-core\jasmine.js:4257:20)
From asynchronous test: 
Error
    at Suite.<anonymous> (D:\iTAP\Recorded_Scenarios\testRun\java\spec.js:3006:1)
    at addSpecsToSuite (C:\Users\dr00810779\AppData\Roaming\npm\node_modules\protractor\node_modules\jasmine-core\lib\jasmine-core\jasmine.js:1107:25)
    at Env.describe (C:\Users\dr00810779\AppData\Roaming\npm\node_modules\protractor\node_modules\jasmine-core\lib\jasmine-core\jasmine.js:1074:7)
    at describe (C:\Users\dr00810779\AppData\Roaming\npm\node_modules\protractor\node_modules\jasmine-core\lib\jasmine-core\jasmine.js:4399:18)
    at Object.<anonymous> (D:\iTAP\Recorded_Scenarios\testRun\java\spec.js:6:26)
    at Module._compile (internal/modules/cjs/loader.js:1085:14)
    at Object.Module._extensions..js (internal/modules/cjs/loader.js:1114:10)
    at Module.load (internal/modules/cjs/loader.js:950:32)
    at Function.Module._load (internal/modules/cjs/loader.js:790:14)]]>
   </failure>
  </testcase>
  <testcase classname="java" name="screenvalidationpage_testcase12" time="11.72" />
  <testcase classname="java" name="screenvalidationcount_testcase13" time="20.301" />
  <testcase classname="java" name="screendefinitionpage_testcase14" time="12.051" />
  <testcase classname="java" name="screenvalidation_testcase15" time="11.488" />
  <testcase classname="java" name="screendefinitioncount_testcase16" time="0.242">
   <failure type="exception" message="Failed: unexpected alert open: {Alert text : }
  (Session info: chrome=104.0.5112.81): {Alert text : 
Build info: version: &apos;3.141.59&apos;, revision: &apos;e82be7d358&apos;, time: &apos;2018-11-14T08:25:53&apos;
System info: host: &apos;INCHCMLP12070&apos;, ip: &apos;192.168.1.100&apos;, os.name: &apos;Windows 10&apos;, os.arch: &apos;amd64&apos;, os.version: &apos;10.0&apos;, java.version: &apos;11.0.12&apos;
Driver info: driver.version: unknown"><![CDATA[UnexpectedAlertOpenError: unexpected alert open: {Alert text : }
  (Session info: chrome=104.0.5112.81): {Alert text : 
Build info: version: '3.141.59', revision: 'e82be7d358', time: '2018-11-14T08:25:53'
System info: host: 'INCHCMLP12070', ip: '192.168.1.100', os.name: 'Windows 10', os.arch: 'amd64', os.version: '10.0', java.version: '11.0.12'
Driver info: driver.version: unknown
    at Object.checkLegacyResponse (C:\Users\dr00810779\AppData\Roaming\npm\node_modules\protractor\node_modules\selenium-webdriver\lib\error.js:553:13)
    at parseHttpResponse (C:\Users\dr00810779\AppData\Roaming\npm\node_modules\protractor\node_modules\selenium-webdriver\lib\http.js:509:13)
    at C:\Users\dr00810779\AppData\Roaming\npm\node_modules\protractor\node_modules\selenium-webdriver\lib\http.js:441:30
    at runMicrotasks (<anonymous>)
    at processTicksAndRejections (internal/process/task_queues.js:95:5)
From: Task: WebDriver.findElements(By(xpath, //input[@id="Uname"]))
    at thenableWebDriverProxy.schedule (C:\Users\dr00810779\AppData\Roaming\npm\node_modules\protractor\node_modules\selenium-webdriver\lib\webdriver.js:807:17)
    at thenableWebDriverProxy.findElements (C:\Users\dr00810779\AppData\Roaming\npm\node_modules\protractor\node_modules\selenium-webdriver\lib\webdriver.js:1048:19)
    at C:\Users\dr00810779\AppData\Roaming\npm\node_modules\protractor\built\element.js:159:44
    at ManagedPromise.invokeCallback_ (C:\Users\dr00810779\AppData\Roaming\npm\node_modules\protractor\node_modules\selenium-webdriver\lib\promise.js:1376:14)
    at TaskQueue.execute_ (C:\Users\dr00810779\AppData\Roaming\npm\node_modules\protractor\node_modules\selenium-webdriver\lib\promise.js:3084:14)
    at TaskQueue.executeNext_ (C:\Users\dr00810779\AppData\Roaming\npm\node_modules\protractor\node_modules\selenium-webdriver\lib\promise.js:3067:27)
    at C:\Users\dr00810779\AppData\Roaming\npm\node_modules\protractor\node_modules\selenium-webdriver\lib\promise.js:2927:27
    at C:\Users\dr00810779\AppData\Roaming\npm\node_modules\protractor\node_modules\selenium-webdriver\lib\promise.js:668:7
From: Task: <anonymous>
    at pollCondition (C:\Users\dr00810779\AppData\Roaming\npm\node_modules\protractor\node_modules\selenium-webdriver\lib\promise.js:2195:19)
    at C:\Users\dr00810779\AppData\Roaming\npm\node_modules\protractor\node_modules\selenium-webdriver\lib\promise.js:2191:7
    at new ManagedPromise (C:\Users\dr00810779\AppData\Roaming\npm\node_modules\protractor\node_modules\selenium-webdriver\lib\promise.js:1077:7)
    at ControlFlow.promise (C:\Users\dr00810779\AppData\Roaming\npm\node_modules\protractor\node_modules\selenium-webdriver\lib\promise.js:2505:12)
    at C:\Users\dr00810779\AppData\Roaming\npm\node_modules\protractor\node_modules\selenium-webdriver\lib\promise.js:2190:22
    at TaskQueue.execute_ (C:\Users\dr00810779\AppData\Roaming\npm\node_modules\protractor\node_modules\selenium-webdriver\lib\promise.js:3084:14)
    at TaskQueue.executeNext_ (C:\Users\dr00810779\AppData\Roaming\npm\node_modules\protractor\node_modules\selenium-webdriver\lib\promise.js:3067:27)
    at C:\Users\dr00810779\AppData\Roaming\npm\node_modules\protractor\node_modules\selenium-webdriver\lib\promise.js:2927:27
    at C:\Users\dr00810779\AppData\Roaming\npm\node_modules\protractor\node_modules\selenium-webdriver\lib\promise.js:668:7
From: Task: Element taking too long to appear in the DOM
    at scheduleWait (C:\Users\dr00810779\AppData\Roaming\npm\node_modules\protractor\node_modules\selenium-webdriver\lib\promise.js:2188:20)
    at ControlFlow.wait (C:\Users\dr00810779\AppData\Roaming\npm\node_modules\protractor\node_modules\selenium-webdriver\lib\promise.js:2517:12)
    at thenableWebDriverProxy.wait (C:\Users\dr00810779\AppData\Roaming\npm\node_modules\protractor\node_modules\selenium-webdriver\lib\webdriver.js:934:29)
    at run (C:\Users\dr00810779\AppData\Roaming\npm\node_modules\protractor\built\browser.js:58:33)
    at ProtractorBrowser.to.<computed> [as wait] (C:\Users\dr00810779\AppData\Roaming\npm\node_modules\protractor\built\browser.js:66:16)
    at UserContext.<anonymous> (D:\iTAP\Recorded_Scenarios\testRun\java\spec.js:5182:9)
    at C:\Users\dr00810779\AppData\Roaming\npm\node_modules\protractor\node_modules\jasminewd2\index.js:112:25
    at new ManagedPromise (C:\Users\dr00810779\AppData\Roaming\npm\node_modules\protractor\node_modules\selenium-webdriver\lib\promise.js:1077:7)
    at ControlFlow.promise (C:\Users\dr00810779\AppData\Roaming\npm\node_modules\protractor\node_modules\selenium-webdriver\lib\promise.js:2505:12)
    at schedulerExecute (C:\Users\dr00810779\AppData\Roaming\npm\node_modules\protractor\node_modules\jasminewd2\index.js:95:18)
From: Task: Run it("screendefinitioncount_testcase16") in control flow
    at UserContext.<anonymous> (C:\Users\dr00810779\AppData\Roaming\npm\node_modules\protractor\node_modules\jasminewd2\index.js:94:19)
    at attempt (C:\Users\dr00810779\AppData\Roaming\npm\node_modules\protractor\node_modules\jasmine-core\lib\jasmine-core\jasmine.js:4297:26)
    at QueueRunner.run (C:\Users\dr00810779\AppData\Roaming\npm\node_modules\protractor\node_modules\jasmine-core\lib\jasmine-core\jasmine.js:4217:20)
    at QueueRunner.execute (C:\Users\dr00810779\AppData\Roaming\npm\node_modules\protractor\node_modules\jasmine-core\lib\jasmine-core\jasmine.js:4199:10)
    at Spec.queueRunnerFactory (C:\Users\dr00810779\AppData\Roaming\npm\node_modules\protractor\node_modules\jasmine-core\lib\jasmine-core\jasmine.js:909:35)
    at Spec.execute (C:\Users\dr00810779\AppData\Roaming\npm\node_modules\protractor\node_modules\jasmine-core\lib\jasmine-core\jasmine.js:526:10)
    at UserContext.fn (C:\Users\dr00810779\AppData\Roaming\npm\node_modules\protractor\node_modules\jasmine-core\lib\jasmine-core\jasmine.js:5340:37)
    at attempt (C:\Users\dr00810779\AppData\Roaming\npm\node_modules\protractor\node_modules\jasmine-core\lib\jasmine-core\jasmine.js:4297:26)
    at QueueRunner.run (C:\Users\dr00810779\AppData\Roaming\npm\node_modules\protractor\node_modules\jasmine-core\lib\jasmine-core\jasmine.js:4217:20)
    at runNext (C:\Users\dr00810779\AppData\Roaming\npm\node_modules\protractor\node_modules\jasmine-core\lib\jasmine-core\jasmine.js:4257:20)
From asynchronous test: 
Error
    at Suite.<anonymous> (D:\iTAP\Recorded_Scenarios\testRun\java\spec.js:5160:1)
    at addSpecsToSuite (C:\Users\dr00810779\AppData\Roaming\npm\node_modules\protractor\node_modules\jasmine-core\lib\jasmine-core\jasmine.js:1107:25)
    at Env.describe (C:\Users\dr00810779\AppData\Roaming\npm\node_modules\protractor\node_modules\jasmine-core\lib\jasmine-core\jasmine.js:1074:7)
    at describe (C:\Users\dr00810779\AppData\Roaming\npm\node_modules\protractor\node_modules\jasmine-core\lib\jasmine-core\jasmine.js:4399:18)
    at Object.<anonymous> (D:\iTAP\Recorded_Scenarios\testRun\java\spec.js:6:26)
    at Module._compile (internal/modules/cjs/loader.js:1085:14)
    at Object.Module._extensions..js (internal/modules/cjs/loader.js:1114:10)
    at Module.load (internal/modules/cjs/loader.js:950:32)
    at Function.Module._load (internal/modules/cjs/loader.js:790:14)]]>
   </failure>
  </testcase>
  <testcase classname="java" name="screendefinition_testcase17" time="12.085" />
  <testcase classname="java" name="sankey1_testcase18" time="0.231">
   <failure type="exception" message="Failed: unexpected alert open: {Alert text : }
  (Session info: chrome=104.0.5112.81): {Alert text : 
Build info: version: &apos;3.141.59&apos;, revision: &apos;e82be7d358&apos;, time: &apos;2018-11-14T08:25:53&apos;
System info: host: &apos;INCHCMLP12070&apos;, ip: &apos;192.168.1.100&apos;, os.name: &apos;Windows 10&apos;, os.arch: &apos;amd64&apos;, os.version: &apos;10.0&apos;, java.version: &apos;11.0.12&apos;
Driver info: driver.version: unknown"><![CDATA[UnexpectedAlertOpenError: unexpected alert open: {Alert text : }
  (Session info: chrome=104.0.5112.81): {Alert text : 
Build info: version: '3.141.59', revision: 'e82be7d358', time: '2018-11-14T08:25:53'
System info: host: 'INCHCMLP12070', ip: '192.168.1.100', os.name: 'Windows 10', os.arch: 'amd64', os.version: '10.0', java.version: '11.0.12'
Driver info: driver.version: unknown
    at Object.checkLegacyResponse (C:\Users\dr00810779\AppData\Roaming\npm\node_modules\protractor\node_modules\selenium-webdriver\lib\error.js:553:13)
    at parseHttpResponse (C:\Users\dr00810779\AppData\Roaming\npm\node_modules\protractor\node_modules\selenium-webdriver\lib\http.js:509:13)
    at C:\Users\dr00810779\AppData\Roaming\npm\node_modules\protractor\node_modules\selenium-webdriver\lib\http.js:441:30
    at runMicrotasks (<anonymous>)
    at processTicksAndRejections (internal/process/task_queues.js:95:5)
From: Task: WebDriver.findElements(By(xpath, //input[@id="Uname"]))
    at thenableWebDriverProxy.schedule (C:\Users\dr00810779\AppData\Roaming\npm\node_modules\protractor\node_modules\selenium-webdriver\lib\webdriver.js:807:17)
    at thenableWebDriverProxy.findElements (C:\Users\dr00810779\AppData\Roaming\npm\node_modules\protractor\node_modules\selenium-webdriver\lib\webdriver.js:1048:19)
    at C:\Users\dr00810779\AppData\Roaming\npm\node_modules\protractor\built\element.js:159:44
    at ManagedPromise.invokeCallback_ (C:\Users\dr00810779\AppData\Roaming\npm\node_modules\protractor\node_modules\selenium-webdriver\lib\promise.js:1376:14)
    at TaskQueue.execute_ (C:\Users\dr00810779\AppData\Roaming\npm\node_modules\protractor\node_modules\selenium-webdriver\lib\promise.js:3084:14)
    at TaskQueue.executeNext_ (C:\Users\dr00810779\AppData\Roaming\npm\node_modules\protractor\node_modules\selenium-webdriver\lib\promise.js:3067:27)
    at C:\Users\dr00810779\AppData\Roaming\npm\node_modules\protractor\node_modules\selenium-webdriver\lib\promise.js:2927:27
    at C:\Users\dr00810779\AppData\Roaming\npm\node_modules\protractor\node_modules\selenium-webdriver\lib\promise.js:668:7
From: Task: <anonymous>
    at pollCondition (C:\Users\dr00810779\AppData\Roaming\npm\node_modules\protractor\node_modules\selenium-webdriver\lib\promise.js:2195:19)
    at C:\Users\dr00810779\AppData\Roaming\npm\node_modules\protractor\node_modules\selenium-webdriver\lib\promise.js:2191:7
    at new ManagedPromise (C:\Users\dr00810779\AppData\Roaming\npm\node_modules\protractor\node_modules\selenium-webdriver\lib\promise.js:1077:7)
    at ControlFlow.promise (C:\Users\dr00810779\AppData\Roaming\npm\node_modules\protractor\node_modules\selenium-webdriver\lib\promise.js:2505:12)
    at C:\Users\dr00810779\AppData\Roaming\npm\node_modules\protractor\node_modules\selenium-webdriver\lib\promise.js:2190:22
    at TaskQueue.execute_ (C:\Users\dr00810779\AppData\Roaming\npm\node_modules\protractor\node_modules\selenium-webdriver\lib\promise.js:3084:14)
    at TaskQueue.executeNext_ (C:\Users\dr00810779\AppData\Roaming\npm\node_modules\protractor\node_modules\selenium-webdriver\lib\promise.js:3067:27)
    at C:\Users\dr00810779\AppData\Roaming\npm\node_modules\protractor\node_modules\selenium-webdriver\lib\promise.js:2927:27
    at C:\Users\dr00810779\AppData\Roaming\npm\node_modules\protractor\node_modules\selenium-webdriver\lib\promise.js:668:7
From: Task: Element taking too long to appear in the DOM
    at scheduleWait (C:\Users\dr00810779\AppData\Roaming\npm\node_modules\protractor\node_modules\selenium-webdriver\lib\promise.js:2188:20)
    at ControlFlow.wait (C:\Users\dr00810779\AppData\Roaming\npm\node_modules\protractor\node_modules\selenium-webdriver\lib\promise.js:2517:12)
    at thenableWebDriverProxy.wait (C:\Users\dr00810779\AppData\Roaming\npm\node_modules\protractor\node_modules\selenium-webdriver\lib\webdriver.js:934:29)
    at run (C:\Users\dr00810779\AppData\Roaming\npm\node_modules\protractor\built\browser.js:58:33)
    at ProtractorBrowser.to.<computed> [as wait] (C:\Users\dr00810779\AppData\Roaming\npm\node_modules\protractor\built\browser.js:66:16)
    at UserContext.<anonymous> (D:\iTAP\Recorded_Scenarios\testRun\java\spec.js:5917:9)
    at C:\Users\dr00810779\AppData\Roaming\npm\node_modules\protractor\node_modules\jasminewd2\index.js:112:25
    at new ManagedPromise (C:\Users\dr00810779\AppData\Roaming\npm\node_modules\protractor\node_modules\selenium-webdriver\lib\promise.js:1077:7)
    at ControlFlow.promise (C:\Users\dr00810779\AppData\Roaming\npm\node_modules\protractor\node_modules\selenium-webdriver\lib\promise.js:2505:12)
    at schedulerExecute (C:\Users\dr00810779\AppData\Roaming\npm\node_modules\protractor\node_modules\jasminewd2\index.js:95:18)
From: Task: Run it("sankey1_testcase18") in control flow
    at UserContext.<anonymous> (C:\Users\dr00810779\AppData\Roaming\npm\node_modules\protractor\node_modules\jasminewd2\index.js:94:19)
    at attempt (C:\Users\dr00810779\AppData\Roaming\npm\node_modules\protractor\node_modules\jasmine-core\lib\jasmine-core\jasmine.js:4297:26)
    at QueueRunner.run (C:\Users\dr00810779\AppData\Roaming\npm\node_modules\protractor\node_modules\jasmine-core\lib\jasmine-core\jasmine.js:4217:20)
    at QueueRunner.execute (C:\Users\dr00810779\AppData\Roaming\npm\node_modules\protractor\node_modules\jasmine-core\lib\jasmine-core\jasmine.js:4199:10)
    at Spec.queueRunnerFactory (C:\Users\dr00810779\AppData\Roaming\npm\node_modules\protractor\node_modules\jasmine-core\lib\jasmine-core\jasmine.js:909:35)
    at Spec.execute (C:\Users\dr00810779\AppData\Roaming\npm\node_modules\protractor\node_modules\jasmine-core\lib\jasmine-core\jasmine.js:526:10)
    at UserContext.fn (C:\Users\dr00810779\AppData\Roaming\npm\node_modules\protractor\node_modules\jasmine-core\lib\jasmine-core\jasmine.js:5340:37)
    at attempt (C:\Users\dr00810779\AppData\Roaming\npm\node_modules\protractor\node_modules\jasmine-core\lib\jasmine-core\jasmine.js:4297:26)
    at QueueRunner.run (C:\Users\dr00810779\AppData\Roaming\npm\node_modules\protractor\node_modules\jasmine-core\lib\jasmine-core\jasmine.js:4217:20)
    at runNext (C:\Users\dr00810779\AppData\Roaming\npm\node_modules\protractor\node_modules\jasmine-core\lib\jasmine-core\jasmine.js:4257:20)
From asynchronous test: 
Error
    at Suite.<anonymous> (D:\iTAP\Recorded_Scenarios\testRun\java\spec.js:5895:1)
    at addSpecsToSuite (C:\Users\dr00810779\AppData\Roaming\npm\node_modules\protractor\node_modules\jasmine-core\lib\jasmine-core\jasmine.js:1107:25)
    at Env.describe (C:\Users\dr00810779\AppData\Roaming\npm\node_modules\protractor\node_modules\jasmine-core\lib\jasmine-core\jasmine.js:1074:7)
    at describe (C:\Users\dr00810779\AppData\Roaming\npm\node_modules\protractor\node_modules\jasmine-core\lib\jasmine-core\jasmine.js:4399:18)
    at Object.<anonymous> (D:\iTAP\Recorded_Scenarios\testRun\java\spec.js:6:26)
    at Module._compile (internal/modules/cjs/loader.js:1085:14)
    at Object.Module._extensions..js (internal/modules/cjs/loader.js:1114:10)
    at Module.load (internal/modules/cjs/loader.js:950:32)
    at Function.Module._load (internal/modules/cjs/loader.js:790:14)]]>
   </failure>
  </testcase>
  <testcase classname="java" name="sankeypage_testcase19" time="12.102" />
  <testcase classname="java" name="sankey_testcase20" time="12.592" />
  <testcase classname="java" name="rulesreport2_testcase21" time="0.202">
   <failure type="exception" message="Failed: unexpected alert open: {Alert text : }
  (Session info: chrome=104.0.5112.81): {Alert text : 
Build info: version: &apos;3.141.59&apos;, revision: &apos;e82be7d358&apos;, time: &apos;2018-11-14T08:25:53&apos;
System info: host: &apos;INCHCMLP12070&apos;, ip: &apos;192.168.1.100&apos;, os.name: &apos;Windows 10&apos;, os.arch: &apos;amd64&apos;, os.version: &apos;10.0&apos;, java.version: &apos;11.0.12&apos;
Driver info: driver.version: unknown"><![CDATA[UnexpectedAlertOpenError: unexpected alert open: {Alert text : }
  (Session info: chrome=104.0.5112.81): {Alert text : 
Build info: version: '3.141.59', revision: 'e82be7d358', time: '2018-11-14T08:25:53'
System info: host: 'INCHCMLP12070', ip: '192.168.1.100', os.name: 'Windows 10', os.arch: 'amd64', os.version: '10.0', java.version: '11.0.12'
Driver info: driver.version: unknown
    at Object.checkLegacyResponse (C:\Users\dr00810779\AppData\Roaming\npm\node_modules\protractor\node_modules\selenium-webdriver\lib\error.js:553:13)
    at parseHttpResponse (C:\Users\dr00810779\AppData\Roaming\npm\node_modules\protractor\node_modules\selenium-webdriver\lib\http.js:509:13)
    at C:\Users\dr00810779\AppData\Roaming\npm\node_modules\protractor\node_modules\selenium-webdriver\lib\http.js:441:30
    at runMicrotasks (<anonymous>)
    at processTicksAndRejections (internal/process/task_queues.js:95:5)
From: Task: WebDriver.findElements(By(xpath, //input[@id="Uname"]))
    at thenableWebDriverProxy.schedule (C:\Users\dr00810779\AppData\Roaming\npm\node_modules\protractor\node_modules\selenium-webdriver\lib\webdriver.js:807:17)
    at thenableWebDriverProxy.findElements (C:\Users\dr00810779\AppData\Roaming\npm\node_modules\protractor\node_modules\selenium-webdriver\lib\webdriver.js:1048:19)
    at C:\Users\dr00810779\AppData\Roaming\npm\node_modules\protractor\built\element.js:159:44
    at ManagedPromise.invokeCallback_ (C:\Users\dr00810779\AppData\Roaming\npm\node_modules\protractor\node_modules\selenium-webdriver\lib\promise.js:1376:14)
    at TaskQueue.execute_ (C:\Users\dr00810779\AppData\Roaming\npm\node_modules\protractor\node_modules\selenium-webdriver\lib\promise.js:3084:14)
    at TaskQueue.executeNext_ (C:\Users\dr00810779\AppData\Roaming\npm\node_modules\protractor\node_modules\selenium-webdriver\lib\promise.js:3067:27)
    at C:\Users\dr00810779\AppData\Roaming\npm\node_modules\protractor\node_modules\selenium-webdriver\lib\promise.js:2927:27
    at C:\Users\dr00810779\AppData\Roaming\npm\node_modules\protractor\node_modules\selenium-webdriver\lib\promise.js:668:7
From: Task: <anonymous>
    at pollCondition (C:\Users\dr00810779\AppData\Roaming\npm\node_modules\protractor\node_modules\selenium-webdriver\lib\promise.js:2195:19)
    at C:\Users\dr00810779\AppData\Roaming\npm\node_modules\protractor\node_modules\selenium-webdriver\lib\promise.js:2191:7
    at new ManagedPromise (C:\Users\dr00810779\AppData\Roaming\npm\node_modules\protractor\node_modules\selenium-webdriver\lib\promise.js:1077:7)
    at ControlFlow.promise (C:\Users\dr00810779\AppData\Roaming\npm\node_modules\protractor\node_modules\selenium-webdriver\lib\promise.js:2505:12)
    at C:\Users\dr00810779\AppData\Roaming\npm\node_modules\protractor\node_modules\selenium-webdriver\lib\promise.js:2190:22
    at TaskQueue.execute_ (C:\Users\dr00810779\AppData\Roaming\npm\node_modules\protractor\node_modules\selenium-webdriver\lib\promise.js:3084:14)
    at TaskQueue.executeNext_ (C:\Users\dr00810779\AppData\Roaming\npm\node_modules\protractor\node_modules\selenium-webdriver\lib\promise.js:3067:27)
    at C:\Users\dr00810779\AppData\Roaming\npm\node_modules\protractor\node_modules\selenium-webdriver\lib\promise.js:2927:27
    at C:\Users\dr00810779\AppData\Roaming\npm\node_modules\protractor\node_modules\selenium-webdriver\lib\promise.js:668:7
From: Task: Element taking too long to appear in the DOM
    at scheduleWait (C:\Users\dr00810779\AppData\Roaming\npm\node_modules\protractor\node_modules\selenium-webdriver\lib\promise.js:2188:20)
    at ControlFlow.wait (C:\Users\dr00810779\AppData\Roaming\npm\node_modules\protractor\node_modules\selenium-webdriver\lib\promise.js:2517:12)
    at thenableWebDriverProxy.wait (C:\Users\dr00810779\AppData\Roaming\npm\node_modules\protractor\node_modules\selenium-webdriver\lib\webdriver.js:934:29)
    at run (C:\Users\dr00810779\AppData\Roaming\npm\node_modules\protractor\built\browser.js:58:33)
    at ProtractorBrowser.to.<computed> [as wait] (C:\Users\dr00810779\AppData\Roaming\npm\node_modules\protractor\built\browser.js:66:16)
    at UserContext.<anonymous> (D:\iTAP\Recorded_Scenarios\testRun\java\spec.js:6628:9)
    at C:\Users\dr00810779\AppData\Roaming\npm\node_modules\protractor\node_modules\jasminewd2\index.js:112:25
    at new ManagedPromise (C:\Users\dr00810779\AppData\Roaming\npm\node_modules\protractor\node_modules\selenium-webdriver\lib\promise.js:1077:7)
    at ControlFlow.promise (C:\Users\dr00810779\AppData\Roaming\npm\node_modules\protractor\node_modules\selenium-webdriver\lib\promise.js:2505:12)
    at schedulerExecute (C:\Users\dr00810779\AppData\Roaming\npm\node_modules\protractor\node_modules\jasminewd2\index.js:95:18)
From: Task: Run it("rulesreport2_testcase21") in control flow
    at UserContext.<anonymous> (C:\Users\dr00810779\AppData\Roaming\npm\node_modules\protractor\node_modules\jasminewd2\index.js:94:19)
    at attempt (C:\Users\dr00810779\AppData\Roaming\npm\node_modules\protractor\node_modules\jasmine-core\lib\jasmine-core\jasmine.js:4297:26)
    at QueueRunner.run (C:\Users\dr00810779\AppData\Roaming\npm\node_modules\protractor\node_modules\jasmine-core\lib\jasmine-core\jasmine.js:4217:20)
    at QueueRunner.execute (C:\Users\dr00810779\AppData\Roaming\npm\node_modules\protractor\node_modules\jasmine-core\lib\jasmine-core\jasmine.js:4199:10)
    at Spec.queueRunnerFactory (C:\Users\dr00810779\AppData\Roaming\npm\node_modules\protractor\node_modules\jasmine-core\lib\jasmine-core\jasmine.js:909:35)
    at Spec.execute (C:\Users\dr00810779\AppData\Roaming\npm\node_modules\protractor\node_modules\jasmine-core\lib\jasmine-core\jasmine.js:526:10)
    at UserContext.fn (C:\Users\dr00810779\AppData\Roaming\npm\node_modules\protractor\node_modules\jasmine-core\lib\jasmine-core\jasmine.js:5340:37)
    at attempt (C:\Users\dr00810779\AppData\Roaming\npm\node_modules\protractor\node_modules\jasmine-core\lib\jasmine-core\jasmine.js:4297:26)
    at QueueRunner.run (C:\Users\dr00810779\AppData\Roaming\npm\node_modules\protractor\node_modules\jasmine-core\lib\jasmine-core\jasmine.js:4217:20)
    at runNext (C:\Users\dr00810779\AppData\Roaming\npm\node_modules\protractor\node_modules\jasmine-core\lib\jasmine-core\jasmine.js:4257:20)
From asynchronous test: 
Error
    at Suite.<anonymous> (D:\iTAP\Recorded_Scenarios\testRun\java\spec.js:6606:1)
    at addSpecsToSuite (C:\Users\dr00810779\AppData\Roaming\npm\node_modules\protractor\node_modules\jasmine-core\lib\jasmine-core\jasmine.js:1107:25)
    at Env.describe (C:\Users\dr00810779\AppData\Roaming\npm\node_modules\protractor\node_modules\jasmine-core\lib\jasmine-core\jasmine.js:1074:7)
    at describe (C:\Users\dr00810779\AppData\Roaming\npm\node_modules\protractor\node_modules\jasmine-core\lib\jasmine-core\jasmine.js:4399:18)
    at Object.<anonymous> (D:\iTAP\Recorded_Scenarios\testRun\java\spec.js:6:26)
    at Module._compile (internal/modules/cjs/loader.js:1085:14)
    at Object.Module._extensions..js (internal/modules/cjs/loader.js:1114:10)
    at Module.load (internal/modules/cjs/loader.js:950:32)
    at Function.Module._load (internal/modules/cjs/loader.js:790:14)]]>
   </failure>
  </testcase>
  <testcase classname="java" name="rulesreport1_testcase22" time="9.55" />
  <testcase classname="java" name="rulesreport_testcase23" time="0.215">
   <failure type="exception" message="Failed: unexpected alert open: {Alert text : }
  (Session info: chrome=104.0.5112.81): {Alert text : 
Build info: version: &apos;3.141.59&apos;, revision: &apos;e82be7d358&apos;, time: &apos;2018-11-14T08:25:53&apos;
System info: host: &apos;INCHCMLP12070&apos;, ip: &apos;192.168.1.100&apos;, os.name: &apos;Windows 10&apos;, os.arch: &apos;amd64&apos;, os.version: &apos;10.0&apos;, java.version: &apos;11.0.12&apos;
Driver info: driver.version: unknown"><![CDATA[UnexpectedAlertOpenError: unexpected alert open: {Alert text : }
  (Session info: chrome=104.0.5112.81): {Alert text : 
Build info: version: '3.141.59', revision: 'e82be7d358', time: '2018-11-14T08:25:53'
System info: host: 'INCHCMLP12070', ip: '192.168.1.100', os.name: 'Windows 10', os.arch: 'amd64', os.version: '10.0', java.version: '11.0.12'
Driver info: driver.version: unknown
    at Object.checkLegacyResponse (C:\Users\dr00810779\AppData\Roaming\npm\node_modules\protractor\node_modules\selenium-webdriver\lib\error.js:553:13)
    at parseHttpResponse (C:\Users\dr00810779\AppData\Roaming\npm\node_modules\protractor\node_modules\selenium-webdriver\lib\http.js:509:13)
    at C:\Users\dr00810779\AppData\Roaming\npm\node_modules\protractor\node_modules\selenium-webdriver\lib\http.js:441:30
    at runMicrotasks (<anonymous>)
    at processTicksAndRejections (internal/process/task_queues.js:95:5)
From: Task: WebDriver.findElements(By(xpath, //input[@id="Uname"]))
    at thenableWebDriverProxy.schedule (C:\Users\dr00810779\AppData\Roaming\npm\node_modules\protractor\node_modules\selenium-webdriver\lib\webdriver.js:807:17)
    at thenableWebDriverProxy.findElements (C:\Users\dr00810779\AppData\Roaming\npm\node_modules\protractor\node_modules\selenium-webdriver\lib\webdriver.js:1048:19)
    at C:\Users\dr00810779\AppData\Roaming\npm\node_modules\protractor\built\element.js:159:44
    at ManagedPromise.invokeCallback_ (C:\Users\dr00810779\AppData\Roaming\npm\node_modules\protractor\node_modules\selenium-webdriver\lib\promise.js:1376:14)
    at TaskQueue.execute_ (C:\Users\dr00810779\AppData\Roaming\npm\node_modules\protractor\node_modules\selenium-webdriver\lib\promise.js:3084:14)
    at TaskQueue.executeNext_ (C:\Users\dr00810779\AppData\Roaming\npm\node_modules\protractor\node_modules\selenium-webdriver\lib\promise.js:3067:27)
    at C:\Users\dr00810779\AppData\Roaming\npm\node_modules\protractor\node_modules\selenium-webdriver\lib\promise.js:2927:27
    at C:\Users\dr00810779\AppData\Roaming\npm\node_modules\protractor\node_modules\selenium-webdriver\lib\promise.js:668:7
From: Task: <anonymous>
    at pollCondition (C:\Users\dr00810779\AppData\Roaming\npm\node_modules\protractor\node_modules\selenium-webdriver\lib\promise.js:2195:19)
    at C:\Users\dr00810779\AppData\Roaming\npm\node_modules\protractor\node_modules\selenium-webdriver\lib\promise.js:2191:7
    at new ManagedPromise (C:\Users\dr00810779\AppData\Roaming\npm\node_modules\protractor\node_modules\selenium-webdriver\lib\promise.js:1077:7)
    at ControlFlow.promise (C:\Users\dr00810779\AppData\Roaming\npm\node_modules\protractor\node_modules\selenium-webdriver\lib\promise.js:2505:12)
    at C:\Users\dr00810779\AppData\Roaming\npm\node_modules\protractor\node_modules\selenium-webdriver\lib\promise.js:2190:22
    at TaskQueue.execute_ (C:\Users\dr00810779\AppData\Roaming\npm\node_modules\protractor\node_modules\selenium-webdriver\lib\promise.js:3084:14)
    at TaskQueue.executeNext_ (C:\Users\dr00810779\AppData\Roaming\npm\node_modules\protractor\node_modules\selenium-webdriver\lib\promise.js:3067:27)
    at C:\Users\dr00810779\AppData\Roaming\npm\node_modules\protractor\node_modules\selenium-webdriver\lib\promise.js:2927:27
    at C:\Users\dr00810779\AppData\Roaming\npm\node_modules\protractor\node_modules\selenium-webdriver\lib\promise.js:668:7
From: Task: Element taking too long to appear in the DOM
    at scheduleWait (C:\Users\dr00810779\AppData\Roaming\npm\node_modules\protractor\node_modules\selenium-webdriver\lib\promise.js:2188:20)
    at ControlFlow.wait (C:\Users\dr00810779\AppData\Roaming\npm\node_modules\protractor\node_modules\selenium-webdriver\lib\promise.js:2517:12)
    at thenableWebDriverProxy.wait (C:\Users\dr00810779\AppData\Roaming\npm\node_modules\protractor\node_modules\selenium-webdriver\lib\webdriver.js:934:29)
    at run (C:\Users\dr00810779\AppData\Roaming\npm\node_modules\protractor\built\browser.js:58:33)
    at ProtractorBrowser.to.<computed> [as wait] (C:\Users\dr00810779\AppData\Roaming\npm\node_modules\protractor\built\browser.js:66:16)
    at UserContext.<anonymous> (D:\iTAP\Recorded_Scenarios\testRun\java\spec.js:7127:9)
    at C:\Users\dr00810779\AppData\Roaming\npm\node_modules\protractor\node_modules\jasminewd2\index.js:112:25
    at new ManagedPromise (C:\Users\dr00810779\AppData\Roaming\npm\node_modules\protractor\node_modules\selenium-webdriver\lib\promise.js:1077:7)
    at ControlFlow.promise (C:\Users\dr00810779\AppData\Roaming\npm\node_modules\protractor\node_modules\selenium-webdriver\lib\promise.js:2505:12)
    at schedulerExecute (C:\Users\dr00810779\AppData\Roaming\npm\node_modules\protractor\node_modules\jasminewd2\index.js:95:18)
From: Task: Run it("rulesreport_testcase23") in control flow
    at UserContext.<anonymous> (C:\Users\dr00810779\AppData\Roaming\npm\node_modules\protractor\node_modules\jasminewd2\index.js:94:19)
    at attempt (C:\Users\dr00810779\AppData\Roaming\npm\node_modules\protractor\node_modules\jasmine-core\lib\jasmine-core\jasmine.js:4297:26)
    at QueueRunner.run (C:\Users\dr00810779\AppData\Roaming\npm\node_modules\protractor\node_modules\jasmine-core\lib\jasmine-core\jasmine.js:4217:20)
    at QueueRunner.execute (C:\Users\dr00810779\AppData\Roaming\npm\node_modules\protractor\node_modules\jasmine-core\lib\jasmine-core\jasmine.js:4199:10)
    at Spec.queueRunnerFactory (C:\Users\dr00810779\AppData\Roaming\npm\node_modules\protractor\node_modules\jasmine-core\lib\jasmine-core\jasmine.js:909:35)
    at Spec.execute (C:\Users\dr00810779\AppData\Roaming\npm\node_modules\protractor\node_modules\jasmine-core\lib\jasmine-core\jasmine.js:526:10)
    at UserContext.fn (C:\Users\dr00810779\AppData\Roaming\npm\node_modules\protractor\node_modules\jasmine-core\lib\jasmine-core\jasmine.js:5340:37)
    at attempt (C:\Users\dr00810779\AppData\Roaming\npm\node_modules\protractor\node_modules\jasmine-core\lib\jasmine-core\jasmine.js:4297:26)
    at QueueRunner.run (C:\Users\dr00810779\AppData\Roaming\npm\node_modules\protractor\node_modules\jasmine-core\lib\jasmine-core\jasmine.js:4217:20)
    at runNext (C:\Users\dr00810779\AppData\Roaming\npm\node_modules\protractor\node_modules\jasmine-core\lib\jasmine-core\jasmine.js:4257:20)
From asynchronous test: 
Error
    at Suite.<anonymous> (D:\iTAP\Recorded_Scenarios\testRun\java\spec.js:7105:1)
    at addSpecsToSuite (C:\Users\dr00810779\AppData\Roaming\npm\node_modules\protractor\node_modules\jasmine-core\lib\jasmine-core\jasmine.js:1107:25)
    at Env.describe (C:\Users\dr00810779\AppData\Roaming\npm\node_modules\protractor\node_modules\jasmine-core\lib\jasmine-core\jasmine.js:1074:7)
    at describe (C:\Users\dr00810779\AppData\Roaming\npm\node_modules\protractor\node_modules\jasmine-core\lib\jasmine-core\jasmine.js:4399:18)
    at Object.<anonymous> (D:\iTAP\Recorded_Scenarios\testRun\java\spec.js:6:26)
    at Module._compile (internal/modules/cjs/loader.js:1085:14)
    at Object.Module._extensions..js (internal/modules/cjs/loader.js:1114:10)
    at Module.load (internal/modules/cjs/loader.js:950:32)
    at Function.Module._load (internal/modules/cjs/loader.js:790:14)]]>
   </failure>
  </testcase>
  <testcase classname="java" name="rulespage_testcase24" time="14.39" />
  <testcase classname="java" name="rulescount_testcase25" time="18.449" />
  <testcase classname="java" name="redirectionCheck_testcase26" time="18.79" />
  <testcase classname="java" name="programprocessflow_testcase27" time="661.267">
   <failure type="exception" message="Failed: disconnected: Unable to receive message from renderer
  (Session info: chrome=104.0.5112.81)
Build info: version: &apos;3.141.59&apos;, revision: &apos;e82be7d358&apos;, time: &apos;2018-11-14T08:25:53&apos;
System info: host: &apos;INCHCMLP12070&apos;, ip: &apos;192.168.1.100&apos;, os.name: &apos;Windows 10&apos;, os.arch: &apos;amd64&apos;, os.version: &apos;10.0&apos;, java.version: &apos;11.0.12&apos;
Driver info: driver.version: unknown"><![CDATA[WebDriverError: disconnected: Unable to receive message from renderer
  (Session info: chrome=104.0.5112.81)
Build info: version: '3.141.59', revision: 'e82be7d358', time: '2018-11-14T08:25:53'
System info: host: 'INCHCMLP12070', ip: '192.168.1.100', os.name: 'Windows 10', os.arch: 'amd64', os.version: '10.0', java.version: '11.0.12'
Driver info: driver.version: unknown
    at Object.checkLegacyResponse (C:\Users\dr00810779\AppData\Roaming\npm\node_modules\protractor\node_modules\selenium-webdriver\lib\error.js:546:15)
    at parseHttpResponse (C:\Users\dr00810779\AppData\Roaming\npm\node_modules\protractor\node_modules\selenium-webdriver\lib\http.js:509:13)
    at C:\Users\dr00810779\AppData\Roaming\npm\node_modules\protractor\node_modules\selenium-webdriver\lib\http.js:441:30
    at runMicrotasks (<anonymous>)
    at processTicksAndRejections (internal/process/task_queues.js:95:5)
From: Task: WebElement.click()
    at thenableWebDriverProxy.schedule (C:\Users\dr00810779\AppData\Roaming\npm\node_modules\protractor\node_modules\selenium-webdriver\lib\webdriver.js:807:17)
    at WebElement.schedule_ (C:\Users\dr00810779\AppData\Roaming\npm\node_modules\protractor\node_modules\selenium-webdriver\lib\webdriver.js:2010:25)
    at WebElement.click (C:\Users\dr00810779\AppData\Roaming\npm\node_modules\protractor\node_modules\selenium-webdriver\lib\webdriver.js:2092:17)
    at actionFn (C:\Users\dr00810779\AppData\Roaming\npm\node_modules\protractor\built\element.js:89:44)
    at Array.map (<anonymous>)
    at C:\Users\dr00810779\AppData\Roaming\npm\node_modules\protractor\built\element.js:461:65
    at ManagedPromise.invokeCallback_ (C:\Users\dr00810779\AppData\Roaming\npm\node_modules\protractor\node_modules\selenium-webdriver\lib\promise.js:1376:14)
    at TaskQueue.execute_ (C:\Users\dr00810779\AppData\Roaming\npm\node_modules\protractor\node_modules\selenium-webdriver\lib\promise.js:3084:14)
    at TaskQueue.executeNext_ (C:\Users\dr00810779\AppData\Roaming\npm\node_modules\protractor\node_modules\selenium-webdriver\lib\promise.js:3067:27)
    at C:\Users\dr00810779\AppData\Roaming\npm\node_modules\protractor\node_modules\selenium-webdriver\lib\promise.js:2927:27Error
    at ElementArrayFinder.applyAction_ (C:\Users\dr00810779\AppData\Roaming\npm\node_modules\protractor\built\element.js:459:27)
    at ElementArrayFinder.<computed> [as click] (C:\Users\dr00810779\AppData\Roaming\npm\node_modules\protractor\built\element.js:91:29)
    at ElementFinder.<computed> [as click] (C:\Users\dr00810779\AppData\Roaming\npm\node_modules\protractor\built\element.js:831:22)
    at UserContext.<anonymous> (D:\iTAP\Recorded_Scenarios\testRun\java\spec.js:9467:51)
    at C:\Users\dr00810779\AppData\Roaming\npm\node_modules\protractor\node_modules\jasminewd2\index.js:112:25
    at new ManagedPromise (C:\Users\dr00810779\AppData\Roaming\npm\node_modules\protractor\node_modules\selenium-webdriver\lib\promise.js:1077:7)
    at ControlFlow.promise (C:\Users\dr00810779\AppData\Roaming\npm\node_modules\protractor\node_modules\selenium-webdriver\lib\promise.js:2505:12)
    at schedulerExecute (C:\Users\dr00810779\AppData\Roaming\npm\node_modules\protractor\node_modules\jasminewd2\index.js:95:18)
    at TaskQueue.execute_ (C:\Users\dr00810779\AppData\Roaming\npm\node_modules\protractor\node_modules\selenium-webdriver\lib\promise.js:3084:14)
    at TaskQueue.executeNext_ (C:\Users\dr00810779\AppData\Roaming\npm\node_modules\protractor\node_modules\selenium-webdriver\lib\promise.js:3067:27)
From: Task: Run it("programprocessflow_testcase27") in control flow
    at UserContext.<anonymous> (C:\Users\dr00810779\AppData\Roaming\npm\node_modules\protractor\node_modules\jasminewd2\index.js:94:19)
    at attempt (C:\Users\dr00810779\AppData\Roaming\npm\node_modules\protractor\node_modules\jasmine-core\lib\jasmine-core\jasmine.js:4297:26)
    at QueueRunner.run (C:\Users\dr00810779\AppData\Roaming\npm\node_modules\protractor\node_modules\jasmine-core\lib\jasmine-core\jasmine.js:4217:20)
    at QueueRunner.execute (C:\Users\dr00810779\AppData\Roaming\npm\node_modules\protractor\node_modules\jasmine-core\lib\jasmine-core\jasmine.js:4199:10)
    at Spec.queueRunnerFactory (C:\Users\dr00810779\AppData\Roaming\npm\node_modules\protractor\node_modules\jasmine-core\lib\jasmine-core\jasmine.js:909:35)
    at Spec.execute (C:\Users\dr00810779\AppData\Roaming\npm\node_modules\protractor\node_modules\jasmine-core\lib\jasmine-core\jasmine.js:526:10)
    at UserContext.fn (C:\Users\dr00810779\AppData\Roaming\npm\node_modules\protractor\node_modules\jasmine-core\lib\jasmine-core\jasmine.js:5340:37)
    at attempt (C:\Users\dr00810779\AppData\Roaming\npm\node_modules\protractor\node_modules\jasmine-core\lib\jasmine-core\jasmine.js:4297:26)
    at QueueRunner.run (C:\Users\dr00810779\AppData\Roaming\npm\node_modules\protractor\node_modules\jasmine-core\lib\jasmine-core\jasmine.js:4217:20)
    at runNext (C:\Users\dr00810779\AppData\Roaming\npm\node_modules\protractor\node_modules\jasmine-core\lib\jasmine-core\jasmine.js:4257:20)
From asynchronous test: 
Error
    at Suite.<anonymous> (D:\iTAP\Recorded_Scenarios\testRun\java\spec.js:9111:1)
    at addSpecsToSuite (C:\Users\dr00810779\AppData\Roaming\npm\node_modules\protractor\node_modules\jasmine-core\lib\jasmine-core\jasmine.js:1107:25)
    at Env.describe (C:\Users\dr00810779\AppData\Roaming\npm\node_modules\protractor\node_modules\jasmine-core\lib\jasmine-core\jasmine.js:1074:7)
    at describe (C:\Users\dr00810779\AppData\Roaming\npm\node_modules\protractor\node_modules\jasmine-core\lib\jasmine-core\jasmine.js:4399:18)
    at Object.<anonymous> (D:\iTAP\Recorded_Scenarios\testRun\java\spec.js:6:26)
    at Module._compile (internal/modules/cjs/loader.js:1085:14)
    at Object.Module._extensions..js (internal/modules/cjs/loader.js:1114:10)
    at Module.load (internal/modules/cjs/loader.js:950:32)
    at Function.Module._load (internal/modules/cjs/loader.js:790:14)]]>
   </failure>
   <failure type="exception" message="WebDriverError: No active session with ID 38d9489646df6e482241391e231866e4"><![CDATA[WebDriverError: No active session with ID 38d9489646df6e482241391e231866e4
    at Object.checkLegacyResponse (C:\Users\dr00810779\AppData\Roaming\npm\node_modules\protractor\node_modules\selenium-webdriver\lib\error.js:546:15)
    at parseHttpResponse (C:\Users\dr00810779\AppData\Roaming\npm\node_modules\protractor\node_modules\selenium-webdriver\lib\http.js:509:13)
    at C:\Users\dr00810779\AppData\Roaming\npm\node_modules\protractor\node_modules\selenium-webdriver\lib\http.js:441:30
    at runMicrotasks (<anonymous>)
    at processTicksAndRejections (internal/process/task_queues.js:95:5)
From: Task: WebDriver.takeScreenshot()
    at thenableWebDriverProxy.schedule (C:\Users\dr00810779\AppData\Roaming\npm\node_modules\protractor\node_modules\selenium-webdriver\lib\webdriver.js:807:17)
    at thenableWebDriverProxy.takeScreenshot (C:\Users\dr00810779\AppData\Roaming\npm\node_modules\protractor\node_modules\selenium-webdriver\lib\webdriver.js:1085:17)
    at run (C:\Users\dr00810779\AppData\Roaming\npm\node_modules\protractor\built\browser.js:58:33)
    at ProtractorBrowser.to.<computed> [as takeScreenshot] (C:\Users\dr00810779\AppData\Roaming\npm\node_modules\protractor\built\browser.js:66:16)
    at UserContext.<anonymous> (D:\iTAP\Recorded_Scenarios\testRun\java\conf.js:30:14)
    at attempt (C:\Users\dr00810779\AppData\Roaming\npm\node_modules\protractor\node_modules\jasmine-core\lib\jasmine-core\jasmine.js:4297:26)
    at QueueRunner.run (C:\Users\dr00810779\AppData\Roaming\npm\node_modules\protractor\node_modules\jasmine-core\lib\jasmine-core\jasmine.js:4217:20)
    at runNext (C:\Users\dr00810779\AppData\Roaming\npm\node_modules\protractor\node_modules\jasmine-core\lib\jasmine-core\jasmine.js:4257:20)
    at C:\Users\dr00810779\AppData\Roaming\npm\node_modules\protractor\node_modules\jasmine-core\lib\jasmine-core\jasmine.js:4264:13
    at C:\Users\dr00810779\AppData\Roaming\npm\node_modules\protractor\node_modules\jasmine-core\lib\jasmine-core\jasmine.js:4172:9]]>
   </failure>
  </testcase>
  <testcase classname="java" name="callchain1_testcase28" time="0.015">
   <failure type="exception" message="WebDriverError: No active session with ID 38d9489646df6e482241391e231866e4"><![CDATA[WebDriverError: No active session with ID 38d9489646df6e482241391e231866e4
    at Object.checkLegacyResponse (C:\Users\dr00810779\AppData\Roaming\npm\node_modules\protractor\node_modules\selenium-webdriver\lib\error.js:546:15)
    at parseHttpResponse (C:\Users\dr00810779\AppData\Roaming\npm\node_modules\protractor\node_modules\selenium-webdriver\lib\http.js:509:13)
    at C:\Users\dr00810779\AppData\Roaming\npm\node_modules\protractor\node_modules\selenium-webdriver\lib\http.js:441:30
    at runMicrotasks (<anonymous>)
    at processTicksAndRejections (internal/process/task_queues.js:95:5)
From: Task: WebDriver.takeScreenshot()
    at thenableWebDriverProxy.schedule (C:\Users\dr00810779\AppData\Roaming\npm\node_modules\protractor\node_modules\selenium-webdriver\lib\webdriver.js:807:17)
    at thenableWebDriverProxy.takeScreenshot (C:\Users\dr00810779\AppData\Roaming\npm\node_modules\protractor\node_modules\selenium-webdriver\lib\webdriver.js:1085:17)
    at run (C:\Users\dr00810779\AppData\Roaming\npm\node_modules\protractor\built\browser.js:58:33)
    at ProtractorBrowser.to.<computed> [as takeScreenshot] (C:\Users\dr00810779\AppData\Roaming\npm\node_modules\protractor\built\browser.js:66:16)
    at Object.specDone (D:\iTAP\Recorded_Scenarios\testRun\java\conf.js:45:34)
    at dispatch (C:\Users\dr00810779\AppData\Roaming\npm\node_modules\protractor\node_modules\jasmine-core\lib\jasmine-core\jasmine.js:4366:28)
    at ReportDispatcher.specDone (C:\Users\dr00810779\AppData\Roaming\npm\node_modules\protractor\node_modules\jasmine-core\lib\jasmine-core\jasmine.js:4337:11)
    at Spec.specResultCallback [as resultCallback] (C:\Users\dr00810779\AppData\Roaming\npm\node_modules\protractor\node_modules\jasmine-core\lib\jasmine-core\jasmine.js:1175:18)
    at QueueRunner.complete [as onComplete] (C:\Users\dr00810779\AppData\Roaming\npm\node_modules\protractor\node_modules\jasmine-core\lib\jasmine-core\jasmine.js:530:12)
    at Immediate.<anonymous> (C:\Users\dr00810779\AppData\Roaming\npm\node_modules\protractor\node_modules\jasmine-core\lib\jasmine-core\jasmine.js:4231:12)]]>
   </failure>
   <failure type="exception" message="WebDriverError: No active session with ID 38d9489646df6e482241391e231866e4"><![CDATA[WebDriverError: No active session with ID 38d9489646df6e482241391e231866e4
    at Object.checkLegacyResponse (C:\Users\dr00810779\AppData\Roaming\npm\node_modules\protractor\node_modules\selenium-webdriver\lib\error.js:546:15)
    at parseHttpResponse (C:\Users\dr00810779\AppData\Roaming\npm\node_modules\protractor\node_modules\selenium-webdriver\lib\http.js:509:13)
    at C:\Users\dr00810779\AppData\Roaming\npm\node_modules\protractor\node_modules\selenium-webdriver\lib\http.js:441:30
    at runMicrotasks (<anonymous>)
    at processTicksAndRejections (internal/process/task_queues.js:95:5)
From: Task: WebDriver.takeScreenshot()
    at thenableWebDriverProxy.schedule (C:\Users\dr00810779\AppData\Roaming\npm\node_modules\protractor\node_modules\selenium-webdriver\lib\webdriver.js:807:17)
    at thenableWebDriverProxy.takeScreenshot (C:\Users\dr00810779\AppData\Roaming\npm\node_modules\protractor\node_modules\selenium-webdriver\lib\webdriver.js:1085:17)
    at run (C:\Users\dr00810779\AppData\Roaming\npm\node_modules\protractor\built\browser.js:58:33)
    at ProtractorBrowser.to.<computed> [as takeScreenshot] (C:\Users\dr00810779\AppData\Roaming\npm\node_modules\protractor\built\browser.js:66:16)
    at UserContext.<anonymous> (D:\iTAP\Recorded_Scenarios\testRun\java\conf.js:30:14)
    at attempt (C:\Users\dr00810779\AppData\Roaming\npm\node_modules\protractor\node_modules\jasmine-core\lib\jasmine-core\jasmine.js:4297:26)
    at QueueRunner.run (C:\Users\dr00810779\AppData\Roaming\npm\node_modules\protractor\node_modules\jasmine-core\lib\jasmine-core\jasmine.js:4217:20)
    at runNext (C:\Users\dr00810779\AppData\Roaming\npm\node_modules\protractor\node_modules\jasmine-core\lib\jasmine-core\jasmine.js:4257:20)
    at C:\Users\dr00810779\AppData\Roaming\npm\node_modules\protractor\node_modules\jasmine-core\lib\jasmine-core\jasmine.js:4264:13
    at C:\Users\dr00810779\AppData\Roaming\npm\node_modules\protractor\node_modules\jasmine-core\lib\jasmine-core\jasmine.js:4172:9]]>
   </failure>
  </testcase>
  <testcase classname="java" name="orphanpage_testcase29" time="0.029">
   <failure type="exception" message="WebDriverError: No active session with ID 38d9489646df6e482241391e231866e4"><![CDATA[WebDriverError: No active session with ID 38d9489646df6e482241391e231866e4
    at Object.checkLegacyResponse (C:\Users\dr00810779\AppData\Roaming\npm\node_modules\protractor\node_modules\selenium-webdriver\lib\error.js:546:15)
    at parseHttpResponse (C:\Users\dr00810779\AppData\Roaming\npm\node_modules\protractor\node_modules\selenium-webdriver\lib\http.js:509:13)
    at C:\Users\dr00810779\AppData\Roaming\npm\node_modules\protractor\node_modules\selenium-webdriver\lib\http.js:441:30
    at runMicrotasks (<anonymous>)
    at processTicksAndRejections (internal/process/task_queues.js:95:5)
From: Task: WebDriver.takeScreenshot()
    at thenableWebDriverProxy.schedule (C:\Users\dr00810779\AppData\Roaming\npm\node_modules\protractor\node_modules\selenium-webdriver\lib\webdriver.js:807:17)
    at thenableWebDriverProxy.takeScreenshot (C:\Users\dr00810779\AppData\Roaming\npm\node_modules\protractor\node_modules\selenium-webdriver\lib\webdriver.js:1085:17)
    at run (C:\Users\dr00810779\AppData\Roaming\npm\node_modules\protractor\built\browser.js:58:33)
    at ProtractorBrowser.to.<computed> [as takeScreenshot] (C:\Users\dr00810779\AppData\Roaming\npm\node_modules\protractor\built\browser.js:66:16)
    at Object.specDone (D:\iTAP\Recorded_Scenarios\testRun\java\conf.js:45:34)
    at dispatch (C:\Users\dr00810779\AppData\Roaming\npm\node_modules\protractor\node_modules\jasmine-core\lib\jasmine-core\jasmine.js:4366:28)
    at ReportDispatcher.specDone (C:\Users\dr00810779\AppData\Roaming\npm\node_modules\protractor\node_modules\jasmine-core\lib\jasmine-core\jasmine.js:4337:11)
    at Spec.specResultCallback [as resultCallback] (C:\Users\dr00810779\AppData\Roaming\npm\node_modules\protractor\node_modules\jasmine-core\lib\jasmine-core\jasmine.js:1175:18)
    at QueueRunner.complete [as onComplete] (C:\Users\dr00810779\AppData\Roaming\npm\node_modules\protractor\node_modules\jasmine-core\lib\jasmine-core\jasmine.js:530:12)
    at Immediate.<anonymous> (C:\Users\dr00810779\AppData\Roaming\npm\node_modules\protractor\node_modules\jasmine-core\lib\jasmine-core\jasmine.js:4231:12)]]>
   </failure>
   <failure type="exception" message="WebDriverError: No active session with ID 38d9489646df6e482241391e231866e4"><![CDATA[WebDriverError: No active session with ID 38d9489646df6e482241391e231866e4
    at Object.checkLegacyResponse (C:\Users\dr00810779\AppData\Roaming\npm\node_modules\protractor\node_modules\selenium-webdriver\lib\error.js:546:15)
    at parseHttpResponse (C:\Users\dr00810779\AppData\Roaming\npm\node_modules\protractor\node_modules\selenium-webdriver\lib\http.js:509:13)
    at C:\Users\dr00810779\AppData\Roaming\npm\node_modules\protractor\node_modules\selenium-webdriver\lib\http.js:441:30
    at runMicrotasks (<anonymous>)
    at processTicksAndRejections (internal/process/task_queues.js:95:5)
From: Task: WebDriver.takeScreenshot()
    at thenableWebDriverProxy.schedule (C:\Users\dr00810779\AppData\Roaming\npm\node_modules\protractor\node_modules\selenium-webdriver\lib\webdriver.js:807:17)
    at thenableWebDriverProxy.takeScreenshot (C:\Users\dr00810779\AppData\Roaming\npm\node_modules\protractor\node_modules\selenium-webdriver\lib\webdriver.js:1085:17)
    at run (C:\Users\dr00810779\AppData\Roaming\npm\node_modules\protractor\built\browser.js:58:33)
    at ProtractorBrowser.to.<computed> [as takeScreenshot] (C:\Users\dr00810779\AppData\Roaming\npm\node_modules\protractor\built\browser.js:66:16)
    at UserContext.<anonymous> (D:\iTAP\Recorded_Scenarios\testRun\java\conf.js:30:14)
    at attempt (C:\Users\dr00810779\AppData\Roaming\npm\node_modules\protractor\node_modules\jasmine-core\lib\jasmine-core\jasmine.js:4297:26)
    at QueueRunner.run (C:\Users\dr00810779\AppData\Roaming\npm\node_modules\protractor\node_modules\jasmine-core\lib\jasmine-core\jasmine.js:4217:20)
    at runNext (C:\Users\dr00810779\AppData\Roaming\npm\node_modules\protractor\node_modules\jasmine-core\lib\jasmine-core\jasmine.js:4257:20)
    at C:\Users\dr00810779\AppData\Roaming\npm\node_modules\protractor\node_modules\jasmine-core\lib\jasmine-core\jasmine.js:4264:13
    at C:\Users\dr00810779\AppData\Roaming\npm\node_modules\protractor\node_modules\jasmine-core\lib\jasmine-core\jasmine.js:4172:9]]>
   </failure>
  </testcase>
  <testcase classname="java" name="navigation5_testcase30" time="0.03">
   <failure type="exception" message="WebDriverError: No active session with ID 38d9489646df6e482241391e231866e4"><![CDATA[WebDriverError: No active session with ID 38d9489646df6e482241391e231866e4
    at Object.checkLegacyResponse (C:\Users\dr00810779\AppData\Roaming\npm\node_modules\protractor\node_modules\selenium-webdriver\lib\error.js:546:15)
    at parseHttpResponse (C:\Users\dr00810779\AppData\Roaming\npm\node_modules\protractor\node_modules\selenium-webdriver\lib\http.js:509:13)
    at C:\Users\dr00810779\AppData\Roaming\npm\node_modules\protractor\node_modules\selenium-webdriver\lib\http.js:441:30
    at runMicrotasks (<anonymous>)
    at processTicksAndRejections (internal/process/task_queues.js:95:5)
From: Task: WebDriver.takeScreenshot()
    at thenableWebDriverProxy.schedule (C:\Users\dr00810779\AppData\Roaming\npm\node_modules\protractor\node_modules\selenium-webdriver\lib\webdriver.js:807:17)
    at thenableWebDriverProxy.takeScreenshot (C:\Users\dr00810779\AppData\Roaming\npm\node_modules\protractor\node_modules\selenium-webdriver\lib\webdriver.js:1085:17)
    at run (C:\Users\dr00810779\AppData\Roaming\npm\node_modules\protractor\built\browser.js:58:33)
    at ProtractorBrowser.to.<computed> [as takeScreenshot] (C:\Users\dr00810779\AppData\Roaming\npm\node_modules\protractor\built\browser.js:66:16)
    at Object.specDone (D:\iTAP\Recorded_Scenarios\testRun\java\conf.js:45:34)
    at dispatch (C:\Users\dr00810779\AppData\Roaming\npm\node_modules\protractor\node_modules\jasmine-core\lib\jasmine-core\jasmine.js:4366:28)
    at ReportDispatcher.specDone (C:\Users\dr00810779\AppData\Roaming\npm\node_modules\protractor\node_modules\jasmine-core\lib\jasmine-core\jasmine.js:4337:11)
    at Spec.specResultCallback [as resultCallback] (C:\Users\dr00810779\AppData\Roaming\npm\node_modules\protractor\node_modules\jasmine-core\lib\jasmine-core\jasmine.js:1175:18)
    at QueueRunner.complete [as onComplete] (C:\Users\dr00810779\AppData\Roaming\npm\node_modules\protractor\node_modules\jasmine-core\lib\jasmine-core\jasmine.js:530:12)
    at Immediate.<anonymous> (C:\Users\dr00810779\AppData\Roaming\npm\node_modules\protractor\node_modules\jasmine-core\lib\jasmine-core\jasmine.js:4231:12)]]>
   </failure>
   <failure type="exception" message="WebDriverError: No active session with ID 38d9489646df6e482241391e231866e4"><![CDATA[WebDriverError: No active session with ID 38d9489646df6e482241391e231866e4
    at Object.checkLegacyResponse (C:\Users\dr00810779\AppData\Roaming\npm\node_modules\protractor\node_modules\selenium-webdriver\lib\error.js:546:15)
    at parseHttpResponse (C:\Users\dr00810779\AppData\Roaming\npm\node_modules\protractor\node_modules\selenium-webdriver\lib\http.js:509:13)
    at C:\Users\dr00810779\AppData\Roaming\npm\node_modules\protractor\node_modules\selenium-webdriver\lib\http.js:441:30
    at runMicrotasks (<anonymous>)
    at processTicksAndRejections (internal/process/task_queues.js:95:5)
From: Task: WebDriver.takeScreenshot()
    at thenableWebDriverProxy.schedule (C:\Users\dr00810779\AppData\Roaming\npm\node_modules\protractor\node_modules\selenium-webdriver\lib\webdriver.js:807:17)
    at thenableWebDriverProxy.takeScreenshot (C:\Users\dr00810779\AppData\Roaming\npm\node_modules\protractor\node_modules\selenium-webdriver\lib\webdriver.js:1085:17)
    at run (C:\Users\dr00810779\AppData\Roaming\npm\node_modules\protractor\built\browser.js:58:33)
    at ProtractorBrowser.to.<computed> [as takeScreenshot] (C:\Users\dr00810779\AppData\Roaming\npm\node_modules\protractor\built\browser.js:66:16)
    at UserContext.<anonymous> (D:\iTAP\Recorded_Scenarios\testRun\java\conf.js:30:14)
    at attempt (C:\Users\dr00810779\AppData\Roaming\npm\node_modules\protractor\node_modules\jasmine-core\lib\jasmine-core\jasmine.js:4297:26)
    at QueueRunner.run (C:\Users\dr00810779\AppData\Roaming\npm\node_modules\protractor\node_modules\jasmine-core\lib\jasmine-core\jasmine.js:4217:20)
    at runNext (C:\Users\dr00810779\AppData\Roaming\npm\node_modules\protractor\node_modules\jasmine-core\lib\jasmine-core\jasmine.js:4257:20)
    at C:\Users\dr00810779\AppData\Roaming\npm\node_modules\protractor\node_modules\jasmine-core\lib\jasmine-core\jasmine.js:4264:13
    at C:\Users\dr00810779\AppData\Roaming\npm\node_modules\protractor\node_modules\jasmine-core\lib\jasmine-core\jasmine.js:4172:9]]>
   </failure>
  </testcase>
  <testcase classname="java" name="orphancount_testcase31" time="0.023">
   <failure type="exception" message="WebDriverError: No active session with ID 38d9489646df6e482241391e231866e4"><![CDATA[WebDriverError: No active session with ID 38d9489646df6e482241391e231866e4
    at Object.checkLegacyResponse (C:\Users\dr00810779\AppData\Roaming\npm\node_modules\protractor\node_modules\selenium-webdriver\lib\error.js:546:15)
    at parseHttpResponse (C:\Users\dr00810779\AppData\Roaming\npm\node_modules\protractor\node_modules\selenium-webdriver\lib\http.js:509:13)
    at C:\Users\dr00810779\AppData\Roaming\npm\node_modules\protractor\node_modules\selenium-webdriver\lib\http.js:441:30
    at runMicrotasks (<anonymous>)
    at processTicksAndRejections (internal/process/task_queues.js:95:5)
From: Task: WebDriver.takeScreenshot()
    at thenableWebDriverProxy.schedule (C:\Users\dr00810779\AppData\Roaming\npm\node_modules\protractor\node_modules\selenium-webdriver\lib\webdriver.js:807:17)
    at thenableWebDriverProxy.takeScreenshot (C:\Users\dr00810779\AppData\Roaming\npm\node_modules\protractor\node_modules\selenium-webdriver\lib\webdriver.js:1085:17)
    at run (C:\Users\dr00810779\AppData\Roaming\npm\node_modules\protractor\built\browser.js:58:33)
    at ProtractorBrowser.to.<computed> [as takeScreenshot] (C:\Users\dr00810779\AppData\Roaming\npm\node_modules\protractor\built\browser.js:66:16)
    at Object.specDone (D:\iTAP\Recorded_Scenarios\testRun\java\conf.js:45:34)
    at dispatch (C:\Users\dr00810779\AppData\Roaming\npm\node_modules\protractor\node_modules\jasmine-core\lib\jasmine-core\jasmine.js:4366:28)
    at ReportDispatcher.specDone (C:\Users\dr00810779\AppData\Roaming\npm\node_modules\protractor\node_modules\jasmine-core\lib\jasmine-core\jasmine.js:4337:11)
    at Spec.specResultCallback [as resultCallback] (C:\Users\dr00810779\AppData\Roaming\npm\node_modules\protractor\node_modules\jasmine-core\lib\jasmine-core\jasmine.js:1175:18)
    at QueueRunner.complete [as onComplete] (C:\Users\dr00810779\AppData\Roaming\npm\node_modules\protractor\node_modules\jasmine-core\lib\jasmine-core\jasmine.js:530:12)
    at Timeout._onTimeout (C:\Users\dr00810779\AppData\Roaming\npm\node_modules\protractor\node_modules\jasmine-core\lib\jasmine-core\jasmine.js:4231:12)]]>
   </failure>
   <failure type="exception" message="WebDriverError: No active session with ID 38d9489646df6e482241391e231866e4"><![CDATA[WebDriverError: No active session with ID 38d9489646df6e482241391e231866e4
    at Object.checkLegacyResponse (C:\Users\dr00810779\AppData\Roaming\npm\node_modules\protractor\node_modules\selenium-webdriver\lib\error.js:546:15)
    at parseHttpResponse (C:\Users\dr00810779\AppData\Roaming\npm\node_modules\protractor\node_modules\selenium-webdriver\lib\http.js:509:13)
    at C:\Users\dr00810779\AppData\Roaming\npm\node_modules\protractor\node_modules\selenium-webdriver\lib\http.js:441:30
    at runMicrotasks (<anonymous>)
    at processTicksAndRejections (internal/process/task_queues.js:95:5)
From: Task: WebDriver.takeScreenshot()
    at thenableWebDriverProxy.schedule (C:\Users\dr00810779\AppData\Roaming\npm\node_modules\protractor\node_modules\selenium-webdriver\lib\webdriver.js:807:17)
    at thenableWebDriverProxy.takeScreenshot (C:\Users\dr00810779\AppData\Roaming\npm\node_modules\protractor\node_modules\selenium-webdriver\lib\webdriver.js:1085:17)
    at run (C:\Users\dr00810779\AppData\Roaming\npm\node_modules\protractor\built\browser.js:58:33)
    at ProtractorBrowser.to.<computed> [as takeScreenshot] (C:\Users\dr00810779\AppData\Roaming\npm\node_modules\protractor\built\browser.js:66:16)
    at UserContext.<anonymous> (D:\iTAP\Recorded_Scenarios\testRun\java\conf.js:30:14)
    at attempt (C:\Users\dr00810779\AppData\Roaming\npm\node_modules\protractor\node_modules\jasmine-core\lib\jasmine-core\jasmine.js:4297:26)
    at QueueRunner.run (C:\Users\dr00810779\AppData\Roaming\npm\node_modules\protractor\node_modules\jasmine-core\lib\jasmine-core\jasmine.js:4217:20)
    at runNext (C:\Users\dr00810779\AppData\Roaming\npm\node_modules\protractor\node_modules\jasmine-core\lib\jasmine-core\jasmine.js:4257:20)
    at C:\Users\dr00810779\AppData\Roaming\npm\node_modules\protractor\node_modules\jasmine-core\lib\jasmine-core\jasmine.js:4264:13
    at C:\Users\dr00810779\AppData\Roaming\npm\node_modules\protractor\node_modules\jasmine-core\lib\jasmine-core\jasmine.js:4172:9]]>
   </failure>
  </testcase>
  <testcase classname="java" name="orphancomponents_testcase32" time="0.022">
   <failure type="exception" message="WebDriverError: No active session with ID 38d9489646df6e482241391e231866e4"><![CDATA[WebDriverError: No active session with ID 38d9489646df6e482241391e231866e4
    at Object.checkLegacyResponse (C:\Users\dr00810779\AppData\Roaming\npm\node_modules\protractor\node_modules\selenium-webdriver\lib\error.js:546:15)
    at parseHttpResponse (C:\Users\dr00810779\AppData\Roaming\npm\node_modules\protractor\node_modules\selenium-webdriver\lib\http.js:509:13)
    at C:\Users\dr00810779\AppData\Roaming\npm\node_modules\protractor\node_modules\selenium-webdriver\lib\http.js:441:30
    at runMicrotasks (<anonymous>)
    at processTicksAndRejections (internal/process/task_queues.js:95:5)
From: Task: WebDriver.takeScreenshot()
    at thenableWebDriverProxy.schedule (C:\Users\dr00810779\AppData\Roaming\npm\node_modules\protractor\node_modules\selenium-webdriver\lib\webdriver.js:807:17)
    at thenableWebDriverProxy.takeScreenshot (C:\Users\dr00810779\AppData\Roaming\npm\node_modules\protractor\node_modules\selenium-webdriver\lib\webdriver.js:1085:17)
    at run (C:\Users\dr00810779\AppData\Roaming\npm\node_modules\protractor\built\browser.js:58:33)
    at ProtractorBrowser.to.<computed> [as takeScreenshot] (C:\Users\dr00810779\AppData\Roaming\npm\node_modules\protractor\built\browser.js:66:16)
    at Object.specDone (D:\iTAP\Recorded_Scenarios\testRun\java\conf.js:45:34)
    at dispatch (C:\Users\dr00810779\AppData\Roaming\npm\node_modules\protractor\node_modules\jasmine-core\lib\jasmine-core\jasmine.js:4366:28)
    at ReportDispatcher.specDone (C:\Users\dr00810779\AppData\Roaming\npm\node_modules\protractor\node_modules\jasmine-core\lib\jasmine-core\jasmine.js:4337:11)
    at Spec.specResultCallback [as resultCallback] (C:\Users\dr00810779\AppData\Roaming\npm\node_modules\protractor\node_modules\jasmine-core\lib\jasmine-core\jasmine.js:1175:18)
    at QueueRunner.complete [as onComplete] (C:\Users\dr00810779\AppData\Roaming\npm\node_modules\protractor\node_modules\jasmine-core\lib\jasmine-core\jasmine.js:530:12)
    at Immediate.<anonymous> (C:\Users\dr00810779\AppData\Roaming\npm\node_modules\protractor\node_modules\jasmine-core\lib\jasmine-core\jasmine.js:4231:12)]]>
   </failure>
   <failure type="exception" message="WebDriverError: No active session with ID 38d9489646df6e482241391e231866e4"><![CDATA[WebDriverError: No active session with ID 38d9489646df6e482241391e231866e4
    at Object.checkLegacyResponse (C:\Users\dr00810779\AppData\Roaming\npm\node_modules\protractor\node_modules\selenium-webdriver\lib\error.js:546:15)
    at parseHttpResponse (C:\Users\dr00810779\AppData\Roaming\npm\node_modules\protractor\node_modules\selenium-webdriver\lib\http.js:509:13)
    at C:\Users\dr00810779\AppData\Roaming\npm\node_modules\protractor\node_modules\selenium-webdriver\lib\http.js:441:30
    at runMicrotasks (<anonymous>)
    at processTicksAndRejections (internal/process/task_queues.js:95:5)
From: Task: WebDriver.takeScreenshot()
    at thenableWebDriverProxy.schedule (C:\Users\dr00810779\AppData\Roaming\npm\node_modules\protractor\node_modules\selenium-webdriver\lib\webdriver.js:807:17)
    at thenableWebDriverProxy.takeScreenshot (C:\Users\dr00810779\AppData\Roaming\npm\node_modules\protractor\node_modules\selenium-webdriver\lib\webdriver.js:1085:17)
    at run (C:\Users\dr00810779\AppData\Roaming\npm\node_modules\protractor\built\browser.js:58:33)
    at ProtractorBrowser.to.<computed> [as takeScreenshot] (C:\Users\dr00810779\AppData\Roaming\npm\node_modules\protractor\built\browser.js:66:16)
    at UserContext.<anonymous> (D:\iTAP\Recorded_Scenarios\testRun\java\conf.js:30:14)
    at attempt (C:\Users\dr00810779\AppData\Roaming\npm\node_modules\protractor\node_modules\jasmine-core\lib\jasmine-core\jasmine.js:4297:26)
    at QueueRunner.run (C:\Users\dr00810779\AppData\Roaming\npm\node_modules\protractor\node_modules\jasmine-core\lib\jasmine-core\jasmine.js:4217:20)
    at runNext (C:\Users\dr00810779\AppData\Roaming\npm\node_modules\protractor\node_modules\jasmine-core\lib\jasmine-core\jasmine.js:4257:20)
    at C:\Users\dr00810779\AppData\Roaming\npm\node_modules\protractor\node_modules\jasmine-core\lib\jasmine-core\jasmine.js:4264:13
    at C:\Users\dr00810779\AppData\Roaming\npm\node_modules\protractor\node_modules\jasmine-core\lib\jasmine-core\jasmine.js:4172:9]]>
   </failure>
  </testcase>
  <testcase classname="java" name="navigation4_testcase33" time="0.029">
   <failure type="exception" message="WebDriverError: No active session with ID 38d9489646df6e482241391e231866e4"><![CDATA[WebDriverError: No active session with ID 38d9489646df6e482241391e231866e4
    at Object.checkLegacyResponse (C:\Users\dr00810779\AppData\Roaming\npm\node_modules\protractor\node_modules\selenium-webdriver\lib\error.js:546:15)
    at parseHttpResponse (C:\Users\dr00810779\AppData\Roaming\npm\node_modules\protractor\node_modules\selenium-webdriver\lib\http.js:509:13)
    at C:\Users\dr00810779\AppData\Roaming\npm\node_modules\protractor\node_modules\selenium-webdriver\lib\http.js:441:30
    at runMicrotasks (<anonymous>)
    at processTicksAndRejections (internal/process/task_queues.js:95:5)
From: Task: WebDriver.takeScreenshot()
    at thenableWebDriverProxy.schedule (C:\Users\dr00810779\AppData\Roaming\npm\node_modules\protractor\node_modules\selenium-webdriver\lib\webdriver.js:807:17)
    at thenableWebDriverProxy.takeScreenshot (C:\Users\dr00810779\AppData\Roaming\npm\node_modules\protractor\node_modules\selenium-webdriver\lib\webdriver.js:1085:17)
    at run (C:\Users\dr00810779\AppData\Roaming\npm\node_modules\protractor\built\browser.js:58:33)
    at ProtractorBrowser.to.<computed> [as takeScreenshot] (C:\Users\dr00810779\AppData\Roaming\npm\node_modules\protractor\built\browser.js:66:16)
    at Object.specDone (D:\iTAP\Recorded_Scenarios\testRun\java\conf.js:45:34)
    at dispatch (C:\Users\dr00810779\AppData\Roaming\npm\node_modules\protractor\node_modules\jasmine-core\lib\jasmine-core\jasmine.js:4366:28)
    at ReportDispatcher.specDone (C:\Users\dr00810779\AppData\Roaming\npm\node_modules\protractor\node_modules\jasmine-core\lib\jasmine-core\jasmine.js:4337:11)
    at Spec.specResultCallback [as resultCallback] (C:\Users\dr00810779\AppData\Roaming\npm\node_modules\protractor\node_modules\jasmine-core\lib\jasmine-core\jasmine.js:1175:18)
    at QueueRunner.complete [as onComplete] (C:\Users\dr00810779\AppData\Roaming\npm\node_modules\protractor\node_modules\jasmine-core\lib\jasmine-core\jasmine.js:530:12)
    at Immediate.<anonymous> (C:\Users\dr00810779\AppData\Roaming\npm\node_modules\protractor\node_modules\jasmine-core\lib\jasmine-core\jasmine.js:4231:12)]]>
   </failure>
   <failure type="exception" message="WebDriverError: No active session with ID 38d9489646df6e482241391e231866e4"><![CDATA[WebDriverError: No active session with ID 38d9489646df6e482241391e231866e4
    at Object.checkLegacyResponse (C:\Users\dr00810779\AppData\Roaming\npm\node_modules\protractor\node_modules\selenium-webdriver\lib\error.js:546:15)
    at parseHttpResponse (C:\Users\dr00810779\AppData\Roaming\npm\node_modules\protractor\node_modules\selenium-webdriver\lib\http.js:509:13)
    at C:\Users\dr00810779\AppData\Roaming\npm\node_modules\protractor\node_modules\selenium-webdriver\lib\http.js:441:30
    at runMicrotasks (<anonymous>)
    at processTicksAndRejections (internal/process/task_queues.js:95:5)
From: Task: WebDriver.takeScreenshot()
    at thenableWebDriverProxy.schedule (C:\Users\dr00810779\AppData\Roaming\npm\node_modules\protractor\node_modules\selenium-webdriver\lib\webdriver.js:807:17)
    at thenableWebDriverProxy.takeScreenshot (C:\Users\dr00810779\AppData\Roaming\npm\node_modules\protractor\node_modules\selenium-webdriver\lib\webdriver.js:1085:17)
    at run (C:\Users\dr00810779\AppData\Roaming\npm\node_modules\protractor\built\browser.js:58:33)
    at ProtractorBrowser.to.<computed> [as takeScreenshot] (C:\Users\dr00810779\AppData\Roaming\npm\node_modules\protractor\built\browser.js:66:16)
    at UserContext.<anonymous> (D:\iTAP\Recorded_Scenarios\testRun\java\conf.js:30:14)
    at attempt (C:\Users\dr00810779\AppData\Roaming\npm\node_modules\protractor\node_modules\jasmine-core\lib\jasmine-core\jasmine.js:4297:26)
    at QueueRunner.run (C:\Users\dr00810779\AppData\Roaming\npm\node_modules\protractor\node_modules\jasmine-core\lib\jasmine-core\jasmine.js:4217:20)
    at runNext (C:\Users\dr00810779\AppData\Roaming\npm\node_modules\protractor\node_modules\jasmine-core\lib\jasmine-core\jasmine.js:4257:20)
    at C:\Users\dr00810779\AppData\Roaming\npm\node_modules\protractor\node_modules\jasmine-core\lib\jasmine-core\jasmine.js:4264:13
    at C:\Users\dr00810779\AppData\Roaming\npm\node_modules\protractor\node_modules\jasmine-core\lib\jasmine-core\jasmine.js:4172:9]]>
   </failure>
  </testcase>
  <testcase classname="java" name="navigation3_testcase34" time="0.031">
   <failure type="exception" message="WebDriverError: No active session with ID 38d9489646df6e482241391e231866e4"><![CDATA[WebDriverError: No active session with ID 38d9489646df6e482241391e231866e4
    at Object.checkLegacyResponse (C:\Users\dr00810779\AppData\Roaming\npm\node_modules\protractor\node_modules\selenium-webdriver\lib\error.js:546:15)
    at parseHttpResponse (C:\Users\dr00810779\AppData\Roaming\npm\node_modules\protractor\node_modules\selenium-webdriver\lib\http.js:509:13)
    at C:\Users\dr00810779\AppData\Roaming\npm\node_modules\protractor\node_modules\selenium-webdriver\lib\http.js:441:30
    at runMicrotasks (<anonymous>)
    at processTicksAndRejections (internal/process/task_queues.js:95:5)
From: Task: WebDriver.takeScreenshot()
    at thenableWebDriverProxy.schedule (C:\Users\dr00810779\AppData\Roaming\npm\node_modules\protractor\node_modules\selenium-webdriver\lib\webdriver.js:807:17)
    at thenableWebDriverProxy.takeScreenshot (C:\Users\dr00810779\AppData\Roaming\npm\node_modules\protractor\node_modules\selenium-webdriver\lib\webdriver.js:1085:17)
    at run (C:\Users\dr00810779\AppData\Roaming\npm\node_modules\protractor\built\browser.js:58:33)
    at ProtractorBrowser.to.<computed> [as takeScreenshot] (C:\Users\dr00810779\AppData\Roaming\npm\node_modules\protractor\built\browser.js:66:16)
    at Object.specDone (D:\iTAP\Recorded_Scenarios\testRun\java\conf.js:45:34)
    at dispatch (C:\Users\dr00810779\AppData\Roaming\npm\node_modules\protractor\node_modules\jasmine-core\lib\jasmine-core\jasmine.js:4366:28)
    at ReportDispatcher.specDone (C:\Users\dr00810779\AppData\Roaming\npm\node_modules\protractor\node_modules\jasmine-core\lib\jasmine-core\jasmine.js:4337:11)
    at Spec.specResultCallback [as resultCallback] (C:\Users\dr00810779\AppData\Roaming\npm\node_modules\protractor\node_modules\jasmine-core\lib\jasmine-core\jasmine.js:1175:18)
    at QueueRunner.complete [as onComplete] (C:\Users\dr00810779\AppData\Roaming\npm\node_modules\protractor\node_modules\jasmine-core\lib\jasmine-core\jasmine.js:530:12)
    at Immediate.<anonymous> (C:\Users\dr00810779\AppData\Roaming\npm\node_modules\protractor\node_modules\jasmine-core\lib\jasmine-core\jasmine.js:4231:12)]]>
   </failure>
   <failure type="exception" message="WebDriverError: No active session with ID 38d9489646df6e482241391e231866e4"><![CDATA[WebDriverError: No active session with ID 38d9489646df6e482241391e231866e4
    at Object.checkLegacyResponse (C:\Users\dr00810779\AppData\Roaming\npm\node_modules\protractor\node_modules\selenium-webdriver\lib\error.js:546:15)
    at parseHttpResponse (C:\Users\dr00810779\AppData\Roaming\npm\node_modules\protractor\node_modules\selenium-webdriver\lib\http.js:509:13)
    at C:\Users\dr00810779\AppData\Roaming\npm\node_modules\protractor\node_modules\selenium-webdriver\lib\http.js:441:30
    at runMicrotasks (<anonymous>)
    at processTicksAndRejections (internal/process/task_queues.js:95:5)
From: Task: WebDriver.takeScreenshot()
    at thenableWebDriverProxy.schedule (C:\Users\dr00810779\AppData\Roaming\npm\node_modules\protractor\node_modules\selenium-webdriver\lib\webdriver.js:807:17)
    at thenableWebDriverProxy.takeScreenshot (C:\Users\dr00810779\AppData\Roaming\npm\node_modules\protractor\node_modules\selenium-webdriver\lib\webdriver.js:1085:17)
    at run (C:\Users\dr00810779\AppData\Roaming\npm\node_modules\protractor\built\browser.js:58:33)
    at ProtractorBrowser.to.<computed> [as takeScreenshot] (C:\Users\dr00810779\AppData\Roaming\npm\node_modules\protractor\built\browser.js:66:16)
    at UserContext.<anonymous> (D:\iTAP\Recorded_Scenarios\testRun\java\conf.js:30:14)
    at attempt (C:\Users\dr00810779\AppData\Roaming\npm\node_modules\protractor\node_modules\jasmine-core\lib\jasmine-core\jasmine.js:4297:26)
    at QueueRunner.run (C:\Users\dr00810779\AppData\Roaming\npm\node_modules\protractor\node_modules\jasmine-core\lib\jasmine-core\jasmine.js:4217:20)
    at runNext (C:\Users\dr00810779\AppData\Roaming\npm\node_modules\protractor\node_modules\jasmine-core\lib\jasmine-core\jasmine.js:4257:20)
    at C:\Users\dr00810779\AppData\Roaming\npm\node_modules\protractor\node_modules\jasmine-core\lib\jasmine-core\jasmine.js:4264:13
    at C:\Users\dr00810779\AppData\Roaming\npm\node_modules\protractor\node_modules\jasmine-core\lib\jasmine-core\jasmine.js:4172:9]]>
   </failure>
  </testcase>
  <testcase classname="java" name="navigation2_testcase35" time="0.032">
   <failure type="exception" message="WebDriverError: No active session with ID 38d9489646df6e482241391e231866e4"><![CDATA[WebDriverError: No active session with ID 38d9489646df6e482241391e231866e4
    at Object.checkLegacyResponse (C:\Users\dr00810779\AppData\Roaming\npm\node_modules\protractor\node_modules\selenium-webdriver\lib\error.js:546:15)
    at parseHttpResponse (C:\Users\dr00810779\AppData\Roaming\npm\node_modules\protractor\node_modules\selenium-webdriver\lib\http.js:509:13)
    at C:\Users\dr00810779\AppData\Roaming\npm\node_modules\protractor\node_modules\selenium-webdriver\lib\http.js:441:30
    at runMicrotasks (<anonymous>)
    at processTicksAndRejections (internal/process/task_queues.js:95:5)
From: Task: WebDriver.takeScreenshot()
    at thenableWebDriverProxy.schedule (C:\Users\dr00810779\AppData\Roaming\npm\node_modules\protractor\node_modules\selenium-webdriver\lib\webdriver.js:807:17)
    at thenableWebDriverProxy.takeScreenshot (C:\Users\dr00810779\AppData\Roaming\npm\node_modules\protractor\node_modules\selenium-webdriver\lib\webdriver.js:1085:17)
    at run (C:\Users\dr00810779\AppData\Roaming\npm\node_modules\protractor\built\browser.js:58:33)
    at ProtractorBrowser.to.<computed> [as takeScreenshot] (C:\Users\dr00810779\AppData\Roaming\npm\node_modules\protractor\built\browser.js:66:16)
    at Object.specDone (D:\iTAP\Recorded_Scenarios\testRun\java\conf.js:45:34)
    at dispatch (C:\Users\dr00810779\AppData\Roaming\npm\node_modules\protractor\node_modules\jasmine-core\lib\jasmine-core\jasmine.js:4366:28)
    at ReportDispatcher.specDone (C:\Users\dr00810779\AppData\Roaming\npm\node_modules\protractor\node_modules\jasmine-core\lib\jasmine-core\jasmine.js:4337:11)
    at Spec.specResultCallback [as resultCallback] (C:\Users\dr00810779\AppData\Roaming\npm\node_modules\protractor\node_modules\jasmine-core\lib\jasmine-core\jasmine.js:1175:18)
    at QueueRunner.complete [as onComplete] (C:\Users\dr00810779\AppData\Roaming\npm\node_modules\protractor\node_modules\jasmine-core\lib\jasmine-core\jasmine.js:530:12)
    at Immediate.<anonymous> (C:\Users\dr00810779\AppData\Roaming\npm\node_modules\protractor\node_modules\jasmine-core\lib\jasmine-core\jasmine.js:4231:12)]]>
   </failure>
   <failure type="exception" message="WebDriverError: No active session with ID 38d9489646df6e482241391e231866e4"><![CDATA[WebDriverError: No active session with ID 38d9489646df6e482241391e231866e4
    at Object.checkLegacyResponse (C:\Users\dr00810779\AppData\Roaming\npm\node_modules\protractor\node_modules\selenium-webdriver\lib\error.js:546:15)
    at parseHttpResponse (C:\Users\dr00810779\AppData\Roaming\npm\node_modules\protractor\node_modules\selenium-webdriver\lib\http.js:509:13)
    at C:\Users\dr00810779\AppData\Roaming\npm\node_modules\protractor\node_modules\selenium-webdriver\lib\http.js:441:30
    at runMicrotasks (<anonymous>)
    at processTicksAndRejections (internal/process/task_queues.js:95:5)
From: Task: WebDriver.takeScreenshot()
    at thenableWebDriverProxy.schedule (C:\Users\dr00810779\AppData\Roaming\npm\node_modules\protractor\node_modules\selenium-webdriver\lib\webdriver.js:807:17)
    at thenableWebDriverProxy.takeScreenshot (C:\Users\dr00810779\AppData\Roaming\npm\node_modules\protractor\node_modules\selenium-webdriver\lib\webdriver.js:1085:17)
    at run (C:\Users\dr00810779\AppData\Roaming\npm\node_modules\protractor\built\browser.js:58:33)
    at ProtractorBrowser.to.<computed> [as takeScreenshot] (C:\Users\dr00810779\AppData\Roaming\npm\node_modules\protractor\built\browser.js:66:16)
    at UserContext.<anonymous> (D:\iTAP\Recorded_Scenarios\testRun\java\conf.js:30:14)
    at attempt (C:\Users\dr00810779\AppData\Roaming\npm\node_modules\protractor\node_modules\jasmine-core\lib\jasmine-core\jasmine.js:4297:26)
    at QueueRunner.run (C:\Users\dr00810779\AppData\Roaming\npm\node_modules\protractor\node_modules\jasmine-core\lib\jasmine-core\jasmine.js:4217:20)
    at runNext (C:\Users\dr00810779\AppData\Roaming\npm\node_modules\protractor\node_modules\jasmine-core\lib\jasmine-core\jasmine.js:4257:20)
    at C:\Users\dr00810779\AppData\Roaming\npm\node_modules\protractor\node_modules\jasmine-core\lib\jasmine-core\jasmine.js:4264:13
    at C:\Users\dr00810779\AppData\Roaming\npm\node_modules\protractor\node_modules\jasmine-core\lib\jasmine-core\jasmine.js:4172:9]]>
   </failure>
  </testcase>
  <testcase classname="java" name="navigation1_testcase36" time="0.03">
   <failure type="exception" message="WebDriverError: No active session with ID 38d9489646df6e482241391e231866e4"><![CDATA[WebDriverError: No active session with ID 38d9489646df6e482241391e231866e4
    at Object.checkLegacyResponse (C:\Users\dr00810779\AppData\Roaming\npm\node_modules\protractor\node_modules\selenium-webdriver\lib\error.js:546:15)
    at parseHttpResponse (C:\Users\dr00810779\AppData\Roaming\npm\node_modules\protractor\node_modules\selenium-webdriver\lib\http.js:509:13)
    at C:\Users\dr00810779\AppData\Roaming\npm\node_modules\protractor\node_modules\selenium-webdriver\lib\http.js:441:30
    at runMicrotasks (<anonymous>)
    at processTicksAndRejections (internal/process/task_queues.js:95:5)
From: Task: WebDriver.takeScreenshot()
    at thenableWebDriverProxy.schedule (C:\Users\dr00810779\AppData\Roaming\npm\node_modules\protractor\node_modules\selenium-webdriver\lib\webdriver.js:807:17)
    at thenableWebDriverProxy.takeScreenshot (C:\Users\dr00810779\AppData\Roaming\npm\node_modules\protractor\node_modules\selenium-webdriver\lib\webdriver.js:1085:17)
    at run (C:\Users\dr00810779\AppData\Roaming\npm\node_modules\protractor\built\browser.js:58:33)
    at ProtractorBrowser.to.<computed> [as takeScreenshot] (C:\Users\dr00810779\AppData\Roaming\npm\node_modules\protractor\built\browser.js:66:16)
    at Object.specDone (D:\iTAP\Recorded_Scenarios\testRun\java\conf.js:45:34)
    at dispatch (C:\Users\dr00810779\AppData\Roaming\npm\node_modules\protractor\node_modules\jasmine-core\lib\jasmine-core\jasmine.js:4366:28)
    at ReportDispatcher.specDone (C:\Users\dr00810779\AppData\Roaming\npm\node_modules\protractor\node_modules\jasmine-core\lib\jasmine-core\jasmine.js:4337:11)
    at Spec.specResultCallback [as resultCallback] (C:\Users\dr00810779\AppData\Roaming\npm\node_modules\protractor\node_modules\jasmine-core\lib\jasmine-core\jasmine.js:1175:18)
    at QueueRunner.complete [as onComplete] (C:\Users\dr00810779\AppData\Roaming\npm\node_modules\protractor\node_modules\jasmine-core\lib\jasmine-core\jasmine.js:530:12)
    at Immediate.<anonymous> (C:\Users\dr00810779\AppData\Roaming\npm\node_modules\protractor\node_modules\jasmine-core\lib\jasmine-core\jasmine.js:4231:12)]]>
   </failure>
   <failure type="exception" message="WebDriverError: No active session with ID 38d9489646df6e482241391e231866e4"><![CDATA[WebDriverError: No active session with ID 38d9489646df6e482241391e231866e4
    at Object.checkLegacyResponse (C:\Users\dr00810779\AppData\Roaming\npm\node_modules\protractor\node_modules\selenium-webdriver\lib\error.js:546:15)
    at parseHttpResponse (C:\Users\dr00810779\AppData\Roaming\npm\node_modules\protractor\node_modules\selenium-webdriver\lib\http.js:509:13)
    at C:\Users\dr00810779\AppData\Roaming\npm\node_modules\protractor\node_modules\selenium-webdriver\lib\http.js:441:30
    at runMicrotasks (<anonymous>)
    at processTicksAndRejections (internal/process/task_queues.js:95:5)
From: Task: WebDriver.takeScreenshot()
    at thenableWebDriverProxy.schedule (C:\Users\dr00810779\AppData\Roaming\npm\node_modules\protractor\node_modules\selenium-webdriver\lib\webdriver.js:807:17)
    at thenableWebDriverProxy.takeScreenshot (C:\Users\dr00810779\AppData\Roaming\npm\node_modules\protractor\node_modules\selenium-webdriver\lib\webdriver.js:1085:17)
    at run (C:\Users\dr00810779\AppData\Roaming\npm\node_modules\protractor\built\browser.js:58:33)
    at ProtractorBrowser.to.<computed> [as takeScreenshot] (C:\Users\dr00810779\AppData\Roaming\npm\node_modules\protractor\built\browser.js:66:16)
    at UserContext.<anonymous> (D:\iTAP\Recorded_Scenarios\testRun\java\conf.js:30:14)
    at attempt (C:\Users\dr00810779\AppData\Roaming\npm\node_modules\protractor\node_modules\jasmine-core\lib\jasmine-core\jasmine.js:4297:26)
    at QueueRunner.run (C:\Users\dr00810779\AppData\Roaming\npm\node_modules\protractor\node_modules\jasmine-core\lib\jasmine-core\jasmine.js:4217:20)
    at runNext (C:\Users\dr00810779\AppData\Roaming\npm\node_modules\protractor\node_modules\jasmine-core\lib\jasmine-core\jasmine.js:4257:20)
    at C:\Users\dr00810779\AppData\Roaming\npm\node_modules\protractor\node_modules\jasmine-core\lib\jasmine-core\jasmine.js:4264:13
    at C:\Users\dr00810779\AppData\Roaming\npm\node_modules\protractor\node_modules\jasmine-core\lib\jasmine-core\jasmine.js:4172:9]]>
   </failure>
  </testcase>
  <testcase classname="java" name="missingpage_testcase37" time="0.03">
   <failure type="exception" message="WebDriverError: No active session with ID 38d9489646df6e482241391e231866e4"><![CDATA[WebDriverError: No active session with ID 38d9489646df6e482241391e231866e4
    at Object.checkLegacyResponse (C:\Users\dr00810779\AppData\Roaming\npm\node_modules\protractor\node_modules\selenium-webdriver\lib\error.js:546:15)
    at parseHttpResponse (C:\Users\dr00810779\AppData\Roaming\npm\node_modules\protractor\node_modules\selenium-webdriver\lib\http.js:509:13)
    at C:\Users\dr00810779\AppData\Roaming\npm\node_modules\protractor\node_modules\selenium-webdriver\lib\http.js:441:30
    at runMicrotasks (<anonymous>)
    at processTicksAndRejections (internal/process/task_queues.js:95:5)
From: Task: WebDriver.takeScreenshot()
    at thenableWebDriverProxy.schedule (C:\Users\dr00810779\AppData\Roaming\npm\node_modules\protractor\node_modules\selenium-webdriver\lib\webdriver.js:807:17)
    at thenableWebDriverProxy.takeScreenshot (C:\Users\dr00810779\AppData\Roaming\npm\node_modules\protractor\node_modules\selenium-webdriver\lib\webdriver.js:1085:17)
    at run (C:\Users\dr00810779\AppData\Roaming\npm\node_modules\protractor\built\browser.js:58:33)
    at ProtractorBrowser.to.<computed> [as takeScreenshot] (C:\Users\dr00810779\AppData\Roaming\npm\node_modules\protractor\built\browser.js:66:16)
    at Object.specDone (D:\iTAP\Recorded_Scenarios\testRun\java\conf.js:45:34)
    at dispatch (C:\Users\dr00810779\AppData\Roaming\npm\node_modules\protractor\node_modules\jasmine-core\lib\jasmine-core\jasmine.js:4366:28)
    at ReportDispatcher.specDone (C:\Users\dr00810779\AppData\Roaming\npm\node_modules\protractor\node_modules\jasmine-core\lib\jasmine-core\jasmine.js:4337:11)
    at Spec.specResultCallback [as resultCallback] (C:\Users\dr00810779\AppData\Roaming\npm\node_modules\protractor\node_modules\jasmine-core\lib\jasmine-core\jasmine.js:1175:18)
    at QueueRunner.complete [as onComplete] (C:\Users\dr00810779\AppData\Roaming\npm\node_modules\protractor\node_modules\jasmine-core\lib\jasmine-core\jasmine.js:530:12)
    at Immediate.<anonymous> (C:\Users\dr00810779\AppData\Roaming\npm\node_modules\protractor\node_modules\jasmine-core\lib\jasmine-core\jasmine.js:4231:12)]]>
   </failure>
   <failure type="exception" message="WebDriverError: No active session with ID 38d9489646df6e482241391e231866e4"><![CDATA[WebDriverError: No active session with ID 38d9489646df6e482241391e231866e4
    at Object.checkLegacyResponse (C:\Users\dr00810779\AppData\Roaming\npm\node_modules\protractor\node_modules\selenium-webdriver\lib\error.js:546:15)
    at parseHttpResponse (C:\Users\dr00810779\AppData\Roaming\npm\node_modules\protractor\node_modules\selenium-webdriver\lib\http.js:509:13)
    at C:\Users\dr00810779\AppData\Roaming\npm\node_modules\protractor\node_modules\selenium-webdriver\lib\http.js:441:30
    at runMicrotasks (<anonymous>)
    at processTicksAndRejections (internal/process/task_queues.js:95:5)
From: Task: WebDriver.takeScreenshot()
    at thenableWebDriverProxy.schedule (C:\Users\dr00810779\AppData\Roaming\npm\node_modules\protractor\node_modules\selenium-webdriver\lib\webdriver.js:807:17)
    at thenableWebDriverProxy.takeScreenshot (C:\Users\dr00810779\AppData\Roaming\npm\node_modules\protractor\node_modules\selenium-webdriver\lib\webdriver.js:1085:17)
    at run (C:\Users\dr00810779\AppData\Roaming\npm\node_modules\protractor\built\browser.js:58:33)
    at ProtractorBrowser.to.<computed> [as takeScreenshot] (C:\Users\dr00810779\AppData\Roaming\npm\node_modules\protractor\built\browser.js:66:16)
    at UserContext.<anonymous> (D:\iTAP\Recorded_Scenarios\testRun\java\conf.js:30:14)
    at attempt (C:\Users\dr00810779\AppData\Roaming\npm\node_modules\protractor\node_modules\jasmine-core\lib\jasmine-core\jasmine.js:4297:26)
    at QueueRunner.run (C:\Users\dr00810779\AppData\Roaming\npm\node_modules\protractor\node_modules\jasmine-core\lib\jasmine-core\jasmine.js:4217:20)
    at runNext (C:\Users\dr00810779\AppData\Roaming\npm\node_modules\protractor\node_modules\jasmine-core\lib\jasmine-core\jasmine.js:4257:20)
    at C:\Users\dr00810779\AppData\Roaming\npm\node_modules\protractor\node_modules\jasmine-core\lib\jasmine-core\jasmine.js:4264:13
    at C:\Users\dr00810779\AppData\Roaming\npm\node_modules\protractor\node_modules\jasmine-core\lib\jasmine-core\jasmine.js:4172:9]]>
   </failure>
  </testcase>
  <testcase classname="java" name="missingcount_testcase38" time="0.03">
   <failure type="exception" message="WebDriverError: No active session with ID 38d9489646df6e482241391e231866e4"><![CDATA[WebDriverError: No active session with ID 38d9489646df6e482241391e231866e4
    at Object.checkLegacyResponse (C:\Users\dr00810779\AppData\Roaming\npm\node_modules\protractor\node_modules\selenium-webdriver\lib\error.js:546:15)
    at parseHttpResponse (C:\Users\dr00810779\AppData\Roaming\npm\node_modules\protractor\node_modules\selenium-webdriver\lib\http.js:509:13)
    at C:\Users\dr00810779\AppData\Roaming\npm\node_modules\protractor\node_modules\selenium-webdriver\lib\http.js:441:30
    at runMicrotasks (<anonymous>)
    at processTicksAndRejections (internal/process/task_queues.js:95:5)
From: Task: WebDriver.takeScreenshot()
    at thenableWebDriverProxy.schedule (C:\Users\dr00810779\AppData\Roaming\npm\node_modules\protractor\node_modules\selenium-webdriver\lib\webdriver.js:807:17)
    at thenableWebDriverProxy.takeScreenshot (C:\Users\dr00810779\AppData\Roaming\npm\node_modules\protractor\node_modules\selenium-webdriver\lib\webdriver.js:1085:17)
    at run (C:\Users\dr00810779\AppData\Roaming\npm\node_modules\protractor\built\browser.js:58:33)
    at ProtractorBrowser.to.<computed> [as takeScreenshot] (C:\Users\dr00810779\AppData\Roaming\npm\node_modules\protractor\built\browser.js:66:16)
    at Object.specDone (D:\iTAP\Recorded_Scenarios\testRun\java\conf.js:45:34)
    at dispatch (C:\Users\dr00810779\AppData\Roaming\npm\node_modules\protractor\node_modules\jasmine-core\lib\jasmine-core\jasmine.js:4366:28)
    at ReportDispatcher.specDone (C:\Users\dr00810779\AppData\Roaming\npm\node_modules\protractor\node_modules\jasmine-core\lib\jasmine-core\jasmine.js:4337:11)
    at Spec.specResultCallback [as resultCallback] (C:\Users\dr00810779\AppData\Roaming\npm\node_modules\protractor\node_modules\jasmine-core\lib\jasmine-core\jasmine.js:1175:18)
    at QueueRunner.complete [as onComplete] (C:\Users\dr00810779\AppData\Roaming\npm\node_modules\protractor\node_modules\jasmine-core\lib\jasmine-core\jasmine.js:530:12)
    at Immediate.<anonymous> (C:\Users\dr00810779\AppData\Roaming\npm\node_modules\protractor\node_modules\jasmine-core\lib\jasmine-core\jasmine.js:4231:12)]]>
   </failure>
   <failure type="exception" message="WebDriverError: No active session with ID 38d9489646df6e482241391e231866e4"><![CDATA[WebDriverError: No active session with ID 38d9489646df6e482241391e231866e4
    at Object.checkLegacyResponse (C:\Users\dr00810779\AppData\Roaming\npm\node_modules\protractor\node_modules\selenium-webdriver\lib\error.js:546:15)
    at parseHttpResponse (C:\Users\dr00810779\AppData\Roaming\npm\node_modules\protractor\node_modules\selenium-webdriver\lib\http.js:509:13)
    at C:\Users\dr00810779\AppData\Roaming\npm\node_modules\protractor\node_modules\selenium-webdriver\lib\http.js:441:30
    at runMicrotasks (<anonymous>)
    at processTicksAndRejections (internal/process/task_queues.js:95:5)
From: Task: WebDriver.takeScreenshot()
    at thenableWebDriverProxy.schedule (C:\Users\dr00810779\AppData\Roaming\npm\node_modules\protractor\node_modules\selenium-webdriver\lib\webdriver.js:807:17)
    at thenableWebDriverProxy.takeScreenshot (C:\Users\dr00810779\AppData\Roaming\npm\node_modules\protractor\node_modules\selenium-webdriver\lib\webdriver.js:1085:17)
    at run (C:\Users\dr00810779\AppData\Roaming\npm\node_modules\protractor\built\browser.js:58:33)
    at ProtractorBrowser.to.<computed> [as takeScreenshot] (C:\Users\dr00810779\AppData\Roaming\npm\node_modules\protractor\built\browser.js:66:16)
    at UserContext.<anonymous> (D:\iTAP\Recorded_Scenarios\testRun\java\conf.js:30:14)
    at attempt (C:\Users\dr00810779\AppData\Roaming\npm\node_modules\protractor\node_modules\jasmine-core\lib\jasmine-core\jasmine.js:4297:26)
    at QueueRunner.run (C:\Users\dr00810779\AppData\Roaming\npm\node_modules\protractor\node_modules\jasmine-core\lib\jasmine-core\jasmine.js:4217:20)
    at runNext (C:\Users\dr00810779\AppData\Roaming\npm\node_modules\protractor\node_modules\jasmine-core\lib\jasmine-core\jasmine.js:4257:20)
    at C:\Users\dr00810779\AppData\Roaming\npm\node_modules\protractor\node_modules\jasmine-core\lib\jasmine-core\jasmine.js:4264:13
    at C:\Users\dr00810779\AppData\Roaming\npm\node_modules\protractor\node_modules\jasmine-core\lib\jasmine-core\jasmine.js:4172:9]]>
   </failure>
  </testcase>
  <testcase classname="java" name="missingcomp_testcase39" time="0.032">
   <failure type="exception" message="WebDriverError: No active session with ID 38d9489646df6e482241391e231866e4"><![CDATA[WebDriverError: No active session with ID 38d9489646df6e482241391e231866e4
    at Object.checkLegacyResponse (C:\Users\dr00810779\AppData\Roaming\npm\node_modules\protractor\node_modules\selenium-webdriver\lib\error.js:546:15)
    at parseHttpResponse (C:\Users\dr00810779\AppData\Roaming\npm\node_modules\protractor\node_modules\selenium-webdriver\lib\http.js:509:13)
    at C:\Users\dr00810779\AppData\Roaming\npm\node_modules\protractor\node_modules\selenium-webdriver\lib\http.js:441:30
    at runMicrotasks (<anonymous>)
    at processTicksAndRejections (internal/process/task_queues.js:95:5)
From: Task: WebDriver.takeScreenshot()
    at thenableWebDriverProxy.schedule (C:\Users\dr00810779\AppData\Roaming\npm\node_modules\protractor\node_modules\selenium-webdriver\lib\webdriver.js:807:17)
    at thenableWebDriverProxy.takeScreenshot (C:\Users\dr00810779\AppData\Roaming\npm\node_modules\protractor\node_modules\selenium-webdriver\lib\webdriver.js:1085:17)
    at run (C:\Users\dr00810779\AppData\Roaming\npm\node_modules\protractor\built\browser.js:58:33)
    at ProtractorBrowser.to.<computed> [as takeScreenshot] (C:\Users\dr00810779\AppData\Roaming\npm\node_modules\protractor\built\browser.js:66:16)
    at Object.specDone (D:\iTAP\Recorded_Scenarios\testRun\java\conf.js:45:34)
    at dispatch (C:\Users\dr00810779\AppData\Roaming\npm\node_modules\protractor\node_modules\jasmine-core\lib\jasmine-core\jasmine.js:4366:28)
    at ReportDispatcher.specDone (C:\Users\dr00810779\AppData\Roaming\npm\node_modules\protractor\node_modules\jasmine-core\lib\jasmine-core\jasmine.js:4337:11)
    at Spec.specResultCallback [as resultCallback] (C:\Users\dr00810779\AppData\Roaming\npm\node_modules\protractor\node_modules\jasmine-core\lib\jasmine-core\jasmine.js:1175:18)
    at QueueRunner.complete [as onComplete] (C:\Users\dr00810779\AppData\Roaming\npm\node_modules\protractor\node_modules\jasmine-core\lib\jasmine-core\jasmine.js:530:12)
    at Immediate.<anonymous> (C:\Users\dr00810779\AppData\Roaming\npm\node_modules\protractor\node_modules\jasmine-core\lib\jasmine-core\jasmine.js:4231:12)]]>
   </failure>
   <failure type="exception" message="WebDriverError: No active session with ID 38d9489646df6e482241391e231866e4"><![CDATA[WebDriverError: No active session with ID 38d9489646df6e482241391e231866e4
    at Object.checkLegacyResponse (C:\Users\dr00810779\AppData\Roaming\npm\node_modules\protractor\node_modules\selenium-webdriver\lib\error.js:546:15)
    at parseHttpResponse (C:\Users\dr00810779\AppData\Roaming\npm\node_modules\protractor\node_modules\selenium-webdriver\lib\http.js:509:13)
    at C:\Users\dr00810779\AppData\Roaming\npm\node_modules\protractor\node_modules\selenium-webdriver\lib\http.js:441:30
    at runMicrotasks (<anonymous>)
    at processTicksAndRejections (internal/process/task_queues.js:95:5)
From: Task: WebDriver.takeScreenshot()
    at thenableWebDriverProxy.schedule (C:\Users\dr00810779\AppData\Roaming\npm\node_modules\protractor\node_modules\selenium-webdriver\lib\webdriver.js:807:17)
    at thenableWebDriverProxy.takeScreenshot (C:\Users\dr00810779\AppData\Roaming\npm\node_modules\protractor\node_modules\selenium-webdriver\lib\webdriver.js:1085:17)
    at run (C:\Users\dr00810779\AppData\Roaming\npm\node_modules\protractor\built\browser.js:58:33)
    at ProtractorBrowser.to.<computed> [as takeScreenshot] (C:\Users\dr00810779\AppData\Roaming\npm\node_modules\protractor\built\browser.js:66:16)
    at UserContext.<anonymous> (D:\iTAP\Recorded_Scenarios\testRun\java\conf.js:30:14)
    at attempt (C:\Users\dr00810779\AppData\Roaming\npm\node_modules\protractor\node_modules\jasmine-core\lib\jasmine-core\jasmine.js:4297:26)
    at QueueRunner.run (C:\Users\dr00810779\AppData\Roaming\npm\node_modules\protractor\node_modules\jasmine-core\lib\jasmine-core\jasmine.js:4217:20)
    at runNext (C:\Users\dr00810779\AppData\Roaming\npm\node_modules\protractor\node_modules\jasmine-core\lib\jasmine-core\jasmine.js:4257:20)
    at C:\Users\dr00810779\AppData\Roaming\npm\node_modules\protractor\node_modules\jasmine-core\lib\jasmine-core\jasmine.js:4264:13
    at C:\Users\dr00810779\AppData\Roaming\npm\node_modules\protractor\node_modules\jasmine-core\lib\jasmine-core\jasmine.js:4172:9]]>
   </failure>
  </testcase>
  <testcase classname="java" name="mipage_testcase40" time="0.046">
   <failure type="exception" message="WebDriverError: No active session with ID 38d9489646df6e482241391e231866e4"><![CDATA[WebDriverError: No active session with ID 38d9489646df6e482241391e231866e4
    at Object.checkLegacyResponse (C:\Users\dr00810779\AppData\Roaming\npm\node_modules\protractor\node_modules\selenium-webdriver\lib\error.js:546:15)
    at parseHttpResponse (C:\Users\dr00810779\AppData\Roaming\npm\node_modules\protractor\node_modules\selenium-webdriver\lib\http.js:509:13)
    at C:\Users\dr00810779\AppData\Roaming\npm\node_modules\protractor\node_modules\selenium-webdriver\lib\http.js:441:30
    at runMicrotasks (<anonymous>)
    at processTicksAndRejections (internal/process/task_queues.js:95:5)
From: Task: WebDriver.takeScreenshot()
    at thenableWebDriverProxy.schedule (C:\Users\dr00810779\AppData\Roaming\npm\node_modules\protractor\node_modules\selenium-webdriver\lib\webdriver.js:807:17)
    at thenableWebDriverProxy.takeScreenshot (C:\Users\dr00810779\AppData\Roaming\npm\node_modules\protractor\node_modules\selenium-webdriver\lib\webdriver.js:1085:17)
    at run (C:\Users\dr00810779\AppData\Roaming\npm\node_modules\protractor\built\browser.js:58:33)
    at ProtractorBrowser.to.<computed> [as takeScreenshot] (C:\Users\dr00810779\AppData\Roaming\npm\node_modules\protractor\built\browser.js:66:16)
    at Object.specDone (D:\iTAP\Recorded_Scenarios\testRun\java\conf.js:45:34)
    at dispatch (C:\Users\dr00810779\AppData\Roaming\npm\node_modules\protractor\node_modules\jasmine-core\lib\jasmine-core\jasmine.js:4366:28)
    at ReportDispatcher.specDone (C:\Users\dr00810779\AppData\Roaming\npm\node_modules\protractor\node_modules\jasmine-core\lib\jasmine-core\jasmine.js:4337:11)
    at Spec.specResultCallback [as resultCallback] (C:\Users\dr00810779\AppData\Roaming\npm\node_modules\protractor\node_modules\jasmine-core\lib\jasmine-core\jasmine.js:1175:18)
    at QueueRunner.complete [as onComplete] (C:\Users\dr00810779\AppData\Roaming\npm\node_modules\protractor\node_modules\jasmine-core\lib\jasmine-core\jasmine.js:530:12)
    at Immediate.<anonymous> (C:\Users\dr00810779\AppData\Roaming\npm\node_modules\protractor\node_modules\jasmine-core\lib\jasmine-core\jasmine.js:4231:12)]]>
   </failure>
   <failure type="exception" message="WebDriverError: No active session with ID 38d9489646df6e482241391e231866e4"><![CDATA[WebDriverError: No active session with ID 38d9489646df6e482241391e231866e4
    at Object.checkLegacyResponse (C:\Users\dr00810779\AppData\Roaming\npm\node_modules\protractor\node_modules\selenium-webdriver\lib\error.js:546:15)
    at parseHttpResponse (C:\Users\dr00810779\AppData\Roaming\npm\node_modules\protractor\node_modules\selenium-webdriver\lib\http.js:509:13)
    at C:\Users\dr00810779\AppData\Roaming\npm\node_modules\protractor\node_modules\selenium-webdriver\lib\http.js:441:30
    at runMicrotasks (<anonymous>)
    at processTicksAndRejections (internal/process/task_queues.js:95:5)
From: Task: WebDriver.takeScreenshot()
    at thenableWebDriverProxy.schedule (C:\Users\dr00810779\AppData\Roaming\npm\node_modules\protractor\node_modules\selenium-webdriver\lib\webdriver.js:807:17)
    at thenableWebDriverProxy.takeScreenshot (C:\Users\dr00810779\AppData\Roaming\npm\node_modules\protractor\node_modules\selenium-webdriver\lib\webdriver.js:1085:17)
    at run (C:\Users\dr00810779\AppData\Roaming\npm\node_modules\protractor\built\browser.js:58:33)
    at ProtractorBrowser.to.<computed> [as takeScreenshot] (C:\Users\dr00810779\AppData\Roaming\npm\node_modules\protractor\built\browser.js:66:16)
    at UserContext.<anonymous> (D:\iTAP\Recorded_Scenarios\testRun\java\conf.js:30:14)
    at attempt (C:\Users\dr00810779\AppData\Roaming\npm\node_modules\protractor\node_modules\jasmine-core\lib\jasmine-core\jasmine.js:4297:26)
    at QueueRunner.run (C:\Users\dr00810779\AppData\Roaming\npm\node_modules\protractor\node_modules\jasmine-core\lib\jasmine-core\jasmine.js:4217:20)
    at runNext (C:\Users\dr00810779\AppData\Roaming\npm\node_modules\protractor\node_modules\jasmine-core\lib\jasmine-core\jasmine.js:4257:20)
    at C:\Users\dr00810779\AppData\Roaming\npm\node_modules\protractor\node_modules\jasmine-core\lib\jasmine-core\jasmine.js:4264:13
    at C:\Users\dr00810779\AppData\Roaming\npm\node_modules\protractor\node_modules\jasmine-core\lib\jasmine-core\jasmine.js:4172:9]]>
   </failure>
  </testcase>
  <testcase classname="java" name="micount_testcase41" time="0.046">
   <failure type="exception" message="WebDriverError: No active session with ID 38d9489646df6e482241391e231866e4"><![CDATA[WebDriverError: No active session with ID 38d9489646df6e482241391e231866e4
    at Object.checkLegacyResponse (C:\Users\dr00810779\AppData\Roaming\npm\node_modules\protractor\node_modules\selenium-webdriver\lib\error.js:546:15)
    at parseHttpResponse (C:\Users\dr00810779\AppData\Roaming\npm\node_modules\protractor\node_modules\selenium-webdriver\lib\http.js:509:13)
    at C:\Users\dr00810779\AppData\Roaming\npm\node_modules\protractor\node_modules\selenium-webdriver\lib\http.js:441:30
    at runMicrotasks (<anonymous>)
    at processTicksAndRejections (internal/process/task_queues.js:95:5)
From: Task: WebDriver.takeScreenshot()
    at thenableWebDriverProxy.schedule (C:\Users\dr00810779\AppData\Roaming\npm\node_modules\protractor\node_modules\selenium-webdriver\lib\webdriver.js:807:17)
    at thenableWebDriverProxy.takeScreenshot (C:\Users\dr00810779\AppData\Roaming\npm\node_modules\protractor\node_modules\selenium-webdriver\lib\webdriver.js:1085:17)
    at run (C:\Users\dr00810779\AppData\Roaming\npm\node_modules\protractor\built\browser.js:58:33)
    at ProtractorBrowser.to.<computed> [as takeScreenshot] (C:\Users\dr00810779\AppData\Roaming\npm\node_modules\protractor\built\browser.js:66:16)
    at Object.specDone (D:\iTAP\Recorded_Scenarios\testRun\java\conf.js:45:34)
    at dispatch (C:\Users\dr00810779\AppData\Roaming\npm\node_modules\protractor\node_modules\jasmine-core\lib\jasmine-core\jasmine.js:4366:28)
    at ReportDispatcher.specDone (C:\Users\dr00810779\AppData\Roaming\npm\node_modules\protractor\node_modules\jasmine-core\lib\jasmine-core\jasmine.js:4337:11)
    at Spec.specResultCallback [as resultCallback] (C:\Users\dr00810779\AppData\Roaming\npm\node_modules\protractor\node_modules\jasmine-core\lib\jasmine-core\jasmine.js:1175:18)
    at QueueRunner.complete [as onComplete] (C:\Users\dr00810779\AppData\Roaming\npm\node_modules\protractor\node_modules\jasmine-core\lib\jasmine-core\jasmine.js:530:12)
    at Timeout._onTimeout (C:\Users\dr00810779\AppData\Roaming\npm\node_modules\protractor\node_modules\jasmine-core\lib\jasmine-core\jasmine.js:4231:12)]]>
   </failure>
   <failure type="exception" message="WebDriverError: No active session with ID 38d9489646df6e482241391e231866e4"><![CDATA[WebDriverError: No active session with ID 38d9489646df6e482241391e231866e4
    at Object.checkLegacyResponse (C:\Users\dr00810779\AppData\Roaming\npm\node_modules\protractor\node_modules\selenium-webdriver\lib\error.js:546:15)
    at parseHttpResponse (C:\Users\dr00810779\AppData\Roaming\npm\node_modules\protractor\node_modules\selenium-webdriver\lib\http.js:509:13)
    at C:\Users\dr00810779\AppData\Roaming\npm\node_modules\protractor\node_modules\selenium-webdriver\lib\http.js:441:30
    at runMicrotasks (<anonymous>)
    at processTicksAndRejections (internal/process/task_queues.js:95:5)
From: Task: WebDriver.takeScreenshot()
    at thenableWebDriverProxy.schedule (C:\Users\dr00810779\AppData\Roaming\npm\node_modules\protractor\node_modules\selenium-webdriver\lib\webdriver.js:807:17)
    at thenableWebDriverProxy.takeScreenshot (C:\Users\dr00810779\AppData\Roaming\npm\node_modules\protractor\node_modules\selenium-webdriver\lib\webdriver.js:1085:17)
    at run (C:\Users\dr00810779\AppData\Roaming\npm\node_modules\protractor\built\browser.js:58:33)
    at ProtractorBrowser.to.<computed> [as takeScreenshot] (C:\Users\dr00810779\AppData\Roaming\npm\node_modules\protractor\built\browser.js:66:16)
    at UserContext.<anonymous> (D:\iTAP\Recorded_Scenarios\testRun\java\conf.js:30:14)
    at attempt (C:\Users\dr00810779\AppData\Roaming\npm\node_modules\protractor\node_modules\jasmine-core\lib\jasmine-core\jasmine.js:4297:26)
    at QueueRunner.run (C:\Users\dr00810779\AppData\Roaming\npm\node_modules\protractor\node_modules\jasmine-core\lib\jasmine-core\jasmine.js:4217:20)
    at runNext (C:\Users\dr00810779\AppData\Roaming\npm\node_modules\protractor\node_modules\jasmine-core\lib\jasmine-core\jasmine.js:4257:20)
    at C:\Users\dr00810779\AppData\Roaming\npm\node_modules\protractor\node_modules\jasmine-core\lib\jasmine-core\jasmine.js:4264:13
    at C:\Users\dr00810779\AppData\Roaming\npm\node_modules\protractor\node_modules\jasmine-core\lib\jasmine-core\jasmine.js:4172:9]]>
   </failure>
  </testcase>
  <testcase classname="java" name="masterinventory_testcase42" time="0.024">
   <failure type="exception" message="WebDriverError: No active session with ID 38d9489646df6e482241391e231866e4"><![CDATA[WebDriverError: No active session with ID 38d9489646df6e482241391e231866e4
    at Object.checkLegacyResponse (C:\Users\dr00810779\AppData\Roaming\npm\node_modules\protractor\node_modules\selenium-webdriver\lib\error.js:546:15)
    at parseHttpResponse (C:\Users\dr00810779\AppData\Roaming\npm\node_modules\protractor\node_modules\selenium-webdriver\lib\http.js:509:13)
    at C:\Users\dr00810779\AppData\Roaming\npm\node_modules\protractor\node_modules\selenium-webdriver\lib\http.js:441:30
    at runMicrotasks (<anonymous>)
    at processTicksAndRejections (internal/process/task_queues.js:95:5)
From: Task: WebDriver.takeScreenshot()
    at thenableWebDriverProxy.schedule (C:\Users\dr00810779\AppData\Roaming\npm\node_modules\protractor\node_modules\selenium-webdriver\lib\webdriver.js:807:17)
    at thenableWebDriverProxy.takeScreenshot (C:\Users\dr00810779\AppData\Roaming\npm\node_modules\protractor\node_modules\selenium-webdriver\lib\webdriver.js:1085:17)
    at run (C:\Users\dr00810779\AppData\Roaming\npm\node_modules\protractor\built\browser.js:58:33)
    at ProtractorBrowser.to.<computed> [as takeScreenshot] (C:\Users\dr00810779\AppData\Roaming\npm\node_modules\protractor\built\browser.js:66:16)
    at Object.specDone (D:\iTAP\Recorded_Scenarios\testRun\java\conf.js:45:34)
    at dispatch (C:\Users\dr00810779\AppData\Roaming\npm\node_modules\protractor\node_modules\jasmine-core\lib\jasmine-core\jasmine.js:4366:28)
    at ReportDispatcher.specDone (C:\Users\dr00810779\AppData\Roaming\npm\node_modules\protractor\node_modules\jasmine-core\lib\jasmine-core\jasmine.js:4337:11)
    at Spec.specResultCallback [as resultCallback] (C:\Users\dr00810779\AppData\Roaming\npm\node_modules\protractor\node_modules\jasmine-core\lib\jasmine-core\jasmine.js:1175:18)
    at QueueRunner.complete [as onComplete] (C:\Users\dr00810779\AppData\Roaming\npm\node_modules\protractor\node_modules\jasmine-core\lib\jasmine-core\jasmine.js:530:12)
    at Immediate.<anonymous> (C:\Users\dr00810779\AppData\Roaming\npm\node_modules\protractor\node_modules\jasmine-core\lib\jasmine-core\jasmine.js:4231:12)]]>
   </failure>
   <failure type="exception" message="WebDriverError: No active session with ID 38d9489646df6e482241391e231866e4"><![CDATA[WebDriverError: No active session with ID 38d9489646df6e482241391e231866e4
    at Object.checkLegacyResponse (C:\Users\dr00810779\AppData\Roaming\npm\node_modules\protractor\node_modules\selenium-webdriver\lib\error.js:546:15)
    at parseHttpResponse (C:\Users\dr00810779\AppData\Roaming\npm\node_modules\protractor\node_modules\selenium-webdriver\lib\http.js:509:13)
    at C:\Users\dr00810779\AppData\Roaming\npm\node_modules\protractor\node_modules\selenium-webdriver\lib\http.js:441:30
    at runMicrotasks (<anonymous>)
    at processTicksAndRejections (internal/process/task_queues.js:95:5)
From: Task: WebDriver.takeScreenshot()
    at thenableWebDriverProxy.schedule (C:\Users\dr00810779\AppData\Roaming\npm\node_modules\protractor\node_modules\selenium-webdriver\lib\webdriver.js:807:17)
    at thenableWebDriverProxy.takeScreenshot (C:\Users\dr00810779\AppData\Roaming\npm\node_modules\protractor\node_modules\selenium-webdriver\lib\webdriver.js:1085:17)
    at run (C:\Users\dr00810779\AppData\Roaming\npm\node_modules\protractor\built\browser.js:58:33)
    at ProtractorBrowser.to.<computed> [as takeScreenshot] (C:\Users\dr00810779\AppData\Roaming\npm\node_modules\protractor\built\browser.js:66:16)
    at UserContext.<anonymous> (D:\iTAP\Recorded_Scenarios\testRun\java\conf.js:30:14)
    at attempt (C:\Users\dr00810779\AppData\Roaming\npm\node_modules\protractor\node_modules\jasmine-core\lib\jasmine-core\jasmine.js:4297:26)
    at QueueRunner.run (C:\Users\dr00810779\AppData\Roaming\npm\node_modules\protractor\node_modules\jasmine-core\lib\jasmine-core\jasmine.js:4217:20)
    at runNext (C:\Users\dr00810779\AppData\Roaming\npm\node_modules\protractor\node_modules\jasmine-core\lib\jasmine-core\jasmine.js:4257:20)
    at C:\Users\dr00810779\AppData\Roaming\npm\node_modules\protractor\node_modules\jasmine-core\lib\jasmine-core\jasmine.js:4264:13
    at C:\Users\dr00810779\AppData\Roaming\npm\node_modules\protractor\node_modules\jasmine-core\lib\jasmine-core\jasmine.js:4172:9]]>
   </failure>
  </testcase>
  <testcase classname="java" name="mainpage_testcase43" time="0.016">
   <failure type="exception" message="WebDriverError: No active session with ID 38d9489646df6e482241391e231866e4"><![CDATA[WebDriverError: No active session with ID 38d9489646df6e482241391e231866e4
    at Object.checkLegacyResponse (C:\Users\dr00810779\AppData\Roaming\npm\node_modules\protractor\node_modules\selenium-webdriver\lib\error.js:546:15)
    at parseHttpResponse (C:\Users\dr00810779\AppData\Roaming\npm\node_modules\protractor\node_modules\selenium-webdriver\lib\http.js:509:13)
    at C:\Users\dr00810779\AppData\Roaming\npm\node_modules\protractor\node_modules\selenium-webdriver\lib\http.js:441:30
    at runMicrotasks (<anonymous>)
    at processTicksAndRejections (internal/process/task_queues.js:95:5)
From: Task: WebDriver.takeScreenshot()
    at thenableWebDriverProxy.schedule (C:\Users\dr00810779\AppData\Roaming\npm\node_modules\protractor\node_modules\selenium-webdriver\lib\webdriver.js:807:17)
    at thenableWebDriverProxy.takeScreenshot (C:\Users\dr00810779\AppData\Roaming\npm\node_modules\protractor\node_modules\selenium-webdriver\lib\webdriver.js:1085:17)
    at run (C:\Users\dr00810779\AppData\Roaming\npm\node_modules\protractor\built\browser.js:58:33)
    at ProtractorBrowser.to.<computed> [as takeScreenshot] (C:\Users\dr00810779\AppData\Roaming\npm\node_modules\protractor\built\browser.js:66:16)
    at Object.specDone (D:\iTAP\Recorded_Scenarios\testRun\java\conf.js:45:34)
    at dispatch (C:\Users\dr00810779\AppData\Roaming\npm\node_modules\protractor\node_modules\jasmine-core\lib\jasmine-core\jasmine.js:4366:28)
    at ReportDispatcher.specDone (C:\Users\dr00810779\AppData\Roaming\npm\node_modules\protractor\node_modules\jasmine-core\lib\jasmine-core\jasmine.js:4337:11)
    at Spec.specResultCallback [as resultCallback] (C:\Users\dr00810779\AppData\Roaming\npm\node_modules\protractor\node_modules\jasmine-core\lib\jasmine-core\jasmine.js:1175:18)
    at QueueRunner.complete [as onComplete] (C:\Users\dr00810779\AppData\Roaming\npm\node_modules\protractor\node_modules\jasmine-core\lib\jasmine-core\jasmine.js:530:12)
    at Immediate.<anonymous> (C:\Users\dr00810779\AppData\Roaming\npm\node_modules\protractor\node_modules\jasmine-core\lib\jasmine-core\jasmine.js:4231:12)]]>
   </failure>
   <failure type="exception" message="WebDriverError: No active session with ID 38d9489646df6e482241391e231866e4"><![CDATA[WebDriverError: No active session with ID 38d9489646df6e482241391e231866e4
    at Object.checkLegacyResponse (C:\Users\dr00810779\AppData\Roaming\npm\node_modules\protractor\node_modules\selenium-webdriver\lib\error.js:546:15)
    at parseHttpResponse (C:\Users\dr00810779\AppData\Roaming\npm\node_modules\protractor\node_modules\selenium-webdriver\lib\http.js:509:13)
    at C:\Users\dr00810779\AppData\Roaming\npm\node_modules\protractor\node_modules\selenium-webdriver\lib\http.js:441:30
    at runMicrotasks (<anonymous>)
    at processTicksAndRejections (internal/process/task_queues.js:95:5)
From: Task: WebDriver.takeScreenshot()
    at thenableWebDriverProxy.schedule (C:\Users\dr00810779\AppData\Roaming\npm\node_modules\protractor\node_modules\selenium-webdriver\lib\webdriver.js:807:17)
    at thenableWebDriverProxy.takeScreenshot (C:\Users\dr00810779\AppData\Roaming\npm\node_modules\protractor\node_modules\selenium-webdriver\lib\webdriver.js:1085:17)
    at run (C:\Users\dr00810779\AppData\Roaming\npm\node_modules\protractor\built\browser.js:58:33)
    at ProtractorBrowser.to.<computed> [as takeScreenshot] (C:\Users\dr00810779\AppData\Roaming\npm\node_modules\protractor\built\browser.js:66:16)
    at UserContext.<anonymous> (D:\iTAP\Recorded_Scenarios\testRun\java\conf.js:30:14)
    at attempt (C:\Users\dr00810779\AppData\Roaming\npm\node_modules\protractor\node_modules\jasmine-core\lib\jasmine-core\jasmine.js:4297:26)
    at QueueRunner.run (C:\Users\dr00810779\AppData\Roaming\npm\node_modules\protractor\node_modules\jasmine-core\lib\jasmine-core\jasmine.js:4217:20)
    at runNext (C:\Users\dr00810779\AppData\Roaming\npm\node_modules\protractor\node_modules\jasmine-core\lib\jasmine-core\jasmine.js:4257:20)
    at C:\Users\dr00810779\AppData\Roaming\npm\node_modules\protractor\node_modules\jasmine-core\lib\jasmine-core\jasmine.js:4264:13
    at C:\Users\dr00810779\AppData\Roaming\npm\node_modules\protractor\node_modules\jasmine-core\lib\jasmine-core\jasmine.js:4172:9]]>
   </failure>
  </testcase>
  <testcase classname="java" name="logout_testcase44" time="0.021">
   <failure type="exception" message="WebDriverError: No active session with ID 38d9489646df6e482241391e231866e4"><![CDATA[WebDriverError: No active session with ID 38d9489646df6e482241391e231866e4
    at Object.checkLegacyResponse (C:\Users\dr00810779\AppData\Roaming\npm\node_modules\protractor\node_modules\selenium-webdriver\lib\error.js:546:15)
    at parseHttpResponse (C:\Users\dr00810779\AppData\Roaming\npm\node_modules\protractor\node_modules\selenium-webdriver\lib\http.js:509:13)
    at C:\Users\dr00810779\AppData\Roaming\npm\node_modules\protractor\node_modules\selenium-webdriver\lib\http.js:441:30
    at runMicrotasks (<anonymous>)
    at processTicksAndRejections (internal/process/task_queues.js:95:5)
From: Task: WebDriver.takeScreenshot()
    at thenableWebDriverProxy.schedule (C:\Users\dr00810779\AppData\Roaming\npm\node_modules\protractor\node_modules\selenium-webdriver\lib\webdriver.js:807:17)
    at thenableWebDriverProxy.takeScreenshot (C:\Users\dr00810779\AppData\Roaming\npm\node_modules\protractor\node_modules\selenium-webdriver\lib\webdriver.js:1085:17)
    at run (C:\Users\dr00810779\AppData\Roaming\npm\node_modules\protractor\built\browser.js:58:33)
    at ProtractorBrowser.to.<computed> [as takeScreenshot] (C:\Users\dr00810779\AppData\Roaming\npm\node_modules\protractor\built\browser.js:66:16)
    at Object.specDone (D:\iTAP\Recorded_Scenarios\testRun\java\conf.js:45:34)
    at dispatch (C:\Users\dr00810779\AppData\Roaming\npm\node_modules\protractor\node_modules\jasmine-core\lib\jasmine-core\jasmine.js:4366:28)
    at ReportDispatcher.specDone (C:\Users\dr00810779\AppData\Roaming\npm\node_modules\protractor\node_modules\jasmine-core\lib\jasmine-core\jasmine.js:4337:11)
    at Spec.specResultCallback [as resultCallback] (C:\Users\dr00810779\AppData\Roaming\npm\node_modules\protractor\node_modules\jasmine-core\lib\jasmine-core\jasmine.js:1175:18)
    at QueueRunner.complete [as onComplete] (C:\Users\dr00810779\AppData\Roaming\npm\node_modules\protractor\node_modules\jasmine-core\lib\jasmine-core\jasmine.js:530:12)
    at Immediate.<anonymous> (C:\Users\dr00810779\AppData\Roaming\npm\node_modules\protractor\node_modules\jasmine-core\lib\jasmine-core\jasmine.js:4231:12)]]>
   </failure>
   <failure type="exception" message="WebDriverError: No active session with ID 38d9489646df6e482241391e231866e4"><![CDATA[WebDriverError: No active session with ID 38d9489646df6e482241391e231866e4
    at Object.checkLegacyResponse (C:\Users\dr00810779\AppData\Roaming\npm\node_modules\protractor\node_modules\selenium-webdriver\lib\error.js:546:15)
    at parseHttpResponse (C:\Users\dr00810779\AppData\Roaming\npm\node_modules\protractor\node_modules\selenium-webdriver\lib\http.js:509:13)
    at C:\Users\dr00810779\AppData\Roaming\npm\node_modules\protractor\node_modules\selenium-webdriver\lib\http.js:441:30
    at runMicrotasks (<anonymous>)
    at processTicksAndRejections (internal/process/task_queues.js:95:5)
From: Task: WebDriver.takeScreenshot()
    at thenableWebDriverProxy.schedule (C:\Users\dr00810779\AppData\Roaming\npm\node_modules\protractor\node_modules\selenium-webdriver\lib\webdriver.js:807:17)
    at thenableWebDriverProxy.takeScreenshot (C:\Users\dr00810779\AppData\Roaming\npm\node_modules\protractor\node_modules\selenium-webdriver\lib\webdriver.js:1085:17)
    at run (C:\Users\dr00810779\AppData\Roaming\npm\node_modules\protractor\built\browser.js:58:33)
    at ProtractorBrowser.to.<computed> [as takeScreenshot] (C:\Users\dr00810779\AppData\Roaming\npm\node_modules\protractor\built\browser.js:66:16)
    at UserContext.<anonymous> (D:\iTAP\Recorded_Scenarios\testRun\java\conf.js:30:14)
    at attempt (C:\Users\dr00810779\AppData\Roaming\npm\node_modules\protractor\node_modules\jasmine-core\lib\jasmine-core\jasmine.js:4297:26)
    at QueueRunner.run (C:\Users\dr00810779\AppData\Roaming\npm\node_modules\protractor\node_modules\jasmine-core\lib\jasmine-core\jasmine.js:4217:20)
    at runNext (C:\Users\dr00810779\AppData\Roaming\npm\node_modules\protractor\node_modules\jasmine-core\lib\jasmine-core\jasmine.js:4257:20)
    at C:\Users\dr00810779\AppData\Roaming\npm\node_modules\protractor\node_modules\jasmine-core\lib\jasmine-core\jasmine.js:4264:13
    at C:\Users\dr00810779\AppData\Roaming\npm\node_modules\protractor\node_modules\jasmine-core\lib\jasmine-core\jasmine.js:4172:9]]>
   </failure>
  </testcase>
  <testcase classname="java" name="login_testcase45" time="0.015">
   <failure type="exception" message="WebDriverError: No active session with ID 38d9489646df6e482241391e231866e4"><![CDATA[WebDriverError: No active session with ID 38d9489646df6e482241391e231866e4
    at Object.checkLegacyResponse (C:\Users\dr00810779\AppData\Roaming\npm\node_modules\protractor\node_modules\selenium-webdriver\lib\error.js:546:15)
    at parseHttpResponse (C:\Users\dr00810779\AppData\Roaming\npm\node_modules\protractor\node_modules\selenium-webdriver\lib\http.js:509:13)
    at C:\Users\dr00810779\AppData\Roaming\npm\node_modules\protractor\node_modules\selenium-webdriver\lib\http.js:441:30
    at runMicrotasks (<anonymous>)
    at processTicksAndRejections (internal/process/task_queues.js:95:5)
From: Task: WebDriver.takeScreenshot()
    at thenableWebDriverProxy.schedule (C:\Users\dr00810779\AppData\Roaming\npm\node_modules\protractor\node_modules\selenium-webdriver\lib\webdriver.js:807:17)
    at thenableWebDriverProxy.takeScreenshot (C:\Users\dr00810779\AppData\Roaming\npm\node_modules\protractor\node_modules\selenium-webdriver\lib\webdriver.js:1085:17)
    at run (C:\Users\dr00810779\AppData\Roaming\npm\node_modules\protractor\built\browser.js:58:33)
    at ProtractorBrowser.to.<computed> [as takeScreenshot] (C:\Users\dr00810779\AppData\Roaming\npm\node_modules\protractor\built\browser.js:66:16)
    at Object.specDone (D:\iTAP\Recorded_Scenarios\testRun\java\conf.js:45:34)
    at dispatch (C:\Users\dr00810779\AppData\Roaming\npm\node_modules\protractor\node_modules\jasmine-core\lib\jasmine-core\jasmine.js:4366:28)
    at ReportDispatcher.specDone (C:\Users\dr00810779\AppData\Roaming\npm\node_modules\protractor\node_modules\jasmine-core\lib\jasmine-core\jasmine.js:4337:11)
    at Spec.specResultCallback [as resultCallback] (C:\Users\dr00810779\AppData\Roaming\npm\node_modules\protractor\node_modules\jasmine-core\lib\jasmine-core\jasmine.js:1175:18)
    at QueueRunner.complete [as onComplete] (C:\Users\dr00810779\AppData\Roaming\npm\node_modules\protractor\node_modules\jasmine-core\lib\jasmine-core\jasmine.js:530:12)
    at Immediate.<anonymous> (C:\Users\dr00810779\AppData\Roaming\npm\node_modules\protractor\node_modules\jasmine-core\lib\jasmine-core\jasmine.js:4231:12)]]>
   </failure>
   <failure type="exception" message="WebDriverError: No active session with ID 38d9489646df6e482241391e231866e4"><![CDATA[WebDriverError: No active session with ID 38d9489646df6e482241391e231866e4
    at Object.checkLegacyResponse (C:\Users\dr00810779\AppData\Roaming\npm\node_modules\protractor\node_modules\selenium-webdriver\lib\error.js:546:15)
    at parseHttpResponse (C:\Users\dr00810779\AppData\Roaming\npm\node_modules\protractor\node_modules\selenium-webdriver\lib\http.js:509:13)
    at C:\Users\dr00810779\AppData\Roaming\npm\node_modules\protractor\node_modules\selenium-webdriver\lib\http.js:441:30
    at runMicrotasks (<anonymous>)
    at processTicksAndRejections (internal/process/task_queues.js:95:5)
From: Task: WebDriver.takeScreenshot()
    at thenableWebDriverProxy.schedule (C:\Users\dr00810779\AppData\Roaming\npm\node_modules\protractor\node_modules\selenium-webdriver\lib\webdriver.js:807:17)
    at thenableWebDriverProxy.takeScreenshot (C:\Users\dr00810779\AppData\Roaming\npm\node_modules\protractor\node_modules\selenium-webdriver\lib\webdriver.js:1085:17)
    at run (C:\Users\dr00810779\AppData\Roaming\npm\node_modules\protractor\built\browser.js:58:33)
    at ProtractorBrowser.to.<computed> [as takeScreenshot] (C:\Users\dr00810779\AppData\Roaming\npm\node_modules\protractor\built\browser.js:66:16)
    at UserContext.<anonymous> (D:\iTAP\Recorded_Scenarios\testRun\java\conf.js:30:14)
    at attempt (C:\Users\dr00810779\AppData\Roaming\npm\node_modules\protractor\node_modules\jasmine-core\lib\jasmine-core\jasmine.js:4297:26)
    at QueueRunner.run (C:\Users\dr00810779\AppData\Roaming\npm\node_modules\protractor\node_modules\jasmine-core\lib\jasmine-core\jasmine.js:4217:20)
    at runNext (C:\Users\dr00810779\AppData\Roaming\npm\node_modules\protractor\node_modules\jasmine-core\lib\jasmine-core\jasmine.js:4257:20)
    at C:\Users\dr00810779\AppData\Roaming\npm\node_modules\protractor\node_modules\jasmine-core\lib\jasmine-core\jasmine.js:4264:13
    at C:\Users\dr00810779\AppData\Roaming\npm\node_modules\protractor\node_modules\jasmine-core\lib\jasmine-core\jasmine.js:4172:9]]>
   </failure>
  </testcase>
  <testcase classname="java" name="GlossarySpinnerIconPresence_testcase46" time="0.023">
   <failure type="exception" message="WebDriverError: No active session with ID 38d9489646df6e482241391e231866e4"><![CDATA[WebDriverError: No active session with ID 38d9489646df6e482241391e231866e4
    at Object.checkLegacyResponse (C:\Users\dr00810779\AppData\Roaming\npm\node_modules\protractor\node_modules\selenium-webdriver\lib\error.js:546:15)
    at parseHttpResponse (C:\Users\dr00810779\AppData\Roaming\npm\node_modules\protractor\node_modules\selenium-webdriver\lib\http.js:509:13)
    at C:\Users\dr00810779\AppData\Roaming\npm\node_modules\protractor\node_modules\selenium-webdriver\lib\http.js:441:30
    at runMicrotasks (<anonymous>)
    at processTicksAndRejections (internal/process/task_queues.js:95:5)
From: Task: WebDriver.takeScreenshot()
    at thenableWebDriverProxy.schedule (C:\Users\dr00810779\AppData\Roaming\npm\node_modules\protractor\node_modules\selenium-webdriver\lib\webdriver.js:807:17)
    at thenableWebDriverProxy.takeScreenshot (C:\Users\dr00810779\AppData\Roaming\npm\node_modules\protractor\node_modules\selenium-webdriver\lib\webdriver.js:1085:17)
    at run (C:\Users\dr00810779\AppData\Roaming\npm\node_modules\protractor\built\browser.js:58:33)
    at ProtractorBrowser.to.<computed> [as takeScreenshot] (C:\Users\dr00810779\AppData\Roaming\npm\node_modules\protractor\built\browser.js:66:16)
    at Object.specDone (D:\iTAP\Recorded_Scenarios\testRun\java\conf.js:45:34)
    at dispatch (C:\Users\dr00810779\AppData\Roaming\npm\node_modules\protractor\node_modules\jasmine-core\lib\jasmine-core\jasmine.js:4366:28)
    at ReportDispatcher.specDone (C:\Users\dr00810779\AppData\Roaming\npm\node_modules\protractor\node_modules\jasmine-core\lib\jasmine-core\jasmine.js:4337:11)
    at Spec.specResultCallback [as resultCallback] (C:\Users\dr00810779\AppData\Roaming\npm\node_modules\protractor\node_modules\jasmine-core\lib\jasmine-core\jasmine.js:1175:18)
    at QueueRunner.complete [as onComplete] (C:\Users\dr00810779\AppData\Roaming\npm\node_modules\protractor\node_modules\jasmine-core\lib\jasmine-core\jasmine.js:530:12)
    at Immediate.<anonymous> (C:\Users\dr00810779\AppData\Roaming\npm\node_modules\protractor\node_modules\jasmine-core\lib\jasmine-core\jasmine.js:4231:12)]]>
   </failure>
   <failure type="exception" message="WebDriverError: No active session with ID 38d9489646df6e482241391e231866e4"><![CDATA[WebDriverError: No active session with ID 38d9489646df6e482241391e231866e4
    at Object.checkLegacyResponse (C:\Users\dr00810779\AppData\Roaming\npm\node_modules\protractor\node_modules\selenium-webdriver\lib\error.js:546:15)
    at parseHttpResponse (C:\Users\dr00810779\AppData\Roaming\npm\node_modules\protractor\node_modules\selenium-webdriver\lib\http.js:509:13)
    at C:\Users\dr00810779\AppData\Roaming\npm\node_modules\protractor\node_modules\selenium-webdriver\lib\http.js:441:30
    at runMicrotasks (<anonymous>)
    at processTicksAndRejections (internal/process/task_queues.js:95:5)
From: Task: WebDriver.takeScreenshot()
    at thenableWebDriverProxy.schedule (C:\Users\dr00810779\AppData\Roaming\npm\node_modules\protractor\node_modules\selenium-webdriver\lib\webdriver.js:807:17)
    at thenableWebDriverProxy.takeScreenshot (C:\Users\dr00810779\AppData\Roaming\npm\node_modules\protractor\node_modules\selenium-webdriver\lib\webdriver.js:1085:17)
    at run (C:\Users\dr00810779\AppData\Roaming\npm\node_modules\protractor\built\browser.js:58:33)
    at ProtractorBrowser.to.<computed> [as takeScreenshot] (C:\Users\dr00810779\AppData\Roaming\npm\node_modules\protractor\built\browser.js:66:16)
    at UserContext.<anonymous> (D:\iTAP\Recorded_Scenarios\testRun\java\conf.js:30:14)
    at attempt (C:\Users\dr00810779\AppData\Roaming\npm\node_modules\protractor\node_modules\jasmine-core\lib\jasmine-core\jasmine.js:4297:26)
    at QueueRunner.run (C:\Users\dr00810779\AppData\Roaming\npm\node_modules\protractor\node_modules\jasmine-core\lib\jasmine-core\jasmine.js:4217:20)
    at runNext (C:\Users\dr00810779\AppData\Roaming\npm\node_modules\protractor\node_modules\jasmine-core\lib\jasmine-core\jasmine.js:4257:20)
    at C:\Users\dr00810779\AppData\Roaming\npm\node_modules\protractor\node_modules\jasmine-core\lib\jasmine-core\jasmine.js:4264:13
    at C:\Users\dr00810779\AppData\Roaming\npm\node_modules\protractor\node_modules\jasmine-core\lib\jasmine-core\jasmine.js:4172:9]]>
   </failure>
  </testcase>
  <testcase classname="java" name="glossaryspinner_testcase47" time="0.024">
   <failure type="exception" message="WebDriverError: No active session with ID 38d9489646df6e482241391e231866e4"><![CDATA[WebDriverError: No active session with ID 38d9489646df6e482241391e231866e4
    at Object.checkLegacyResponse (C:\Users\dr00810779\AppData\Roaming\npm\node_modules\protractor\node_modules\selenium-webdriver\lib\error.js:546:15)
    at parseHttpResponse (C:\Users\dr00810779\AppData\Roaming\npm\node_modules\protractor\node_modules\selenium-webdriver\lib\http.js:509:13)
    at C:\Users\dr00810779\AppData\Roaming\npm\node_modules\protractor\node_modules\selenium-webdriver\lib\http.js:441:30
    at runMicrotasks (<anonymous>)
    at processTicksAndRejections (internal/process/task_queues.js:95:5)
From: Task: WebDriver.takeScreenshot()
    at thenableWebDriverProxy.schedule (C:\Users\dr00810779\AppData\Roaming\npm\node_modules\protractor\node_modules\selenium-webdriver\lib\webdriver.js:807:17)
    at thenableWebDriverProxy.takeScreenshot (C:\Users\dr00810779\AppData\Roaming\npm\node_modules\protractor\node_modules\selenium-webdriver\lib\webdriver.js:1085:17)
    at run (C:\Users\dr00810779\AppData\Roaming\npm\node_modules\protractor\built\browser.js:58:33)
    at ProtractorBrowser.to.<computed> [as takeScreenshot] (C:\Users\dr00810779\AppData\Roaming\npm\node_modules\protractor\built\browser.js:66:16)
    at Object.specDone (D:\iTAP\Recorded_Scenarios\testRun\java\conf.js:45:34)
    at dispatch (C:\Users\dr00810779\AppData\Roaming\npm\node_modules\protractor\node_modules\jasmine-core\lib\jasmine-core\jasmine.js:4366:28)
    at ReportDispatcher.specDone (C:\Users\dr00810779\AppData\Roaming\npm\node_modules\protractor\node_modules\jasmine-core\lib\jasmine-core\jasmine.js:4337:11)
    at Spec.specResultCallback [as resultCallback] (C:\Users\dr00810779\AppData\Roaming\npm\node_modules\protractor\node_modules\jasmine-core\lib\jasmine-core\jasmine.js:1175:18)
    at QueueRunner.complete [as onComplete] (C:\Users\dr00810779\AppData\Roaming\npm\node_modules\protractor\node_modules\jasmine-core\lib\jasmine-core\jasmine.js:530:12)
    at Immediate.<anonymous> (C:\Users\dr00810779\AppData\Roaming\npm\node_modules\protractor\node_modules\jasmine-core\lib\jasmine-core\jasmine.js:4231:12)]]>
   </failure>
   <failure type="exception" message="WebDriverError: No active session with ID 38d9489646df6e482241391e231866e4"><![CDATA[WebDriverError: No active session with ID 38d9489646df6e482241391e231866e4
    at Object.checkLegacyResponse (C:\Users\dr00810779\AppData\Roaming\npm\node_modules\protractor\node_modules\selenium-webdriver\lib\error.js:546:15)
    at parseHttpResponse (C:\Users\dr00810779\AppData\Roaming\npm\node_modules\protractor\node_modules\selenium-webdriver\lib\http.js:509:13)
    at C:\Users\dr00810779\AppData\Roaming\npm\node_modules\protractor\node_modules\selenium-webdriver\lib\http.js:441:30
    at runMicrotasks (<anonymous>)
    at processTicksAndRejections (internal/process/task_queues.js:95:5)
From: Task: WebDriver.takeScreenshot()
    at thenableWebDriverProxy.schedule (C:\Users\dr00810779\AppData\Roaming\npm\node_modules\protractor\node_modules\selenium-webdriver\lib\webdriver.js:807:17)
    at thenableWebDriverProxy.takeScreenshot (C:\Users\dr00810779\AppData\Roaming\npm\node_modules\protractor\node_modules\selenium-webdriver\lib\webdriver.js:1085:17)
    at run (C:\Users\dr00810779\AppData\Roaming\npm\node_modules\protractor\built\browser.js:58:33)
    at ProtractorBrowser.to.<computed> [as takeScreenshot] (C:\Users\dr00810779\AppData\Roaming\npm\node_modules\protractor\built\browser.js:66:16)
    at UserContext.<anonymous> (D:\iTAP\Recorded_Scenarios\testRun\java\conf.js:30:14)
    at attempt (C:\Users\dr00810779\AppData\Roaming\npm\node_modules\protractor\node_modules\jasmine-core\lib\jasmine-core\jasmine.js:4297:26)
    at QueueRunner.run (C:\Users\dr00810779\AppData\Roaming\npm\node_modules\protractor\node_modules\jasmine-core\lib\jasmine-core\jasmine.js:4217:20)
    at runNext (C:\Users\dr00810779\AppData\Roaming\npm\node_modules\protractor\node_modules\jasmine-core\lib\jasmine-core\jasmine.js:4257:20)
    at C:\Users\dr00810779\AppData\Roaming\npm\node_modules\protractor\node_modules\jasmine-core\lib\jasmine-core\jasmine.js:4264:13
    at C:\Users\dr00810779\AppData\Roaming\npm\node_modules\protractor\node_modules\jasmine-core\lib\jasmine-core\jasmine.js:4172:9]]>
   </failure>
  </testcase>
  <testcase classname="java" name="glossarypage_testcase48" time="0.015">
   <failure type="exception" message="WebDriverError: No active session with ID 38d9489646df6e482241391e231866e4"><![CDATA[WebDriverError: No active session with ID 38d9489646df6e482241391e231866e4
    at Object.checkLegacyResponse (C:\Users\dr00810779\AppData\Roaming\npm\node_modules\protractor\node_modules\selenium-webdriver\lib\error.js:546:15)
    at parseHttpResponse (C:\Users\dr00810779\AppData\Roaming\npm\node_modules\protractor\node_modules\selenium-webdriver\lib\http.js:509:13)
    at C:\Users\dr00810779\AppData\Roaming\npm\node_modules\protractor\node_modules\selenium-webdriver\lib\http.js:441:30
    at runMicrotasks (<anonymous>)
    at processTicksAndRejections (internal/process/task_queues.js:95:5)
From: Task: WebDriver.takeScreenshot()
    at thenableWebDriverProxy.schedule (C:\Users\dr00810779\AppData\Roaming\npm\node_modules\protractor\node_modules\selenium-webdriver\lib\webdriver.js:807:17)
    at thenableWebDriverProxy.takeScreenshot (C:\Users\dr00810779\AppData\Roaming\npm\node_modules\protractor\node_modules\selenium-webdriver\lib\webdriver.js:1085:17)
    at run (C:\Users\dr00810779\AppData\Roaming\npm\node_modules\protractor\built\browser.js:58:33)
    at ProtractorBrowser.to.<computed> [as takeScreenshot] (C:\Users\dr00810779\AppData\Roaming\npm\node_modules\protractor\built\browser.js:66:16)
    at Object.specDone (D:\iTAP\Recorded_Scenarios\testRun\java\conf.js:45:34)
    at dispatch (C:\Users\dr00810779\AppData\Roaming\npm\node_modules\protractor\node_modules\jasmine-core\lib\jasmine-core\jasmine.js:4366:28)
    at ReportDispatcher.specDone (C:\Users\dr00810779\AppData\Roaming\npm\node_modules\protractor\node_modules\jasmine-core\lib\jasmine-core\jasmine.js:4337:11)
    at Spec.specResultCallback [as resultCallback] (C:\Users\dr00810779\AppData\Roaming\npm\node_modules\protractor\node_modules\jasmine-core\lib\jasmine-core\jasmine.js:1175:18)
    at QueueRunner.complete [as onComplete] (C:\Users\dr00810779\AppData\Roaming\npm\node_modules\protractor\node_modules\jasmine-core\lib\jasmine-core\jasmine.js:530:12)
    at Immediate.<anonymous> (C:\Users\dr00810779\AppData\Roaming\npm\node_modules\protractor\node_modules\jasmine-core\lib\jasmine-core\jasmine.js:4231:12)]]>
   </failure>
   <failure type="exception" message="WebDriverError: No active session with ID 38d9489646df6e482241391e231866e4"><![CDATA[WebDriverError: No active session with ID 38d9489646df6e482241391e231866e4
    at Object.checkLegacyResponse (C:\Users\dr00810779\AppData\Roaming\npm\node_modules\protractor\node_modules\selenium-webdriver\lib\error.js:546:15)
    at parseHttpResponse (C:\Users\dr00810779\AppData\Roaming\npm\node_modules\protractor\node_modules\selenium-webdriver\lib\http.js:509:13)
    at C:\Users\dr00810779\AppData\Roaming\npm\node_modules\protractor\node_modules\selenium-webdriver\lib\http.js:441:30
    at runMicrotasks (<anonymous>)
    at processTicksAndRejections (internal/process/task_queues.js:95:5)
From: Task: WebDriver.takeScreenshot()
    at thenableWebDriverProxy.schedule (C:\Users\dr00810779\AppData\Roaming\npm\node_modules\protractor\node_modules\selenium-webdriver\lib\webdriver.js:807:17)
    at thenableWebDriverProxy.takeScreenshot (C:\Users\dr00810779\AppData\Roaming\npm\node_modules\protractor\node_modules\selenium-webdriver\lib\webdriver.js:1085:17)
    at run (C:\Users\dr00810779\AppData\Roaming\npm\node_modules\protractor\built\browser.js:58:33)
    at ProtractorBrowser.to.<computed> [as takeScreenshot] (C:\Users\dr00810779\AppData\Roaming\npm\node_modules\protractor\built\browser.js:66:16)
    at UserContext.<anonymous> (D:\iTAP\Recorded_Scenarios\testRun\java\conf.js:30:14)
    at attempt (C:\Users\dr00810779\AppData\Roaming\npm\node_modules\protractor\node_modules\jasmine-core\lib\jasmine-core\jasmine.js:4297:26)
    at QueueRunner.run (C:\Users\dr00810779\AppData\Roaming\npm\node_modules\protractor\node_modules\jasmine-core\lib\jasmine-core\jasmine.js:4217:20)
    at runNext (C:\Users\dr00810779\AppData\Roaming\npm\node_modules\protractor\node_modules\jasmine-core\lib\jasmine-core\jasmine.js:4257:20)
    at C:\Users\dr00810779\AppData\Roaming\npm\node_modules\protractor\node_modules\jasmine-core\lib\jasmine-core\jasmine.js:4264:13
    at C:\Users\dr00810779\AppData\Roaming\npm\node_modules\protractor\node_modules\jasmine-core\lib\jasmine-core\jasmine.js:4172:9]]>
   </failure>
  </testcase>
  <testcase classname="java" name="glossarycount_testcase49" time="0.031">
   <failure type="exception" message="WebDriverError: No active session with ID 38d9489646df6e482241391e231866e4"><![CDATA[WebDriverError: No active session with ID 38d9489646df6e482241391e231866e4
    at Object.checkLegacyResponse (C:\Users\dr00810779\AppData\Roaming\npm\node_modules\protractor\node_modules\selenium-webdriver\lib\error.js:546:15)
    at parseHttpResponse (C:\Users\dr00810779\AppData\Roaming\npm\node_modules\protractor\node_modules\selenium-webdriver\lib\http.js:509:13)
    at C:\Users\dr00810779\AppData\Roaming\npm\node_modules\protractor\node_modules\selenium-webdriver\lib\http.js:441:30
    at runMicrotasks (<anonymous>)
    at processTicksAndRejections (internal/process/task_queues.js:95:5)
From: Task: WebDriver.takeScreenshot()
    at thenableWebDriverProxy.schedule (C:\Users\dr00810779\AppData\Roaming\npm\node_modules\protractor\node_modules\selenium-webdriver\lib\webdriver.js:807:17)
    at thenableWebDriverProxy.takeScreenshot (C:\Users\dr00810779\AppData\Roaming\npm\node_modules\protractor\node_modules\selenium-webdriver\lib\webdriver.js:1085:17)
    at run (C:\Users\dr00810779\AppData\Roaming\npm\node_modules\protractor\built\browser.js:58:33)
    at ProtractorBrowser.to.<computed> [as takeScreenshot] (C:\Users\dr00810779\AppData\Roaming\npm\node_modules\protractor\built\browser.js:66:16)
    at Object.specDone (D:\iTAP\Recorded_Scenarios\testRun\java\conf.js:45:34)
    at dispatch (C:\Users\dr00810779\AppData\Roaming\npm\node_modules\protractor\node_modules\jasmine-core\lib\jasmine-core\jasmine.js:4366:28)
    at ReportDispatcher.specDone (C:\Users\dr00810779\AppData\Roaming\npm\node_modules\protractor\node_modules\jasmine-core\lib\jasmine-core\jasmine.js:4337:11)
    at Spec.specResultCallback [as resultCallback] (C:\Users\dr00810779\AppData\Roaming\npm\node_modules\protractor\node_modules\jasmine-core\lib\jasmine-core\jasmine.js:1175:18)
    at QueueRunner.complete [as onComplete] (C:\Users\dr00810779\AppData\Roaming\npm\node_modules\protractor\node_modules\jasmine-core\lib\jasmine-core\jasmine.js:530:12)
    at Immediate.<anonymous> (C:\Users\dr00810779\AppData\Roaming\npm\node_modules\protractor\node_modules\jasmine-core\lib\jasmine-core\jasmine.js:4231:12)]]>
   </failure>
   <failure type="exception" message="WebDriverError: No active session with ID 38d9489646df6e482241391e231866e4"><![CDATA[WebDriverError: No active session with ID 38d9489646df6e482241391e231866e4
    at Object.checkLegacyResponse (C:\Users\dr00810779\AppData\Roaming\npm\node_modules\protractor\node_modules\selenium-webdriver\lib\error.js:546:15)
    at parseHttpResponse (C:\Users\dr00810779\AppData\Roaming\npm\node_modules\protractor\node_modules\selenium-webdriver\lib\http.js:509:13)
    at C:\Users\dr00810779\AppData\Roaming\npm\node_modules\protractor\node_modules\selenium-webdriver\lib\http.js:441:30
    at runMicrotasks (<anonymous>)
    at processTicksAndRejections (internal/process/task_queues.js:95:5)
From: Task: WebDriver.takeScreenshot()
    at thenableWebDriverProxy.schedule (C:\Users\dr00810779\AppData\Roaming\npm\node_modules\protractor\node_modules\selenium-webdriver\lib\webdriver.js:807:17)
    at thenableWebDriverProxy.takeScreenshot (C:\Users\dr00810779\AppData\Roaming\npm\node_modules\protractor\node_modules\selenium-webdriver\lib\webdriver.js:1085:17)
    at run (C:\Users\dr00810779\AppData\Roaming\npm\node_modules\protractor\built\browser.js:58:33)
    at ProtractorBrowser.to.<computed> [as takeScreenshot] (C:\Users\dr00810779\AppData\Roaming\npm\node_modules\protractor\built\browser.js:66:16)
    at UserContext.<anonymous> (D:\iTAP\Recorded_Scenarios\testRun\java\conf.js:30:14)
    at attempt (C:\Users\dr00810779\AppData\Roaming\npm\node_modules\protractor\node_modules\jasmine-core\lib\jasmine-core\jasmine.js:4297:26)
    at QueueRunner.run (C:\Users\dr00810779\AppData\Roaming\npm\node_modules\protractor\node_modules\jasmine-core\lib\jasmine-core\jasmine.js:4217:20)
    at runNext (C:\Users\dr00810779\AppData\Roaming\npm\node_modules\protractor\node_modules\jasmine-core\lib\jasmine-core\jasmine.js:4257:20)
    at C:\Users\dr00810779\AppData\Roaming\npm\node_modules\protractor\node_modules\jasmine-core\lib\jasmine-core\jasmine.js:4264:13
    at C:\Users\dr00810779\AppData\Roaming\npm\node_modules\protractor\node_modules\jasmine-core\lib\jasmine-core\jasmine.js:4172:9]]>
   </failure>
  </testcase>
  <testcase classname="java" name="glossary1_testcase50" time="0.031">
   <failure type="exception" message="WebDriverError: No active session with ID 38d9489646df6e482241391e231866e4"><![CDATA[WebDriverError: No active session with ID 38d9489646df6e482241391e231866e4
    at Object.checkLegacyResponse (C:\Users\dr00810779\AppData\Roaming\npm\node_modules\protractor\node_modules\selenium-webdriver\lib\error.js:546:15)
    at parseHttpResponse (C:\Users\dr00810779\AppData\Roaming\npm\node_modules\protractor\node_modules\selenium-webdriver\lib\http.js:509:13)
    at C:\Users\dr00810779\AppData\Roaming\npm\node_modules\protractor\node_modules\selenium-webdriver\lib\http.js:441:30
    at runMicrotasks (<anonymous>)
    at processTicksAndRejections (internal/process/task_queues.js:95:5)
From: Task: WebDriver.takeScreenshot()
    at thenableWebDriverProxy.schedule (C:\Users\dr00810779\AppData\Roaming\npm\node_modules\protractor\node_modules\selenium-webdriver\lib\webdriver.js:807:17)
    at thenableWebDriverProxy.takeScreenshot (C:\Users\dr00810779\AppData\Roaming\npm\node_modules\protractor\node_modules\selenium-webdriver\lib\webdriver.js:1085:17)
    at run (C:\Users\dr00810779\AppData\Roaming\npm\node_modules\protractor\built\browser.js:58:33)
    at ProtractorBrowser.to.<computed> [as takeScreenshot] (C:\Users\dr00810779\AppData\Roaming\npm\node_modules\protractor\built\browser.js:66:16)
    at Object.specDone (D:\iTAP\Recorded_Scenarios\testRun\java\conf.js:45:34)
    at dispatch (C:\Users\dr00810779\AppData\Roaming\npm\node_modules\protractor\node_modules\jasmine-core\lib\jasmine-core\jasmine.js:4366:28)
    at ReportDispatcher.specDone (C:\Users\dr00810779\AppData\Roaming\npm\node_modules\protractor\node_modules\jasmine-core\lib\jasmine-core\jasmine.js:4337:11)
    at Spec.specResultCallback [as resultCallback] (C:\Users\dr00810779\AppData\Roaming\npm\node_modules\protractor\node_modules\jasmine-core\lib\jasmine-core\jasmine.js:1175:18)
    at QueueRunner.complete [as onComplete] (C:\Users\dr00810779\AppData\Roaming\npm\node_modules\protractor\node_modules\jasmine-core\lib\jasmine-core\jasmine.js:530:12)
    at Immediate.<anonymous> (C:\Users\dr00810779\AppData\Roaming\npm\node_modules\protractor\node_modules\jasmine-core\lib\jasmine-core\jasmine.js:4231:12)]]>
   </failure>
   <failure type="exception" message="WebDriverError: No active session with ID 38d9489646df6e482241391e231866e4"><![CDATA[WebDriverError: No active session with ID 38d9489646df6e482241391e231866e4
    at Object.checkLegacyResponse (C:\Users\dr00810779\AppData\Roaming\npm\node_modules\protractor\node_modules\selenium-webdriver\lib\error.js:546:15)
    at parseHttpResponse (C:\Users\dr00810779\AppData\Roaming\npm\node_modules\protractor\node_modules\selenium-webdriver\lib\http.js:509:13)
    at C:\Users\dr00810779\AppData\Roaming\npm\node_modules\protractor\node_modules\selenium-webdriver\lib\http.js:441:30
    at runMicrotasks (<anonymous>)
    at processTicksAndRejections (internal/process/task_queues.js:95:5)
From: Task: WebDriver.takeScreenshot()
    at thenableWebDriverProxy.schedule (C:\Users\dr00810779\AppData\Roaming\npm\node_modules\protractor\node_modules\selenium-webdriver\lib\webdriver.js:807:17)
    at thenableWebDriverProxy.takeScreenshot (C:\Users\dr00810779\AppData\Roaming\npm\node_modules\protractor\node_modules\selenium-webdriver\lib\webdriver.js:1085:17)
    at run (C:\Users\dr00810779\AppData\Roaming\npm\node_modules\protractor\built\browser.js:58:33)
    at ProtractorBrowser.to.<computed> [as takeScreenshot] (C:\Users\dr00810779\AppData\Roaming\npm\node_modules\protractor\built\browser.js:66:16)
    at UserContext.<anonymous> (D:\iTAP\Recorded_Scenarios\testRun\java\conf.js:30:14)
    at attempt (C:\Users\dr00810779\AppData\Roaming\npm\node_modules\protractor\node_modules\jasmine-core\lib\jasmine-core\jasmine.js:4297:26)
    at QueueRunner.run (C:\Users\dr00810779\AppData\Roaming\npm\node_modules\protractor\node_modules\jasmine-core\lib\jasmine-core\jasmine.js:4217:20)
    at runNext (C:\Users\dr00810779\AppData\Roaming\npm\node_modules\protractor\node_modules\jasmine-core\lib\jasmine-core\jasmine.js:4257:20)
    at C:\Users\dr00810779\AppData\Roaming\npm\node_modules\protractor\node_modules\jasmine-core\lib\jasmine-core\jasmine.js:4264:13
    at C:\Users\dr00810779\AppData\Roaming\npm\node_modules\protractor\node_modules\jasmine-core\lib\jasmine-core\jasmine.js:4172:9]]>
   </failure>
  </testcase>
  <testcase classname="java" name="frontpage_testcase51" time="0.03">
   <failure type="exception" message="WebDriverError: No active session with ID 38d9489646df6e482241391e231866e4"><![CDATA[WebDriverError: No active session with ID 38d9489646df6e482241391e231866e4
    at Object.checkLegacyResponse (C:\Users\dr00810779\AppData\Roaming\npm\node_modules\protractor\node_modules\selenium-webdriver\lib\error.js:546:15)
    at parseHttpResponse (C:\Users\dr00810779\AppData\Roaming\npm\node_modules\protractor\node_modules\selenium-webdriver\lib\http.js:509:13)
    at C:\Users\dr00810779\AppData\Roaming\npm\node_modules\protractor\node_modules\selenium-webdriver\lib\http.js:441:30
    at runMicrotasks (<anonymous>)
    at processTicksAndRejections (internal/process/task_queues.js:95:5)
From: Task: WebDriver.takeScreenshot()
    at thenableWebDriverProxy.schedule (C:\Users\dr00810779\AppData\Roaming\npm\node_modules\protractor\node_modules\selenium-webdriver\lib\webdriver.js:807:17)
    at thenableWebDriverProxy.takeScreenshot (C:\Users\dr00810779\AppData\Roaming\npm\node_modules\protractor\node_modules\selenium-webdriver\lib\webdriver.js:1085:17)
    at run (C:\Users\dr00810779\AppData\Roaming\npm\node_modules\protractor\built\browser.js:58:33)
    at ProtractorBrowser.to.<computed> [as takeScreenshot] (C:\Users\dr00810779\AppData\Roaming\npm\node_modules\protractor\built\browser.js:66:16)
    at Object.specDone (D:\iTAP\Recorded_Scenarios\testRun\java\conf.js:45:34)
    at dispatch (C:\Users\dr00810779\AppData\Roaming\npm\node_modules\protractor\node_modules\jasmine-core\lib\jasmine-core\jasmine.js:4366:28)
    at ReportDispatcher.specDone (C:\Users\dr00810779\AppData\Roaming\npm\node_modules\protractor\node_modules\jasmine-core\lib\jasmine-core\jasmine.js:4337:11)
    at Spec.specResultCallback [as resultCallback] (C:\Users\dr00810779\AppData\Roaming\npm\node_modules\protractor\node_modules\jasmine-core\lib\jasmine-core\jasmine.js:1175:18)
    at QueueRunner.complete [as onComplete] (C:\Users\dr00810779\AppData\Roaming\npm\node_modules\protractor\node_modules\jasmine-core\lib\jasmine-core\jasmine.js:530:12)
    at Timeout._onTimeout (C:\Users\dr00810779\AppData\Roaming\npm\node_modules\protractor\node_modules\jasmine-core\lib\jasmine-core\jasmine.js:4231:12)]]>
   </failure>
   <failure type="exception" message="WebDriverError: No active session with ID 38d9489646df6e482241391e231866e4"><![CDATA[WebDriverError: No active session with ID 38d9489646df6e482241391e231866e4
    at Object.checkLegacyResponse (C:\Users\dr00810779\AppData\Roaming\npm\node_modules\protractor\node_modules\selenium-webdriver\lib\error.js:546:15)
    at parseHttpResponse (C:\Users\dr00810779\AppData\Roaming\npm\node_modules\protractor\node_modules\selenium-webdriver\lib\http.js:509:13)
    at C:\Users\dr00810779\AppData\Roaming\npm\node_modules\protractor\node_modules\selenium-webdriver\lib\http.js:441:30
    at runMicrotasks (<anonymous>)
    at processTicksAndRejections (internal/process/task_queues.js:95:5)
From: Task: WebDriver.takeScreenshot()
    at thenableWebDriverProxy.schedule (C:\Users\dr00810779\AppData\Roaming\npm\node_modules\protractor\node_modules\selenium-webdriver\lib\webdriver.js:807:17)
    at thenableWebDriverProxy.takeScreenshot (C:\Users\dr00810779\AppData\Roaming\npm\node_modules\protractor\node_modules\selenium-webdriver\lib\webdriver.js:1085:17)
    at run (C:\Users\dr00810779\AppData\Roaming\npm\node_modules\protractor\built\browser.js:58:33)
    at ProtractorBrowser.to.<computed> [as takeScreenshot] (C:\Users\dr00810779\AppData\Roaming\npm\node_modules\protractor\built\browser.js:66:16)
    at UserContext.<anonymous> (D:\iTAP\Recorded_Scenarios\testRun\java\conf.js:30:14)
    at attempt (C:\Users\dr00810779\AppData\Roaming\npm\node_modules\protractor\node_modules\jasmine-core\lib\jasmine-core\jasmine.js:4297:26)
    at QueueRunner.run (C:\Users\dr00810779\AppData\Roaming\npm\node_modules\protractor\node_modules\jasmine-core\lib\jasmine-core\jasmine.js:4217:20)
    at runNext (C:\Users\dr00810779\AppData\Roaming\npm\node_modules\protractor\node_modules\jasmine-core\lib\jasmine-core\jasmine.js:4257:20)
    at C:\Users\dr00810779\AppData\Roaming\npm\node_modules\protractor\node_modules\jasmine-core\lib\jasmine-core\jasmine.js:4264:13
    at C:\Users\dr00810779\AppData\Roaming\npm\node_modules\protractor\node_modules\jasmine-core\lib\jasmine-core\jasmine.js:4172:9]]>
   </failure>
  </testcase>
  <testcase classname="java" name="crudpage_testcase52" time="0.03">
   <failure type="exception" message="WebDriverError: No active session with ID 38d9489646df6e482241391e231866e4"><![CDATA[WebDriverError: No active session with ID 38d9489646df6e482241391e231866e4
    at Object.checkLegacyResponse (C:\Users\dr00810779\AppData\Roaming\npm\node_modules\protractor\node_modules\selenium-webdriver\lib\error.js:546:15)
    at parseHttpResponse (C:\Users\dr00810779\AppData\Roaming\npm\node_modules\protractor\node_modules\selenium-webdriver\lib\http.js:509:13)
    at C:\Users\dr00810779\AppData\Roaming\npm\node_modules\protractor\node_modules\selenium-webdriver\lib\http.js:441:30
    at runMicrotasks (<anonymous>)
    at processTicksAndRejections (internal/process/task_queues.js:95:5)
From: Task: WebDriver.takeScreenshot()
    at thenableWebDriverProxy.schedule (C:\Users\dr00810779\AppData\Roaming\npm\node_modules\protractor\node_modules\selenium-webdriver\lib\webdriver.js:807:17)
    at thenableWebDriverProxy.takeScreenshot (C:\Users\dr00810779\AppData\Roaming\npm\node_modules\protractor\node_modules\selenium-webdriver\lib\webdriver.js:1085:17)
    at run (C:\Users\dr00810779\AppData\Roaming\npm\node_modules\protractor\built\browser.js:58:33)
    at ProtractorBrowser.to.<computed> [as takeScreenshot] (C:\Users\dr00810779\AppData\Roaming\npm\node_modules\protractor\built\browser.js:66:16)
    at Object.specDone (D:\iTAP\Recorded_Scenarios\testRun\java\conf.js:45:34)
    at dispatch (C:\Users\dr00810779\AppData\Roaming\npm\node_modules\protractor\node_modules\jasmine-core\lib\jasmine-core\jasmine.js:4366:28)
    at ReportDispatcher.specDone (C:\Users\dr00810779\AppData\Roaming\npm\node_modules\protractor\node_modules\jasmine-core\lib\jasmine-core\jasmine.js:4337:11)
    at Spec.specResultCallback [as resultCallback] (C:\Users\dr00810779\AppData\Roaming\npm\node_modules\protractor\node_modules\jasmine-core\lib\jasmine-core\jasmine.js:1175:18)
    at QueueRunner.complete [as onComplete] (C:\Users\dr00810779\AppData\Roaming\npm\node_modules\protractor\node_modules\jasmine-core\lib\jasmine-core\jasmine.js:530:12)
    at Immediate.<anonymous> (C:\Users\dr00810779\AppData\Roaming\npm\node_modules\protractor\node_modules\jasmine-core\lib\jasmine-core\jasmine.js:4231:12)]]>
   </failure>
   <failure type="exception" message="WebDriverError: No active session with ID 38d9489646df6e482241391e231866e4"><![CDATA[WebDriverError: No active session with ID 38d9489646df6e482241391e231866e4
    at Object.checkLegacyResponse (C:\Users\dr00810779\AppData\Roaming\npm\node_modules\protractor\node_modules\selenium-webdriver\lib\error.js:546:15)
    at parseHttpResponse (C:\Users\dr00810779\AppData\Roaming\npm\node_modules\protractor\node_modules\selenium-webdriver\lib\http.js:509:13)
    at C:\Users\dr00810779\AppData\Roaming\npm\node_modules\protractor\node_modules\selenium-webdriver\lib\http.js:441:30
    at runMicrotasks (<anonymous>)
    at processTicksAndRejections (internal/process/task_queues.js:95:5)
From: Task: WebDriver.takeScreenshot()
    at thenableWebDriverProxy.schedule (C:\Users\dr00810779\AppData\Roaming\npm\node_modules\protractor\node_modules\selenium-webdriver\lib\webdriver.js:807:17)
    at thenableWebDriverProxy.takeScreenshot (C:\Users\dr00810779\AppData\Roaming\npm\node_modules\protractor\node_modules\selenium-webdriver\lib\webdriver.js:1085:17)
    at run (C:\Users\dr00810779\AppData\Roaming\npm\node_modules\protractor\built\browser.js:58:33)
    at ProtractorBrowser.to.<computed> [as takeScreenshot] (C:\Users\dr00810779\AppData\Roaming\npm\node_modules\protractor\built\browser.js:66:16)
    at UserContext.<anonymous> (D:\iTAP\Recorded_Scenarios\testRun\java\conf.js:30:14)
    at attempt (C:\Users\dr00810779\AppData\Roaming\npm\node_modules\protractor\node_modules\jasmine-core\lib\jasmine-core\jasmine.js:4297:26)
    at QueueRunner.run (C:\Users\dr00810779\AppData\Roaming\npm\node_modules\protractor\node_modules\jasmine-core\lib\jasmine-core\jasmine.js:4217:20)
    at runNext (C:\Users\dr00810779\AppData\Roaming\npm\node_modules\protractor\node_modules\jasmine-core\lib\jasmine-core\jasmine.js:4257:20)
    at C:\Users\dr00810779\AppData\Roaming\npm\node_modules\protractor\node_modules\jasmine-core\lib\jasmine-core\jasmine.js:4264:13
    at C:\Users\dr00810779\AppData\Roaming\npm\node_modules\protractor\node_modules\jasmine-core\lib\jasmine-core\jasmine.js:4172:9]]>
   </failure>
  </testcase>
  <testcase classname="java" name="crudmultiplelocators_testcase53" time="0.016">
   <failure type="exception" message="WebDriverError: No active session with ID 38d9489646df6e482241391e231866e4"><![CDATA[WebDriverError: No active session with ID 38d9489646df6e482241391e231866e4
    at Object.checkLegacyResponse (C:\Users\dr00810779\AppData\Roaming\npm\node_modules\protractor\node_modules\selenium-webdriver\lib\error.js:546:15)
    at parseHttpResponse (C:\Users\dr00810779\AppData\Roaming\npm\node_modules\protractor\node_modules\selenium-webdriver\lib\http.js:509:13)
    at C:\Users\dr00810779\AppData\Roaming\npm\node_modules\protractor\node_modules\selenium-webdriver\lib\http.js:441:30
    at runMicrotasks (<anonymous>)
    at processTicksAndRejections (internal/process/task_queues.js:95:5)
From: Task: WebDriver.takeScreenshot()
    at thenableWebDriverProxy.schedule (C:\Users\dr00810779\AppData\Roaming\npm\node_modules\protractor\node_modules\selenium-webdriver\lib\webdriver.js:807:17)
    at thenableWebDriverProxy.takeScreenshot (C:\Users\dr00810779\AppData\Roaming\npm\node_modules\protractor\node_modules\selenium-webdriver\lib\webdriver.js:1085:17)
    at run (C:\Users\dr00810779\AppData\Roaming\npm\node_modules\protractor\built\browser.js:58:33)
    at ProtractorBrowser.to.<computed> [as takeScreenshot] (C:\Users\dr00810779\AppData\Roaming\npm\node_modules\protractor\built\browser.js:66:16)
    at Object.specDone (D:\iTAP\Recorded_Scenarios\testRun\java\conf.js:45:34)
    at dispatch (C:\Users\dr00810779\AppData\Roaming\npm\node_modules\protractor\node_modules\jasmine-core\lib\jasmine-core\jasmine.js:4366:28)
    at ReportDispatcher.specDone (C:\Users\dr00810779\AppData\Roaming\npm\node_modules\protractor\node_modules\jasmine-core\lib\jasmine-core\jasmine.js:4337:11)
    at Spec.specResultCallback [as resultCallback] (C:\Users\dr00810779\AppData\Roaming\npm\node_modules\protractor\node_modules\jasmine-core\lib\jasmine-core\jasmine.js:1175:18)
    at QueueRunner.complete [as onComplete] (C:\Users\dr00810779\AppData\Roaming\npm\node_modules\protractor\node_modules\jasmine-core\lib\jasmine-core\jasmine.js:530:12)
    at Immediate.<anonymous> (C:\Users\dr00810779\AppData\Roaming\npm\node_modules\protractor\node_modules\jasmine-core\lib\jasmine-core\jasmine.js:4231:12)]]>
   </failure>
   <failure type="exception" message="WebDriverError: No active session with ID 38d9489646df6e482241391e231866e4"><![CDATA[WebDriverError: No active session with ID 38d9489646df6e482241391e231866e4
    at Object.checkLegacyResponse (C:\Users\dr00810779\AppData\Roaming\npm\node_modules\protractor\node_modules\selenium-webdriver\lib\error.js:546:15)
    at parseHttpResponse (C:\Users\dr00810779\AppData\Roaming\npm\node_modules\protractor\node_modules\selenium-webdriver\lib\http.js:509:13)
    at C:\Users\dr00810779\AppData\Roaming\npm\node_modules\protractor\node_modules\selenium-webdriver\lib\http.js:441:30
    at runMicrotasks (<anonymous>)
    at processTicksAndRejections (internal/process/task_queues.js:95:5)
From: Task: WebDriver.takeScreenshot()
    at thenableWebDriverProxy.schedule (C:\Users\dr00810779\AppData\Roaming\npm\node_modules\protractor\node_modules\selenium-webdriver\lib\webdriver.js:807:17)
    at thenableWebDriverProxy.takeScreenshot (C:\Users\dr00810779\AppData\Roaming\npm\node_modules\protractor\node_modules\selenium-webdriver\lib\webdriver.js:1085:17)
    at run (C:\Users\dr00810779\AppData\Roaming\npm\node_modules\protractor\built\browser.js:58:33)
    at ProtractorBrowser.to.<computed> [as takeScreenshot] (C:\Users\dr00810779\AppData\Roaming\npm\node_modules\protractor\built\browser.js:66:16)
    at UserContext.<anonymous> (D:\iTAP\Recorded_Scenarios\testRun\java\conf.js:30:14)
    at attempt (C:\Users\dr00810779\AppData\Roaming\npm\node_modules\protractor\node_modules\jasmine-core\lib\jasmine-core\jasmine.js:4297:26)
    at QueueRunner.run (C:\Users\dr00810779\AppData\Roaming\npm\node_modules\protractor\node_modules\jasmine-core\lib\jasmine-core\jasmine.js:4217:20)
    at runNext (C:\Users\dr00810779\AppData\Roaming\npm\node_modules\protractor\node_modules\jasmine-core\lib\jasmine-core\jasmine.js:4257:20)
    at C:\Users\dr00810779\AppData\Roaming\npm\node_modules\protractor\node_modules\jasmine-core\lib\jasmine-core\jasmine.js:4264:13
    at C:\Users\dr00810779\AppData\Roaming\npm\node_modules\protractor\node_modules\jasmine-core\lib\jasmine-core\jasmine.js:4172:9]]>
   </failure>
  </testcase>
  <testcase classname="java" name="crudcount_testcase54" time="0.03">
   <failure type="exception" message="WebDriverError: No active session with ID 38d9489646df6e482241391e231866e4"><![CDATA[WebDriverError: No active session with ID 38d9489646df6e482241391e231866e4
    at Object.checkLegacyResponse (C:\Users\dr00810779\AppData\Roaming\npm\node_modules\protractor\node_modules\selenium-webdriver\lib\error.js:546:15)
    at parseHttpResponse (C:\Users\dr00810779\AppData\Roaming\npm\node_modules\protractor\node_modules\selenium-webdriver\lib\http.js:509:13)
    at C:\Users\dr00810779\AppData\Roaming\npm\node_modules\protractor\node_modules\selenium-webdriver\lib\http.js:441:30
    at runMicrotasks (<anonymous>)
    at processTicksAndRejections (internal/process/task_queues.js:95:5)
From: Task: WebDriver.takeScreenshot()
    at thenableWebDriverProxy.schedule (C:\Users\dr00810779\AppData\Roaming\npm\node_modules\protractor\node_modules\selenium-webdriver\lib\webdriver.js:807:17)
    at thenableWebDriverProxy.takeScreenshot (C:\Users\dr00810779\AppData\Roaming\npm\node_modules\protractor\node_modules\selenium-webdriver\lib\webdriver.js:1085:17)
    at run (C:\Users\dr00810779\AppData\Roaming\npm\node_modules\protractor\built\browser.js:58:33)
    at ProtractorBrowser.to.<computed> [as takeScreenshot] (C:\Users\dr00810779\AppData\Roaming\npm\node_modules\protractor\built\browser.js:66:16)
    at Object.specDone (D:\iTAP\Recorded_Scenarios\testRun\java\conf.js:45:34)
    at dispatch (C:\Users\dr00810779\AppData\Roaming\npm\node_modules\protractor\node_modules\jasmine-core\lib\jasmine-core\jasmine.js:4366:28)
    at ReportDispatcher.specDone (C:\Users\dr00810779\AppData\Roaming\npm\node_modules\protractor\node_modules\jasmine-core\lib\jasmine-core\jasmine.js:4337:11)
    at Spec.specResultCallback [as resultCallback] (C:\Users\dr00810779\AppData\Roaming\npm\node_modules\protractor\node_modules\jasmine-core\lib\jasmine-core\jasmine.js:1175:18)
    at QueueRunner.complete [as onComplete] (C:\Users\dr00810779\AppData\Roaming\npm\node_modules\protractor\node_modules\jasmine-core\lib\jasmine-core\jasmine.js:530:12)
    at Immediate.<anonymous> (C:\Users\dr00810779\AppData\Roaming\npm\node_modules\protractor\node_modules\jasmine-core\lib\jasmine-core\jasmine.js:4231:12)]]>
   </failure>
   <failure type="exception" message="WebDriverError: No active session with ID 38d9489646df6e482241391e231866e4"><![CDATA[WebDriverError: No active session with ID 38d9489646df6e482241391e231866e4
    at Object.checkLegacyResponse (C:\Users\dr00810779\AppData\Roaming\npm\node_modules\protractor\node_modules\selenium-webdriver\lib\error.js:546:15)
    at parseHttpResponse (C:\Users\dr00810779\AppData\Roaming\npm\node_modules\protractor\node_modules\selenium-webdriver\lib\http.js:509:13)
    at C:\Users\dr00810779\AppData\Roaming\npm\node_modules\protractor\node_modules\selenium-webdriver\lib\http.js:441:30
    at runMicrotasks (<anonymous>)
    at processTicksAndRejections (internal/process/task_queues.js:95:5)
From: Task: WebDriver.takeScreenshot()
    at thenableWebDriverProxy.schedule (C:\Users\dr00810779\AppData\Roaming\npm\node_modules\protractor\node_modules\selenium-webdriver\lib\webdriver.js:807:17)
    at thenableWebDriverProxy.takeScreenshot (C:\Users\dr00810779\AppData\Roaming\npm\node_modules\protractor\node_modules\selenium-webdriver\lib\webdriver.js:1085:17)
    at run (C:\Users\dr00810779\AppData\Roaming\npm\node_modules\protractor\built\browser.js:58:33)
    at ProtractorBrowser.to.<computed> [as takeScreenshot] (C:\Users\dr00810779\AppData\Roaming\npm\node_modules\protractor\built\browser.js:66:16)
    at UserContext.<anonymous> (D:\iTAP\Recorded_Scenarios\testRun\java\conf.js:30:14)
    at attempt (C:\Users\dr00810779\AppData\Roaming\npm\node_modules\protractor\node_modules\jasmine-core\lib\jasmine-core\jasmine.js:4297:26)
    at QueueRunner.run (C:\Users\dr00810779\AppData\Roaming\npm\node_modules\protractor\node_modules\jasmine-core\lib\jasmine-core\jasmine.js:4217:20)
    at runNext (C:\Users\dr00810779\AppData\Roaming\npm\node_modules\protractor\node_modules\jasmine-core\lib\jasmine-core\jasmine.js:4257:20)
    at C:\Users\dr00810779\AppData\Roaming\npm\node_modules\protractor\node_modules\jasmine-core\lib\jasmine-core\jasmine.js:4264:13
    at C:\Users\dr00810779\AppData\Roaming\npm\node_modules\protractor\node_modules\jasmine-core\lib\jasmine-core\jasmine.js:4172:9]]>
   </failure>
  </testcase>
  <testcase classname="java" name="controlflowpage_testcase55" time="0.03">
   <failure type="exception" message="WebDriverError: No active session with ID 38d9489646df6e482241391e231866e4"><![CDATA[WebDriverError: No active session with ID 38d9489646df6e482241391e231866e4
    at Object.checkLegacyResponse (C:\Users\dr00810779\AppData\Roaming\npm\node_modules\protractor\node_modules\selenium-webdriver\lib\error.js:546:15)
    at parseHttpResponse (C:\Users\dr00810779\AppData\Roaming\npm\node_modules\protractor\node_modules\selenium-webdriver\lib\http.js:509:13)
    at C:\Users\dr00810779\AppData\Roaming\npm\node_modules\protractor\node_modules\selenium-webdriver\lib\http.js:441:30
    at runMicrotasks (<anonymous>)
    at processTicksAndRejections (internal/process/task_queues.js:95:5)
From: Task: WebDriver.takeScreenshot()
    at thenableWebDriverProxy.schedule (C:\Users\dr00810779\AppData\Roaming\npm\node_modules\protractor\node_modules\selenium-webdriver\lib\webdriver.js:807:17)
    at thenableWebDriverProxy.takeScreenshot (C:\Users\dr00810779\AppData\Roaming\npm\node_modules\protractor\node_modules\selenium-webdriver\lib\webdriver.js:1085:17)
    at run (C:\Users\dr00810779\AppData\Roaming\npm\node_modules\protractor\built\browser.js:58:33)
    at ProtractorBrowser.to.<computed> [as takeScreenshot] (C:\Users\dr00810779\AppData\Roaming\npm\node_modules\protractor\built\browser.js:66:16)
    at Object.specDone (D:\iTAP\Recorded_Scenarios\testRun\java\conf.js:45:34)
    at dispatch (C:\Users\dr00810779\AppData\Roaming\npm\node_modules\protractor\node_modules\jasmine-core\lib\jasmine-core\jasmine.js:4366:28)
    at ReportDispatcher.specDone (C:\Users\dr00810779\AppData\Roaming\npm\node_modules\protractor\node_modules\jasmine-core\lib\jasmine-core\jasmine.js:4337:11)
    at Spec.specResultCallback [as resultCallback] (C:\Users\dr00810779\AppData\Roaming\npm\node_modules\protractor\node_modules\jasmine-core\lib\jasmine-core\jasmine.js:1175:18)
    at QueueRunner.complete [as onComplete] (C:\Users\dr00810779\AppData\Roaming\npm\node_modules\protractor\node_modules\jasmine-core\lib\jasmine-core\jasmine.js:530:12)
    at Immediate.<anonymous> (C:\Users\dr00810779\AppData\Roaming\npm\node_modules\protractor\node_modules\jasmine-core\lib\jasmine-core\jasmine.js:4231:12)]]>
   </failure>
   <failure type="exception" message="WebDriverError: No active session with ID 38d9489646df6e482241391e231866e4"><![CDATA[WebDriverError: No active session with ID 38d9489646df6e482241391e231866e4
    at Object.checkLegacyResponse (C:\Users\dr00810779\AppData\Roaming\npm\node_modules\protractor\node_modules\selenium-webdriver\lib\error.js:546:15)
    at parseHttpResponse (C:\Users\dr00810779\AppData\Roaming\npm\node_modules\protractor\node_modules\selenium-webdriver\lib\http.js:509:13)
    at C:\Users\dr00810779\AppData\Roaming\npm\node_modules\protractor\node_modules\selenium-webdriver\lib\http.js:441:30
    at runMicrotasks (<anonymous>)
    at processTicksAndRejections (internal/process/task_queues.js:95:5)
From: Task: WebDriver.takeScreenshot()
    at thenableWebDriverProxy.schedule (C:\Users\dr00810779\AppData\Roaming\npm\node_modules\protractor\node_modules\selenium-webdriver\lib\webdriver.js:807:17)
    at thenableWebDriverProxy.takeScreenshot (C:\Users\dr00810779\AppData\Roaming\npm\node_modules\protractor\node_modules\selenium-webdriver\lib\webdriver.js:1085:17)
    at run (C:\Users\dr00810779\AppData\Roaming\npm\node_modules\protractor\built\browser.js:58:33)
    at ProtractorBrowser.to.<computed> [as takeScreenshot] (C:\Users\dr00810779\AppData\Roaming\npm\node_modules\protractor\built\browser.js:66:16)
    at UserContext.<anonymous> (D:\iTAP\Recorded_Scenarios\testRun\java\conf.js:30:14)
    at attempt (C:\Users\dr00810779\AppData\Roaming\npm\node_modules\protractor\node_modules\jasmine-core\lib\jasmine-core\jasmine.js:4297:26)
    at QueueRunner.run (C:\Users\dr00810779\AppData\Roaming\npm\node_modules\protractor\node_modules\jasmine-core\lib\jasmine-core\jasmine.js:4217:20)
    at runNext (C:\Users\dr00810779\AppData\Roaming\npm\node_modules\protractor\node_modules\jasmine-core\lib\jasmine-core\jasmine.js:4257:20)
    at C:\Users\dr00810779\AppData\Roaming\npm\node_modules\protractor\node_modules\jasmine-core\lib\jasmine-core\jasmine.js:4264:13
    at C:\Users\dr00810779\AppData\Roaming\npm\node_modules\protractor\node_modules\jasmine-core\lib\jasmine-core\jasmine.js:4172:9]]>
   </failure>
  </testcase>
  <testcase classname="java" name="controlflow_testcase56" time="0.03">
   <failure type="exception" message="WebDriverError: No active session with ID 38d9489646df6e482241391e231866e4"><![CDATA[WebDriverError: No active session with ID 38d9489646df6e482241391e231866e4
    at Object.checkLegacyResponse (C:\Users\dr00810779\AppData\Roaming\npm\node_modules\protractor\node_modules\selenium-webdriver\lib\error.js:546:15)
    at parseHttpResponse (C:\Users\dr00810779\AppData\Roaming\npm\node_modules\protractor\node_modules\selenium-webdriver\lib\http.js:509:13)
    at C:\Users\dr00810779\AppData\Roaming\npm\node_modules\protractor\node_modules\selenium-webdriver\lib\http.js:441:30
    at runMicrotasks (<anonymous>)
    at processTicksAndRejections (internal/process/task_queues.js:95:5)
From: Task: WebDriver.takeScreenshot()
    at thenableWebDriverProxy.schedule (C:\Users\dr00810779\AppData\Roaming\npm\node_modules\protractor\node_modules\selenium-webdriver\lib\webdriver.js:807:17)
    at thenableWebDriverProxy.takeScreenshot (C:\Users\dr00810779\AppData\Roaming\npm\node_modules\protractor\node_modules\selenium-webdriver\lib\webdriver.js:1085:17)
    at run (C:\Users\dr00810779\AppData\Roaming\npm\node_modules\protractor\built\browser.js:58:33)
    at ProtractorBrowser.to.<computed> [as takeScreenshot] (C:\Users\dr00810779\AppData\Roaming\npm\node_modules\protractor\built\browser.js:66:16)
    at Object.specDone (D:\iTAP\Recorded_Scenarios\testRun\java\conf.js:45:34)
    at dispatch (C:\Users\dr00810779\AppData\Roaming\npm\node_modules\protractor\node_modules\jasmine-core\lib\jasmine-core\jasmine.js:4366:28)
    at ReportDispatcher.specDone (C:\Users\dr00810779\AppData\Roaming\npm\node_modules\protractor\node_modules\jasmine-core\lib\jasmine-core\jasmine.js:4337:11)
    at Spec.specResultCallback [as resultCallback] (C:\Users\dr00810779\AppData\Roaming\npm\node_modules\protractor\node_modules\jasmine-core\lib\jasmine-core\jasmine.js:1175:18)
    at QueueRunner.complete [as onComplete] (C:\Users\dr00810779\AppData\Roaming\npm\node_modules\protractor\node_modules\jasmine-core\lib\jasmine-core\jasmine.js:530:12)
    at Immediate.<anonymous> (C:\Users\dr00810779\AppData\Roaming\npm\node_modules\protractor\node_modules\jasmine-core\lib\jasmine-core\jasmine.js:4231:12)]]>
   </failure>
   <failure type="exception" message="WebDriverError: No active session with ID 38d9489646df6e482241391e231866e4"><![CDATA[WebDriverError: No active session with ID 38d9489646df6e482241391e231866e4
    at Object.checkLegacyResponse (C:\Users\dr00810779\AppData\Roaming\npm\node_modules\protractor\node_modules\selenium-webdriver\lib\error.js:546:15)
    at parseHttpResponse (C:\Users\dr00810779\AppData\Roaming\npm\node_modules\protractor\node_modules\selenium-webdriver\lib\http.js:509:13)
    at C:\Users\dr00810779\AppData\Roaming\npm\node_modules\protractor\node_modules\selenium-webdriver\lib\http.js:441:30
    at runMicrotasks (<anonymous>)
    at processTicksAndRejections (internal/process/task_queues.js:95:5)
From: Task: WebDriver.takeScreenshot()
    at thenableWebDriverProxy.schedule (C:\Users\dr00810779\AppData\Roaming\npm\node_modules\protractor\node_modules\selenium-webdriver\lib\webdriver.js:807:17)
    at thenableWebDriverProxy.takeScreenshot (C:\Users\dr00810779\AppData\Roaming\npm\node_modules\protractor\node_modules\selenium-webdriver\lib\webdriver.js:1085:17)
    at run (C:\Users\dr00810779\AppData\Roaming\npm\node_modules\protractor\built\browser.js:58:33)
    at ProtractorBrowser.to.<computed> [as takeScreenshot] (C:\Users\dr00810779\AppData\Roaming\npm\node_modules\protractor\built\browser.js:66:16)
    at UserContext.<anonymous> (D:\iTAP\Recorded_Scenarios\testRun\java\conf.js:30:14)
    at attempt (C:\Users\dr00810779\AppData\Roaming\npm\node_modules\protractor\node_modules\jasmine-core\lib\jasmine-core\jasmine.js:4297:26)
    at QueueRunner.run (C:\Users\dr00810779\AppData\Roaming\npm\node_modules\protractor\node_modules\jasmine-core\lib\jasmine-core\jasmine.js:4217:20)
    at runNext (C:\Users\dr00810779\AppData\Roaming\npm\node_modules\protractor\node_modules\jasmine-core\lib\jasmine-core\jasmine.js:4257:20)
    at C:\Users\dr00810779\AppData\Roaming\npm\node_modules\protractor\node_modules\jasmine-core\lib\jasmine-core\jasmine.js:4264:13
    at C:\Users\dr00810779\AppData\Roaming\npm\node_modules\protractor\node_modules\jasmine-core\lib\jasmine-core\jasmine.js:4172:9]]>
   </failure>
  </testcase>
  <testcase classname="java" name="componentsRedirectionCheck_testcase57" time="0.03">
   <failure type="exception" message="WebDriverError: No active session with ID 38d9489646df6e482241391e231866e4"><![CDATA[WebDriverError: No active session with ID 38d9489646df6e482241391e231866e4
    at Object.checkLegacyResponse (C:\Users\dr00810779\AppData\Roaming\npm\node_modules\protractor\node_modules\selenium-webdriver\lib\error.js:546:15)
    at parseHttpResponse (C:\Users\dr00810779\AppData\Roaming\npm\node_modules\protractor\node_modules\selenium-webdriver\lib\http.js:509:13)
    at C:\Users\dr00810779\AppData\Roaming\npm\node_modules\protractor\node_modules\selenium-webdriver\lib\http.js:441:30
    at runMicrotasks (<anonymous>)
    at processTicksAndRejections (internal/process/task_queues.js:95:5)
From: Task: WebDriver.takeScreenshot()
    at thenableWebDriverProxy.schedule (C:\Users\dr00810779\AppData\Roaming\npm\node_modules\protractor\node_modules\selenium-webdriver\lib\webdriver.js:807:17)
    at thenableWebDriverProxy.takeScreenshot (C:\Users\dr00810779\AppData\Roaming\npm\node_modules\protractor\node_modules\selenium-webdriver\lib\webdriver.js:1085:17)
    at run (C:\Users\dr00810779\AppData\Roaming\npm\node_modules\protractor\built\browser.js:58:33)
    at ProtractorBrowser.to.<computed> [as takeScreenshot] (C:\Users\dr00810779\AppData\Roaming\npm\node_modules\protractor\built\browser.js:66:16)
    at Object.specDone (D:\iTAP\Recorded_Scenarios\testRun\java\conf.js:45:34)
    at dispatch (C:\Users\dr00810779\AppData\Roaming\npm\node_modules\protractor\node_modules\jasmine-core\lib\jasmine-core\jasmine.js:4366:28)
    at ReportDispatcher.specDone (C:\Users\dr00810779\AppData\Roaming\npm\node_modules\protractor\node_modules\jasmine-core\lib\jasmine-core\jasmine.js:4337:11)
    at Spec.specResultCallback [as resultCallback] (C:\Users\dr00810779\AppData\Roaming\npm\node_modules\protractor\node_modules\jasmine-core\lib\jasmine-core\jasmine.js:1175:18)
    at QueueRunner.complete [as onComplete] (C:\Users\dr00810779\AppData\Roaming\npm\node_modules\protractor\node_modules\jasmine-core\lib\jasmine-core\jasmine.js:530:12)
    at Immediate.<anonymous> (C:\Users\dr00810779\AppData\Roaming\npm\node_modules\protractor\node_modules\jasmine-core\lib\jasmine-core\jasmine.js:4231:12)]]>
   </failure>
   <failure type="exception" message="WebDriverError: No active session with ID 38d9489646df6e482241391e231866e4"><![CDATA[WebDriverError: No active session with ID 38d9489646df6e482241391e231866e4
    at Object.checkLegacyResponse (C:\Users\dr00810779\AppData\Roaming\npm\node_modules\protractor\node_modules\selenium-webdriver\lib\error.js:546:15)
    at parseHttpResponse (C:\Users\dr00810779\AppData\Roaming\npm\node_modules\protractor\node_modules\selenium-webdriver\lib\http.js:509:13)
    at C:\Users\dr00810779\AppData\Roaming\npm\node_modules\protractor\node_modules\selenium-webdriver\lib\http.js:441:30
    at runMicrotasks (<anonymous>)
    at processTicksAndRejections (internal/process/task_queues.js:95:5)
From: Task: WebDriver.takeScreenshot()
    at thenableWebDriverProxy.schedule (C:\Users\dr00810779\AppData\Roaming\npm\node_modules\protractor\node_modules\selenium-webdriver\lib\webdriver.js:807:17)
    at thenableWebDriverProxy.takeScreenshot (C:\Users\dr00810779\AppData\Roaming\npm\node_modules\protractor\node_modules\selenium-webdriver\lib\webdriver.js:1085:17)
    at run (C:\Users\dr00810779\AppData\Roaming\npm\node_modules\protractor\built\browser.js:58:33)
    at ProtractorBrowser.to.<computed> [as takeScreenshot] (C:\Users\dr00810779\AppData\Roaming\npm\node_modules\protractor\built\browser.js:66:16)
    at UserContext.<anonymous> (D:\iTAP\Recorded_Scenarios\testRun\java\conf.js:30:14)
    at attempt (C:\Users\dr00810779\AppData\Roaming\npm\node_modules\protractor\node_modules\jasmine-core\lib\jasmine-core\jasmine.js:4297:26)
    at QueueRunner.run (C:\Users\dr00810779\AppData\Roaming\npm\node_modules\protractor\node_modules\jasmine-core\lib\jasmine-core\jasmine.js:4217:20)
    at runNext (C:\Users\dr00810779\AppData\Roaming\npm\node_modules\protractor\node_modules\jasmine-core\lib\jasmine-core\jasmine.js:4257:20)
    at C:\Users\dr00810779\AppData\Roaming\npm\node_modules\protractor\node_modules\jasmine-core\lib\jasmine-core\jasmine.js:4264:13
    at C:\Users\dr00810779\AppData\Roaming\npm\node_modules\protractor\node_modules\jasmine-core\lib\jasmine-core\jasmine.js:4172:9]]>
   </failure>
  </testcase>
  <testcase classname="java" name="components_testcase58" time="0.015">
   <failure type="exception" message="WebDriverError: No active session with ID 38d9489646df6e482241391e231866e4"><![CDATA[WebDriverError: No active session with ID 38d9489646df6e482241391e231866e4
    at Object.checkLegacyResponse (C:\Users\dr00810779\AppData\Roaming\npm\node_modules\protractor\node_modules\selenium-webdriver\lib\error.js:546:15)
    at parseHttpResponse (C:\Users\dr00810779\AppData\Roaming\npm\node_modules\protractor\node_modules\selenium-webdriver\lib\http.js:509:13)
    at C:\Users\dr00810779\AppData\Roaming\npm\node_modules\protractor\node_modules\selenium-webdriver\lib\http.js:441:30
    at runMicrotasks (<anonymous>)
    at processTicksAndRejections (internal/process/task_queues.js:95:5)
From: Task: WebDriver.takeScreenshot()
    at thenableWebDriverProxy.schedule (C:\Users\dr00810779\AppData\Roaming\npm\node_modules\protractor\node_modules\selenium-webdriver\lib\webdriver.js:807:17)
    at thenableWebDriverProxy.takeScreenshot (C:\Users\dr00810779\AppData\Roaming\npm\node_modules\protractor\node_modules\selenium-webdriver\lib\webdriver.js:1085:17)
    at run (C:\Users\dr00810779\AppData\Roaming\npm\node_modules\protractor\built\browser.js:58:33)
    at ProtractorBrowser.to.<computed> [as takeScreenshot] (C:\Users\dr00810779\AppData\Roaming\npm\node_modules\protractor\built\browser.js:66:16)
    at Object.specDone (D:\iTAP\Recorded_Scenarios\testRun\java\conf.js:45:34)
    at dispatch (C:\Users\dr00810779\AppData\Roaming\npm\node_modules\protractor\node_modules\jasmine-core\lib\jasmine-core\jasmine.js:4366:28)
    at ReportDispatcher.specDone (C:\Users\dr00810779\AppData\Roaming\npm\node_modules\protractor\node_modules\jasmine-core\lib\jasmine-core\jasmine.js:4337:11)
    at Spec.specResultCallback [as resultCallback] (C:\Users\dr00810779\AppData\Roaming\npm\node_modules\protractor\node_modules\jasmine-core\lib\jasmine-core\jasmine.js:1175:18)
    at QueueRunner.complete [as onComplete] (C:\Users\dr00810779\AppData\Roaming\npm\node_modules\protractor\node_modules\jasmine-core\lib\jasmine-core\jasmine.js:530:12)
    at Immediate.<anonymous> (C:\Users\dr00810779\AppData\Roaming\npm\node_modules\protractor\node_modules\jasmine-core\lib\jasmine-core\jasmine.js:4231:12)]]>
   </failure>
   <failure type="exception" message="WebDriverError: No active session with ID 38d9489646df6e482241391e231866e4"><![CDATA[WebDriverError: No active session with ID 38d9489646df6e482241391e231866e4
    at Object.checkLegacyResponse (C:\Users\dr00810779\AppData\Roaming\npm\node_modules\protractor\node_modules\selenium-webdriver\lib\error.js:546:15)
    at parseHttpResponse (C:\Users\dr00810779\AppData\Roaming\npm\node_modules\protractor\node_modules\selenium-webdriver\lib\http.js:509:13)
    at C:\Users\dr00810779\AppData\Roaming\npm\node_modules\protractor\node_modules\selenium-webdriver\lib\http.js:441:30
    at runMicrotasks (<anonymous>)
    at processTicksAndRejections (internal/process/task_queues.js:95:5)
From: Task: WebDriver.takeScreenshot()
    at thenableWebDriverProxy.schedule (C:\Users\dr00810779\AppData\Roaming\npm\node_modules\protractor\node_modules\selenium-webdriver\lib\webdriver.js:807:17)
    at thenableWebDriverProxy.takeScreenshot (C:\Users\dr00810779\AppData\Roaming\npm\node_modules\protractor\node_modules\selenium-webdriver\lib\webdriver.js:1085:17)
    at run (C:\Users\dr00810779\AppData\Roaming\npm\node_modules\protractor\built\browser.js:58:33)
    at ProtractorBrowser.to.<computed> [as takeScreenshot] (C:\Users\dr00810779\AppData\Roaming\npm\node_modules\protractor\built\browser.js:66:16)
    at UserContext.<anonymous> (D:\iTAP\Recorded_Scenarios\testRun\java\conf.js:30:14)
    at attempt (C:\Users\dr00810779\AppData\Roaming\npm\node_modules\protractor\node_modules\jasmine-core\lib\jasmine-core\jasmine.js:4297:26)
    at QueueRunner.run (C:\Users\dr00810779\AppData\Roaming\npm\node_modules\protractor\node_modules\jasmine-core\lib\jasmine-core\jasmine.js:4217:20)
    at runNext (C:\Users\dr00810779\AppData\Roaming\npm\node_modules\protractor\node_modules\jasmine-core\lib\jasmine-core\jasmine.js:4257:20)
    at C:\Users\dr00810779\AppData\Roaming\npm\node_modules\protractor\node_modules\jasmine-core\lib\jasmine-core\jasmine.js:4264:13
    at C:\Users\dr00810779\AppData\Roaming\npm\node_modules\protractor\node_modules\jasmine-core\lib\jasmine-core\jasmine.js:4172:9]]>
   </failure>
  </testcase>
  <testcase classname="java" name="commentedlinespage_testcase59" time="0.031">
   <failure type="exception" message="WebDriverError: No active session with ID 38d9489646df6e482241391e231866e4"><![CDATA[WebDriverError: No active session with ID 38d9489646df6e482241391e231866e4
    at Object.checkLegacyResponse (C:\Users\dr00810779\AppData\Roaming\npm\node_modules\protractor\node_modules\selenium-webdriver\lib\error.js:546:15)
    at parseHttpResponse (C:\Users\dr00810779\AppData\Roaming\npm\node_modules\protractor\node_modules\selenium-webdriver\lib\http.js:509:13)
    at C:\Users\dr00810779\AppData\Roaming\npm\node_modules\protractor\node_modules\selenium-webdriver\lib\http.js:441:30
    at runMicrotasks (<anonymous>)
    at processTicksAndRejections (internal/process/task_queues.js:95:5)
From: Task: WebDriver.takeScreenshot()
    at thenableWebDriverProxy.schedule (C:\Users\dr00810779\AppData\Roaming\npm\node_modules\protractor\node_modules\selenium-webdriver\lib\webdriver.js:807:17)
    at thenableWebDriverProxy.takeScreenshot (C:\Users\dr00810779\AppData\Roaming\npm\node_modules\protractor\node_modules\selenium-webdriver\lib\webdriver.js:1085:17)
    at run (C:\Users\dr00810779\AppData\Roaming\npm\node_modules\protractor\built\browser.js:58:33)
    at ProtractorBrowser.to.<computed> [as takeScreenshot] (C:\Users\dr00810779\AppData\Roaming\npm\node_modules\protractor\built\browser.js:66:16)
    at Object.specDone (D:\iTAP\Recorded_Scenarios\testRun\java\conf.js:45:34)
    at dispatch (C:\Users\dr00810779\AppData\Roaming\npm\node_modules\protractor\node_modules\jasmine-core\lib\jasmine-core\jasmine.js:4366:28)
    at ReportDispatcher.specDone (C:\Users\dr00810779\AppData\Roaming\npm\node_modules\protractor\node_modules\jasmine-core\lib\jasmine-core\jasmine.js:4337:11)
    at Spec.specResultCallback [as resultCallback] (C:\Users\dr00810779\AppData\Roaming\npm\node_modules\protractor\node_modules\jasmine-core\lib\jasmine-core\jasmine.js:1175:18)
    at QueueRunner.complete [as onComplete] (C:\Users\dr00810779\AppData\Roaming\npm\node_modules\protractor\node_modules\jasmine-core\lib\jasmine-core\jasmine.js:530:12)
    at Immediate.<anonymous> (C:\Users\dr00810779\AppData\Roaming\npm\node_modules\protractor\node_modules\jasmine-core\lib\jasmine-core\jasmine.js:4231:12)]]>
   </failure>
   <failure type="exception" message="WebDriverError: No active session with ID 38d9489646df6e482241391e231866e4"><![CDATA[WebDriverError: No active session with ID 38d9489646df6e482241391e231866e4
    at Object.checkLegacyResponse (C:\Users\dr00810779\AppData\Roaming\npm\node_modules\protractor\node_modules\selenium-webdriver\lib\error.js:546:15)
    at parseHttpResponse (C:\Users\dr00810779\AppData\Roaming\npm\node_modules\protractor\node_modules\selenium-webdriver\lib\http.js:509:13)
    at C:\Users\dr00810779\AppData\Roaming\npm\node_modules\protractor\node_modules\selenium-webdriver\lib\http.js:441:30
    at runMicrotasks (<anonymous>)
    at processTicksAndRejections (internal/process/task_queues.js:95:5)
From: Task: WebDriver.takeScreenshot()
    at thenableWebDriverProxy.schedule (C:\Users\dr00810779\AppData\Roaming\npm\node_modules\protractor\node_modules\selenium-webdriver\lib\webdriver.js:807:17)
    at thenableWebDriverProxy.takeScreenshot (C:\Users\dr00810779\AppData\Roaming\npm\node_modules\protractor\node_modules\selenium-webdriver\lib\webdriver.js:1085:17)
    at run (C:\Users\dr00810779\AppData\Roaming\npm\node_modules\protractor\built\browser.js:58:33)
    at ProtractorBrowser.to.<computed> [as takeScreenshot] (C:\Users\dr00810779\AppData\Roaming\npm\node_modules\protractor\built\browser.js:66:16)
    at UserContext.<anonymous> (D:\iTAP\Recorded_Scenarios\testRun\java\conf.js:30:14)
    at attempt (C:\Users\dr00810779\AppData\Roaming\npm\node_modules\protractor\node_modules\jasmine-core\lib\jasmine-core\jasmine.js:4297:26)
    at QueueRunner.run (C:\Users\dr00810779\AppData\Roaming\npm\node_modules\protractor\node_modules\jasmine-core\lib\jasmine-core\jasmine.js:4217:20)
    at runNext (C:\Users\dr00810779\AppData\Roaming\npm\node_modules\protractor\node_modules\jasmine-core\lib\jasmine-core\jasmine.js:4257:20)
    at C:\Users\dr00810779\AppData\Roaming\npm\node_modules\protractor\node_modules\jasmine-core\lib\jasmine-core\jasmine.js:4264:13
    at C:\Users\dr00810779\AppData\Roaming\npm\node_modules\protractor\node_modules\jasmine-core\lib\jasmine-core\jasmine.js:4172:9]]>
   </failure>
  </testcase>
  <testcase classname="java" name="commentedlinescount_testcase60" time="0.03">
   <failure type="exception" message="WebDriverError: No active session with ID 38d9489646df6e482241391e231866e4"><![CDATA[WebDriverError: No active session with ID 38d9489646df6e482241391e231866e4
    at Object.checkLegacyResponse (C:\Users\dr00810779\AppData\Roaming\npm\node_modules\protractor\node_modules\selenium-webdriver\lib\error.js:546:15)
    at parseHttpResponse (C:\Users\dr00810779\AppData\Roaming\npm\node_modules\protractor\node_modules\selenium-webdriver\lib\http.js:509:13)
    at C:\Users\dr00810779\AppData\Roaming\npm\node_modules\protractor\node_modules\selenium-webdriver\lib\http.js:441:30
    at runMicrotasks (<anonymous>)
    at processTicksAndRejections (internal/process/task_queues.js:95:5)
From: Task: WebDriver.takeScreenshot()
    at thenableWebDriverProxy.schedule (C:\Users\dr00810779\AppData\Roaming\npm\node_modules\protractor\node_modules\selenium-webdriver\lib\webdriver.js:807:17)
    at thenableWebDriverProxy.takeScreenshot (C:\Users\dr00810779\AppData\Roaming\npm\node_modules\protractor\node_modules\selenium-webdriver\lib\webdriver.js:1085:17)
    at run (C:\Users\dr00810779\AppData\Roaming\npm\node_modules\protractor\built\browser.js:58:33)
    at ProtractorBrowser.to.<computed> [as takeScreenshot] (C:\Users\dr00810779\AppData\Roaming\npm\node_modules\protractor\built\browser.js:66:16)
    at Object.specDone (D:\iTAP\Recorded_Scenarios\testRun\java\conf.js:45:34)
    at dispatch (C:\Users\dr00810779\AppData\Roaming\npm\node_modules\protractor\node_modules\jasmine-core\lib\jasmine-core\jasmine.js:4366:28)
    at ReportDispatcher.specDone (C:\Users\dr00810779\AppData\Roaming\npm\node_modules\protractor\node_modules\jasmine-core\lib\jasmine-core\jasmine.js:4337:11)
    at Spec.specResultCallback [as resultCallback] (C:\Users\dr00810779\AppData\Roaming\npm\node_modules\protractor\node_modules\jasmine-core\lib\jasmine-core\jasmine.js:1175:18)
    at QueueRunner.complete [as onComplete] (C:\Users\dr00810779\AppData\Roaming\npm\node_modules\protractor\node_modules\jasmine-core\lib\jasmine-core\jasmine.js:530:12)
    at Immediate.<anonymous> (C:\Users\dr00810779\AppData\Roaming\npm\node_modules\protractor\node_modules\jasmine-core\lib\jasmine-core\jasmine.js:4231:12)]]>
   </failure>
   <failure type="exception" message="WebDriverError: No active session with ID 38d9489646df6e482241391e231866e4"><![CDATA[WebDriverError: No active session with ID 38d9489646df6e482241391e231866e4
    at Object.checkLegacyResponse (C:\Users\dr00810779\AppData\Roaming\npm\node_modules\protractor\node_modules\selenium-webdriver\lib\error.js:546:15)
    at parseHttpResponse (C:\Users\dr00810779\AppData\Roaming\npm\node_modules\protractor\node_modules\selenium-webdriver\lib\http.js:509:13)
    at C:\Users\dr00810779\AppData\Roaming\npm\node_modules\protractor\node_modules\selenium-webdriver\lib\http.js:441:30
    at runMicrotasks (<anonymous>)
    at processTicksAndRejections (internal/process/task_queues.js:95:5)
From: Task: WebDriver.takeScreenshot()
    at thenableWebDriverProxy.schedule (C:\Users\dr00810779\AppData\Roaming\npm\node_modules\protractor\node_modules\selenium-webdriver\lib\webdriver.js:807:17)
    at thenableWebDriverProxy.takeScreenshot (C:\Users\dr00810779\AppData\Roaming\npm\node_modules\protractor\node_modules\selenium-webdriver\lib\webdriver.js:1085:17)
    at run (C:\Users\dr00810779\AppData\Roaming\npm\node_modules\protractor\built\browser.js:58:33)
    at ProtractorBrowser.to.<computed> [as takeScreenshot] (C:\Users\dr00810779\AppData\Roaming\npm\node_modules\protractor\built\browser.js:66:16)
    at UserContext.<anonymous> (D:\iTAP\Recorded_Scenarios\testRun\java\conf.js:30:14)
    at attempt (C:\Users\dr00810779\AppData\Roaming\npm\node_modules\protractor\node_modules\jasmine-core\lib\jasmine-core\jasmine.js:4297:26)
    at QueueRunner.run (C:\Users\dr00810779\AppData\Roaming\npm\node_modules\protractor\node_modules\jasmine-core\lib\jasmine-core\jasmine.js:4217:20)
    at runNext (C:\Users\dr00810779\AppData\Roaming\npm\node_modules\protractor\node_modules\jasmine-core\lib\jasmine-core\jasmine.js:4257:20)
    at C:\Users\dr00810779\AppData\Roaming\npm\node_modules\protractor\node_modules\jasmine-core\lib\jasmine-core\jasmine.js:4264:13
    at C:\Users\dr00810779\AppData\Roaming\npm\node_modules\protractor\node_modules\jasmine-core\lib\jasmine-core\jasmine.js:4172:9]]>
   </failure>
  </testcase>
  <testcase classname="java" name="callchainpage_testcase61" time="0.03">
   <failure type="exception" message="WebDriverError: No active session with ID 38d9489646df6e482241391e231866e4"><![CDATA[WebDriverError: No active session with ID 38d9489646df6e482241391e231866e4
    at Object.checkLegacyResponse (C:\Users\dr00810779\AppData\Roaming\npm\node_modules\protractor\node_modules\selenium-webdriver\lib\error.js:546:15)
    at parseHttpResponse (C:\Users\dr00810779\AppData\Roaming\npm\node_modules\protractor\node_modules\selenium-webdriver\lib\http.js:509:13)
    at C:\Users\dr00810779\AppData\Roaming\npm\node_modules\protractor\node_modules\selenium-webdriver\lib\http.js:441:30
    at runMicrotasks (<anonymous>)
    at processTicksAndRejections (internal/process/task_queues.js:95:5)
From: Task: WebDriver.takeScreenshot()
    at thenableWebDriverProxy.schedule (C:\Users\dr00810779\AppData\Roaming\npm\node_modules\protractor\node_modules\selenium-webdriver\lib\webdriver.js:807:17)
    at thenableWebDriverProxy.takeScreenshot (C:\Users\dr00810779\AppData\Roaming\npm\node_modules\protractor\node_modules\selenium-webdriver\lib\webdriver.js:1085:17)
    at run (C:\Users\dr00810779\AppData\Roaming\npm\node_modules\protractor\built\browser.js:58:33)
    at ProtractorBrowser.to.<computed> [as takeScreenshot] (C:\Users\dr00810779\AppData\Roaming\npm\node_modules\protractor\built\browser.js:66:16)
    at Object.specDone (D:\iTAP\Recorded_Scenarios\testRun\java\conf.js:45:34)
    at dispatch (C:\Users\dr00810779\AppData\Roaming\npm\node_modules\protractor\node_modules\jasmine-core\lib\jasmine-core\jasmine.js:4366:28)
    at ReportDispatcher.specDone (C:\Users\dr00810779\AppData\Roaming\npm\node_modules\protractor\node_modules\jasmine-core\lib\jasmine-core\jasmine.js:4337:11)
    at Spec.specResultCallback [as resultCallback] (C:\Users\dr00810779\AppData\Roaming\npm\node_modules\protractor\node_modules\jasmine-core\lib\jasmine-core\jasmine.js:1175:18)
    at QueueRunner.complete [as onComplete] (C:\Users\dr00810779\AppData\Roaming\npm\node_modules\protractor\node_modules\jasmine-core\lib\jasmine-core\jasmine.js:530:12)
    at Timeout._onTimeout (C:\Users\dr00810779\AppData\Roaming\npm\node_modules\protractor\node_modules\jasmine-core\lib\jasmine-core\jasmine.js:4231:12)]]>
   </failure>
   <failure type="exception" message="WebDriverError: No active session with ID 38d9489646df6e482241391e231866e4"><![CDATA[WebDriverError: No active session with ID 38d9489646df6e482241391e231866e4
    at Object.checkLegacyResponse (C:\Users\dr00810779\AppData\Roaming\npm\node_modules\protractor\node_modules\selenium-webdriver\lib\error.js:546:15)
    at parseHttpResponse (C:\Users\dr00810779\AppData\Roaming\npm\node_modules\protractor\node_modules\selenium-webdriver\lib\http.js:509:13)
    at C:\Users\dr00810779\AppData\Roaming\npm\node_modules\protractor\node_modules\selenium-webdriver\lib\http.js:441:30
    at runMicrotasks (<anonymous>)
    at processTicksAndRejections (internal/process/task_queues.js:95:5)
From: Task: WebDriver.takeScreenshot()
    at thenableWebDriverProxy.schedule (C:\Users\dr00810779\AppData\Roaming\npm\node_modules\protractor\node_modules\selenium-webdriver\lib\webdriver.js:807:17)
    at thenableWebDriverProxy.takeScreenshot (C:\Users\dr00810779\AppData\Roaming\npm\node_modules\protractor\node_modules\selenium-webdriver\lib\webdriver.js:1085:17)
    at run (C:\Users\dr00810779\AppData\Roaming\npm\node_modules\protractor\built\browser.js:58:33)
    at ProtractorBrowser.to.<computed> [as takeScreenshot] (C:\Users\dr00810779\AppData\Roaming\npm\node_modules\protractor\built\browser.js:66:16)
    at UserContext.<anonymous> (D:\iTAP\Recorded_Scenarios\testRun\java\conf.js:30:14)
    at attempt (C:\Users\dr00810779\AppData\Roaming\npm\node_modules\protractor\node_modules\jasmine-core\lib\jasmine-core\jasmine.js:4297:26)
    at QueueRunner.run (C:\Users\dr00810779\AppData\Roaming\npm\node_modules\protractor\node_modules\jasmine-core\lib\jasmine-core\jasmine.js:4217:20)
    at runNext (C:\Users\dr00810779\AppData\Roaming\npm\node_modules\protractor\node_modules\jasmine-core\lib\jasmine-core\jasmine.js:4257:20)
    at C:\Users\dr00810779\AppData\Roaming\npm\node_modules\protractor\node_modules\jasmine-core\lib\jasmine-core\jasmine.js:4264:13
    at C:\Users\dr00810779\AppData\Roaming\npm\node_modules\protractor\node_modules\jasmine-core\lib\jasmine-core\jasmine.js:4172:9]]>
   </failure>
  </testcase>
  <testcase classname="java" name="callchain_testcase62" time="0.029">
   <failure type="exception" message="WebDriverError: No active session with ID 38d9489646df6e482241391e231866e4"><![CDATA[WebDriverError: No active session with ID 38d9489646df6e482241391e231866e4
    at Object.checkLegacyResponse (C:\Users\dr00810779\AppData\Roaming\npm\node_modules\protractor\node_modules\selenium-webdriver\lib\error.js:546:15)
    at parseHttpResponse (C:\Users\dr00810779\AppData\Roaming\npm\node_modules\protractor\node_modules\selenium-webdriver\lib\http.js:509:13)
    at C:\Users\dr00810779\AppData\Roaming\npm\node_modules\protractor\node_modules\selenium-webdriver\lib\http.js:441:30
    at runMicrotasks (<anonymous>)
    at processTicksAndRejections (internal/process/task_queues.js:95:5)
From: Task: WebDriver.takeScreenshot()
    at thenableWebDriverProxy.schedule (C:\Users\dr00810779\AppData\Roaming\npm\node_modules\protractor\node_modules\selenium-webdriver\lib\webdriver.js:807:17)
    at thenableWebDriverProxy.takeScreenshot (C:\Users\dr00810779\AppData\Roaming\npm\node_modules\protractor\node_modules\selenium-webdriver\lib\webdriver.js:1085:17)
    at run (C:\Users\dr00810779\AppData\Roaming\npm\node_modules\protractor\built\browser.js:58:33)
    at ProtractorBrowser.to.<computed> [as takeScreenshot] (C:\Users\dr00810779\AppData\Roaming\npm\node_modules\protractor\built\browser.js:66:16)
    at Object.specDone (D:\iTAP\Recorded_Scenarios\testRun\java\conf.js:45:34)
    at dispatch (C:\Users\dr00810779\AppData\Roaming\npm\node_modules\protractor\node_modules\jasmine-core\lib\jasmine-core\jasmine.js:4366:28)
    at ReportDispatcher.specDone (C:\Users\dr00810779\AppData\Roaming\npm\node_modules\protractor\node_modules\jasmine-core\lib\jasmine-core\jasmine.js:4337:11)
    at Spec.specResultCallback [as resultCallback] (C:\Users\dr00810779\AppData\Roaming\npm\node_modules\protractor\node_modules\jasmine-core\lib\jasmine-core\jasmine.js:1175:18)
    at QueueRunner.complete [as onComplete] (C:\Users\dr00810779\AppData\Roaming\npm\node_modules\protractor\node_modules\jasmine-core\lib\jasmine-core\jasmine.js:530:12)
    at Immediate.<anonymous> (C:\Users\dr00810779\AppData\Roaming\npm\node_modules\protractor\node_modules\jasmine-core\lib\jasmine-core\jasmine.js:4231:12)]]>
   </failure>
   <failure type="exception" message="WebDriverError: No active session with ID 38d9489646df6e482241391e231866e4"><![CDATA[WebDriverError: No active session with ID 38d9489646df6e482241391e231866e4
    at Object.checkLegacyResponse (C:\Users\dr00810779\AppData\Roaming\npm\node_modules\protractor\node_modules\selenium-webdriver\lib\error.js:546:15)
    at parseHttpResponse (C:\Users\dr00810779\AppData\Roaming\npm\node_modules\protractor\node_modules\selenium-webdriver\lib\http.js:509:13)
    at C:\Users\dr00810779\AppData\Roaming\npm\node_modules\protractor\node_modules\selenium-webdriver\lib\http.js:441:30
    at runMicrotasks (<anonymous>)
    at processTicksAndRejections (internal/process/task_queues.js:95:5)
From: Task: WebDriver.takeScreenshot()
    at thenableWebDriverProxy.schedule (C:\Users\dr00810779\AppData\Roaming\npm\node_modules\protractor\node_modules\selenium-webdriver\lib\webdriver.js:807:17)
    at thenableWebDriverProxy.takeScreenshot (C:\Users\dr00810779\AppData\Roaming\npm\node_modules\protractor\node_modules\selenium-webdriver\lib\webdriver.js:1085:17)
    at run (C:\Users\dr00810779\AppData\Roaming\npm\node_modules\protractor\built\browser.js:58:33)
    at ProtractorBrowser.to.<computed> [as takeScreenshot] (C:\Users\dr00810779\AppData\Roaming\npm\node_modules\protractor\built\browser.js:66:16)
    at UserContext.<anonymous> (D:\iTAP\Recorded_Scenarios\testRun\java\conf.js:30:14)
    at attempt (C:\Users\dr00810779\AppData\Roaming\npm\node_modules\protractor\node_modules\jasmine-core\lib\jasmine-core\jasmine.js:4297:26)
    at QueueRunner.run (C:\Users\dr00810779\AppData\Roaming\npm\node_modules\protractor\node_modules\jasmine-core\lib\jasmine-core\jasmine.js:4217:20)
    at runNext (C:\Users\dr00810779\AppData\Roaming\npm\node_modules\protractor\node_modules\jasmine-core\lib\jasmine-core\jasmine.js:4257:20)
    at C:\Users\dr00810779\AppData\Roaming\npm\node_modules\protractor\node_modules\jasmine-core\lib\jasmine-core\jasmine.js:4264:13
    at C:\Users\dr00810779\AppData\Roaming\npm\node_modules\protractor\node_modules\jasmine-core\lib\jasmine-core\jasmine.js:4172:9]]>
   </failure>
  </testcase>
 </testsuite>
</testsuites>