<?xml version='1.0'?>
<ns2:test-suite xmlns:ns2='urn:model.allure.qatools.yandex.ru' start='1659768795459' stop='1659769656569'>
    <name>plsql</name>
    <title>plsql</title>
    <test-cases>
        <test-case start='1659768795459' status='passed' stop='1659768910256'>
            <name>AllReportRedirection_testcase1</name>
            <title>AllReportRedirection_testcase1</title>
            <labels/>
            <parameters/>
            <steps/>
            <attachments>
                <attachment title='Screenshot1' source='1fd10753-5c63-4f83-8c3c-9b21001c1052-attachment.png' type='image/png' size='35115'/>
            </attachments>
        </test-case>
        <test-case start='1659768910256' status='passed' stop='1659768929329'>
            <name>spiderTotalNameCheck_testcase2</name>
            <title>spiderTotalNameCheck_testcase2</title>
            <labels/>
            <parameters/>
            <steps/>
            <attachments>
                <attachment title='Screenshot1' source='c8a44f0b-c192-4e8c-88ac-ee784a72c002-attachment.png' type='image/png' size='35115'/>
            </attachments>
        </test-case>
        <test-case start='1659768929329' status='passed' stop='1659768942407'>
            <name>xrefTotalNameCheck_testcase3</name>
            <title>xrefTotalNameCheck_testcase3</title>
            <labels/>
            <parameters/>
            <steps/>
            <attachments>
                <attachment title='Screenshot1' source='a768c73c-2b14-4b7e-aa37-9e8cd5c02d46-attachment.png' type='image/png' size='35115'/>
            </attachments>
        </test-case>
        <test-case start='1659768942407' status='passed' stop='1659768959828'>
            <name>xefTotalEntry_testcase4</name>
            <title>xefTotalEntry_testcase4</title>
            <labels/>
            <parameters/>
            <steps/>
            <attachments>
                <attachment title='Screenshot1' source='4d097717-5bc9-429f-b853-ecb13a0a7415-attachment.png' type='image/png' size='35115'/>
            </attachments>
        </test-case>
        <test-case start='1659768959828' status='passed' stop='1659768973215'>
            <name>variableimpactreporttotalentry_testcase5</name>
            <title>variableimpactreporttotalentry_testcase5</title>
            <labels/>
            <parameters/>
            <steps/>
            <attachments>
                <attachment title='Screenshot1' source='15b21a18-630b-492a-bc2e-59517119e78e-attachment.png' type='image/png' size='35115'/>
            </attachments>
        </test-case>
        <test-case start='1659768973215' status='passed' stop='1659768983653'>
            <name>variableimpactreport_testcase6</name>
            <title>variableimpactreport_testcase6</title>
            <labels/>
            <parameters/>
            <steps/>
            <attachments>
                <attachment title='Screenshot1' source='c46a6790-2b8f-4dff-931f-4c2c825f4f4d-attachment.png' type='image/png' size='35115'/>
            </attachments>
        </test-case>
        <test-case start='1659768983653' status='passed' stop='1659768999763'>
            <name>spinnericonCheck_testcase7</name>
            <title>spinnericonCheck_testcase7</title>
            <labels/>
            <parameters/>
            <steps/>
            <attachments>
                <attachment title='Screenshot1' source='1a2b0959-6d2c-4854-ab46-1566c19728ed-attachment.png' type='image/png' size='35115'/>
            </attachments>
        </test-case>
        <test-case start='1659768999763' status='passed' stop='1659769013661'>
            <name>sankeydiagram_testcase8</name>
            <title>sankeydiagram_testcase8</title>
            <labels/>
            <parameters/>
            <steps/>
            <attachments>
                <attachment title='Screenshot1' source='f97c2e8f-5d48-4488-9b35-74c3f2c61b28-attachment.png' type='image/png' size='35115'/>
            </attachments>
        </test-case>
        <test-case start='1659769013661' status='passed' stop='1659769024116'>
            <name>sankey_testcase9</name>
            <title>sankey_testcase9</title>
            <labels/>
            <parameters/>
            <steps/>
            <attachments>
                <attachment title='Screenshot1' source='2242ee90-9207-4d1a-bf7f-7f01bcfadfd8-attachment.png' type='image/png' size='35115'/>
            </attachments>
        </test-case>
        <test-case start='1659769024116' status='passed' stop='1659769036708'>
            <name>rulesTotalNameCheck_testcase10</name>
            <title>rulesTotalNameCheck_testcase10</title>
            <labels/>
            <parameters/>
            <steps/>
            <attachments>
                <attachment title='Screenshot1' source='051b60d7-5ca5-4eb7-916d-d250c35d6206-attachment.png' type='image/png' size='35115'/>
            </attachments>
        </test-case>
        <test-case start='1659769036709' status='passed' stop='1659769056626'>
            <name>rulesTotalEntry_testcase11</name>
            <title>rulesTotalEntry_testcase11</title>
            <labels/>
            <parameters/>
            <steps/>
            <attachments>
                <attachment title='Screenshot1' source='6ae29bfb-6e32-4d3d-9d87-9f51339dfee1-attachment.png' type='image/png' size='35115'/>
            </attachments>
        </test-case>
        <test-case start='1659769056626' status='passed' stop='1659769069851'>
            <name>rulecategoryTotalNameCheck_testcase12</name>
            <title>rulecategoryTotalNameCheck_testcase12</title>
            <labels/>
            <parameters/>
            <steps/>
            <attachments>
                <attachment title='Screenshot1' source='40007f4b-4221-46fc-80e7-36084072b12b-attachment.png' type='image/png' size='35115'/>
            </attachments>
        </test-case>
        <test-case start='1659769069851' status='passed' stop='1659769082063'>
            <name>orphanRedirection_testcase13</name>
            <title>orphanRedirection_testcase13</title>
            <labels/>
            <parameters/>
            <steps/>
            <attachments>
                <attachment title='Screenshot1' source='dcccf8b7-e933-4fc1-a4da-1be34f445183-attachment.png' type='image/png' size='35115'/>
            </attachments>
        </test-case>
        <test-case start='1659769082063' status='passed' stop='1659769107501'>
            <name>rulecategory_testcase14</name>
            <title>rulecategory_testcase14</title>
            <labels/>
            <parameters/>
            <steps/>
            <attachments>
                <attachment title='Screenshot1' source='a0be741e-0faa-4722-b94a-04518a406fc5-attachment.png' type='image/png' size='35115'/>
            </attachments>
        </test-case>
        <test-case start='1659769107501' status='passed' stop='1659769127311'>
            <name>programprocessflowTotalNameCheck_testcase15</name>
            <title>programprocessflowTotalNameCheck_testcase15</title>
            <labels/>
            <parameters/>
            <steps/>
            <attachments>
                <attachment title='Screenshot1' source='900872d9-3ee0-402d-87f5-fa4cbedd2d73-attachment.png' type='image/png' size='35115'/>
            </attachments>
        </test-case>
        <test-case start='1659769127311' status='failed' stop='1659769190846'>
            <name>plsqllogin_testcase16</name>
            <title>plsqllogin_testcase16</title>
            <labels/>
            <parameters/>
            <steps/>
            <attachments>
                <attachment title='Screenshot1' source='8e9295b3-4013-495d-b456-877ed5668063-attachment.png' type='image/png' size='36259'/>
            </attachments>
            <failure>
                <message>Failed: Element taking too long to appear in the DOM
                Wait timed out after 60029ms</message>
                <stack-trace>TimeoutError: Element taking too long to appear in the DOM
                Wait timed out after 60029ms
                    at C:\Users\dr00810779\AppData\Roaming\npm\node_modules\protractor\node_modules\selenium-webdriver\lib\promise.js:2201:17
                    at ManagedPromise.invokeCallback_ (C:\Users\dr00810779\AppData\Roaming\npm\node_modules\protractor\node_modules\selenium-webdriver\lib\promise.js:1376:14)
                    at TaskQueue.execute_ (C:\Users\dr00810779\AppData\Roaming\npm\node_modules\protractor\node_modules\selenium-webdriver\lib\promise.js:3084:14)
                    at TaskQueue.executeNext_ (C:\Users\dr00810779\AppData\Roaming\npm\node_modules\protractor\node_modules\selenium-webdriver\lib\promise.js:3067:27)
                    at C:\Users\dr00810779\AppData\Roaming\npm\node_modules\protractor\node_modules\selenium-webdriver\lib\promise.js:2927:27
                    at C:\Users\dr00810779\AppData\Roaming\npm\node_modules\protractor\node_modules\selenium-webdriver\lib\promise.js:668:7
                    at runMicrotasks (&lt;anonymous>)
                    at processTicksAndRejections (internal/process/task_queues.js:95:5)
                From: Task: Element taking too long to appear in the DOM
                    at scheduleWait (C:\Users\dr00810779\AppData\Roaming\npm\node_modules\protractor\node_modules\selenium-webdriver\lib\promise.js:2188:20)
                    at ControlFlow.wait (C:\Users\dr00810779\AppData\Roaming\npm\node_modules\protractor\node_modules\selenium-webdriver\lib\promise.js:2517:12)
                    at thenableWebDriverProxy.wait (C:\Users\dr00810779\AppData\Roaming\npm\node_modules\protractor\node_modules\selenium-webdriver\lib\webdriver.js:934:29)
                    at run (C:\Users\dr00810779\AppData\Roaming\npm\node_modules\protractor\built\browser.js:58:33)
                    at ProtractorBrowser.to.&lt;computed> [as wait] (C:\Users\dr00810779\AppData\Roaming\npm\node_modules\protractor\built\browser.js:66:16)
                    at UserContext.&lt;anonymous> (D:\iTAP\Recorded_Scenarios\testRun\plsql\spec.js:5490:9)
                    at C:\Users\dr00810779\AppData\Roaming\npm\node_modules\protractor\node_modules\jasminewd2\index.js:112:25
                    at new ManagedPromise (C:\Users\dr00810779\AppData\Roaming\npm\node_modules\protractor\node_modules\selenium-webdriver\lib\promise.js:1077:7)
                    at ControlFlow.promise (C:\Users\dr00810779\AppData\Roaming\npm\node_modules\protractor\node_modules\selenium-webdriver\lib\promise.js:2505:12)
                    at schedulerExecute (C:\Users\dr00810779\AppData\Roaming\npm\node_modules\protractor\node_modules\jasminewd2\index.js:95:18)
                From: Task: Run it("plsqllogin_testcase16") in control flow
                    at UserContext.&lt;anonymous> (C:\Users\dr00810779\AppData\Roaming\npm\node_modules\protractor\node_modules\jasminewd2\index.js:94:19)
                    at attempt (C:\Users\dr00810779\AppData\Roaming\npm\node_modules\protractor\node_modules\jasmine-core\lib\jasmine-core\jasmine.js:4297:26)
                    at QueueRunner.run (C:\Users\dr00810779\AppData\Roaming\npm\node_modules\protractor\node_modules\jasmine-core\lib\jasmine-core\jasmine.js:4217:20)
                    at QueueRunner.execute (C:\Users\dr00810779\AppData\Roaming\npm\node_modules\protractor\node_modules\jasmine-core\lib\jasmine-core\jasmine.js:4199:10)
                    at Spec.queueRunnerFactory (C:\Users\dr00810779\AppData\Roaming\npm\node_modules\protractor\node_modules\jasmine-core\lib\jasmine-core\jasmine.js:909:35)
                    at Spec.execute (C:\Users\dr00810779\AppData\Roaming\npm\node_modules\protractor\node_modules\jasmine-core\lib\jasmine-core\jasmine.js:526:10)
                    at UserContext.fn (C:\Users\dr00810779\AppData\Roaming\npm\node_modules\protractor\node_modules\jasmine-core\lib\jasmine-core\jasmine.js:5340:37)
                    at attempt (C:\Users\dr00810779\AppData\Roaming\npm\node_modules\protractor\node_modules\jasmine-core\lib\jasmine-core\jasmine.js:4297:26)
                    at QueueRunner.run (C:\Users\dr00810779\AppData\Roaming\npm\node_modules\protractor\node_modules\jasmine-core\lib\jasmine-core\jasmine.js:4217:20)
                    at runNext (C:\Users\dr00810779\AppData\Roaming\npm\node_modules\protractor\node_modules\jasmine-core\lib\jasmine-core\jasmine.js:4257:20)
                From asynchronous test: 
                Error
                    at Suite.&lt;anonymous> (D:\iTAP\Recorded_Scenarios\testRun\plsql\spec.js:5374:1)
                    at addSpecsToSuite (C:\Users\dr00810779\AppData\Roaming\npm\node_modules\protractor\node_modules\jasmine-core\lib\jasmine-core\jasmine.js:1107:25)
                    at Env.describe (C:\Users\dr00810779\AppData\Roaming\npm\node_modules\protractor\node_modules\jasmine-core\lib\jasmine-core\jasmine.js:1074:7)
                    at describe (C:\Users\dr00810779\AppData\Roaming\npm\node_modules\protractor\node_modules\jasmine-core\lib\jasmine-core\jasmine.js:4399:18)
                    at Object.&lt;anonymous> (D:\iTAP\Recorded_Scenarios\testRun\plsql\spec.js:6:26)
                    at Module._compile (internal/modules/cjs/loader.js:1085:14)
                    at Object.Module._extensions..js (internal/modules/cjs/loader.js:1114:10)
                    at Module.load (internal/modules/cjs/loader.js:950:32)
                    at Function.Module._load (internal/modules/cjs/loader.js:790:14)</stack-trace>
            </failure>
        </test-case>
        <test-case start='1659769190846' status='passed' stop='1659769204651'>
            <name>orphanTotalNameCheck_testcase17</name>
            <title>orphanTotalNameCheck_testcase17</title>
            <labels/>
            <parameters/>
            <steps/>
            <attachments>
                <attachment title='Screenshot1' source='ec04c287-5baf-4a5c-9dda-f04491fd878d-attachment.png' type='image/png' size='35115'/>
            </attachments>
        </test-case>
        <test-case start='1659769204651' status='passed' stop='1659769217163'>
            <name>orphanNumberCheck_testcase18</name>
            <title>orphanNumberCheck_testcase18</title>
            <labels/>
            <parameters/>
            <steps/>
            <attachments>
                <attachment title='Screenshot1' source='cf219c75-9293-44f0-b0a1-5f915c2f8f5b-attachment.png' type='image/png' size='35115'/>
            </attachments>
        </test-case>
        <test-case start='1659769217163' status='passed' stop='1659769229365'>
            <name>modalwindowNameCheck_testcase19</name>
            <title>modalwindowNameCheck_testcase19</title>
            <labels/>
            <parameters/>
            <steps/>
            <attachments>
                <attachment title='Screenshot1' source='8c24c25c-7775-465e-9944-d63275ac92b6-attachment.png' type='image/png' size='35115'/>
            </attachments>
        </test-case>
        <test-case start='1659769229365' status='passed' stop='1659769237888'>
            <name>NumberCheckinDashboard_testcase20</name>
            <title>NumberCheckinDashboard_testcase20</title>
            <labels/>
            <parameters/>
            <steps/>
            <attachments>
                <attachment title='Screenshot1' source='d4db35ad-b35c-4d2a-8a79-1cb132820ce2-attachment.png' type='image/png' size='35115'/>
            </attachments>
        </test-case>
        <test-case start='1659769237889' status='passed' stop='1659769257421'>
            <name>mitospiderNameCheck_testcase21</name>
            <title>mitospiderNameCheck_testcase21</title>
            <labels/>
            <parameters/>
            <steps/>
            <attachments>
                <attachment title='Screenshot1' source='e3cfbc37-b7c5-45f2-8b45-2eca1660edde-attachment.png' type='image/png' size='35115'/>
            </attachments>
        </test-case>
        <test-case start='1659769257421' status='passed' stop='1659769267293'>
            <name>missingTotalEntry_testcase22</name>
            <title>missingTotalEntry_testcase22</title>
            <labels/>
            <parameters/>
            <steps/>
            <attachments>
                <attachment title='Screenshot1' source='f01640df-3476-4f42-9a08-7a4948e9a0f6-attachment.png' type='image/png' size='35115'/>
            </attachments>
        </test-case>
        <test-case start='1659769267293' status='passed' stop='1659769279457'>
            <name>missingNumberChheck_testcase23</name>
            <title>missingNumberChheck_testcase23</title>
            <labels/>
            <parameters/>
            <steps/>
            <attachments>
                <attachment title='Screenshot1' source='c1a6ecc2-5672-4103-9ab0-431223a108eb-attachment.png' type='image/png' size='35115'/>
            </attachments>
        </test-case>
        <test-case start='1659769279457' status='passed' stop='1659769290674'>
            <name>missingcomponentTotalNameCheck_testcase24</name>
            <title>missingcomponentTotalNameCheck_testcase24</title>
            <labels/>
            <parameters/>
            <steps/>
            <attachments>
                <attachment title='Screenshot1' source='ebd3e356-230b-47dc-abce-31036ba16219-attachment.png' type='image/png' size='35115'/>
            </attachments>
        </test-case>
        <test-case start='1659769290674' status='passed' stop='1659769301931'>
            <name>masterinventoryTotalNameCheck_testcase25</name>
            <title>masterinventoryTotalNameCheck_testcase25</title>
            <labels/>
            <parameters/>
            <steps/>
            <attachments>
                <attachment title='Screenshot1' source='17e01ef6-14cf-4d80-9ea2-2fcce6b70752-attachment.png' type='image/png' size='35115'/>
            </attachments>
        </test-case>
        <test-case start='1659769301931' status='passed' stop='1659769315335'>
            <name>masterinventoryTotalEntry_testcase26</name>
            <title>masterinventoryTotalEntry_testcase26</title>
            <labels/>
            <parameters/>
            <steps/>
            <attachments>
                <attachment title='Screenshot1' source='73f25c10-2889-4daf-9b6a-d21241e74454-attachment.png' type='image/png' size='35115'/>
            </attachments>
        </test-case>
        <test-case start='1659769315335' status='passed' stop='1659769324671'>
            <name>masterinventoryNumberscheck_testcase27</name>
            <title>masterinventoryNumberscheck_testcase27</title>
            <labels/>
            <parameters/>
            <steps/>
            <attachments>
                <attachment title='Screenshot1' source='43c6a770-9c16-47d0-9e16-9eff6c3026eb-attachment.png' type='image/png' size='35115'/>
            </attachments>
        </test-case>
        <test-case start='1659769324671' status='passed' stop='1659769334949'>
            <name>masterinventoryFirstToLast_testcase28</name>
            <title>masterinventoryFirstToLast_testcase28</title>
            <labels/>
            <parameters/>
            <steps/>
            <attachments>
                <attachment title='Screenshot1' source='89bb8a36-5434-4ee6-b537-266ecad58cc7-attachment.png' type='image/png' size='35115'/>
            </attachments>
        </test-case>
        <test-case start='1659769334949' status='passed' stop='1659769346774'>
            <name>GlossaryTotalNameCheck_testcase29</name>
            <title>GlossaryTotalNameCheck_testcase29</title>
            <labels/>
            <parameters/>
            <steps/>
            <attachments>
                <attachment title='Screenshot1' source='66db83f6-2230-4744-ba6a-0c38a1d1b5d2-attachment.png' type='image/png' size='35115'/>
            </attachments>
        </test-case>
        <test-case start='1659769346774' status='passed' stop='1659769354891'>
            <name>glossaryTotalEntry_testcase30</name>
            <title>glossaryTotalEntry_testcase30</title>
            <labels/>
            <parameters/>
            <steps/>
            <attachments>
                <attachment title='Screenshot1' source='3dff88c5-6b9c-4fc1-9e76-7425a5a4a236-attachment.png' type='image/png' size='35115'/>
            </attachments>
        </test-case>
        <test-case start='1659769354891' status='passed' stop='1659769362665'>
            <name>glossaryElementCheck_testcase31</name>
            <title>glossaryElementCheck_testcase31</title>
            <labels/>
            <parameters/>
            <steps/>
            <attachments>
                <attachment title='Screenshot1' source='a45708b8-621e-4545-90e2-a84d37b78bd5-attachment.png' type='image/png' size='35115'/>
            </attachments>
        </test-case>
        <test-case start='1659769362665' status='failed' stop='1659769431016'>
            <name>Forwardcallchain_testcase32</name>
            <title>Forwardcallchain_testcase32</title>
            <labels/>
            <parameters/>
            <steps/>
            <attachments>
                <attachment title='Screenshot1' source='c4d76f1e-8aaf-41d3-b444-02a27f416196-attachment.png' type='image/png' size='39559'/>
            </attachments>
            <failure>
                <message>Failed: Element taking too long to appear in the DOM
                Wait timed out after 60019ms</message>
                <stack-trace>TimeoutError: Element taking too long to appear in the DOM
                Wait timed out after 60019ms
                    at C:\Users\dr00810779\AppData\Roaming\npm\node_modules\protractor\node_modules\selenium-webdriver\lib\promise.js:2201:17
                    at ManagedPromise.invokeCallback_ (C:\Users\dr00810779\AppData\Roaming\npm\node_modules\protractor\node_modules\selenium-webdriver\lib\promise.js:1376:14)
                    at TaskQueue.execute_ (C:\Users\dr00810779\AppData\Roaming\npm\node_modules\protractor\node_modules\selenium-webdriver\lib\promise.js:3084:14)
                    at TaskQueue.executeNext_ (C:\Users\dr00810779\AppData\Roaming\npm\node_modules\protractor\node_modules\selenium-webdriver\lib\promise.js:3067:27)
                    at C:\Users\dr00810779\AppData\Roaming\npm\node_modules\protractor\node_modules\selenium-webdriver\lib\promise.js:2927:27
                    at C:\Users\dr00810779\AppData\Roaming\npm\node_modules\protractor\node_modules\selenium-webdriver\lib\promise.js:668:7
                    at runMicrotasks (&lt;anonymous>)
                    at processTicksAndRejections (internal/process/task_queues.js:95:5)
                From: Task: Element taking too long to appear in the DOM
                    at scheduleWait (C:\Users\dr00810779\AppData\Roaming\npm\node_modules\protractor\node_modules\selenium-webdriver\lib\promise.js:2188:20)
                    at ControlFlow.wait (C:\Users\dr00810779\AppData\Roaming\npm\node_modules\protractor\node_modules\selenium-webdriver\lib\promise.js:2517:12)
                    at thenableWebDriverProxy.wait (C:\Users\dr00810779\AppData\Roaming\npm\node_modules\protractor\node_modules\selenium-webdriver\lib\webdriver.js:934:29)
                    at run (C:\Users\dr00810779\AppData\Roaming\npm\node_modules\protractor\built\browser.js:58:33)
                    at ProtractorBrowser.to.&lt;computed> [as wait] (C:\Users\dr00810779\AppData\Roaming\npm\node_modules\protractor\built\browser.js:66:16)
                    at UserContext.&lt;anonymous> (D:\iTAP\Recorded_Scenarios\testRun\plsql\spec.js:10708:9)
                    at C:\Users\dr00810779\AppData\Roaming\npm\node_modules\protractor\node_modules\jasminewd2\index.js:112:25
                    at new ManagedPromise (C:\Users\dr00810779\AppData\Roaming\npm\node_modules\protractor\node_modules\selenium-webdriver\lib\promise.js:1077:7)
                    at ControlFlow.promise (C:\Users\dr00810779\AppData\Roaming\npm\node_modules\protractor\node_modules\selenium-webdriver\lib\promise.js:2505:12)
                    at schedulerExecute (C:\Users\dr00810779\AppData\Roaming\npm\node_modules\protractor\node_modules\jasminewd2\index.js:95:18)
                From: Task: Run it("Forwardcallchain_testcase32") in control flow
                    at UserContext.&lt;anonymous> (C:\Users\dr00810779\AppData\Roaming\npm\node_modules\protractor\node_modules\jasminewd2\index.js:94:19)
                    at attempt (C:\Users\dr00810779\AppData\Roaming\npm\node_modules\protractor\node_modules\jasmine-core\lib\jasmine-core\jasmine.js:4297:26)
                    at QueueRunner.run (C:\Users\dr00810779\AppData\Roaming\npm\node_modules\protractor\node_modules\jasmine-core\lib\jasmine-core\jasmine.js:4217:20)
                    at QueueRunner.execute (C:\Users\dr00810779\AppData\Roaming\npm\node_modules\protractor\node_modules\jasmine-core\lib\jasmine-core\jasmine.js:4199:10)
                    at Spec.queueRunnerFactory (C:\Users\dr00810779\AppData\Roaming\npm\node_modules\protractor\node_modules\jasmine-core\lib\jasmine-core\jasmine.js:909:35)
                    at Spec.execute (C:\Users\dr00810779\AppData\Roaming\npm\node_modules\protractor\node_modules\jasmine-core\lib\jasmine-core\jasmine.js:526:10)
                    at UserContext.fn (C:\Users\dr00810779\AppData\Roaming\npm\node_modules\protractor\node_modules\jasmine-core\lib\jasmine-core\jasmine.js:5340:37)
                    at attempt (C:\Users\dr00810779\AppData\Roaming\npm\node_modules\protractor\node_modules\jasmine-core\lib\jasmine-core\jasmine.js:4297:26)
                    at QueueRunner.run (C:\Users\dr00810779\AppData\Roaming\npm\node_modules\protractor\node_modules\jasmine-core\lib\jasmine-core\jasmine.js:4217:20)
                    at runNext (C:\Users\dr00810779\AppData\Roaming\npm\node_modules\protractor\node_modules\jasmine-core\lib\jasmine-core\jasmine.js:4257:20)
                From asynchronous test: 
                Error
                    at Suite.&lt;anonymous> (D:\iTAP\Recorded_Scenarios\testRun\plsql\spec.js:10452:1)
                    at addSpecsToSuite (C:\Users\dr00810779\AppData\Roaming\npm\node_modules\protractor\node_modules\jasmine-core\lib\jasmine-core\jasmine.js:1107:25)
                    at Env.describe (C:\Users\dr00810779\AppData\Roaming\npm\node_modules\protractor\node_modules\jasmine-core\lib\jasmine-core\jasmine.js:1074:7)
                    at describe (C:\Users\dr00810779\AppData\Roaming\npm\node_modules\protractor\node_modules\jasmine-core\lib\jasmine-core\jasmine.js:4399:18)
                    at Object.&lt;anonymous> (D:\iTAP\Recorded_Scenarios\testRun\plsql\spec.js:6:26)
                    at Module._compile (internal/modules/cjs/loader.js:1085:14)
                    at Object.Module._extensions..js (internal/modules/cjs/loader.js:1114:10)
                    at Module.load (internal/modules/cjs/loader.js:950:32)
                    at Function.Module._load (internal/modules/cjs/loader.js:790:14)</stack-trace>
            </failure>
        </test-case>
        <test-case start='1659769431016' status='failed' stop='1659769431378'>
            <name>forwardcall_testcase33</name>
            <title>forwardcall_testcase33</title>
            <labels/>
            <parameters/>
            <steps/>
            <attachments>
                <attachment title='Screenshot1' source='af574f29-38ea-455a-a23a-e01fe07d2554-attachment.png' type='image/png' size='12698'/>
            </attachments>
            <failure>
                <message>Failed: unexpected alert open: {Alert text : }
                  (Session info: chrome=104.0.5112.81): {Alert text : 
                Build info: version: '3.141.59', revision: 'e82be7d358', time: '2018-11-14T08:25:53'
                System info: host: 'INCHCMLP12070', ip: '192.168.1.100', os.name: 'Windows 10', os.arch: 'amd64', os.version: '10.0', java.version: '11.0.12'
                Driver info: driver.version: unknown</message>
                <stack-trace>UnexpectedAlertOpenError: unexpected alert open: {Alert text : }
                  (Session info: chrome=104.0.5112.81): {Alert text : 
                Build info: version: '3.141.59', revision: 'e82be7d358', time: '2018-11-14T08:25:53'
                System info: host: 'INCHCMLP12070', ip: '192.168.1.100', os.name: 'Windows 10', os.arch: 'amd64', os.version: '10.0', java.version: '11.0.12'
                Driver info: driver.version: unknown
                    at Object.checkLegacyResponse (C:\Users\dr00810779\AppData\Roaming\npm\node_modules\protractor\node_modules\selenium-webdriver\lib\error.js:553:13)
                    at parseHttpResponse (C:\Users\dr00810779\AppData\Roaming\npm\node_modules\protractor\node_modules\selenium-webdriver\lib\http.js:509:13)
                    at C:\Users\dr00810779\AppData\Roaming\npm\node_modules\protractor\node_modules\selenium-webdriver\lib\http.js:441:30
                    at runMicrotasks (&lt;anonymous>)
                    at processTicksAndRejections (internal/process/task_queues.js:95:5)
                From: Task: WebDriver.findElements(By(xpath, //input[@id="Uname"]))
                    at thenableWebDriverProxy.schedule (C:\Users\dr00810779\AppData\Roaming\npm\node_modules\protractor\node_modules\selenium-webdriver\lib\webdriver.js:807:17)
                    at thenableWebDriverProxy.findElements (C:\Users\dr00810779\AppData\Roaming\npm\node_modules\protractor\node_modules\selenium-webdriver\lib\webdriver.js:1048:19)
                    at C:\Users\dr00810779\AppData\Roaming\npm\node_modules\protractor\built\element.js:159:44
                    at ManagedPromise.invokeCallback_ (C:\Users\dr00810779\AppData\Roaming\npm\node_modules\protractor\node_modules\selenium-webdriver\lib\promise.js:1376:14)
                    at TaskQueue.execute_ (C:\Users\dr00810779\AppData\Roaming\npm\node_modules\protractor\node_modules\selenium-webdriver\lib\promise.js:3084:14)
                    at TaskQueue.executeNext_ (C:\Users\dr00810779\AppData\Roaming\npm\node_modules\protractor\node_modules\selenium-webdriver\lib\promise.js:3067:27)
                    at C:\Users\dr00810779\AppData\Roaming\npm\node_modules\protractor\node_modules\selenium-webdriver\lib\promise.js:2927:27
                    at C:\Users\dr00810779\AppData\Roaming\npm\node_modules\protractor\node_modules\selenium-webdriver\lib\promise.js:668:7
                From: Task: &lt;anonymous>
                    at pollCondition (C:\Users\dr00810779\AppData\Roaming\npm\node_modules\protractor\node_modules\selenium-webdriver\lib\promise.js:2195:19)
                    at C:\Users\dr00810779\AppData\Roaming\npm\node_modules\protractor\node_modules\selenium-webdriver\lib\promise.js:2191:7
                    at new ManagedPromise (C:\Users\dr00810779\AppData\Roaming\npm\node_modules\protractor\node_modules\selenium-webdriver\lib\promise.js:1077:7)
                    at ControlFlow.promise (C:\Users\dr00810779\AppData\Roaming\npm\node_modules\protractor\node_modules\selenium-webdriver\lib\promise.js:2505:12)
                    at C:\Users\dr00810779\AppData\Roaming\npm\node_modules\protractor\node_modules\selenium-webdriver\lib\promise.js:2190:22
                    at TaskQueue.execute_ (C:\Users\dr00810779\AppData\Roaming\npm\node_modules\protractor\node_modules\selenium-webdriver\lib\promise.js:3084:14)
                    at TaskQueue.executeNext_ (C:\Users\dr00810779\AppData\Roaming\npm\node_modules\protractor\node_modules\selenium-webdriver\lib\promise.js:3067:27)
                    at C:\Users\dr00810779\AppData\Roaming\npm\node_modules\protractor\node_modules\selenium-webdriver\lib\promise.js:2927:27
                    at C:\Users\dr00810779\AppData\Roaming\npm\node_modules\protractor\node_modules\selenium-webdriver\lib\promise.js:668:7
                From: Task: Element taking too long to appear in the DOM
                    at scheduleWait (C:\Users\dr00810779\AppData\Roaming\npm\node_modules\protractor\node_modules\selenium-webdriver\lib\promise.js:2188:20)
                    at ControlFlow.wait (C:\Users\dr00810779\AppData\Roaming\npm\node_modules\protractor\node_modules\selenium-webdriver\lib\promise.js:2517:12)
                    at thenableWebDriverProxy.wait (C:\Users\dr00810779\AppData\Roaming\npm\node_modules\protractor\node_modules\selenium-webdriver\lib\webdriver.js:934:29)
                    at run (C:\Users\dr00810779\AppData\Roaming\npm\node_modules\protractor\built\browser.js:58:33)
                    at ProtractorBrowser.to.&lt;computed> [as wait] (C:\Users\dr00810779\AppData\Roaming\npm\node_modules\protractor\built\browser.js:66:16)
                    at UserContext.&lt;anonymous> (D:\iTAP\Recorded_Scenarios\testRun\plsql\spec.js:10909:9)
                    at C:\Users\dr00810779\AppData\Roaming\npm\node_modules\protractor\node_modules\jasminewd2\index.js:112:25
                    at new ManagedPromise (C:\Users\dr00810779\AppData\Roaming\npm\node_modules\protractor\node_modules\selenium-webdriver\lib\promise.js:1077:7)
                    at ControlFlow.promise (C:\Users\dr00810779\AppData\Roaming\npm\node_modules\protractor\node_modules\selenium-webdriver\lib\promise.js:2505:12)
                    at schedulerExecute (C:\Users\dr00810779\AppData\Roaming\npm\node_modules\protractor\node_modules\jasminewd2\index.js:95:18)
                From: Task: Run it("forwardcall_testcase33") in control flow
                    at UserContext.&lt;anonymous> (C:\Users\dr00810779\AppData\Roaming\npm\node_modules\protractor\node_modules\jasminewd2\index.js:94:19)
                    at attempt (C:\Users\dr00810779\AppData\Roaming\npm\node_modules\protractor\node_modules\jasmine-core\lib\jasmine-core\jasmine.js:4297:26)
                    at QueueRunner.run (C:\Users\dr00810779\AppData\Roaming\npm\node_modules\protractor\node_modules\jasmine-core\lib\jasmine-core\jasmine.js:4217:20)
                    at QueueRunner.execute (C:\Users\dr00810779\AppData\Roaming\npm\node_modules\protractor\node_modules\jasmine-core\lib\jasmine-core\jasmine.js:4199:10)
                    at Spec.queueRunnerFactory (C:\Users\dr00810779\AppData\Roaming\npm\node_modules\protractor\node_modules\jasmine-core\lib\jasmine-core\jasmine.js:909:35)
                    at Spec.execute (C:\Users\dr00810779\AppData\Roaming\npm\node_modules\protractor\node_modules\jasmine-core\lib\jasmine-core\jasmine.js:526:10)
                    at UserContext.fn (C:\Users\dr00810779\AppData\Roaming\npm\node_modules\protractor\node_modules\jasmine-core\lib\jasmine-core\jasmine.js:5340:37)
                    at attempt (C:\Users\dr00810779\AppData\Roaming\npm\node_modules\protractor\node_modules\jasmine-core\lib\jasmine-core\jasmine.js:4297:26)
                    at QueueRunner.run (C:\Users\dr00810779\AppData\Roaming\npm\node_modules\protractor\node_modules\jasmine-core\lib\jasmine-core\jasmine.js:4217:20)
                    at runNext (C:\Users\dr00810779\AppData\Roaming\npm\node_modules\protractor\node_modules\jasmine-core\lib\jasmine-core\jasmine.js:4257:20)
                From asynchronous test: 
                Error
                    at Suite.&lt;anonymous> (D:\iTAP\Recorded_Scenarios\testRun\plsql\spec.js:10887:1)
                    at addSpecsToSuite (C:\Users\dr00810779\AppData\Roaming\npm\node_modules\protractor\node_modules\jasmine-core\lib\jasmine-core\jasmine.js:1107:25)
                    at Env.describe (C:\Users\dr00810779\AppData\Roaming\npm\node_modules\protractor\node_modules\jasmine-core\lib\jasmine-core\jasmine.js:1074:7)
                    at describe (C:\Users\dr00810779\AppData\Roaming\npm\node_modules\protractor\node_modules\jasmine-core\lib\jasmine-core\jasmine.js:4399:18)
                    at Object.&lt;anonymous> (D:\iTAP\Recorded_Scenarios\testRun\plsql\spec.js:6:26)
                    at Module._compile (internal/modules/cjs/loader.js:1085:14)
                    at Object.Module._extensions..js (internal/modules/cjs/loader.js:1114:10)
                    at Module.load (internal/modules/cjs/loader.js:950:32)
                    at Function.Module._load (internal/modules/cjs/loader.js:790:14)</stack-trace>
            </failure>
        </test-case>
        <test-case start='1659769431378' status='failed' stop='1659769445552'>
            <name>flowdiagramtotechnicaldebtNameCheck_testcase34</name>
            <title>flowdiagramtotechnicaldebtNameCheck_testcase34</title>
            <labels/>
            <parameters/>
            <steps/>
            <attachments>
                <attachment title='Screenshot1' source='ea15a8ea-d168-4fc9-9664-49b7f5188c3d-attachment.png' type='image/png' size='37917'/>
            </attachments>
            <failure>
                <message>Failed: invalid selector: Unable to locate an element with the xpath expression //a[@title="Program because of the following error:
                SyntaxError: Failed to execute 'evaluate' on 'Document': The string '//a[@title="Program' is not a valid XPath expression.
                  (Session info: chrome=104.0.5112.81)
                For documentation on this error, please visit: https://www.seleniumhq.org/exceptions/invalid_selector_exception.html
                Build info: version: '3.141.59', revision: 'e82be7d358', time: '2018-11-14T08:25:53'
                System info: host: 'INCHCMLP12070', ip: '192.168.1.100', os.name: 'Windows 10', os.arch: 'amd64', os.version: '10.0', java.version: '11.0.12'
                Driver info: driver.version: unknown</message>
                <stack-trace>InvalidSelectorError: invalid selector: Unable to locate an element with the xpath expression //a[@title="Program because of the following error:
                SyntaxError: Failed to execute 'evaluate' on 'Document': The string '//a[@title="Program' is not a valid XPath expression.
                  (Session info: chrome=104.0.5112.81)
                For documentation on this error, please visit: https://www.seleniumhq.org/exceptions/invalid_selector_exception.html
                Build info: version: '3.141.59', revision: 'e82be7d358', time: '2018-11-14T08:25:53'
                System info: host: 'INCHCMLP12070', ip: '192.168.1.100', os.name: 'Windows 10', os.arch: 'amd64', os.version: '10.0', java.version: '11.0.12'
                Driver info: driver.version: unknown
                    at Object.checkLegacyResponse (C:\Users\dr00810779\AppData\Roaming\npm\node_modules\protractor\node_modules\selenium-webdriver\lib\error.js:546:15)
                    at parseHttpResponse (C:\Users\dr00810779\AppData\Roaming\npm\node_modules\protractor\node_modules\selenium-webdriver\lib\http.js:509:13)
                    at C:\Users\dr00810779\AppData\Roaming\npm\node_modules\protractor\node_modules\selenium-webdriver\lib\http.js:441:30
                    at runMicrotasks (&lt;anonymous>)
                    at processTicksAndRejections (internal/process/task_queues.js:95:5)
                From: Task: WebDriver.findElements(By(xpath, //a[@title="Program))
                    at thenableWebDriverProxy.schedule (C:\Users\dr00810779\AppData\Roaming\npm\node_modules\protractor\node_modules\selenium-webdriver\lib\webdriver.js:807:17)
                    at thenableWebDriverProxy.findElements (C:\Users\dr00810779\AppData\Roaming\npm\node_modules\protractor\node_modules\selenium-webdriver\lib\webdriver.js:1048:19)
                    at C:\Users\dr00810779\AppData\Roaming\npm\node_modules\protractor\built\element.js:159:44
                    at ManagedPromise.invokeCallback_ (C:\Users\dr00810779\AppData\Roaming\npm\node_modules\protractor\node_modules\selenium-webdriver\lib\promise.js:1376:14)
                    at TaskQueue.execute_ (C:\Users\dr00810779\AppData\Roaming\npm\node_modules\protractor\node_modules\selenium-webdriver\lib\promise.js:3084:14)
                    at TaskQueue.executeNext_ (C:\Users\dr00810779\AppData\Roaming\npm\node_modules\protractor\node_modules\selenium-webdriver\lib\promise.js:3067:27)
                    at C:\Users\dr00810779\AppData\Roaming\npm\node_modules\protractor\node_modules\selenium-webdriver\lib\promise.js:2927:27
                    at C:\Users\dr00810779\AppData\Roaming\npm\node_modules\protractor\node_modules\selenium-webdriver\lib\promise.js:668:7
                    at runMicrotasks (&lt;anonymous>)
                    at processTicksAndRejections (internal/process/task_queues.js:95:5)
                From: Task: &lt;anonymous>
                    at pollCondition (C:\Users\dr00810779\AppData\Roaming\npm\node_modules\protractor\node_modules\selenium-webdriver\lib\promise.js:2195:19)
                    at C:\Users\dr00810779\AppData\Roaming\npm\node_modules\protractor\node_modules\selenium-webdriver\lib\promise.js:2191:7
                    at new ManagedPromise (C:\Users\dr00810779\AppData\Roaming\npm\node_modules\protractor\node_modules\selenium-webdriver\lib\promise.js:1077:7)
                    at ControlFlow.promise (C:\Users\dr00810779\AppData\Roaming\npm\node_modules\protractor\node_modules\selenium-webdriver\lib\promise.js:2505:12)
                    at C:\Users\dr00810779\AppData\Roaming\npm\node_modules\protractor\node_modules\selenium-webdriver\lib\promise.js:2190:22
                    at TaskQueue.execute_ (C:\Users\dr00810779\AppData\Roaming\npm\node_modules\protractor\node_modules\selenium-webdriver\lib\promise.js:3084:14)
                    at TaskQueue.executeNext_ (C:\Users\dr00810779\AppData\Roaming\npm\node_modules\protractor\node_modules\selenium-webdriver\lib\promise.js:3067:27)
                    at C:\Users\dr00810779\AppData\Roaming\npm\node_modules\protractor\node_modules\selenium-webdriver\lib\promise.js:2927:27
                    at C:\Users\dr00810779\AppData\Roaming\npm\node_modules\protractor\node_modules\selenium-webdriver\lib\promise.js:668:7
                    at runMicrotasks (&lt;anonymous>)
                From: Task: Element taking too long to appear in the DOM
                    at scheduleWait (C:\Users\dr00810779\AppData\Roaming\npm\node_modules\protractor\node_modules\selenium-webdriver\lib\promise.js:2188:20)
                    at ControlFlow.wait (C:\Users\dr00810779\AppData\Roaming\npm\node_modules\protractor\node_modules\selenium-webdriver\lib\promise.js:2517:12)
                    at thenableWebDriverProxy.wait (C:\Users\dr00810779\AppData\Roaming\npm\node_modules\protractor\node_modules\selenium-webdriver\lib\webdriver.js:934:29)
                    at run (C:\Users\dr00810779\AppData\Roaming\npm\node_modules\protractor\built\browser.js:58:33)
                    at ProtractorBrowser.to.&lt;computed> [as wait] (C:\Users\dr00810779\AppData\Roaming\npm\node_modules\protractor\built\browser.js:66:16)
                    at UserContext.&lt;anonymous> (D:\iTAP\Recorded_Scenarios\testRun\plsql\spec.js:11653:9)
                    at C:\Users\dr00810779\AppData\Roaming\npm\node_modules\protractor\node_modules\jasminewd2\index.js:112:25
                    at new ManagedPromise (C:\Users\dr00810779\AppData\Roaming\npm\node_modules\protractor\node_modules\selenium-webdriver\lib\promise.js:1077:7)
                    at ControlFlow.promise (C:\Users\dr00810779\AppData\Roaming\npm\node_modules\protractor\node_modules\selenium-webdriver\lib\promise.js:2505:12)
                    at schedulerExecute (C:\Users\dr00810779\AppData\Roaming\npm\node_modules\protractor\node_modules\jasminewd2\index.js:95:18)
                From: Task: Run it("flowdiagramtotechnicaldebtNameCheck_testcase34") in control flow
                    at UserContext.&lt;anonymous> (C:\Users\dr00810779\AppData\Roaming\npm\node_modules\protractor\node_modules\jasminewd2\index.js:94:19)
                    at attempt (C:\Users\dr00810779\AppData\Roaming\npm\node_modules\protractor\node_modules\jasmine-core\lib\jasmine-core\jasmine.js:4297:26)
                    at QueueRunner.run (C:\Users\dr00810779\AppData\Roaming\npm\node_modules\protractor\node_modules\jasmine-core\lib\jasmine-core\jasmine.js:4217:20)
                    at QueueRunner.execute (C:\Users\dr00810779\AppData\Roaming\npm\node_modules\protractor\node_modules\jasmine-core\lib\jasmine-core\jasmine.js:4199:10)
                    at Spec.queueRunnerFactory (C:\Users\dr00810779\AppData\Roaming\npm\node_modules\protractor\node_modules\jasmine-core\lib\jasmine-core\jasmine.js:909:35)
                    at Spec.execute (C:\Users\dr00810779\AppData\Roaming\npm\node_modules\protractor\node_modules\jasmine-core\lib\jasmine-core\jasmine.js:526:10)
                    at UserContext.fn (C:\Users\dr00810779\AppData\Roaming\npm\node_modules\protractor\node_modules\jasmine-core\lib\jasmine-core\jasmine.js:5340:37)
                    at attempt (C:\Users\dr00810779\AppData\Roaming\npm\node_modules\protractor\node_modules\jasmine-core\lib\jasmine-core\jasmine.js:4297:26)
                    at QueueRunner.run (C:\Users\dr00810779\AppData\Roaming\npm\node_modules\protractor\node_modules\jasmine-core\lib\jasmine-core\jasmine.js:4217:20)
                    at runNext (C:\Users\dr00810779\AppData\Roaming\npm\node_modules\protractor\node_modules\jasmine-core\lib\jasmine-core\jasmine.js:4257:20)
                From asynchronous test: 
                Error
                    at Suite.&lt;anonymous> (D:\iTAP\Recorded_Scenarios\testRun\plsql\spec.js:11331:1)
                    at addSpecsToSuite (C:\Users\dr00810779\AppData\Roaming\npm\node_modules\protractor\node_modules\jasmine-core\lib\jasmine-core\jasmine.js:1107:25)
                    at Env.describe (C:\Users\dr00810779\AppData\Roaming\npm\node_modules\protractor\node_modules\jasmine-core\lib\jasmine-core\jasmine.js:1074:7)
                    at describe (C:\Users\dr00810779\AppData\Roaming\npm\node_modules\protractor\node_modules\jasmine-core\lib\jasmine-core\jasmine.js:4399:18)
                    at Object.&lt;anonymous> (D:\iTAP\Recorded_Scenarios\testRun\plsql\spec.js:6:26)
                    at Module._compile (internal/modules/cjs/loader.js:1085:14)
                    at Object.Module._extensions..js (internal/modules/cjs/loader.js:1114:10)
                    at Module.load (internal/modules/cjs/loader.js:950:32)
                    at Function.Module._load (internal/modules/cjs/loader.js:790:14)</stack-trace>
            </failure>
        </test-case>
        <test-case start='1659769445552' status='failed' stop='1659769445873'>
            <name>commentedlinesTotalEntry_testcase35</name>
            <title>commentedlinesTotalEntry_testcase35</title>
            <labels/>
            <parameters/>
            <steps/>
            <attachments>
                <attachment title='Screenshot1' source='d254c4a7-dba0-47b6-8b14-74f9e845efc7-attachment.png' type='image/png' size='12698'/>
            </attachments>
            <failure>
                <message>Failed: unexpected alert open: {Alert text : }
                  (Session info: chrome=104.0.5112.81): {Alert text : 
                Build info: version: '3.141.59', revision: 'e82be7d358', time: '2018-11-14T08:25:53'
                System info: host: 'INCHCMLP12070', ip: '192.168.1.100', os.name: 'Windows 10', os.arch: 'amd64', os.version: '10.0', java.version: '11.0.12'
                Driver info: driver.version: unknown</message>
                <stack-trace>UnexpectedAlertOpenError: unexpected alert open: {Alert text : }
                  (Session info: chrome=104.0.5112.81): {Alert text : 
                Build info: version: '3.141.59', revision: 'e82be7d358', time: '2018-11-14T08:25:53'
                System info: host: 'INCHCMLP12070', ip: '192.168.1.100', os.name: 'Windows 10', os.arch: 'amd64', os.version: '10.0', java.version: '11.0.12'
                Driver info: driver.version: unknown
                    at Object.checkLegacyResponse (C:\Users\dr00810779\AppData\Roaming\npm\node_modules\protractor\node_modules\selenium-webdriver\lib\error.js:553:13)
                    at parseHttpResponse (C:\Users\dr00810779\AppData\Roaming\npm\node_modules\protractor\node_modules\selenium-webdriver\lib\http.js:509:13)
                    at C:\Users\dr00810779\AppData\Roaming\npm\node_modules\protractor\node_modules\selenium-webdriver\lib\http.js:441:30
                    at runMicrotasks (&lt;anonymous>)
                    at processTicksAndRejections (internal/process/task_queues.js:95:5)
                From: Task: WebDriver.findElements(By(xpath, //input[@id="Uname"]))
                    at thenableWebDriverProxy.schedule (C:\Users\dr00810779\AppData\Roaming\npm\node_modules\protractor\node_modules\selenium-webdriver\lib\webdriver.js:807:17)
                    at thenableWebDriverProxy.findElements (C:\Users\dr00810779\AppData\Roaming\npm\node_modules\protractor\node_modules\selenium-webdriver\lib\webdriver.js:1048:19)
                    at C:\Users\dr00810779\AppData\Roaming\npm\node_modules\protractor\built\element.js:159:44
                    at ManagedPromise.invokeCallback_ (C:\Users\dr00810779\AppData\Roaming\npm\node_modules\protractor\node_modules\selenium-webdriver\lib\promise.js:1376:14)
                    at TaskQueue.execute_ (C:\Users\dr00810779\AppData\Roaming\npm\node_modules\protractor\node_modules\selenium-webdriver\lib\promise.js:3084:14)
                    at TaskQueue.executeNext_ (C:\Users\dr00810779\AppData\Roaming\npm\node_modules\protractor\node_modules\selenium-webdriver\lib\promise.js:3067:27)
                    at C:\Users\dr00810779\AppData\Roaming\npm\node_modules\protractor\node_modules\selenium-webdriver\lib\promise.js:2927:27
                    at C:\Users\dr00810779\AppData\Roaming\npm\node_modules\protractor\node_modules\selenium-webdriver\lib\promise.js:668:7
                From: Task: &lt;anonymous>
                    at pollCondition (C:\Users\dr00810779\AppData\Roaming\npm\node_modules\protractor\node_modules\selenium-webdriver\lib\promise.js:2195:19)
                    at C:\Users\dr00810779\AppData\Roaming\npm\node_modules\protractor\node_modules\selenium-webdriver\lib\promise.js:2191:7
                    at new ManagedPromise (C:\Users\dr00810779\AppData\Roaming\npm\node_modules\protractor\node_modules\selenium-webdriver\lib\promise.js:1077:7)
                    at ControlFlow.promise (C:\Users\dr00810779\AppData\Roaming\npm\node_modules\protractor\node_modules\selenium-webdriver\lib\promise.js:2505:12)
                    at C:\Users\dr00810779\AppData\Roaming\npm\node_modules\protractor\node_modules\selenium-webdriver\lib\promise.js:2190:22
                    at TaskQueue.execute_ (C:\Users\dr00810779\AppData\Roaming\npm\node_modules\protractor\node_modules\selenium-webdriver\lib\promise.js:3084:14)
                    at TaskQueue.executeNext_ (C:\Users\dr00810779\AppData\Roaming\npm\node_modules\protractor\node_modules\selenium-webdriver\lib\promise.js:3067:27)
                    at C:\Users\dr00810779\AppData\Roaming\npm\node_modules\protractor\node_modules\selenium-webdriver\lib\promise.js:2927:27
                    at C:\Users\dr00810779\AppData\Roaming\npm\node_modules\protractor\node_modules\selenium-webdriver\lib\promise.js:668:7
                From: Task: Element taking too long to appear in the DOM
                    at scheduleWait (C:\Users\dr00810779\AppData\Roaming\npm\node_modules\protractor\node_modules\selenium-webdriver\lib\promise.js:2188:20)
                    at ControlFlow.wait (C:\Users\dr00810779\AppData\Roaming\npm\node_modules\protractor\node_modules\selenium-webdriver\lib\promise.js:2517:12)
                    at thenableWebDriverProxy.wait (C:\Users\dr00810779\AppData\Roaming\npm\node_modules\protractor\node_modules\selenium-webdriver\lib\webdriver.js:934:29)
                    at run (C:\Users\dr00810779\AppData\Roaming\npm\node_modules\protractor\built\browser.js:58:33)
                    at ProtractorBrowser.to.&lt;computed> [as wait] (C:\Users\dr00810779\AppData\Roaming\npm\node_modules\protractor\built\browser.js:66:16)
                    at UserContext.&lt;anonymous> (D:\iTAP\Recorded_Scenarios\testRun\plsql\spec.js:12633:9)
                    at C:\Users\dr00810779\AppData\Roaming\npm\node_modules\protractor\node_modules\jasminewd2\index.js:112:25
                    at new ManagedPromise (C:\Users\dr00810779\AppData\Roaming\npm\node_modules\protractor\node_modules\selenium-webdriver\lib\promise.js:1077:7)
                    at ControlFlow.promise (C:\Users\dr00810779\AppData\Roaming\npm\node_modules\protractor\node_modules\selenium-webdriver\lib\promise.js:2505:12)
                    at schedulerExecute (C:\Users\dr00810779\AppData\Roaming\npm\node_modules\protractor\node_modules\jasminewd2\index.js:95:18)
                From: Task: Run it("commentedlinesTotalEntry_testcase35") in control flow
                    at UserContext.&lt;anonymous> (C:\Users\dr00810779\AppData\Roaming\npm\node_modules\protractor\node_modules\jasminewd2\index.js:94:19)
                    at attempt (C:\Users\dr00810779\AppData\Roaming\npm\node_modules\protractor\node_modules\jasmine-core\lib\jasmine-core\jasmine.js:4297:26)
                    at QueueRunner.run (C:\Users\dr00810779\AppData\Roaming\npm\node_modules\protractor\node_modules\jasmine-core\lib\jasmine-core\jasmine.js:4217:20)
                    at QueueRunner.execute (C:\Users\dr00810779\AppData\Roaming\npm\node_modules\protractor\node_modules\jasmine-core\lib\jasmine-core\jasmine.js:4199:10)
                    at Spec.queueRunnerFactory (C:\Users\dr00810779\AppData\Roaming\npm\node_modules\protractor\node_modules\jasmine-core\lib\jasmine-core\jasmine.js:909:35)
                    at Spec.execute (C:\Users\dr00810779\AppData\Roaming\npm\node_modules\protractor\node_modules\jasmine-core\lib\jasmine-core\jasmine.js:526:10)
                    at UserContext.fn (C:\Users\dr00810779\AppData\Roaming\npm\node_modules\protractor\node_modules\jasmine-core\lib\jasmine-core\jasmine.js:5340:37)
                    at attempt (C:\Users\dr00810779\AppData\Roaming\npm\node_modules\protractor\node_modules\jasmine-core\lib\jasmine-core\jasmine.js:4297:26)
                    at QueueRunner.run (C:\Users\dr00810779\AppData\Roaming\npm\node_modules\protractor\node_modules\jasmine-core\lib\jasmine-core\jasmine.js:4217:20)
                    at runNext (C:\Users\dr00810779\AppData\Roaming\npm\node_modules\protractor\node_modules\jasmine-core\lib\jasmine-core\jasmine.js:4257:20)
                From asynchronous test: 
                Error
                    at Suite.&lt;anonymous> (D:\iTAP\Recorded_Scenarios\testRun\plsql\spec.js:12611:1)
                    at addSpecsToSuite (C:\Users\dr00810779\AppData\Roaming\npm\node_modules\protractor\node_modules\jasmine-core\lib\jasmine-core\jasmine.js:1107:25)
                    at Env.describe (C:\Users\dr00810779\AppData\Roaming\npm\node_modules\protractor\node_modules\jasmine-core\lib\jasmine-core\jasmine.js:1074:7)
                    at describe (C:\Users\dr00810779\AppData\Roaming\npm\node_modules\protractor\node_modules\jasmine-core\lib\jasmine-core\jasmine.js:4399:18)
                    at Object.&lt;anonymous> (D:\iTAP\Recorded_Scenarios\testRun\plsql\spec.js:6:26)
                    at Module._compile (internal/modules/cjs/loader.js:1085:14)
                    at Object.Module._extensions..js (internal/modules/cjs/loader.js:1114:10)
                    at Module.load (internal/modules/cjs/loader.js:950:32)
                    at Function.Module._load (internal/modules/cjs/loader.js:790:14)</stack-trace>
            </failure>
        </test-case>
        <test-case start='1659769445873' status='passed' stop='1659769459721'>
            <name>dropimpactTotalNameCheck_testcase36</name>
            <title>dropimpactTotalNameCheck_testcase36</title>
            <labels/>
            <parameters/>
            <steps/>
            <attachments>
                <attachment title='Screenshot1' source='e70d365a-861b-4383-bc42-1fd422340cd5-attachment.png' type='image/png' size='35115'/>
            </attachments>
        </test-case>
        <test-case start='1659769459721' status='passed' stop='1659769471526'>
            <name>dropimpactTotalEntry_testcase37</name>
            <title>dropimpactTotalEntry_testcase37</title>
            <labels/>
            <parameters/>
            <steps/>
            <attachments>
                <attachment title='Screenshot1' source='4a6aa26c-0c79-4891-a015-a0fc8ca35acc-attachment.png' type='image/png' size='35115'/>
            </attachments>
        </test-case>
        <test-case start='1659769471526' status='passed' stop='1659769484689'>
            <name>detailedTotalNameCheck_testcase38</name>
            <title>detailedTotalNameCheck_testcase38</title>
            <labels/>
            <parameters/>
            <steps/>
            <attachments>
                <attachment title='Screenshot1' source='306adc5d-9a13-4aee-9ca9-323651697a4c-attachment.png' type='image/png' size='35115'/>
            </attachments>
        </test-case>
        <test-case start='1659769484689' status='passed' stop='1659769507086'>
            <name>detailedreportTotalEntry_testcase39</name>
            <title>detailedreportTotalEntry_testcase39</title>
            <labels/>
            <parameters/>
            <steps/>
            <attachments>
                <attachment title='Screenshot1' source='b7b23ab9-e4ab-46bb-ad29-cc81a728cc52-attachment.png' type='image/png' size='35115'/>
            </attachments>
        </test-case>
        <test-case start='1659769507086' status='passed' stop='1659769518282'>
            <name>deadreportRedirection_testcase40</name>
            <title>deadreportRedirection_testcase40</title>
            <labels/>
            <parameters/>
            <steps/>
            <attachments>
                <attachment title='Screenshot1' source='10a80273-6474-4b5d-af26-a6c3150637fb-attachment.png' type='image/png' size='35115'/>
            </attachments>
        </test-case>
        <test-case start='1659769518282' status='passed' stop='1659769529143'>
            <name>crudTotalNamecheck_testcase41</name>
            <title>crudTotalNamecheck_testcase41</title>
            <labels/>
            <parameters/>
            <steps/>
            <attachments>
                <attachment title='Screenshot1' source='a05655e2-3905-46dc-aa08-c5307fe38cb5-attachment.png' type='image/png' size='35115'/>
            </attachments>
        </test-case>
        <test-case start='1659769529143' status='passed' stop='1659769542238'>
            <name>crudTotalEntry_testcase42</name>
            <title>crudTotalEntry_testcase42</title>
            <labels/>
            <parameters/>
            <steps/>
            <attachments>
                <attachment title='Screenshot1' source='20d41a06-ed4e-4bfa-b085-9d9f4ca80f22-attachment.png' type='image/png' size='35115'/>
            </attachments>
        </test-case>
        <test-case start='1659769542238' status='passed' stop='1659769555315'>
            <name>controlflowTotalNameCheck_testcase43</name>
            <title>controlflowTotalNameCheck_testcase43</title>
            <labels/>
            <parameters/>
            <steps/>
            <attachments>
                <attachment title='Screenshot1' source='4df787bd-d4e1-48ab-ad76-4a1809afad97-attachment.png' type='image/png' size='35115'/>
            </attachments>
        </test-case>
        <test-case start='1659769555315' status='passed' stop='1659769563297'>
            <name>componentToMasterinventory_testcase44</name>
            <title>componentToMasterinventory_testcase44</title>
            <labels/>
            <parameters/>
            <steps/>
            <attachments>
                <attachment title='Screenshot1' source='8ca211b2-e2b7-451e-b3a5-bde388a380ec-attachment.png' type='image/png' size='35115'/>
            </attachments>
        </test-case>
        <test-case start='1659769563297' status='passed' stop='1659769575576'>
            <name>componentNumberCheck_testcase45</name>
            <title>componentNumberCheck_testcase45</title>
            <labels/>
            <parameters/>
            <steps/>
            <attachments>
                <attachment title='Screenshot1' source='38b7fed6-c123-4349-8891-c3a1a81b6807-attachment.png' type='image/png' size='35115'/>
            </attachments>
        </test-case>
        <test-case start='1659769575576' status='passed' stop='1659769586386'>
            <name>commentedlinesTotalNameCheck_testcase46</name>
            <title>commentedlinesTotalNameCheck_testcase46</title>
            <labels/>
            <parameters/>
            <steps/>
            <attachments>
                <attachment title='Screenshot1' source='d9a111c8-6f29-4265-80e5-534a7c8f9e87-attachment.png' type='image/png' size='35115'/>
            </attachments>
        </test-case>
        <test-case start='1659769586386' status='failed' stop='1659769586499'>
            <name>callchainDownloadCheck_testcase47</name>
            <title>callchainDownloadCheck_testcase47</title>
            <labels/>
            <parameters/>
            <steps/>
            <attachments>
                <attachment title='Screenshot1' source='a6357d70-6acd-41fa-8d70-3062000b7988-attachment.png' type='image/png' size='35115'/>
            </attachments>
            <failure>
                <message>Failed: element(...).get is not a function</message>
                <stack-trace>TypeError: element(...).get is not a function
                    at UserContext.&lt;anonymous> (D:\iTAP\Recorded_Scenarios\testRun\plsql\spec.js:16824:85)
                    at C:\Users\dr00810779\AppData\Roaming\npm\node_modules\protractor\node_modules\jasminewd2\index.js:112:25
                    at new ManagedPromise (C:\Users\dr00810779\AppData\Roaming\npm\node_modules\protractor\node_modules\selenium-webdriver\lib\promise.js:1077:7)
                    at ControlFlow.promise (C:\Users\dr00810779\AppData\Roaming\npm\node_modules\protractor\node_modules\selenium-webdriver\lib\promise.js:2505:12)
                    at schedulerExecute (C:\Users\dr00810779\AppData\Roaming\npm\node_modules\protractor\node_modules\jasminewd2\index.js:95:18)
                    at TaskQueue.execute_ (C:\Users\dr00810779\AppData\Roaming\npm\node_modules\protractor\node_modules\selenium-webdriver\lib\promise.js:3084:14)
                    at TaskQueue.executeNext_ (C:\Users\dr00810779\AppData\Roaming\npm\node_modules\protractor\node_modules\selenium-webdriver\lib\promise.js:3067:27)
                    at C:\Users\dr00810779\AppData\Roaming\npm\node_modules\protractor\node_modules\selenium-webdriver\lib\promise.js:2974:25
                    at C:\Users\dr00810779\AppData\Roaming\npm\node_modules\protractor\node_modules\selenium-webdriver\lib\promise.js:668:7
                    at runMicrotasks (&lt;anonymous>)
                From: Task: Run it("callchainDownloadCheck_testcase47") in control flow
                    at UserContext.&lt;anonymous> (C:\Users\dr00810779\AppData\Roaming\npm\node_modules\protractor\node_modules\jasminewd2\index.js:94:19)
                    at attempt (C:\Users\dr00810779\AppData\Roaming\npm\node_modules\protractor\node_modules\jasmine-core\lib\jasmine-core\jasmine.js:4297:26)
                    at QueueRunner.run (C:\Users\dr00810779\AppData\Roaming\npm\node_modules\protractor\node_modules\jasmine-core\lib\jasmine-core\jasmine.js:4217:20)
                    at QueueRunner.execute (C:\Users\dr00810779\AppData\Roaming\npm\node_modules\protractor\node_modules\jasmine-core\lib\jasmine-core\jasmine.js:4199:10)
                    at Spec.queueRunnerFactory (C:\Users\dr00810779\AppData\Roaming\npm\node_modules\protractor\node_modules\jasmine-core\lib\jasmine-core\jasmine.js:909:35)
                    at Spec.execute (C:\Users\dr00810779\AppData\Roaming\npm\node_modules\protractor\node_modules\jasmine-core\lib\jasmine-core\jasmine.js:526:10)
                    at UserContext.fn (C:\Users\dr00810779\AppData\Roaming\npm\node_modules\protractor\node_modules\jasmine-core\lib\jasmine-core\jasmine.js:5340:37)
                    at attempt (C:\Users\dr00810779\AppData\Roaming\npm\node_modules\protractor\node_modules\jasmine-core\lib\jasmine-core\jasmine.js:4297:26)
                    at QueueRunner.run (C:\Users\dr00810779\AppData\Roaming\npm\node_modules\protractor\node_modules\jasmine-core\lib\jasmine-core\jasmine.js:4217:20)
                    at runNext (C:\Users\dr00810779\AppData\Roaming\npm\node_modules\protractor\node_modules\jasmine-core\lib\jasmine-core\jasmine.js:4257:20)
                From asynchronous test: 
                Error
                    at Suite.&lt;anonymous> (D:\iTAP\Recorded_Scenarios\testRun\plsql\spec.js:16704:1)
                    at addSpecsToSuite (C:\Users\dr00810779\AppData\Roaming\npm\node_modules\protractor\node_modules\jasmine-core\lib\jasmine-core\jasmine.js:1107:25)
                    at Env.describe (C:\Users\dr00810779\AppData\Roaming\npm\node_modules\protractor\node_modules\jasmine-core\lib\jasmine-core\jasmine.js:1074:7)
                    at describe (C:\Users\dr00810779\AppData\Roaming\npm\node_modules\protractor\node_modules\jasmine-core\lib\jasmine-core\jasmine.js:4399:18)
                    at Object.&lt;anonymous> (D:\iTAP\Recorded_Scenarios\testRun\plsql\spec.js:6:26)
                    at Module._compile (internal/modules/cjs/loader.js:1085:14)
                    at Object.Module._extensions..js (internal/modules/cjs/loader.js:1114:10)
                    at Module.load (internal/modules/cjs/loader.js:950:32)
                    at Function.Module._load (internal/modules/cjs/loader.js:790:14)</stack-trace>
            </failure>
        </test-case>
        <test-case start='1659769586499' status='passed' stop='1659769598217'>
            <name>callchainNofieldSelected_testcase48</name>
            <title>callchainNofieldSelected_testcase48</title>
            <labels/>
            <parameters/>
            <steps/>
            <attachments>
                <attachment title='Screenshot1' source='c526e5a9-3d0d-498a-a161-9b202f55062a-attachment.png' type='image/png' size='35115'/>
            </attachments>
        </test-case>
        <test-case start='1659769598217' status='passed' stop='1659769612499'>
            <name>callchainTotalNameCheck_testcase49</name>
            <title>callchainTotalNameCheck_testcase49</title>
            <labels/>
            <parameters/>
            <steps/>
            <attachments>
                <attachment title='Screenshot1' source='10aca522-ac5b-48f7-bb27-8a3fc893c6b5-attachment.png' type='image/png' size='35115'/>
            </attachments>
        </test-case>
        <test-case start='1659769612499' status='passed' stop='1659769624630'>
            <name>checkSearch_testcase50</name>
            <title>checkSearch_testcase50</title>
            <labels/>
            <parameters/>
            <steps/>
            <attachments>
                <attachment title='Screenshot1' source='9d8da1ba-9814-479e-a76e-2df3fdff0a98-attachment.png' type='image/png' size='35115'/>
            </attachments>
        </test-case>
        <test-case start='1659769624630' status='passed' stop='1659769635116'>
            <name>clearsearchCheck_testcase51</name>
            <title>clearsearchCheck_testcase51</title>
            <labels/>
            <parameters/>
            <steps/>
            <attachments>
                <attachment title='Screenshot1' source='70d1b4dd-b1da-4d38-b379-18a738a7bffa-attachment.png' type='image/png' size='35115'/>
            </attachments>
        </test-case>
        <test-case start='1659769635116' status='passed' stop='1659769656568'>
            <name>commentedlinesreport_testcase52</name>
            <title>commentedlinesreport_testcase52</title>
            <labels/>
            <parameters/>
            <steps/>
            <attachments>
                <attachment title='Screenshot1' source='767b39cc-9944-4aba-b147-d8677c5db73b-attachment.png' type='image/png' size='35115'/>
            </attachments>
        </test-case>
    </test-cases>
</ns2:test-suite>