<?xml version='1.0'?>
<ns2:test-suite xmlns:ns2='urn:model.allure.qatools.yandex.ru' start='1659771710003' stop='1659772818532'>
    <name>java</name>
    <title>java</title>
    <test-cases>
        <test-case start='1659771710003' status='passed' stop='1659771895653'>
            <name>programprocesspage_testcase1</name>
            <title>programprocesspage_testcase1</title>
            <labels/>
            <parameters/>
            <steps/>
            <attachments>
                <attachment title='Screenshot1' source='91f37e45-74ea-4091-a2c3-4a4295f0e970-attachment.png' type='image/png' size='35115'/>
            </attachments>
        </test-case>
        <test-case start='1659771895653' status='passed' stop='1659771910753'>
            <name>xrefcount_testcase2</name>
            <title>xrefcount_testcase2</title>
            <labels/>
            <parameters/>
            <steps/>
            <attachments>
                <attachment title='Screenshot1' source='3fc0b609-00c1-4c4a-a194-329b4d5e2045-attachment.png' type='image/png' size='35115'/>
            </attachments>
        </test-case>
        <test-case start='1659771910753' status='passed' stop='1659771924862'>
            <name>xrefpage_testcase3</name>
            <title>xrefpage_testcase3</title>
            <labels/>
            <parameters/>
            <steps/>
            <attachments>
                <attachment title='Screenshot1' source='2c883327-1a89-4ce6-af05-55c49b186d26-attachment.png' type='image/png' size='35115'/>
            </attachments>
        </test-case>
        <test-case start='1659771924863' status='passed' stop='1659771933993'>
            <name>xrefclearsearch_testcase4</name>
            <title>xrefclearsearch_testcase4</title>
            <labels/>
            <parameters/>
            <steps/>
            <attachments>
                <attachment title='Screenshot1' source='22b7d390-9a65-4352-9ace-8c6a864b8958-attachment.png' type='image/png' size='35115'/>
            </attachments>
        </test-case>
        <test-case start='1659771933993' status='passed' stop='1659771943476'>
            <name>xref_testcase5</name>
            <title>xref_testcase5</title>
            <labels/>
            <parameters/>
            <steps/>
            <attachments>
                <attachment title='Screenshot1' source='9d0616c7-9ac4-441b-bcae-3e91899caa6a-attachment.png' type='image/png' size='90178'/>
            </attachments>
        </test-case>
        <test-case start='1659771943476' status='failed' stop='1659771943780'>
            <name>variableimpactpage_testcase6</name>
            <title>variableimpactpage_testcase6</title>
            <labels/>
            <parameters/>
            <steps/>
            <attachments>
                <attachment title='Screenshot1' source='806123a8-73c6-472f-ac0f-e40f057d8b09-attachment.png' type='image/png' size='12698'/>
            </attachments>
            <failure>
                <message>Failed: unexpected alert open: {Alert text : }
                  (Session info: chrome=104.0.5112.81): {Alert text : 
                Build info: version: '3.141.59', revision: 'e82be7d358', time: '2018-11-14T08:25:53'
                System info: host: 'INCHCMLP12070', ip: '192.168.1.100', os.name: 'Windows 10', os.arch: 'amd64', os.version: '10.0', java.version: '11.0.12'
                Driver info: driver.version: unknown</message>
                <stack-trace>UnexpectedAlertOpenError: unexpected alert open: {Alert text : }
                  (Session info: chrome=104.0.5112.81): {Alert text : 
                Build info: version: '3.141.59', revision: 'e82be7d358', time: '2018-11-14T08:25:53'
                System info: host: 'INCHCMLP12070', ip: '192.168.1.100', os.name: 'Windows 10', os.arch: 'amd64', os.version: '10.0', java.version: '11.0.12'
                Driver info: driver.version: unknown
                    at Object.checkLegacyResponse (C:\Users\dr00810779\AppData\Roaming\npm\node_modules\protractor\node_modules\selenium-webdriver\lib\error.js:553:13)
                    at parseHttpResponse (C:\Users\dr00810779\AppData\Roaming\npm\node_modules\protractor\node_modules\selenium-webdriver\lib\http.js:509:13)
                    at C:\Users\dr00810779\AppData\Roaming\npm\node_modules\protractor\node_modules\selenium-webdriver\lib\http.js:441:30
                    at runMicrotasks (&lt;anonymous>)
                    at processTicksAndRejections (internal/process/task_queues.js:95:5)
                From: Task: WebDriver.findElements(By(xpath, //input[@id="Uname"]))
                    at thenableWebDriverProxy.schedule (C:\Users\dr00810779\AppData\Roaming\npm\node_modules\protractor\node_modules\selenium-webdriver\lib\webdriver.js:807:17)
                    at thenableWebDriverProxy.findElements (C:\Users\dr00810779\AppData\Roaming\npm\node_modules\protractor\node_modules\selenium-webdriver\lib\webdriver.js:1048:19)
                    at C:\Users\dr00810779\AppData\Roaming\npm\node_modules\protractor\built\element.js:159:44
                    at ManagedPromise.invokeCallback_ (C:\Users\dr00810779\AppData\Roaming\npm\node_modules\protractor\node_modules\selenium-webdriver\lib\promise.js:1376:14)
                    at TaskQueue.execute_ (C:\Users\dr00810779\AppData\Roaming\npm\node_modules\protractor\node_modules\selenium-webdriver\lib\promise.js:3084:14)
                    at TaskQueue.executeNext_ (C:\Users\dr00810779\AppData\Roaming\npm\node_modules\protractor\node_modules\selenium-webdriver\lib\promise.js:3067:27)
                    at C:\Users\dr00810779\AppData\Roaming\npm\node_modules\protractor\node_modules\selenium-webdriver\lib\promise.js:2927:27
                    at C:\Users\dr00810779\AppData\Roaming\npm\node_modules\protractor\node_modules\selenium-webdriver\lib\promise.js:668:7
                From: Task: &lt;anonymous>
                    at pollCondition (C:\Users\dr00810779\AppData\Roaming\npm\node_modules\protractor\node_modules\selenium-webdriver\lib\promise.js:2195:19)
                    at C:\Users\dr00810779\AppData\Roaming\npm\node_modules\protractor\node_modules\selenium-webdriver\lib\promise.js:2191:7
                    at new ManagedPromise (C:\Users\dr00810779\AppData\Roaming\npm\node_modules\protractor\node_modules\selenium-webdriver\lib\promise.js:1077:7)
                    at ControlFlow.promise (C:\Users\dr00810779\AppData\Roaming\npm\node_modules\protractor\node_modules\selenium-webdriver\lib\promise.js:2505:12)
                    at C:\Users\dr00810779\AppData\Roaming\npm\node_modules\protractor\node_modules\selenium-webdriver\lib\promise.js:2190:22
                    at TaskQueue.execute_ (C:\Users\dr00810779\AppData\Roaming\npm\node_modules\protractor\node_modules\selenium-webdriver\lib\promise.js:3084:14)
                    at TaskQueue.executeNext_ (C:\Users\dr00810779\AppData\Roaming\npm\node_modules\protractor\node_modules\selenium-webdriver\lib\promise.js:3067:27)
                    at C:\Users\dr00810779\AppData\Roaming\npm\node_modules\protractor\node_modules\selenium-webdriver\lib\promise.js:2927:27
                    at C:\Users\dr00810779\AppData\Roaming\npm\node_modules\protractor\node_modules\selenium-webdriver\lib\promise.js:668:7
                From: Task: Element taking too long to appear in the DOM
                    at scheduleWait (C:\Users\dr00810779\AppData\Roaming\npm\node_modules\protractor\node_modules\selenium-webdriver\lib\promise.js:2188:20)
                    at ControlFlow.wait (C:\Users\dr00810779\AppData\Roaming\npm\node_modules\protractor\node_modules\selenium-webdriver\lib\promise.js:2517:12)
                    at thenableWebDriverProxy.wait (C:\Users\dr00810779\AppData\Roaming\npm\node_modules\protractor\node_modules\selenium-webdriver\lib\webdriver.js:934:29)
                    at run (C:\Users\dr00810779\AppData\Roaming\npm\node_modules\protractor\built\browser.js:58:33)
                    at ProtractorBrowser.to.&lt;computed> [as wait] (C:\Users\dr00810779\AppData\Roaming\npm\node_modules\protractor\built\browser.js:66:16)
                    at UserContext.&lt;anonymous> (D:\iTAP\Recorded_Scenarios\testRun\java\spec.js:1783:9)
                    at C:\Users\dr00810779\AppData\Roaming\npm\node_modules\protractor\node_modules\jasminewd2\index.js:112:25
                    at new ManagedPromise (C:\Users\dr00810779\AppData\Roaming\npm\node_modules\protractor\node_modules\selenium-webdriver\lib\promise.js:1077:7)
                    at ControlFlow.promise (C:\Users\dr00810779\AppData\Roaming\npm\node_modules\protractor\node_modules\selenium-webdriver\lib\promise.js:2505:12)
                    at schedulerExecute (C:\Users\dr00810779\AppData\Roaming\npm\node_modules\protractor\node_modules\jasminewd2\index.js:95:18)
                From: Task: Run it("variableimpactpage_testcase6") in control flow
                    at UserContext.&lt;anonymous> (C:\Users\dr00810779\AppData\Roaming\npm\node_modules\protractor\node_modules\jasminewd2\index.js:94:19)
                    at attempt (C:\Users\dr00810779\AppData\Roaming\npm\node_modules\protractor\node_modules\jasmine-core\lib\jasmine-core\jasmine.js:4297:26)
                    at QueueRunner.run (C:\Users\dr00810779\AppData\Roaming\npm\node_modules\protractor\node_modules\jasmine-core\lib\jasmine-core\jasmine.js:4217:20)
                    at QueueRunner.execute (C:\Users\dr00810779\AppData\Roaming\npm\node_modules\protractor\node_modules\jasmine-core\lib\jasmine-core\jasmine.js:4199:10)
                    at Spec.queueRunnerFactory (C:\Users\dr00810779\AppData\Roaming\npm\node_modules\protractor\node_modules\jasmine-core\lib\jasmine-core\jasmine.js:909:35)
                    at Spec.execute (C:\Users\dr00810779\AppData\Roaming\npm\node_modules\protractor\node_modules\jasmine-core\lib\jasmine-core\jasmine.js:526:10)
                    at UserContext.fn (C:\Users\dr00810779\AppData\Roaming\npm\node_modules\protractor\node_modules\jasmine-core\lib\jasmine-core\jasmine.js:5340:37)
                    at attempt (C:\Users\dr00810779\AppData\Roaming\npm\node_modules\protractor\node_modules\jasmine-core\lib\jasmine-core\jasmine.js:4297:26)
                    at QueueRunner.run (C:\Users\dr00810779\AppData\Roaming\npm\node_modules\protractor\node_modules\jasmine-core\lib\jasmine-core\jasmine.js:4217:20)
                    at runNext (C:\Users\dr00810779\AppData\Roaming\npm\node_modules\protractor\node_modules\jasmine-core\lib\jasmine-core\jasmine.js:4257:20)
                From asynchronous test: 
                Error
                    at Suite.&lt;anonymous> (D:\iTAP\Recorded_Scenarios\testRun\java\spec.js:1761:1)
                    at addSpecsToSuite (C:\Users\dr00810779\AppData\Roaming\npm\node_modules\protractor\node_modules\jasmine-core\lib\jasmine-core\jasmine.js:1107:25)
                    at Env.describe (C:\Users\dr00810779\AppData\Roaming\npm\node_modules\protractor\node_modules\jasmine-core\lib\jasmine-core\jasmine.js:1074:7)
                    at describe (C:\Users\dr00810779\AppData\Roaming\npm\node_modules\protractor\node_modules\jasmine-core\lib\jasmine-core\jasmine.js:4399:18)
                    at Object.&lt;anonymous> (D:\iTAP\Recorded_Scenarios\testRun\java\spec.js:6:26)
                    at Module._compile (internal/modules/cjs/loader.js:1085:14)
                    at Object.Module._extensions..js (internal/modules/cjs/loader.js:1114:10)
                    at Module.load (internal/modules/cjs/loader.js:950:32)
                    at Function.Module._load (internal/modules/cjs/loader.js:790:14)</stack-trace>
            </failure>
        </test-case>
        <test-case start='1659771943780' status='passed' stop='1659771958744'>
            <name>userguidepage_testcase7</name>
            <title>userguidepage_testcase7</title>
            <labels/>
            <parameters/>
            <steps/>
            <attachments>
                <attachment title='Screenshot1' source='f905f96c-597f-4608-9597-cc0ffe696654-attachment.png' type='image/png' size='35115'/>
            </attachments>
        </test-case>
        <test-case start='1659771958745' status='passed' stop='1659771975723'>
            <name>userguide_testcase8</name>
            <title>userguide_testcase8</title>
            <labels/>
            <parameters/>
            <steps/>
            <attachments>
                <attachment title='Screenshot1' source='c4a91b67-7532-4c0e-b09e-6c3db20e8e02-attachment.png' type='image/png' size='31211'/>
            </attachments>
        </test-case>
        <test-case start='1659771975723' status='failed' stop='1659771975962'>
            <name>testcolor_testcase9</name>
            <title>testcolor_testcase9</title>
            <labels/>
            <parameters/>
            <steps/>
            <attachments>
                <attachment title='Screenshot1' source='07c98372-e169-4b59-9fbc-4ec3ad34a0af-attachment.png' type='image/png' size='13265'/>
            </attachments>
            <failure>
                <message>Failed: unexpected alert open: {Alert text : }
                  (Session info: chrome=104.0.5112.81): {Alert text : 
                Build info: version: '3.141.59', revision: 'e82be7d358', time: '2018-11-14T08:25:53'
                System info: host: 'INCHCMLP12070', ip: '192.168.1.100', os.name: 'Windows 10', os.arch: 'amd64', os.version: '10.0', java.version: '11.0.12'
                Driver info: driver.version: unknown</message>
                <stack-trace>UnexpectedAlertOpenError: unexpected alert open: {Alert text : }
                  (Session info: chrome=104.0.5112.81): {Alert text : 
                Build info: version: '3.141.59', revision: 'e82be7d358', time: '2018-11-14T08:25:53'
                System info: host: 'INCHCMLP12070', ip: '192.168.1.100', os.name: 'Windows 10', os.arch: 'amd64', os.version: '10.0', java.version: '11.0.12'
                Driver info: driver.version: unknown
                    at Object.checkLegacyResponse (C:\Users\dr00810779\AppData\Roaming\npm\node_modules\protractor\node_modules\selenium-webdriver\lib\error.js:553:13)
                    at parseHttpResponse (C:\Users\dr00810779\AppData\Roaming\npm\node_modules\protractor\node_modules\selenium-webdriver\lib\http.js:509:13)
                    at C:\Users\dr00810779\AppData\Roaming\npm\node_modules\protractor\node_modules\selenium-webdriver\lib\http.js:441:30
                    at runMicrotasks (&lt;anonymous>)
                    at processTicksAndRejections (internal/process/task_queues.js:95:5)
                From: Task: WebDriver.findElements(By(xpath, //input[@id="Uname"]))
                    at thenableWebDriverProxy.schedule (C:\Users\dr00810779\AppData\Roaming\npm\node_modules\protractor\node_modules\selenium-webdriver\lib\webdriver.js:807:17)
                    at thenableWebDriverProxy.findElements (C:\Users\dr00810779\AppData\Roaming\npm\node_modules\protractor\node_modules\selenium-webdriver\lib\webdriver.js:1048:19)
                    at C:\Users\dr00810779\AppData\Roaming\npm\node_modules\protractor\built\element.js:159:44
                    at ManagedPromise.invokeCallback_ (C:\Users\dr00810779\AppData\Roaming\npm\node_modules\protractor\node_modules\selenium-webdriver\lib\promise.js:1376:14)
                    at TaskQueue.execute_ (C:\Users\dr00810779\AppData\Roaming\npm\node_modules\protractor\node_modules\selenium-webdriver\lib\promise.js:3084:14)
                    at TaskQueue.executeNext_ (C:\Users\dr00810779\AppData\Roaming\npm\node_modules\protractor\node_modules\selenium-webdriver\lib\promise.js:3067:27)
                    at C:\Users\dr00810779\AppData\Roaming\npm\node_modules\protractor\node_modules\selenium-webdriver\lib\promise.js:2927:27
                    at C:\Users\dr00810779\AppData\Roaming\npm\node_modules\protractor\node_modules\selenium-webdriver\lib\promise.js:668:7
                From: Task: &lt;anonymous>
                    at pollCondition (C:\Users\dr00810779\AppData\Roaming\npm\node_modules\protractor\node_modules\selenium-webdriver\lib\promise.js:2195:19)
                    at C:\Users\dr00810779\AppData\Roaming\npm\node_modules\protractor\node_modules\selenium-webdriver\lib\promise.js:2191:7
                    at new ManagedPromise (C:\Users\dr00810779\AppData\Roaming\npm\node_modules\protractor\node_modules\selenium-webdriver\lib\promise.js:1077:7)
                    at ControlFlow.promise (C:\Users\dr00810779\AppData\Roaming\npm\node_modules\protractor\node_modules\selenium-webdriver\lib\promise.js:2505:12)
                    at C:\Users\dr00810779\AppData\Roaming\npm\node_modules\protractor\node_modules\selenium-webdriver\lib\promise.js:2190:22
                    at TaskQueue.execute_ (C:\Users\dr00810779\AppData\Roaming\npm\node_modules\protractor\node_modules\selenium-webdriver\lib\promise.js:3084:14)
                    at TaskQueue.executeNext_ (C:\Users\dr00810779\AppData\Roaming\npm\node_modules\protractor\node_modules\selenium-webdriver\lib\promise.js:3067:27)
                    at C:\Users\dr00810779\AppData\Roaming\npm\node_modules\protractor\node_modules\selenium-webdriver\lib\promise.js:2927:27
                    at C:\Users\dr00810779\AppData\Roaming\npm\node_modules\protractor\node_modules\selenium-webdriver\lib\promise.js:668:7
                From: Task: Element taking too long to appear in the DOM
                    at scheduleWait (C:\Users\dr00810779\AppData\Roaming\npm\node_modules\protractor\node_modules\selenium-webdriver\lib\promise.js:2188:20)
                    at ControlFlow.wait (C:\Users\dr00810779\AppData\Roaming\npm\node_modules\protractor\node_modules\selenium-webdriver\lib\promise.js:2517:12)
                    at thenableWebDriverProxy.wait (C:\Users\dr00810779\AppData\Roaming\npm\node_modules\protractor\node_modules\selenium-webdriver\lib\webdriver.js:934:29)
                    at run (C:\Users\dr00810779\AppData\Roaming\npm\node_modules\protractor\built\browser.js:58:33)
                    at ProtractorBrowser.to.&lt;computed> [as wait] (C:\Users\dr00810779\AppData\Roaming\npm\node_modules\protractor\built\browser.js:66:16)
                    at UserContext.&lt;anonymous> (D:\iTAP\Recorded_Scenarios\testRun\java\spec.js:2384:9)
                    at C:\Users\dr00810779\AppData\Roaming\npm\node_modules\protractor\node_modules\jasminewd2\index.js:112:25
                    at new ManagedPromise (C:\Users\dr00810779\AppData\Roaming\npm\node_modules\protractor\node_modules\selenium-webdriver\lib\promise.js:1077:7)
                    at ControlFlow.promise (C:\Users\dr00810779\AppData\Roaming\npm\node_modules\protractor\node_modules\selenium-webdriver\lib\promise.js:2505:12)
                    at schedulerExecute (C:\Users\dr00810779\AppData\Roaming\npm\node_modules\protractor\node_modules\jasminewd2\index.js:95:18)
                From: Task: Run it("testcolor_testcase9") in control flow
                    at UserContext.&lt;anonymous> (C:\Users\dr00810779\AppData\Roaming\npm\node_modules\protractor\node_modules\jasminewd2\index.js:94:19)
                    at attempt (C:\Users\dr00810779\AppData\Roaming\npm\node_modules\protractor\node_modules\jasmine-core\lib\jasmine-core\jasmine.js:4297:26)
                    at QueueRunner.run (C:\Users\dr00810779\AppData\Roaming\npm\node_modules\protractor\node_modules\jasmine-core\lib\jasmine-core\jasmine.js:4217:20)
                    at QueueRunner.execute (C:\Users\dr00810779\AppData\Roaming\npm\node_modules\protractor\node_modules\jasmine-core\lib\jasmine-core\jasmine.js:4199:10)
                    at Spec.queueRunnerFactory (C:\Users\dr00810779\AppData\Roaming\npm\node_modules\protractor\node_modules\jasmine-core\lib\jasmine-core\jasmine.js:909:35)
                    at Spec.execute (C:\Users\dr00810779\AppData\Roaming\npm\node_modules\protractor\node_modules\jasmine-core\lib\jasmine-core\jasmine.js:526:10)
                    at UserContext.fn (C:\Users\dr00810779\AppData\Roaming\npm\node_modules\protractor\node_modules\jasmine-core\lib\jasmine-core\jasmine.js:5340:37)
                    at attempt (C:\Users\dr00810779\AppData\Roaming\npm\node_modules\protractor\node_modules\jasmine-core\lib\jasmine-core\jasmine.js:4297:26)
                    at QueueRunner.run (C:\Users\dr00810779\AppData\Roaming\npm\node_modules\protractor\node_modules\jasmine-core\lib\jasmine-core\jasmine.js:4217:20)
                    at runNext (C:\Users\dr00810779\AppData\Roaming\npm\node_modules\protractor\node_modules\jasmine-core\lib\jasmine-core\jasmine.js:4257:20)
                From asynchronous test: 
                Error
                    at Suite.&lt;anonymous> (D:\iTAP\Recorded_Scenarios\testRun\java\spec.js:2362:1)
                    at addSpecsToSuite (C:\Users\dr00810779\AppData\Roaming\npm\node_modules\protractor\node_modules\jasmine-core\lib\jasmine-core\jasmine.js:1107:25)
                    at Env.describe (C:\Users\dr00810779\AppData\Roaming\npm\node_modules\protractor\node_modules\jasmine-core\lib\jasmine-core\jasmine.js:1074:7)
                    at describe (C:\Users\dr00810779\AppData\Roaming\npm\node_modules\protractor\node_modules\jasmine-core\lib\jasmine-core\jasmine.js:4399:18)
                    at Object.&lt;anonymous> (D:\iTAP\Recorded_Scenarios\testRun\java\spec.js:6:26)
                    at Module._compile (internal/modules/cjs/loader.js:1085:14)
                    at Object.Module._extensions..js (internal/modules/cjs/loader.js:1114:10)
                    at Module.load (internal/modules/cjs/loader.js:950:32)
                    at Function.Module._load (internal/modules/cjs/loader.js:790:14)</stack-trace>
            </failure>
        </test-case>
        <test-case start='1659771975963' status='passed' stop='1659772001641'>
            <name>spiderautofill_testcase10</name>
            <title>spiderautofill_testcase10</title>
            <labels/>
            <parameters/>
            <steps/>
            <attachments>
                <attachment title='Screenshot1' source='213f1186-61dd-45c1-a9e7-11f6d24aabf6-attachment.png' type='image/png' size='39607'/>
            </attachments>
        </test-case>
        <test-case start='1659772001641' status='failed' stop='1659772001880'>
            <name>spiderpage_testcase11</name>
            <title>spiderpage_testcase11</title>
            <labels/>
            <parameters/>
            <steps/>
            <attachments>
                <attachment title='Screenshot1' source='5283ab4d-cef6-400a-bbfa-670fbd5cd305-attachment.png' type='image/png' size='13265'/>
            </attachments>
            <failure>
                <message>Failed: unexpected alert open: {Alert text : }
                  (Session info: chrome=104.0.5112.81): {Alert text : 
                Build info: version: '3.141.59', revision: 'e82be7d358', time: '2018-11-14T08:25:53'
                System info: host: 'INCHCMLP12070', ip: '192.168.1.100', os.name: 'Windows 10', os.arch: 'amd64', os.version: '10.0', java.version: '11.0.12'
                Driver info: driver.version: unknown</message>
                <stack-trace>UnexpectedAlertOpenError: unexpected alert open: {Alert text : }
                  (Session info: chrome=104.0.5112.81): {Alert text : 
                Build info: version: '3.141.59', revision: 'e82be7d358', time: '2018-11-14T08:25:53'
                System info: host: 'INCHCMLP12070', ip: '192.168.1.100', os.name: 'Windows 10', os.arch: 'amd64', os.version: '10.0', java.version: '11.0.12'
                Driver info: driver.version: unknown
                    at Object.checkLegacyResponse (C:\Users\dr00810779\AppData\Roaming\npm\node_modules\protractor\node_modules\selenium-webdriver\lib\error.js:553:13)
                    at parseHttpResponse (C:\Users\dr00810779\AppData\Roaming\npm\node_modules\protractor\node_modules\selenium-webdriver\lib\http.js:509:13)
                    at C:\Users\dr00810779\AppData\Roaming\npm\node_modules\protractor\node_modules\selenium-webdriver\lib\http.js:441:30
                    at runMicrotasks (&lt;anonymous>)
                    at processTicksAndRejections (internal/process/task_queues.js:95:5)
                From: Task: WebDriver.findElements(By(xpath, //input[@id="Uname"]))
                    at thenableWebDriverProxy.schedule (C:\Users\dr00810779\AppData\Roaming\npm\node_modules\protractor\node_modules\selenium-webdriver\lib\webdriver.js:807:17)
                    at thenableWebDriverProxy.findElements (C:\Users\dr00810779\AppData\Roaming\npm\node_modules\protractor\node_modules\selenium-webdriver\lib\webdriver.js:1048:19)
                    at C:\Users\dr00810779\AppData\Roaming\npm\node_modules\protractor\built\element.js:159:44
                    at ManagedPromise.invokeCallback_ (C:\Users\dr00810779\AppData\Roaming\npm\node_modules\protractor\node_modules\selenium-webdriver\lib\promise.js:1376:14)
                    at TaskQueue.execute_ (C:\Users\dr00810779\AppData\Roaming\npm\node_modules\protractor\node_modules\selenium-webdriver\lib\promise.js:3084:14)
                    at TaskQueue.executeNext_ (C:\Users\dr00810779\AppData\Roaming\npm\node_modules\protractor\node_modules\selenium-webdriver\lib\promise.js:3067:27)
                    at C:\Users\dr00810779\AppData\Roaming\npm\node_modules\protractor\node_modules\selenium-webdriver\lib\promise.js:2927:27
                    at C:\Users\dr00810779\AppData\Roaming\npm\node_modules\protractor\node_modules\selenium-webdriver\lib\promise.js:668:7
                From: Task: &lt;anonymous>
                    at pollCondition (C:\Users\dr00810779\AppData\Roaming\npm\node_modules\protractor\node_modules\selenium-webdriver\lib\promise.js:2195:19)
                    at C:\Users\dr00810779\AppData\Roaming\npm\node_modules\protractor\node_modules\selenium-webdriver\lib\promise.js:2191:7
                    at new ManagedPromise (C:\Users\dr00810779\AppData\Roaming\npm\node_modules\protractor\node_modules\selenium-webdriver\lib\promise.js:1077:7)
                    at ControlFlow.promise (C:\Users\dr00810779\AppData\Roaming\npm\node_modules\protractor\node_modules\selenium-webdriver\lib\promise.js:2505:12)
                    at C:\Users\dr00810779\AppData\Roaming\npm\node_modules\protractor\node_modules\selenium-webdriver\lib\promise.js:2190:22
                    at TaskQueue.execute_ (C:\Users\dr00810779\AppData\Roaming\npm\node_modules\protractor\node_modules\selenium-webdriver\lib\promise.js:3084:14)
                    at TaskQueue.executeNext_ (C:\Users\dr00810779\AppData\Roaming\npm\node_modules\protractor\node_modules\selenium-webdriver\lib\promise.js:3067:27)
                    at C:\Users\dr00810779\AppData\Roaming\npm\node_modules\protractor\node_modules\selenium-webdriver\lib\promise.js:2927:27
                    at C:\Users\dr00810779\AppData\Roaming\npm\node_modules\protractor\node_modules\selenium-webdriver\lib\promise.js:668:7
                From: Task: Element taking too long to appear in the DOM
                    at scheduleWait (C:\Users\dr00810779\AppData\Roaming\npm\node_modules\protractor\node_modules\selenium-webdriver\lib\promise.js:2188:20)
                    at ControlFlow.wait (C:\Users\dr00810779\AppData\Roaming\npm\node_modules\protractor\node_modules\selenium-webdriver\lib\promise.js:2517:12)
                    at thenableWebDriverProxy.wait (C:\Users\dr00810779\AppData\Roaming\npm\node_modules\protractor\node_modules\selenium-webdriver\lib\webdriver.js:934:29)
                    at run (C:\Users\dr00810779\AppData\Roaming\npm\node_modules\protractor\built\browser.js:58:33)
                    at ProtractorBrowser.to.&lt;computed> [as wait] (C:\Users\dr00810779\AppData\Roaming\npm\node_modules\protractor\built\browser.js:66:16)
                    at UserContext.&lt;anonymous> (D:\iTAP\Recorded_Scenarios\testRun\java\spec.js:3028:9)
                    at C:\Users\dr00810779\AppData\Roaming\npm\node_modules\protractor\node_modules\jasminewd2\index.js:112:25
                    at new ManagedPromise (C:\Users\dr00810779\AppData\Roaming\npm\node_modules\protractor\node_modules\selenium-webdriver\lib\promise.js:1077:7)
                    at ControlFlow.promise (C:\Users\dr00810779\AppData\Roaming\npm\node_modules\protractor\node_modules\selenium-webdriver\lib\promise.js:2505:12)
                    at schedulerExecute (C:\Users\dr00810779\AppData\Roaming\npm\node_modules\protractor\node_modules\jasminewd2\index.js:95:18)
                From: Task: Run it("spiderpage_testcase11") in control flow
                    at UserContext.&lt;anonymous> (C:\Users\dr00810779\AppData\Roaming\npm\node_modules\protractor\node_modules\jasminewd2\index.js:94:19)
                    at attempt (C:\Users\dr00810779\AppData\Roaming\npm\node_modules\protractor\node_modules\jasmine-core\lib\jasmine-core\jasmine.js:4297:26)
                    at QueueRunner.run (C:\Users\dr00810779\AppData\Roaming\npm\node_modules\protractor\node_modules\jasmine-core\lib\jasmine-core\jasmine.js:4217:20)
                    at QueueRunner.execute (C:\Users\dr00810779\AppData\Roaming\npm\node_modules\protractor\node_modules\jasmine-core\lib\jasmine-core\jasmine.js:4199:10)
                    at Spec.queueRunnerFactory (C:\Users\dr00810779\AppData\Roaming\npm\node_modules\protractor\node_modules\jasmine-core\lib\jasmine-core\jasmine.js:909:35)
                    at Spec.execute (C:\Users\dr00810779\AppData\Roaming\npm\node_modules\protractor\node_modules\jasmine-core\lib\jasmine-core\jasmine.js:526:10)
                    at UserContext.fn (C:\Users\dr00810779\AppData\Roaming\npm\node_modules\protractor\node_modules\jasmine-core\lib\jasmine-core\jasmine.js:5340:37)
                    at attempt (C:\Users\dr00810779\AppData\Roaming\npm\node_modules\protractor\node_modules\jasmine-core\lib\jasmine-core\jasmine.js:4297:26)
                    at QueueRunner.run (C:\Users\dr00810779\AppData\Roaming\npm\node_modules\protractor\node_modules\jasmine-core\lib\jasmine-core\jasmine.js:4217:20)
                    at runNext (C:\Users\dr00810779\AppData\Roaming\npm\node_modules\protractor\node_modules\jasmine-core\lib\jasmine-core\jasmine.js:4257:20)
                From asynchronous test: 
                Error
                    at Suite.&lt;anonymous> (D:\iTAP\Recorded_Scenarios\testRun\java\spec.js:3006:1)
                    at addSpecsToSuite (C:\Users\dr00810779\AppData\Roaming\npm\node_modules\protractor\node_modules\jasmine-core\lib\jasmine-core\jasmine.js:1107:25)
                    at Env.describe (C:\Users\dr00810779\AppData\Roaming\npm\node_modules\protractor\node_modules\jasmine-core\lib\jasmine-core\jasmine.js:1074:7)
                    at describe (C:\Users\dr00810779\AppData\Roaming\npm\node_modules\protractor\node_modules\jasmine-core\lib\jasmine-core\jasmine.js:4399:18)
                    at Object.&lt;anonymous> (D:\iTAP\Recorded_Scenarios\testRun\java\spec.js:6:26)
                    at Module._compile (internal/modules/cjs/loader.js:1085:14)
                    at Object.Module._extensions..js (internal/modules/cjs/loader.js:1114:10)
                    at Module.load (internal/modules/cjs/loader.js:950:32)
                    at Function.Module._load (internal/modules/cjs/loader.js:790:14)</stack-trace>
            </failure>
        </test-case>
        <test-case start='1659772001880' status='passed' stop='1659772013600'>
            <name>screenvalidationpage_testcase12</name>
            <title>screenvalidationpage_testcase12</title>
            <labels/>
            <parameters/>
            <steps/>
            <attachments>
                <attachment title='Screenshot1' source='6bf3b6e7-464f-482d-b6bd-6ce08116e7bb-attachment.png' type='image/png' size='35115'/>
            </attachments>
        </test-case>
        <test-case start='1659772013600' status='passed' stop='1659772033901'>
            <name>screenvalidationcount_testcase13</name>
            <title>screenvalidationcount_testcase13</title>
            <labels/>
            <parameters/>
            <steps/>
            <attachments>
                <attachment title='Screenshot1' source='d2a57bae-6d61-4110-a588-d2981a5de89e-attachment.png' type='image/png' size='35115'/>
            </attachments>
        </test-case>
        <test-case start='1659772033902' status='passed' stop='1659772045953'>
            <name>screendefinitionpage_testcase14</name>
            <title>screendefinitionpage_testcase14</title>
            <labels/>
            <parameters/>
            <steps/>
            <attachments>
                <attachment title='Screenshot1' source='5c6d835d-bb9c-464c-84cf-9d1c0fb59eb2-attachment.png' type='image/png' size='35115'/>
            </attachments>
        </test-case>
        <test-case start='1659772045953' status='passed' stop='1659772057441'>
            <name>screenvalidation_testcase15</name>
            <title>screenvalidation_testcase15</title>
            <labels/>
            <parameters/>
            <steps/>
            <attachments>
                <attachment title='Screenshot1' source='6fca1425-7010-4769-8647-a1a48edb8a51-attachment.png' type='image/png' size='44018'/>
            </attachments>
        </test-case>
        <test-case start='1659772057441' status='failed' stop='1659772057683'>
            <name>screendefinitioncount_testcase16</name>
            <title>screendefinitioncount_testcase16</title>
            <labels/>
            <parameters/>
            <steps/>
            <attachments>
                <attachment title='Screenshot1' source='262134a3-d5da-4004-ba04-de23905a9ece-attachment.png' type='image/png' size='12698'/>
            </attachments>
            <failure>
                <message>Failed: unexpected alert open: {Alert text : }
                  (Session info: chrome=104.0.5112.81): {Alert text : 
                Build info: version: '3.141.59', revision: 'e82be7d358', time: '2018-11-14T08:25:53'
                System info: host: 'INCHCMLP12070', ip: '192.168.1.100', os.name: 'Windows 10', os.arch: 'amd64', os.version: '10.0', java.version: '11.0.12'
                Driver info: driver.version: unknown</message>
                <stack-trace>UnexpectedAlertOpenError: unexpected alert open: {Alert text : }
                  (Session info: chrome=104.0.5112.81): {Alert text : 
                Build info: version: '3.141.59', revision: 'e82be7d358', time: '2018-11-14T08:25:53'
                System info: host: 'INCHCMLP12070', ip: '192.168.1.100', os.name: 'Windows 10', os.arch: 'amd64', os.version: '10.0', java.version: '11.0.12'
                Driver info: driver.version: unknown
                    at Object.checkLegacyResponse (C:\Users\dr00810779\AppData\Roaming\npm\node_modules\protractor\node_modules\selenium-webdriver\lib\error.js:553:13)
                    at parseHttpResponse (C:\Users\dr00810779\AppData\Roaming\npm\node_modules\protractor\node_modules\selenium-webdriver\lib\http.js:509:13)
                    at C:\Users\dr00810779\AppData\Roaming\npm\node_modules\protractor\node_modules\selenium-webdriver\lib\http.js:441:30
                    at runMicrotasks (&lt;anonymous>)
                    at processTicksAndRejections (internal/process/task_queues.js:95:5)
                From: Task: WebDriver.findElements(By(xpath, //input[@id="Uname"]))
                    at thenableWebDriverProxy.schedule (C:\Users\dr00810779\AppData\Roaming\npm\node_modules\protractor\node_modules\selenium-webdriver\lib\webdriver.js:807:17)
                    at thenableWebDriverProxy.findElements (C:\Users\dr00810779\AppData\Roaming\npm\node_modules\protractor\node_modules\selenium-webdriver\lib\webdriver.js:1048:19)
                    at C:\Users\dr00810779\AppData\Roaming\npm\node_modules\protractor\built\element.js:159:44
                    at ManagedPromise.invokeCallback_ (C:\Users\dr00810779\AppData\Roaming\npm\node_modules\protractor\node_modules\selenium-webdriver\lib\promise.js:1376:14)
                    at TaskQueue.execute_ (C:\Users\dr00810779\AppData\Roaming\npm\node_modules\protractor\node_modules\selenium-webdriver\lib\promise.js:3084:14)
                    at TaskQueue.executeNext_ (C:\Users\dr00810779\AppData\Roaming\npm\node_modules\protractor\node_modules\selenium-webdriver\lib\promise.js:3067:27)
                    at C:\Users\dr00810779\AppData\Roaming\npm\node_modules\protractor\node_modules\selenium-webdriver\lib\promise.js:2927:27
                    at C:\Users\dr00810779\AppData\Roaming\npm\node_modules\protractor\node_modules\selenium-webdriver\lib\promise.js:668:7
                From: Task: &lt;anonymous>
                    at pollCondition (C:\Users\dr00810779\AppData\Roaming\npm\node_modules\protractor\node_modules\selenium-webdriver\lib\promise.js:2195:19)
                    at C:\Users\dr00810779\AppData\Roaming\npm\node_modules\protractor\node_modules\selenium-webdriver\lib\promise.js:2191:7
                    at new ManagedPromise (C:\Users\dr00810779\AppData\Roaming\npm\node_modules\protractor\node_modules\selenium-webdriver\lib\promise.js:1077:7)
                    at ControlFlow.promise (C:\Users\dr00810779\AppData\Roaming\npm\node_modules\protractor\node_modules\selenium-webdriver\lib\promise.js:2505:12)
                    at C:\Users\dr00810779\AppData\Roaming\npm\node_modules\protractor\node_modules\selenium-webdriver\lib\promise.js:2190:22
                    at TaskQueue.execute_ (C:\Users\dr00810779\AppData\Roaming\npm\node_modules\protractor\node_modules\selenium-webdriver\lib\promise.js:3084:14)
                    at TaskQueue.executeNext_ (C:\Users\dr00810779\AppData\Roaming\npm\node_modules\protractor\node_modules\selenium-webdriver\lib\promise.js:3067:27)
                    at C:\Users\dr00810779\AppData\Roaming\npm\node_modules\protractor\node_modules\selenium-webdriver\lib\promise.js:2927:27
                    at C:\Users\dr00810779\AppData\Roaming\npm\node_modules\protractor\node_modules\selenium-webdriver\lib\promise.js:668:7
                From: Task: Element taking too long to appear in the DOM
                    at scheduleWait (C:\Users\dr00810779\AppData\Roaming\npm\node_modules\protractor\node_modules\selenium-webdriver\lib\promise.js:2188:20)
                    at ControlFlow.wait (C:\Users\dr00810779\AppData\Roaming\npm\node_modules\protractor\node_modules\selenium-webdriver\lib\promise.js:2517:12)
                    at thenableWebDriverProxy.wait (C:\Users\dr00810779\AppData\Roaming\npm\node_modules\protractor\node_modules\selenium-webdriver\lib\webdriver.js:934:29)
                    at run (C:\Users\dr00810779\AppData\Roaming\npm\node_modules\protractor\built\browser.js:58:33)
                    at ProtractorBrowser.to.&lt;computed> [as wait] (C:\Users\dr00810779\AppData\Roaming\npm\node_modules\protractor\built\browser.js:66:16)
                    at UserContext.&lt;anonymous> (D:\iTAP\Recorded_Scenarios\testRun\java\spec.js:5182:9)
                    at C:\Users\dr00810779\AppData\Roaming\npm\node_modules\protractor\node_modules\jasminewd2\index.js:112:25
                    at new ManagedPromise (C:\Users\dr00810779\AppData\Roaming\npm\node_modules\protractor\node_modules\selenium-webdriver\lib\promise.js:1077:7)
                    at ControlFlow.promise (C:\Users\dr00810779\AppData\Roaming\npm\node_modules\protractor\node_modules\selenium-webdriver\lib\promise.js:2505:12)
                    at schedulerExecute (C:\Users\dr00810779\AppData\Roaming\npm\node_modules\protractor\node_modules\jasminewd2\index.js:95:18)
                From: Task: Run it("screendefinitioncount_testcase16") in control flow
                    at UserContext.&lt;anonymous> (C:\Users\dr00810779\AppData\Roaming\npm\node_modules\protractor\node_modules\jasminewd2\index.js:94:19)
                    at attempt (C:\Users\dr00810779\AppData\Roaming\npm\node_modules\protractor\node_modules\jasmine-core\lib\jasmine-core\jasmine.js:4297:26)
                    at QueueRunner.run (C:\Users\dr00810779\AppData\Roaming\npm\node_modules\protractor\node_modules\jasmine-core\lib\jasmine-core\jasmine.js:4217:20)
                    at QueueRunner.execute (C:\Users\dr00810779\AppData\Roaming\npm\node_modules\protractor\node_modules\jasmine-core\lib\jasmine-core\jasmine.js:4199:10)
                    at Spec.queueRunnerFactory (C:\Users\dr00810779\AppData\Roaming\npm\node_modules\protractor\node_modules\jasmine-core\lib\jasmine-core\jasmine.js:909:35)
                    at Spec.execute (C:\Users\dr00810779\AppData\Roaming\npm\node_modules\protractor\node_modules\jasmine-core\lib\jasmine-core\jasmine.js:526:10)
                    at UserContext.fn (C:\Users\dr00810779\AppData\Roaming\npm\node_modules\protractor\node_modules\jasmine-core\lib\jasmine-core\jasmine.js:5340:37)
                    at attempt (C:\Users\dr00810779\AppData\Roaming\npm\node_modules\protractor\node_modules\jasmine-core\lib\jasmine-core\jasmine.js:4297:26)
                    at QueueRunner.run (C:\Users\dr00810779\AppData\Roaming\npm\node_modules\protractor\node_modules\jasmine-core\lib\jasmine-core\jasmine.js:4217:20)
                    at runNext (C:\Users\dr00810779\AppData\Roaming\npm\node_modules\protractor\node_modules\jasmine-core\lib\jasmine-core\jasmine.js:4257:20)
                From asynchronous test: 
                Error
                    at Suite.&lt;anonymous> (D:\iTAP\Recorded_Scenarios\testRun\java\spec.js:5160:1)
                    at addSpecsToSuite (C:\Users\dr00810779\AppData\Roaming\npm\node_modules\protractor\node_modules\jasmine-core\lib\jasmine-core\jasmine.js:1107:25)
                    at Env.describe (C:\Users\dr00810779\AppData\Roaming\npm\node_modules\protractor\node_modules\jasmine-core\lib\jasmine-core\jasmine.js:1074:7)
                    at describe (C:\Users\dr00810779\AppData\Roaming\npm\node_modules\protractor\node_modules\jasmine-core\lib\jasmine-core\jasmine.js:4399:18)
                    at Object.&lt;anonymous> (D:\iTAP\Recorded_Scenarios\testRun\java\spec.js:6:26)
                    at Module._compile (internal/modules/cjs/loader.js:1085:14)
                    at Object.Module._extensions..js (internal/modules/cjs/loader.js:1114:10)
                    at Module.load (internal/modules/cjs/loader.js:950:32)
                    at Function.Module._load (internal/modules/cjs/loader.js:790:14)</stack-trace>
            </failure>
        </test-case>
        <test-case start='1659772057684' status='passed' stop='1659772069768'>
            <name>screendefinition_testcase17</name>
            <title>screendefinition_testcase17</title>
            <labels/>
            <parameters/>
            <steps/>
            <attachments>
                <attachment title='Screenshot1' source='807b1145-8bf9-4a2f-9ac6-bedb6f586a3a-attachment.png' type='image/png' size='44514'/>
            </attachments>
        </test-case>
        <test-case start='1659772069768' status='failed' stop='1659772069999'>
            <name>sankey1_testcase18</name>
            <title>sankey1_testcase18</title>
            <labels/>
            <parameters/>
            <steps/>
            <attachments>
                <attachment title='Screenshot1' source='0a0b1455-96ad-4fdc-8127-6775b8fe97a1-attachment.png' type='image/png' size='12698'/>
            </attachments>
            <failure>
                <message>Failed: unexpected alert open: {Alert text : }
                  (Session info: chrome=104.0.5112.81): {Alert text : 
                Build info: version: '3.141.59', revision: 'e82be7d358', time: '2018-11-14T08:25:53'
                System info: host: 'INCHCMLP12070', ip: '192.168.1.100', os.name: 'Windows 10', os.arch: 'amd64', os.version: '10.0', java.version: '11.0.12'
                Driver info: driver.version: unknown</message>
                <stack-trace>UnexpectedAlertOpenError: unexpected alert open: {Alert text : }
                  (Session info: chrome=104.0.5112.81): {Alert text : 
                Build info: version: '3.141.59', revision: 'e82be7d358', time: '2018-11-14T08:25:53'
                System info: host: 'INCHCMLP12070', ip: '192.168.1.100', os.name: 'Windows 10', os.arch: 'amd64', os.version: '10.0', java.version: '11.0.12'
                Driver info: driver.version: unknown
                    at Object.checkLegacyResponse (C:\Users\dr00810779\AppData\Roaming\npm\node_modules\protractor\node_modules\selenium-webdriver\lib\error.js:553:13)
                    at parseHttpResponse (C:\Users\dr00810779\AppData\Roaming\npm\node_modules\protractor\node_modules\selenium-webdriver\lib\http.js:509:13)
                    at C:\Users\dr00810779\AppData\Roaming\npm\node_modules\protractor\node_modules\selenium-webdriver\lib\http.js:441:30
                    at runMicrotasks (&lt;anonymous>)
                    at processTicksAndRejections (internal/process/task_queues.js:95:5)
                From: Task: WebDriver.findElements(By(xpath, //input[@id="Uname"]))
                    at thenableWebDriverProxy.schedule (C:\Users\dr00810779\AppData\Roaming\npm\node_modules\protractor\node_modules\selenium-webdriver\lib\webdriver.js:807:17)
                    at thenableWebDriverProxy.findElements (C:\Users\dr00810779\AppData\Roaming\npm\node_modules\protractor\node_modules\selenium-webdriver\lib\webdriver.js:1048:19)
                    at C:\Users\dr00810779\AppData\Roaming\npm\node_modules\protractor\built\element.js:159:44
                    at ManagedPromise.invokeCallback_ (C:\Users\dr00810779\AppData\Roaming\npm\node_modules\protractor\node_modules\selenium-webdriver\lib\promise.js:1376:14)
                    at TaskQueue.execute_ (C:\Users\dr00810779\AppData\Roaming\npm\node_modules\protractor\node_modules\selenium-webdriver\lib\promise.js:3084:14)
                    at TaskQueue.executeNext_ (C:\Users\dr00810779\AppData\Roaming\npm\node_modules\protractor\node_modules\selenium-webdriver\lib\promise.js:3067:27)
                    at C:\Users\dr00810779\AppData\Roaming\npm\node_modules\protractor\node_modules\selenium-webdriver\lib\promise.js:2927:27
                    at C:\Users\dr00810779\AppData\Roaming\npm\node_modules\protractor\node_modules\selenium-webdriver\lib\promise.js:668:7
                From: Task: &lt;anonymous>
                    at pollCondition (C:\Users\dr00810779\AppData\Roaming\npm\node_modules\protractor\node_modules\selenium-webdriver\lib\promise.js:2195:19)
                    at C:\Users\dr00810779\AppData\Roaming\npm\node_modules\protractor\node_modules\selenium-webdriver\lib\promise.js:2191:7
                    at new ManagedPromise (C:\Users\dr00810779\AppData\Roaming\npm\node_modules\protractor\node_modules\selenium-webdriver\lib\promise.js:1077:7)
                    at ControlFlow.promise (C:\Users\dr00810779\AppData\Roaming\npm\node_modules\protractor\node_modules\selenium-webdriver\lib\promise.js:2505:12)
                    at C:\Users\dr00810779\AppData\Roaming\npm\node_modules\protractor\node_modules\selenium-webdriver\lib\promise.js:2190:22
                    at TaskQueue.execute_ (C:\Users\dr00810779\AppData\Roaming\npm\node_modules\protractor\node_modules\selenium-webdriver\lib\promise.js:3084:14)
                    at TaskQueue.executeNext_ (C:\Users\dr00810779\AppData\Roaming\npm\node_modules\protractor\node_modules\selenium-webdriver\lib\promise.js:3067:27)
                    at C:\Users\dr00810779\AppData\Roaming\npm\node_modules\protractor\node_modules\selenium-webdriver\lib\promise.js:2927:27
                    at C:\Users\dr00810779\AppData\Roaming\npm\node_modules\protractor\node_modules\selenium-webdriver\lib\promise.js:668:7
                From: Task: Element taking too long to appear in the DOM
                    at scheduleWait (C:\Users\dr00810779\AppData\Roaming\npm\node_modules\protractor\node_modules\selenium-webdriver\lib\promise.js:2188:20)
                    at ControlFlow.wait (C:\Users\dr00810779\AppData\Roaming\npm\node_modules\protractor\node_modules\selenium-webdriver\lib\promise.js:2517:12)
                    at thenableWebDriverProxy.wait (C:\Users\dr00810779\AppData\Roaming\npm\node_modules\protractor\node_modules\selenium-webdriver\lib\webdriver.js:934:29)
                    at run (C:\Users\dr00810779\AppData\Roaming\npm\node_modules\protractor\built\browser.js:58:33)
                    at ProtractorBrowser.to.&lt;computed> [as wait] (C:\Users\dr00810779\AppData\Roaming\npm\node_modules\protractor\built\browser.js:66:16)
                    at UserContext.&lt;anonymous> (D:\iTAP\Recorded_Scenarios\testRun\java\spec.js:5917:9)
                    at C:\Users\dr00810779\AppData\Roaming\npm\node_modules\protractor\node_modules\jasminewd2\index.js:112:25
                    at new ManagedPromise (C:\Users\dr00810779\AppData\Roaming\npm\node_modules\protractor\node_modules\selenium-webdriver\lib\promise.js:1077:7)
                    at ControlFlow.promise (C:\Users\dr00810779\AppData\Roaming\npm\node_modules\protractor\node_modules\selenium-webdriver\lib\promise.js:2505:12)
                    at schedulerExecute (C:\Users\dr00810779\AppData\Roaming\npm\node_modules\protractor\node_modules\jasminewd2\index.js:95:18)
                From: Task: Run it("sankey1_testcase18") in control flow
                    at UserContext.&lt;anonymous> (C:\Users\dr00810779\AppData\Roaming\npm\node_modules\protractor\node_modules\jasminewd2\index.js:94:19)
                    at attempt (C:\Users\dr00810779\AppData\Roaming\npm\node_modules\protractor\node_modules\jasmine-core\lib\jasmine-core\jasmine.js:4297:26)
                    at QueueRunner.run (C:\Users\dr00810779\AppData\Roaming\npm\node_modules\protractor\node_modules\jasmine-core\lib\jasmine-core\jasmine.js:4217:20)
                    at QueueRunner.execute (C:\Users\dr00810779\AppData\Roaming\npm\node_modules\protractor\node_modules\jasmine-core\lib\jasmine-core\jasmine.js:4199:10)
                    at Spec.queueRunnerFactory (C:\Users\dr00810779\AppData\Roaming\npm\node_modules\protractor\node_modules\jasmine-core\lib\jasmine-core\jasmine.js:909:35)
                    at Spec.execute (C:\Users\dr00810779\AppData\Roaming\npm\node_modules\protractor\node_modules\jasmine-core\lib\jasmine-core\jasmine.js:526:10)
                    at UserContext.fn (C:\Users\dr00810779\AppData\Roaming\npm\node_modules\protractor\node_modules\jasmine-core\lib\jasmine-core\jasmine.js:5340:37)
                    at attempt (C:\Users\dr00810779\AppData\Roaming\npm\node_modules\protractor\node_modules\jasmine-core\lib\jasmine-core\jasmine.js:4297:26)
                    at QueueRunner.run (C:\Users\dr00810779\AppData\Roaming\npm\node_modules\protractor\node_modules\jasmine-core\lib\jasmine-core\jasmine.js:4217:20)
                    at runNext (C:\Users\dr00810779\AppData\Roaming\npm\node_modules\protractor\node_modules\jasmine-core\lib\jasmine-core\jasmine.js:4257:20)
                From asynchronous test: 
                Error
                    at Suite.&lt;anonymous> (D:\iTAP\Recorded_Scenarios\testRun\java\spec.js:5895:1)
                    at addSpecsToSuite (C:\Users\dr00810779\AppData\Roaming\npm\node_modules\protractor\node_modules\jasmine-core\lib\jasmine-core\jasmine.js:1107:25)
                    at Env.describe (C:\Users\dr00810779\AppData\Roaming\npm\node_modules\protractor\node_modules\jasmine-core\lib\jasmine-core\jasmine.js:1074:7)
                    at describe (C:\Users\dr00810779\AppData\Roaming\npm\node_modules\protractor\node_modules\jasmine-core\lib\jasmine-core\jasmine.js:4399:18)
                    at Object.&lt;anonymous> (D:\iTAP\Recorded_Scenarios\testRun\java\spec.js:6:26)
                    at Module._compile (internal/modules/cjs/loader.js:1085:14)
                    at Object.Module._extensions..js (internal/modules/cjs/loader.js:1114:10)
                    at Module.load (internal/modules/cjs/loader.js:950:32)
                    at Function.Module._load (internal/modules/cjs/loader.js:790:14)</stack-trace>
            </failure>
        </test-case>
        <test-case start='1659772069999' status='passed' stop='1659772082101'>
            <name>sankeypage_testcase19</name>
            <title>sankeypage_testcase19</title>
            <labels/>
            <parameters/>
            <steps/>
            <attachments>
                <attachment title='Screenshot1' source='ee9e4231-aa53-4fc0-a4bc-eb7744949c46-attachment.png' type='image/png' size='35115'/>
            </attachments>
        </test-case>
        <test-case start='1659772082101' status='passed' stop='1659772094693'>
            <name>sankey_testcase20</name>
            <title>sankey_testcase20</title>
            <labels/>
            <parameters/>
            <steps/>
            <attachments>
                <attachment title='Screenshot1' source='05368288-87eb-452b-9e68-b189c2116397-attachment.png' type='image/png' size='34956'/>
            </attachments>
        </test-case>
        <test-case start='1659772094693' status='failed' stop='1659772094895'>
            <name>rulesreport2_testcase21</name>
            <title>rulesreport2_testcase21</title>
            <labels/>
            <parameters/>
            <steps/>
            <attachments>
                <attachment title='Screenshot1' source='4a88d3e4-27ea-45be-8c7b-d718fd44d6e4-attachment.png' type='image/png' size='12698'/>
            </attachments>
            <failure>
                <message>Failed: unexpected alert open: {Alert text : }
                  (Session info: chrome=104.0.5112.81): {Alert text : 
                Build info: version: '3.141.59', revision: 'e82be7d358', time: '2018-11-14T08:25:53'
                System info: host: 'INCHCMLP12070', ip: '192.168.1.100', os.name: 'Windows 10', os.arch: 'amd64', os.version: '10.0', java.version: '11.0.12'
                Driver info: driver.version: unknown</message>
                <stack-trace>UnexpectedAlertOpenError: unexpected alert open: {Alert text : }
                  (Session info: chrome=104.0.5112.81): {Alert text : 
                Build info: version: '3.141.59', revision: 'e82be7d358', time: '2018-11-14T08:25:53'
                System info: host: 'INCHCMLP12070', ip: '192.168.1.100', os.name: 'Windows 10', os.arch: 'amd64', os.version: '10.0', java.version: '11.0.12'
                Driver info: driver.version: unknown
                    at Object.checkLegacyResponse (C:\Users\dr00810779\AppData\Roaming\npm\node_modules\protractor\node_modules\selenium-webdriver\lib\error.js:553:13)
                    at parseHttpResponse (C:\Users\dr00810779\AppData\Roaming\npm\node_modules\protractor\node_modules\selenium-webdriver\lib\http.js:509:13)
                    at C:\Users\dr00810779\AppData\Roaming\npm\node_modules\protractor\node_modules\selenium-webdriver\lib\http.js:441:30
                    at runMicrotasks (&lt;anonymous>)
                    at processTicksAndRejections (internal/process/task_queues.js:95:5)
                From: Task: WebDriver.findElements(By(xpath, //input[@id="Uname"]))
                    at thenableWebDriverProxy.schedule (C:\Users\dr00810779\AppData\Roaming\npm\node_modules\protractor\node_modules\selenium-webdriver\lib\webdriver.js:807:17)
                    at thenableWebDriverProxy.findElements (C:\Users\dr00810779\AppData\Roaming\npm\node_modules\protractor\node_modules\selenium-webdriver\lib\webdriver.js:1048:19)
                    at C:\Users\dr00810779\AppData\Roaming\npm\node_modules\protractor\built\element.js:159:44
                    at ManagedPromise.invokeCallback_ (C:\Users\dr00810779\AppData\Roaming\npm\node_modules\protractor\node_modules\selenium-webdriver\lib\promise.js:1376:14)
                    at TaskQueue.execute_ (C:\Users\dr00810779\AppData\Roaming\npm\node_modules\protractor\node_modules\selenium-webdriver\lib\promise.js:3084:14)
                    at TaskQueue.executeNext_ (C:\Users\dr00810779\AppData\Roaming\npm\node_modules\protractor\node_modules\selenium-webdriver\lib\promise.js:3067:27)
                    at C:\Users\dr00810779\AppData\Roaming\npm\node_modules\protractor\node_modules\selenium-webdriver\lib\promise.js:2927:27
                    at C:\Users\dr00810779\AppData\Roaming\npm\node_modules\protractor\node_modules\selenium-webdriver\lib\promise.js:668:7
                From: Task: &lt;anonymous>
                    at pollCondition (C:\Users\dr00810779\AppData\Roaming\npm\node_modules\protractor\node_modules\selenium-webdriver\lib\promise.js:2195:19)
                    at C:\Users\dr00810779\AppData\Roaming\npm\node_modules\protractor\node_modules\selenium-webdriver\lib\promise.js:2191:7
                    at new ManagedPromise (C:\Users\dr00810779\AppData\Roaming\npm\node_modules\protractor\node_modules\selenium-webdriver\lib\promise.js:1077:7)
                    at ControlFlow.promise (C:\Users\dr00810779\AppData\Roaming\npm\node_modules\protractor\node_modules\selenium-webdriver\lib\promise.js:2505:12)
                    at C:\Users\dr00810779\AppData\Roaming\npm\node_modules\protractor\node_modules\selenium-webdriver\lib\promise.js:2190:22
                    at TaskQueue.execute_ (C:\Users\dr00810779\AppData\Roaming\npm\node_modules\protractor\node_modules\selenium-webdriver\lib\promise.js:3084:14)
                    at TaskQueue.executeNext_ (C:\Users\dr00810779\AppData\Roaming\npm\node_modules\protractor\node_modules\selenium-webdriver\lib\promise.js:3067:27)
                    at C:\Users\dr00810779\AppData\Roaming\npm\node_modules\protractor\node_modules\selenium-webdriver\lib\promise.js:2927:27
                    at C:\Users\dr00810779\AppData\Roaming\npm\node_modules\protractor\node_modules\selenium-webdriver\lib\promise.js:668:7
                From: Task: Element taking too long to appear in the DOM
                    at scheduleWait (C:\Users\dr00810779\AppData\Roaming\npm\node_modules\protractor\node_modules\selenium-webdriver\lib\promise.js:2188:20)
                    at ControlFlow.wait (C:\Users\dr00810779\AppData\Roaming\npm\node_modules\protractor\node_modules\selenium-webdriver\lib\promise.js:2517:12)
                    at thenableWebDriverProxy.wait (C:\Users\dr00810779\AppData\Roaming\npm\node_modules\protractor\node_modules\selenium-webdriver\lib\webdriver.js:934:29)
                    at run (C:\Users\dr00810779\AppData\Roaming\npm\node_modules\protractor\built\browser.js:58:33)
                    at ProtractorBrowser.to.&lt;computed> [as wait] (C:\Users\dr00810779\AppData\Roaming\npm\node_modules\protractor\built\browser.js:66:16)
                    at UserContext.&lt;anonymous> (D:\iTAP\Recorded_Scenarios\testRun\java\spec.js:6628:9)
                    at C:\Users\dr00810779\AppData\Roaming\npm\node_modules\protractor\node_modules\jasminewd2\index.js:112:25
                    at new ManagedPromise (C:\Users\dr00810779\AppData\Roaming\npm\node_modules\protractor\node_modules\selenium-webdriver\lib\promise.js:1077:7)
                    at ControlFlow.promise (C:\Users\dr00810779\AppData\Roaming\npm\node_modules\protractor\node_modules\selenium-webdriver\lib\promise.js:2505:12)
                    at schedulerExecute (C:\Users\dr00810779\AppData\Roaming\npm\node_modules\protractor\node_modules\jasminewd2\index.js:95:18)
                From: Task: Run it("rulesreport2_testcase21") in control flow
                    at UserContext.&lt;anonymous> (C:\Users\dr00810779\AppData\Roaming\npm\node_modules\protractor\node_modules\jasminewd2\index.js:94:19)
                    at attempt (C:\Users\dr00810779\AppData\Roaming\npm\node_modules\protractor\node_modules\jasmine-core\lib\jasmine-core\jasmine.js:4297:26)
                    at QueueRunner.run (C:\Users\dr00810779\AppData\Roaming\npm\node_modules\protractor\node_modules\jasmine-core\lib\jasmine-core\jasmine.js:4217:20)
                    at QueueRunner.execute (C:\Users\dr00810779\AppData\Roaming\npm\node_modules\protractor\node_modules\jasmine-core\lib\jasmine-core\jasmine.js:4199:10)
                    at Spec.queueRunnerFactory (C:\Users\dr00810779\AppData\Roaming\npm\node_modules\protractor\node_modules\jasmine-core\lib\jasmine-core\jasmine.js:909:35)
                    at Spec.execute (C:\Users\dr00810779\AppData\Roaming\npm\node_modules\protractor\node_modules\jasmine-core\lib\jasmine-core\jasmine.js:526:10)
                    at UserContext.fn (C:\Users\dr00810779\AppData\Roaming\npm\node_modules\protractor\node_modules\jasmine-core\lib\jasmine-core\jasmine.js:5340:37)
                    at attempt (C:\Users\dr00810779\AppData\Roaming\npm\node_modules\protractor\node_modules\jasmine-core\lib\jasmine-core\jasmine.js:4297:26)
                    at QueueRunner.run (C:\Users\dr00810779\AppData\Roaming\npm\node_modules\protractor\node_modules\jasmine-core\lib\jasmine-core\jasmine.js:4217:20)
                    at runNext (C:\Users\dr00810779\AppData\Roaming\npm\node_modules\protractor\node_modules\jasmine-core\lib\jasmine-core\jasmine.js:4257:20)
                From asynchronous test: 
                Error
                    at Suite.&lt;anonymous> (D:\iTAP\Recorded_Scenarios\testRun\java\spec.js:6606:1)
                    at addSpecsToSuite (C:\Users\dr00810779\AppData\Roaming\npm\node_modules\protractor\node_modules\jasmine-core\lib\jasmine-core\jasmine.js:1107:25)
                    at Env.describe (C:\Users\dr00810779\AppData\Roaming\npm\node_modules\protractor\node_modules\jasmine-core\lib\jasmine-core\jasmine.js:1074:7)
                    at describe (C:\Users\dr00810779\AppData\Roaming\npm\node_modules\protractor\node_modules\jasmine-core\lib\jasmine-core\jasmine.js:4399:18)
                    at Object.&lt;anonymous> (D:\iTAP\Recorded_Scenarios\testRun\java\spec.js:6:26)
                    at Module._compile (internal/modules/cjs/loader.js:1085:14)
                    at Object.Module._extensions..js (internal/modules/cjs/loader.js:1114:10)
                    at Module.load (internal/modules/cjs/loader.js:950:32)
                    at Function.Module._load (internal/modules/cjs/loader.js:790:14)</stack-trace>
            </failure>
        </test-case>
        <test-case start='1659772094896' status='passed' stop='1659772104446'>
            <name>rulesreport1_testcase22</name>
            <title>rulesreport1_testcase22</title>
            <labels/>
            <parameters/>
            <steps/>
            <attachments>
                <attachment title='Screenshot1' source='7d0b6344-4ba9-4b35-beea-e13dac09d776-attachment.png' type='image/png' size='43111'/>
            </attachments>
        </test-case>
        <test-case start='1659772104446' status='failed' stop='1659772104661'>
            <name>rulesreport_testcase23</name>
            <title>rulesreport_testcase23</title>
            <labels/>
            <parameters/>
            <steps/>
            <attachments>
                <attachment title='Screenshot1' source='741f487d-4b6c-4b25-aaf1-4908aca964ca-attachment.png' type='image/png' size='12698'/>
            </attachments>
            <failure>
                <message>Failed: unexpected alert open: {Alert text : }
                  (Session info: chrome=104.0.5112.81): {Alert text : 
                Build info: version: '3.141.59', revision: 'e82be7d358', time: '2018-11-14T08:25:53'
                System info: host: 'INCHCMLP12070', ip: '192.168.1.100', os.name: 'Windows 10', os.arch: 'amd64', os.version: '10.0', java.version: '11.0.12'
                Driver info: driver.version: unknown</message>
                <stack-trace>UnexpectedAlertOpenError: unexpected alert open: {Alert text : }
                  (Session info: chrome=104.0.5112.81): {Alert text : 
                Build info: version: '3.141.59', revision: 'e82be7d358', time: '2018-11-14T08:25:53'
                System info: host: 'INCHCMLP12070', ip: '192.168.1.100', os.name: 'Windows 10', os.arch: 'amd64', os.version: '10.0', java.version: '11.0.12'
                Driver info: driver.version: unknown
                    at Object.checkLegacyResponse (C:\Users\dr00810779\AppData\Roaming\npm\node_modules\protractor\node_modules\selenium-webdriver\lib\error.js:553:13)
                    at parseHttpResponse (C:\Users\dr00810779\AppData\Roaming\npm\node_modules\protractor\node_modules\selenium-webdriver\lib\http.js:509:13)
                    at C:\Users\dr00810779\AppData\Roaming\npm\node_modules\protractor\node_modules\selenium-webdriver\lib\http.js:441:30
                    at runMicrotasks (&lt;anonymous>)
                    at processTicksAndRejections (internal/process/task_queues.js:95:5)
                From: Task: WebDriver.findElements(By(xpath, //input[@id="Uname"]))
                    at thenableWebDriverProxy.schedule (C:\Users\dr00810779\AppData\Roaming\npm\node_modules\protractor\node_modules\selenium-webdriver\lib\webdriver.js:807:17)
                    at thenableWebDriverProxy.findElements (C:\Users\dr00810779\AppData\Roaming\npm\node_modules\protractor\node_modules\selenium-webdriver\lib\webdriver.js:1048:19)
                    at C:\Users\dr00810779\AppData\Roaming\npm\node_modules\protractor\built\element.js:159:44
                    at ManagedPromise.invokeCallback_ (C:\Users\dr00810779\AppData\Roaming\npm\node_modules\protractor\node_modules\selenium-webdriver\lib\promise.js:1376:14)
                    at TaskQueue.execute_ (C:\Users\dr00810779\AppData\Roaming\npm\node_modules\protractor\node_modules\selenium-webdriver\lib\promise.js:3084:14)
                    at TaskQueue.executeNext_ (C:\Users\dr00810779\AppData\Roaming\npm\node_modules\protractor\node_modules\selenium-webdriver\lib\promise.js:3067:27)
                    at C:\Users\dr00810779\AppData\Roaming\npm\node_modules\protractor\node_modules\selenium-webdriver\lib\promise.js:2927:27
                    at C:\Users\dr00810779\AppData\Roaming\npm\node_modules\protractor\node_modules\selenium-webdriver\lib\promise.js:668:7
                From: Task: &lt;anonymous>
                    at pollCondition (C:\Users\dr00810779\AppData\Roaming\npm\node_modules\protractor\node_modules\selenium-webdriver\lib\promise.js:2195:19)
                    at C:\Users\dr00810779\AppData\Roaming\npm\node_modules\protractor\node_modules\selenium-webdriver\lib\promise.js:2191:7
                    at new ManagedPromise (C:\Users\dr00810779\AppData\Roaming\npm\node_modules\protractor\node_modules\selenium-webdriver\lib\promise.js:1077:7)
                    at ControlFlow.promise (C:\Users\dr00810779\AppData\Roaming\npm\node_modules\protractor\node_modules\selenium-webdriver\lib\promise.js:2505:12)
                    at C:\Users\dr00810779\AppData\Roaming\npm\node_modules\protractor\node_modules\selenium-webdriver\lib\promise.js:2190:22
                    at TaskQueue.execute_ (C:\Users\dr00810779\AppData\Roaming\npm\node_modules\protractor\node_modules\selenium-webdriver\lib\promise.js:3084:14)
                    at TaskQueue.executeNext_ (C:\Users\dr00810779\AppData\Roaming\npm\node_modules\protractor\node_modules\selenium-webdriver\lib\promise.js:3067:27)
                    at C:\Users\dr00810779\AppData\Roaming\npm\node_modules\protractor\node_modules\selenium-webdriver\lib\promise.js:2927:27
                    at C:\Users\dr00810779\AppData\Roaming\npm\node_modules\protractor\node_modules\selenium-webdriver\lib\promise.js:668:7
                From: Task: Element taking too long to appear in the DOM
                    at scheduleWait (C:\Users\dr00810779\AppData\Roaming\npm\node_modules\protractor\node_modules\selenium-webdriver\lib\promise.js:2188:20)
                    at ControlFlow.wait (C:\Users\dr00810779\AppData\Roaming\npm\node_modules\protractor\node_modules\selenium-webdriver\lib\promise.js:2517:12)
                    at thenableWebDriverProxy.wait (C:\Users\dr00810779\AppData\Roaming\npm\node_modules\protractor\node_modules\selenium-webdriver\lib\webdriver.js:934:29)
                    at run (C:\Users\dr00810779\AppData\Roaming\npm\node_modules\protractor\built\browser.js:58:33)
                    at ProtractorBrowser.to.&lt;computed> [as wait] (C:\Users\dr00810779\AppData\Roaming\npm\node_modules\protractor\built\browser.js:66:16)
                    at UserContext.&lt;anonymous> (D:\iTAP\Recorded_Scenarios\testRun\java\spec.js:7127:9)
                    at C:\Users\dr00810779\AppData\Roaming\npm\node_modules\protractor\node_modules\jasminewd2\index.js:112:25
                    at new ManagedPromise (C:\Users\dr00810779\AppData\Roaming\npm\node_modules\protractor\node_modules\selenium-webdriver\lib\promise.js:1077:7)
                    at ControlFlow.promise (C:\Users\dr00810779\AppData\Roaming\npm\node_modules\protractor\node_modules\selenium-webdriver\lib\promise.js:2505:12)
                    at schedulerExecute (C:\Users\dr00810779\AppData\Roaming\npm\node_modules\protractor\node_modules\jasminewd2\index.js:95:18)
                From: Task: Run it("rulesreport_testcase23") in control flow
                    at UserContext.&lt;anonymous> (C:\Users\dr00810779\AppData\Roaming\npm\node_modules\protractor\node_modules\jasminewd2\index.js:94:19)
                    at attempt (C:\Users\dr00810779\AppData\Roaming\npm\node_modules\protractor\node_modules\jasmine-core\lib\jasmine-core\jasmine.js:4297:26)
                    at QueueRunner.run (C:\Users\dr00810779\AppData\Roaming\npm\node_modules\protractor\node_modules\jasmine-core\lib\jasmine-core\jasmine.js:4217:20)
                    at QueueRunner.execute (C:\Users\dr00810779\AppData\Roaming\npm\node_modules\protractor\node_modules\jasmine-core\lib\jasmine-core\jasmine.js:4199:10)
                    at Spec.queueRunnerFactory (C:\Users\dr00810779\AppData\Roaming\npm\node_modules\protractor\node_modules\jasmine-core\lib\jasmine-core\jasmine.js:909:35)
                    at Spec.execute (C:\Users\dr00810779\AppData\Roaming\npm\node_modules\protractor\node_modules\jasmine-core\lib\jasmine-core\jasmine.js:526:10)
                    at UserContext.fn (C:\Users\dr00810779\AppData\Roaming\npm\node_modules\protractor\node_modules\jasmine-core\lib\jasmine-core\jasmine.js:5340:37)
                    at attempt (C:\Users\dr00810779\AppData\Roaming\npm\node_modules\protractor\node_modules\jasmine-core\lib\jasmine-core\jasmine.js:4297:26)
                    at QueueRunner.run (C:\Users\dr00810779\AppData\Roaming\npm\node_modules\protractor\node_modules\jasmine-core\lib\jasmine-core\jasmine.js:4217:20)
                    at runNext (C:\Users\dr00810779\AppData\Roaming\npm\node_modules\protractor\node_modules\jasmine-core\lib\jasmine-core\jasmine.js:4257:20)
                From asynchronous test: 
                Error
                    at Suite.&lt;anonymous> (D:\iTAP\Recorded_Scenarios\testRun\java\spec.js:7105:1)
                    at addSpecsToSuite (C:\Users\dr00810779\AppData\Roaming\npm\node_modules\protractor\node_modules\jasmine-core\lib\jasmine-core\jasmine.js:1107:25)
                    at Env.describe (C:\Users\dr00810779\AppData\Roaming\npm\node_modules\protractor\node_modules\jasmine-core\lib\jasmine-core\jasmine.js:1074:7)
                    at describe (C:\Users\dr00810779\AppData\Roaming\npm\node_modules\protractor\node_modules\jasmine-core\lib\jasmine-core\jasmine.js:4399:18)
                    at Object.&lt;anonymous> (D:\iTAP\Recorded_Scenarios\testRun\java\spec.js:6:26)
                    at Module._compile (internal/modules/cjs/loader.js:1085:14)
                    at Object.Module._extensions..js (internal/modules/cjs/loader.js:1114:10)
                    at Module.load (internal/modules/cjs/loader.js:950:32)
                    at Function.Module._load (internal/modules/cjs/loader.js:790:14)</stack-trace>
            </failure>
        </test-case>
        <test-case start='1659772104661' status='passed' stop='1659772119051'>
            <name>rulespage_testcase24</name>
            <title>rulespage_testcase24</title>
            <labels/>
            <parameters/>
            <steps/>
            <attachments>
                <attachment title='Screenshot1' source='c587019e-4a63-4387-8237-0c483cff1717-attachment.png' type='image/png' size='35115'/>
            </attachments>
        </test-case>
        <test-case start='1659772119051' status='passed' stop='1659772137500'>
            <name>rulescount_testcase25</name>
            <title>rulescount_testcase25</title>
            <labels/>
            <parameters/>
            <steps/>
            <attachments>
                <attachment title='Screenshot1' source='c3237da8-10d5-4023-b8b2-494ccb407989-attachment.png' type='image/png' size='35115'/>
            </attachments>
        </test-case>
        <test-case start='1659772137500' status='passed' stop='1659772156290'>
            <name>redirectionCheck_testcase26</name>
            <title>redirectionCheck_testcase26</title>
            <labels/>
            <parameters/>
            <steps/>
            <attachments>
                <attachment title='Screenshot1' source='dcf114df-8d1f-4e45-8da7-8732bcc8cb0d-attachment.png' type='image/png' size='35115'/>
            </attachments>
        </test-case>
        <test-case start='1659772156290' status='failed' stop='1659772817557'>
            <name>programprocessflow_testcase27</name>
            <title>programprocessflow_testcase27</title>
            <labels/>
            <parameters/>
            <steps/>
            <attachments/>
            <failure>
                <message>Failed: disconnected: Unable to receive message from renderer
                  (Session info: chrome=104.0.5112.81)
                Build info: version: '3.141.59', revision: 'e82be7d358', time: '2018-11-14T08:25:53'
                System info: host: 'INCHCMLP12070', ip: '192.168.1.100', os.name: 'Windows 10', os.arch: 'amd64', os.version: '10.0', java.version: '11.0.12'
                Driver info: driver.version: unknown</message>
                <stack-trace>WebDriverError: disconnected: Unable to receive message from renderer
                  (Session info: chrome=104.0.5112.81)
                Build info: version: '3.141.59', revision: 'e82be7d358', time: '2018-11-14T08:25:53'
                System info: host: 'INCHCMLP12070', ip: '192.168.1.100', os.name: 'Windows 10', os.arch: 'amd64', os.version: '10.0', java.version: '11.0.12'
                Driver info: driver.version: unknown
                    at Object.checkLegacyResponse (C:\Users\dr00810779\AppData\Roaming\npm\node_modules\protractor\node_modules\selenium-webdriver\lib\error.js:546:15)
                    at parseHttpResponse (C:\Users\dr00810779\AppData\Roaming\npm\node_modules\protractor\node_modules\selenium-webdriver\lib\http.js:509:13)
                    at C:\Users\dr00810779\AppData\Roaming\npm\node_modules\protractor\node_modules\selenium-webdriver\lib\http.js:441:30
                    at runMicrotasks (&lt;anonymous>)
                    at processTicksAndRejections (internal/process/task_queues.js:95:5)
                From: Task: WebElement.click()
                    at thenableWebDriverProxy.schedule (C:\Users\dr00810779\AppData\Roaming\npm\node_modules\protractor\node_modules\selenium-webdriver\lib\webdriver.js:807:17)
                    at WebElement.schedule_ (C:\Users\dr00810779\AppData\Roaming\npm\node_modules\protractor\node_modules\selenium-webdriver\lib\webdriver.js:2010:25)
                    at WebElement.click (C:\Users\dr00810779\AppData\Roaming\npm\node_modules\protractor\node_modules\selenium-webdriver\lib\webdriver.js:2092:17)
                    at actionFn (C:\Users\dr00810779\AppData\Roaming\npm\node_modules\protractor\built\element.js:89:44)
                    at Array.map (&lt;anonymous>)
                    at C:\Users\dr00810779\AppData\Roaming\npm\node_modules\protractor\built\element.js:461:65
                    at ManagedPromise.invokeCallback_ (C:\Users\dr00810779\AppData\Roaming\npm\node_modules\protractor\node_modules\selenium-webdriver\lib\promise.js:1376:14)
                    at TaskQueue.execute_ (C:\Users\dr00810779\AppData\Roaming\npm\node_modules\protractor\node_modules\selenium-webdriver\lib\promise.js:3084:14)
                    at TaskQueue.executeNext_ (C:\Users\dr00810779\AppData\Roaming\npm\node_modules\protractor\node_modules\selenium-webdriver\lib\promise.js:3067:27)
                    at C:\Users\dr00810779\AppData\Roaming\npm\node_modules\protractor\node_modules\selenium-webdriver\lib\promise.js:2927:27Error
                    at ElementArrayFinder.applyAction_ (C:\Users\dr00810779\AppData\Roaming\npm\node_modules\protractor\built\element.js:459:27)
                    at ElementArrayFinder.&lt;computed> [as click] (C:\Users\dr00810779\AppData\Roaming\npm\node_modules\protractor\built\element.js:91:29)
                    at ElementFinder.&lt;computed> [as click] (C:\Users\dr00810779\AppData\Roaming\npm\node_modules\protractor\built\element.js:831:22)
                    at UserContext.&lt;anonymous> (D:\iTAP\Recorded_Scenarios\testRun\java\spec.js:9467:51)
                    at C:\Users\dr00810779\AppData\Roaming\npm\node_modules\protractor\node_modules\jasminewd2\index.js:112:25
                    at new ManagedPromise (C:\Users\dr00810779\AppData\Roaming\npm\node_modules\protractor\node_modules\selenium-webdriver\lib\promise.js:1077:7)
                    at ControlFlow.promise (C:\Users\dr00810779\AppData\Roaming\npm\node_modules\protractor\node_modules\selenium-webdriver\lib\promise.js:2505:12)
                    at schedulerExecute (C:\Users\dr00810779\AppData\Roaming\npm\node_modules\protractor\node_modules\jasminewd2\index.js:95:18)
                    at TaskQueue.execute_ (C:\Users\dr00810779\AppData\Roaming\npm\node_modules\protractor\node_modules\selenium-webdriver\lib\promise.js:3084:14)
                    at TaskQueue.executeNext_ (C:\Users\dr00810779\AppData\Roaming\npm\node_modules\protractor\node_modules\selenium-webdriver\lib\promise.js:3067:27)
                From: Task: Run it("programprocessflow_testcase27") in control flow
                    at UserContext.&lt;anonymous> (C:\Users\dr00810779\AppData\Roaming\npm\node_modules\protractor\node_modules\jasminewd2\index.js:94:19)
                    at attempt (C:\Users\dr00810779\AppData\Roaming\npm\node_modules\protractor\node_modules\jasmine-core\lib\jasmine-core\jasmine.js:4297:26)
                    at QueueRunner.run (C:\Users\dr00810779\AppData\Roaming\npm\node_modules\protractor\node_modules\jasmine-core\lib\jasmine-core\jasmine.js:4217:20)
                    at QueueRunner.execute (C:\Users\dr00810779\AppData\Roaming\npm\node_modules\protractor\node_modules\jasmine-core\lib\jasmine-core\jasmine.js:4199:10)
                    at Spec.queueRunnerFactory (C:\Users\dr00810779\AppData\Roaming\npm\node_modules\protractor\node_modules\jasmine-core\lib\jasmine-core\jasmine.js:909:35)
                    at Spec.execute (C:\Users\dr00810779\AppData\Roaming\npm\node_modules\protractor\node_modules\jasmine-core\lib\jasmine-core\jasmine.js:526:10)
                    at UserContext.fn (C:\Users\dr00810779\AppData\Roaming\npm\node_modules\protractor\node_modules\jasmine-core\lib\jasmine-core\jasmine.js:5340:37)
                    at attempt (C:\Users\dr00810779\AppData\Roaming\npm\node_modules\protractor\node_modules\jasmine-core\lib\jasmine-core\jasmine.js:4297:26)
                    at QueueRunner.run (C:\Users\dr00810779\AppData\Roaming\npm\node_modules\protractor\node_modules\jasmine-core\lib\jasmine-core\jasmine.js:4217:20)
                    at runNext (C:\Users\dr00810779\AppData\Roaming\npm\node_modules\protractor\node_modules\jasmine-core\lib\jasmine-core\jasmine.js:4257:20)
                From asynchronous test: 
                Error
                    at Suite.&lt;anonymous> (D:\iTAP\Recorded_Scenarios\testRun\java\spec.js:9111:1)
                    at addSpecsToSuite (C:\Users\dr00810779\AppData\Roaming\npm\node_modules\protractor\node_modules\jasmine-core\lib\jasmine-core\jasmine.js:1107:25)
                    at Env.describe (C:\Users\dr00810779\AppData\Roaming\npm\node_modules\protractor\node_modules\jasmine-core\lib\jasmine-core\jasmine.js:1074:7)
                    at describe (C:\Users\dr00810779\AppData\Roaming\npm\node_modules\protractor\node_modules\jasmine-core\lib\jasmine-core\jasmine.js:4399:18)
                    at Object.&lt;anonymous> (D:\iTAP\Recorded_Scenarios\testRun\java\spec.js:6:26)
                    at Module._compile (internal/modules/cjs/loader.js:1085:14)
                    at Object.Module._extensions..js (internal/modules/cjs/loader.js:1114:10)
                    at Module.load (internal/modules/cjs/loader.js:950:32)
                    at Function.Module._load (internal/modules/cjs/loader.js:790:14)</stack-trace>
            </failure>
        </test-case>
        <test-case start='1659772817558' status='failed' stop='1659772817573'>
            <name>callchain1_testcase28</name>
            <title>callchain1_testcase28</title>
            <labels/>
            <parameters/>
            <steps/>
            <attachments/>
            <failure>
                <message>WebDriverError: No active session with ID 38d9489646df6e482241391e231866e4</message>
                <stack-trace>WebDriverError: No active session with ID 38d9489646df6e482241391e231866e4
                    at Object.checkLegacyResponse (C:\Users\dr00810779\AppData\Roaming\npm\node_modules\protractor\node_modules\selenium-webdriver\lib\error.js:546:15)
                    at parseHttpResponse (C:\Users\dr00810779\AppData\Roaming\npm\node_modules\protractor\node_modules\selenium-webdriver\lib\http.js:509:13)
                    at C:\Users\dr00810779\AppData\Roaming\npm\node_modules\protractor\node_modules\selenium-webdriver\lib\http.js:441:30
                    at runMicrotasks (&lt;anonymous>)
                    at processTicksAndRejections (internal/process/task_queues.js:95:5)
                From: Task: WebDriver.takeScreenshot()
                    at thenableWebDriverProxy.schedule (C:\Users\dr00810779\AppData\Roaming\npm\node_modules\protractor\node_modules\selenium-webdriver\lib\webdriver.js:807:17)
                    at thenableWebDriverProxy.takeScreenshot (C:\Users\dr00810779\AppData\Roaming\npm\node_modules\protractor\node_modules\selenium-webdriver\lib\webdriver.js:1085:17)
                    at run (C:\Users\dr00810779\AppData\Roaming\npm\node_modules\protractor\built\browser.js:58:33)
                    at ProtractorBrowser.to.&lt;computed> [as takeScreenshot] (C:\Users\dr00810779\AppData\Roaming\npm\node_modules\protractor\built\browser.js:66:16)
                    at Object.specDone (D:\iTAP\Recorded_Scenarios\testRun\java\conf.js:45:34)
                    at dispatch (C:\Users\dr00810779\AppData\Roaming\npm\node_modules\protractor\node_modules\jasmine-core\lib\jasmine-core\jasmine.js:4366:28)
                    at ReportDispatcher.specDone (C:\Users\dr00810779\AppData\Roaming\npm\node_modules\protractor\node_modules\jasmine-core\lib\jasmine-core\jasmine.js:4337:11)
                    at Spec.specResultCallback [as resultCallback] (C:\Users\dr00810779\AppData\Roaming\npm\node_modules\protractor\node_modules\jasmine-core\lib\jasmine-core\jasmine.js:1175:18)
                    at QueueRunner.complete [as onComplete] (C:\Users\dr00810779\AppData\Roaming\npm\node_modules\protractor\node_modules\jasmine-core\lib\jasmine-core\jasmine.js:530:12)
                    at Immediate.&lt;anonymous> (C:\Users\dr00810779\AppData\Roaming\npm\node_modules\protractor\node_modules\jasmine-core\lib\jasmine-core\jasmine.js:4231:12)</stack-trace>
            </failure>
        </test-case>
        <test-case start='1659772817573' status='failed' stop='1659772817602'>
            <name>orphanpage_testcase29</name>
            <title>orphanpage_testcase29</title>
            <labels/>
            <parameters/>
            <steps/>
            <attachments/>
            <failure>
                <message>WebDriverError: No active session with ID 38d9489646df6e482241391e231866e4</message>
                <stack-trace>WebDriverError: No active session with ID 38d9489646df6e482241391e231866e4
                    at Object.checkLegacyResponse (C:\Users\dr00810779\AppData\Roaming\npm\node_modules\protractor\node_modules\selenium-webdriver\lib\error.js:546:15)
                    at parseHttpResponse (C:\Users\dr00810779\AppData\Roaming\npm\node_modules\protractor\node_modules\selenium-webdriver\lib\http.js:509:13)
                    at C:\Users\dr00810779\AppData\Roaming\npm\node_modules\protractor\node_modules\selenium-webdriver\lib\http.js:441:30
                    at runMicrotasks (&lt;anonymous>)
                    at processTicksAndRejections (internal/process/task_queues.js:95:5)
                From: Task: WebDriver.takeScreenshot()
                    at thenableWebDriverProxy.schedule (C:\Users\dr00810779\AppData\Roaming\npm\node_modules\protractor\node_modules\selenium-webdriver\lib\webdriver.js:807:17)
                    at thenableWebDriverProxy.takeScreenshot (C:\Users\dr00810779\AppData\Roaming\npm\node_modules\protractor\node_modules\selenium-webdriver\lib\webdriver.js:1085:17)
                    at run (C:\Users\dr00810779\AppData\Roaming\npm\node_modules\protractor\built\browser.js:58:33)
                    at ProtractorBrowser.to.&lt;computed> [as takeScreenshot] (C:\Users\dr00810779\AppData\Roaming\npm\node_modules\protractor\built\browser.js:66:16)
                    at Object.specDone (D:\iTAP\Recorded_Scenarios\testRun\java\conf.js:45:34)
                    at dispatch (C:\Users\dr00810779\AppData\Roaming\npm\node_modules\protractor\node_modules\jasmine-core\lib\jasmine-core\jasmine.js:4366:28)
                    at ReportDispatcher.specDone (C:\Users\dr00810779\AppData\Roaming\npm\node_modules\protractor\node_modules\jasmine-core\lib\jasmine-core\jasmine.js:4337:11)
                    at Spec.specResultCallback [as resultCallback] (C:\Users\dr00810779\AppData\Roaming\npm\node_modules\protractor\node_modules\jasmine-core\lib\jasmine-core\jasmine.js:1175:18)
                    at QueueRunner.complete [as onComplete] (C:\Users\dr00810779\AppData\Roaming\npm\node_modules\protractor\node_modules\jasmine-core\lib\jasmine-core\jasmine.js:530:12)
                    at Immediate.&lt;anonymous> (C:\Users\dr00810779\AppData\Roaming\npm\node_modules\protractor\node_modules\jasmine-core\lib\jasmine-core\jasmine.js:4231:12)</stack-trace>
            </failure>
        </test-case>
        <test-case start='1659772817602' status='failed' stop='1659772817632'>
            <name>navigation5_testcase30</name>
            <title>navigation5_testcase30</title>
            <labels/>
            <parameters/>
            <steps/>
            <attachments/>
            <failure>
                <message>WebDriverError: No active session with ID 38d9489646df6e482241391e231866e4</message>
                <stack-trace>WebDriverError: No active session with ID 38d9489646df6e482241391e231866e4
                    at Object.checkLegacyResponse (C:\Users\dr00810779\AppData\Roaming\npm\node_modules\protractor\node_modules\selenium-webdriver\lib\error.js:546:15)
                    at parseHttpResponse (C:\Users\dr00810779\AppData\Roaming\npm\node_modules\protractor\node_modules\selenium-webdriver\lib\http.js:509:13)
                    at C:\Users\dr00810779\AppData\Roaming\npm\node_modules\protractor\node_modules\selenium-webdriver\lib\http.js:441:30
                    at runMicrotasks (&lt;anonymous>)
                    at processTicksAndRejections (internal/process/task_queues.js:95:5)
                From: Task: WebDriver.takeScreenshot()
                    at thenableWebDriverProxy.schedule (C:\Users\dr00810779\AppData\Roaming\npm\node_modules\protractor\node_modules\selenium-webdriver\lib\webdriver.js:807:17)
                    at thenableWebDriverProxy.takeScreenshot (C:\Users\dr00810779\AppData\Roaming\npm\node_modules\protractor\node_modules\selenium-webdriver\lib\webdriver.js:1085:17)
                    at run (C:\Users\dr00810779\AppData\Roaming\npm\node_modules\protractor\built\browser.js:58:33)
                    at ProtractorBrowser.to.&lt;computed> [as takeScreenshot] (C:\Users\dr00810779\AppData\Roaming\npm\node_modules\protractor\built\browser.js:66:16)
                    at Object.specDone (D:\iTAP\Recorded_Scenarios\testRun\java\conf.js:45:34)
                    at dispatch (C:\Users\dr00810779\AppData\Roaming\npm\node_modules\protractor\node_modules\jasmine-core\lib\jasmine-core\jasmine.js:4366:28)
                    at ReportDispatcher.specDone (C:\Users\dr00810779\AppData\Roaming\npm\node_modules\protractor\node_modules\jasmine-core\lib\jasmine-core\jasmine.js:4337:11)
                    at Spec.specResultCallback [as resultCallback] (C:\Users\dr00810779\AppData\Roaming\npm\node_modules\protractor\node_modules\jasmine-core\lib\jasmine-core\jasmine.js:1175:18)
                    at QueueRunner.complete [as onComplete] (C:\Users\dr00810779\AppData\Roaming\npm\node_modules\protractor\node_modules\jasmine-core\lib\jasmine-core\jasmine.js:530:12)
                    at Immediate.&lt;anonymous> (C:\Users\dr00810779\AppData\Roaming\npm\node_modules\protractor\node_modules\jasmine-core\lib\jasmine-core\jasmine.js:4231:12)</stack-trace>
            </failure>
        </test-case>
        <test-case start='1659772817632' status='failed' stop='1659772817655'>
            <name>orphancount_testcase31</name>
            <title>orphancount_testcase31</title>
            <labels/>
            <parameters/>
            <steps/>
            <attachments/>
            <failure>
                <message>WebDriverError: No active session with ID 38d9489646df6e482241391e231866e4</message>
                <stack-trace>WebDriverError: No active session with ID 38d9489646df6e482241391e231866e4
                    at Object.checkLegacyResponse (C:\Users\dr00810779\AppData\Roaming\npm\node_modules\protractor\node_modules\selenium-webdriver\lib\error.js:546:15)
                    at parseHttpResponse (C:\Users\dr00810779\AppData\Roaming\npm\node_modules\protractor\node_modules\selenium-webdriver\lib\http.js:509:13)
                    at C:\Users\dr00810779\AppData\Roaming\npm\node_modules\protractor\node_modules\selenium-webdriver\lib\http.js:441:30
                    at runMicrotasks (&lt;anonymous>)
                    at processTicksAndRejections (internal/process/task_queues.js:95:5)
                From: Task: WebDriver.takeScreenshot()
                    at thenableWebDriverProxy.schedule (C:\Users\dr00810779\AppData\Roaming\npm\node_modules\protractor\node_modules\selenium-webdriver\lib\webdriver.js:807:17)
                    at thenableWebDriverProxy.takeScreenshot (C:\Users\dr00810779\AppData\Roaming\npm\node_modules\protractor\node_modules\selenium-webdriver\lib\webdriver.js:1085:17)
                    at run (C:\Users\dr00810779\AppData\Roaming\npm\node_modules\protractor\built\browser.js:58:33)
                    at ProtractorBrowser.to.&lt;computed> [as takeScreenshot] (C:\Users\dr00810779\AppData\Roaming\npm\node_modules\protractor\built\browser.js:66:16)
                    at Object.specDone (D:\iTAP\Recorded_Scenarios\testRun\java\conf.js:45:34)
                    at dispatch (C:\Users\dr00810779\AppData\Roaming\npm\node_modules\protractor\node_modules\jasmine-core\lib\jasmine-core\jasmine.js:4366:28)
                    at ReportDispatcher.specDone (C:\Users\dr00810779\AppData\Roaming\npm\node_modules\protractor\node_modules\jasmine-core\lib\jasmine-core\jasmine.js:4337:11)
                    at Spec.specResultCallback [as resultCallback] (C:\Users\dr00810779\AppData\Roaming\npm\node_modules\protractor\node_modules\jasmine-core\lib\jasmine-core\jasmine.js:1175:18)
                    at QueueRunner.complete [as onComplete] (C:\Users\dr00810779\AppData\Roaming\npm\node_modules\protractor\node_modules\jasmine-core\lib\jasmine-core\jasmine.js:530:12)
                    at Timeout._onTimeout (C:\Users\dr00810779\AppData\Roaming\npm\node_modules\protractor\node_modules\jasmine-core\lib\jasmine-core\jasmine.js:4231:12)</stack-trace>
            </failure>
        </test-case>
        <test-case start='1659772817655' status='failed' stop='1659772817677'>
            <name>orphancomponents_testcase32</name>
            <title>orphancomponents_testcase32</title>
            <labels/>
            <parameters/>
            <steps/>
            <attachments/>
            <failure>
                <message>WebDriverError: No active session with ID 38d9489646df6e482241391e231866e4</message>
                <stack-trace>WebDriverError: No active session with ID 38d9489646df6e482241391e231866e4
                    at Object.checkLegacyResponse (C:\Users\dr00810779\AppData\Roaming\npm\node_modules\protractor\node_modules\selenium-webdriver\lib\error.js:546:15)
                    at parseHttpResponse (C:\Users\dr00810779\AppData\Roaming\npm\node_modules\protractor\node_modules\selenium-webdriver\lib\http.js:509:13)
                    at C:\Users\dr00810779\AppData\Roaming\npm\node_modules\protractor\node_modules\selenium-webdriver\lib\http.js:441:30
                    at runMicrotasks (&lt;anonymous>)
                    at processTicksAndRejections (internal/process/task_queues.js:95:5)
                From: Task: WebDriver.takeScreenshot()
                    at thenableWebDriverProxy.schedule (C:\Users\dr00810779\AppData\Roaming\npm\node_modules\protractor\node_modules\selenium-webdriver\lib\webdriver.js:807:17)
                    at thenableWebDriverProxy.takeScreenshot (C:\Users\dr00810779\AppData\Roaming\npm\node_modules\protractor\node_modules\selenium-webdriver\lib\webdriver.js:1085:17)
                    at run (C:\Users\dr00810779\AppData\Roaming\npm\node_modules\protractor\built\browser.js:58:33)
                    at ProtractorBrowser.to.&lt;computed> [as takeScreenshot] (C:\Users\dr00810779\AppData\Roaming\npm\node_modules\protractor\built\browser.js:66:16)
                    at Object.specDone (D:\iTAP\Recorded_Scenarios\testRun\java\conf.js:45:34)
                    at dispatch (C:\Users\dr00810779\AppData\Roaming\npm\node_modules\protractor\node_modules\jasmine-core\lib\jasmine-core\jasmine.js:4366:28)
                    at ReportDispatcher.specDone (C:\Users\dr00810779\AppData\Roaming\npm\node_modules\protractor\node_modules\jasmine-core\lib\jasmine-core\jasmine.js:4337:11)
                    at Spec.specResultCallback [as resultCallback] (C:\Users\dr00810779\AppData\Roaming\npm\node_modules\protractor\node_modules\jasmine-core\lib\jasmine-core\jasmine.js:1175:18)
                    at QueueRunner.complete [as onComplete] (C:\Users\dr00810779\AppData\Roaming\npm\node_modules\protractor\node_modules\jasmine-core\lib\jasmine-core\jasmine.js:530:12)
                    at Immediate.&lt;anonymous> (C:\Users\dr00810779\AppData\Roaming\npm\node_modules\protractor\node_modules\jasmine-core\lib\jasmine-core\jasmine.js:4231:12)</stack-trace>
            </failure>
        </test-case>
        <test-case start='1659772817678' status='failed' stop='1659772817707'>
            <name>navigation4_testcase33</name>
            <title>navigation4_testcase33</title>
            <labels/>
            <parameters/>
            <steps/>
            <attachments/>
            <failure>
                <message>WebDriverError: No active session with ID 38d9489646df6e482241391e231866e4</message>
                <stack-trace>WebDriverError: No active session with ID 38d9489646df6e482241391e231866e4
                    at Object.checkLegacyResponse (C:\Users\dr00810779\AppData\Roaming\npm\node_modules\protractor\node_modules\selenium-webdriver\lib\error.js:546:15)
                    at parseHttpResponse (C:\Users\dr00810779\AppData\Roaming\npm\node_modules\protractor\node_modules\selenium-webdriver\lib\http.js:509:13)
                    at C:\Users\dr00810779\AppData\Roaming\npm\node_modules\protractor\node_modules\selenium-webdriver\lib\http.js:441:30
                    at runMicrotasks (&lt;anonymous>)
                    at processTicksAndRejections (internal/process/task_queues.js:95:5)
                From: Task: WebDriver.takeScreenshot()
                    at thenableWebDriverProxy.schedule (C:\Users\dr00810779\AppData\Roaming\npm\node_modules\protractor\node_modules\selenium-webdriver\lib\webdriver.js:807:17)
                    at thenableWebDriverProxy.takeScreenshot (C:\Users\dr00810779\AppData\Roaming\npm\node_modules\protractor\node_modules\selenium-webdriver\lib\webdriver.js:1085:17)
                    at run (C:\Users\dr00810779\AppData\Roaming\npm\node_modules\protractor\built\browser.js:58:33)
                    at ProtractorBrowser.to.&lt;computed> [as takeScreenshot] (C:\Users\dr00810779\AppData\Roaming\npm\node_modules\protractor\built\browser.js:66:16)
                    at Object.specDone (D:\iTAP\Recorded_Scenarios\testRun\java\conf.js:45:34)
                    at dispatch (C:\Users\dr00810779\AppData\Roaming\npm\node_modules\protractor\node_modules\jasmine-core\lib\jasmine-core\jasmine.js:4366:28)
                    at ReportDispatcher.specDone (C:\Users\dr00810779\AppData\Roaming\npm\node_modules\protractor\node_modules\jasmine-core\lib\jasmine-core\jasmine.js:4337:11)
                    at Spec.specResultCallback [as resultCallback] (C:\Users\dr00810779\AppData\Roaming\npm\node_modules\protractor\node_modules\jasmine-core\lib\jasmine-core\jasmine.js:1175:18)
                    at QueueRunner.complete [as onComplete] (C:\Users\dr00810779\AppData\Roaming\npm\node_modules\protractor\node_modules\jasmine-core\lib\jasmine-core\jasmine.js:530:12)
                    at Immediate.&lt;anonymous> (C:\Users\dr00810779\AppData\Roaming\npm\node_modules\protractor\node_modules\jasmine-core\lib\jasmine-core\jasmine.js:4231:12)</stack-trace>
            </failure>
        </test-case>
        <test-case start='1659772817708' status='failed' stop='1659772817739'>
            <name>navigation3_testcase34</name>
            <title>navigation3_testcase34</title>
            <labels/>
            <parameters/>
            <steps/>
            <attachments/>
            <failure>
                <message>WebDriverError: No active session with ID 38d9489646df6e482241391e231866e4</message>
                <stack-trace>WebDriverError: No active session with ID 38d9489646df6e482241391e231866e4
                    at Object.checkLegacyResponse (C:\Users\dr00810779\AppData\Roaming\npm\node_modules\protractor\node_modules\selenium-webdriver\lib\error.js:546:15)
                    at parseHttpResponse (C:\Users\dr00810779\AppData\Roaming\npm\node_modules\protractor\node_modules\selenium-webdriver\lib\http.js:509:13)
                    at C:\Users\dr00810779\AppData\Roaming\npm\node_modules\protractor\node_modules\selenium-webdriver\lib\http.js:441:30
                    at runMicrotasks (&lt;anonymous>)
                    at processTicksAndRejections (internal/process/task_queues.js:95:5)
                From: Task: WebDriver.takeScreenshot()
                    at thenableWebDriverProxy.schedule (C:\Users\dr00810779\AppData\Roaming\npm\node_modules\protractor\node_modules\selenium-webdriver\lib\webdriver.js:807:17)
                    at thenableWebDriverProxy.takeScreenshot (C:\Users\dr00810779\AppData\Roaming\npm\node_modules\protractor\node_modules\selenium-webdriver\lib\webdriver.js:1085:17)
                    at run (C:\Users\dr00810779\AppData\Roaming\npm\node_modules\protractor\built\browser.js:58:33)
                    at ProtractorBrowser.to.&lt;computed> [as takeScreenshot] (C:\Users\dr00810779\AppData\Roaming\npm\node_modules\protractor\built\browser.js:66:16)
                    at Object.specDone (D:\iTAP\Recorded_Scenarios\testRun\java\conf.js:45:34)
                    at dispatch (C:\Users\dr00810779\AppData\Roaming\npm\node_modules\protractor\node_modules\jasmine-core\lib\jasmine-core\jasmine.js:4366:28)
                    at ReportDispatcher.specDone (C:\Users\dr00810779\AppData\Roaming\npm\node_modules\protractor\node_modules\jasmine-core\lib\jasmine-core\jasmine.js:4337:11)
                    at Spec.specResultCallback [as resultCallback] (C:\Users\dr00810779\AppData\Roaming\npm\node_modules\protractor\node_modules\jasmine-core\lib\jasmine-core\jasmine.js:1175:18)
                    at QueueRunner.complete [as onComplete] (C:\Users\dr00810779\AppData\Roaming\npm\node_modules\protractor\node_modules\jasmine-core\lib\jasmine-core\jasmine.js:530:12)
                    at Immediate.&lt;anonymous> (C:\Users\dr00810779\AppData\Roaming\npm\node_modules\protractor\node_modules\jasmine-core\lib\jasmine-core\jasmine.js:4231:12)</stack-trace>
            </failure>
        </test-case>
        <test-case start='1659772817739' status='failed' stop='1659772817771'>
            <name>navigation2_testcase35</name>
            <title>navigation2_testcase35</title>
            <labels/>
            <parameters/>
            <steps/>
            <attachments/>
            <failure>
                <message>WebDriverError: No active session with ID 38d9489646df6e482241391e231866e4</message>
                <stack-trace>WebDriverError: No active session with ID 38d9489646df6e482241391e231866e4
                    at Object.checkLegacyResponse (C:\Users\dr00810779\AppData\Roaming\npm\node_modules\protractor\node_modules\selenium-webdriver\lib\error.js:546:15)
                    at parseHttpResponse (C:\Users\dr00810779\AppData\Roaming\npm\node_modules\protractor\node_modules\selenium-webdriver\lib\http.js:509:13)
                    at C:\Users\dr00810779\AppData\Roaming\npm\node_modules\protractor\node_modules\selenium-webdriver\lib\http.js:441:30
                    at runMicrotasks (&lt;anonymous>)
                    at processTicksAndRejections (internal/process/task_queues.js:95:5)
                From: Task: WebDriver.takeScreenshot()
                    at thenableWebDriverProxy.schedule (C:\Users\dr00810779\AppData\Roaming\npm\node_modules\protractor\node_modules\selenium-webdriver\lib\webdriver.js:807:17)
                    at thenableWebDriverProxy.takeScreenshot (C:\Users\dr00810779\AppData\Roaming\npm\node_modules\protractor\node_modules\selenium-webdriver\lib\webdriver.js:1085:17)
                    at run (C:\Users\dr00810779\AppData\Roaming\npm\node_modules\protractor\built\browser.js:58:33)
                    at ProtractorBrowser.to.&lt;computed> [as takeScreenshot] (C:\Users\dr00810779\AppData\Roaming\npm\node_modules\protractor\built\browser.js:66:16)
                    at Object.specDone (D:\iTAP\Recorded_Scenarios\testRun\java\conf.js:45:34)
                    at dispatch (C:\Users\dr00810779\AppData\Roaming\npm\node_modules\protractor\node_modules\jasmine-core\lib\jasmine-core\jasmine.js:4366:28)
                    at ReportDispatcher.specDone (C:\Users\dr00810779\AppData\Roaming\npm\node_modules\protractor\node_modules\jasmine-core\lib\jasmine-core\jasmine.js:4337:11)
                    at Spec.specResultCallback [as resultCallback] (C:\Users\dr00810779\AppData\Roaming\npm\node_modules\protractor\node_modules\jasmine-core\lib\jasmine-core\jasmine.js:1175:18)
                    at QueueRunner.complete [as onComplete] (C:\Users\dr00810779\AppData\Roaming\npm\node_modules\protractor\node_modules\jasmine-core\lib\jasmine-core\jasmine.js:530:12)
                    at Immediate.&lt;anonymous> (C:\Users\dr00810779\AppData\Roaming\npm\node_modules\protractor\node_modules\jasmine-core\lib\jasmine-core\jasmine.js:4231:12)</stack-trace>
            </failure>
        </test-case>
        <test-case start='1659772817771' status='failed' stop='1659772817801'>
            <name>navigation1_testcase36</name>
            <title>navigation1_testcase36</title>
            <labels/>
            <parameters/>
            <steps/>
            <attachments/>
            <failure>
                <message>WebDriverError: No active session with ID 38d9489646df6e482241391e231866e4</message>
                <stack-trace>WebDriverError: No active session with ID 38d9489646df6e482241391e231866e4
                    at Object.checkLegacyResponse (C:\Users\dr00810779\AppData\Roaming\npm\node_modules\protractor\node_modules\selenium-webdriver\lib\error.js:546:15)
                    at parseHttpResponse (C:\Users\dr00810779\AppData\Roaming\npm\node_modules\protractor\node_modules\selenium-webdriver\lib\http.js:509:13)
                    at C:\Users\dr00810779\AppData\Roaming\npm\node_modules\protractor\node_modules\selenium-webdriver\lib\http.js:441:30
                    at runMicrotasks (&lt;anonymous>)
                    at processTicksAndRejections (internal/process/task_queues.js:95:5)
                From: Task: WebDriver.takeScreenshot()
                    at thenableWebDriverProxy.schedule (C:\Users\dr00810779\AppData\Roaming\npm\node_modules\protractor\node_modules\selenium-webdriver\lib\webdriver.js:807:17)
                    at thenableWebDriverProxy.takeScreenshot (C:\Users\dr00810779\AppData\Roaming\npm\node_modules\protractor\node_modules\selenium-webdriver\lib\webdriver.js:1085:17)
                    at run (C:\Users\dr00810779\AppData\Roaming\npm\node_modules\protractor\built\browser.js:58:33)
                    at ProtractorBrowser.to.&lt;computed> [as takeScreenshot] (C:\Users\dr00810779\AppData\Roaming\npm\node_modules\protractor\built\browser.js:66:16)
                    at Object.specDone (D:\iTAP\Recorded_Scenarios\testRun\java\conf.js:45:34)
                    at dispatch (C:\Users\dr00810779\AppData\Roaming\npm\node_modules\protractor\node_modules\jasmine-core\lib\jasmine-core\jasmine.js:4366:28)
                    at ReportDispatcher.specDone (C:\Users\dr00810779\AppData\Roaming\npm\node_modules\protractor\node_modules\jasmine-core\lib\jasmine-core\jasmine.js:4337:11)
                    at Spec.specResultCallback [as resultCallback] (C:\Users\dr00810779\AppData\Roaming\npm\node_modules\protractor\node_modules\jasmine-core\lib\jasmine-core\jasmine.js:1175:18)
                    at QueueRunner.complete [as onComplete] (C:\Users\dr00810779\AppData\Roaming\npm\node_modules\protractor\node_modules\jasmine-core\lib\jasmine-core\jasmine.js:530:12)
                    at Immediate.&lt;anonymous> (C:\Users\dr00810779\AppData\Roaming\npm\node_modules\protractor\node_modules\jasmine-core\lib\jasmine-core\jasmine.js:4231:12)</stack-trace>
            </failure>
        </test-case>
        <test-case start='1659772817801' status='failed' stop='1659772817831'>
            <name>missingpage_testcase37</name>
            <title>missingpage_testcase37</title>
            <labels/>
            <parameters/>
            <steps/>
            <attachments/>
            <failure>
                <message>WebDriverError: No active session with ID 38d9489646df6e482241391e231866e4</message>
                <stack-trace>WebDriverError: No active session with ID 38d9489646df6e482241391e231866e4
                    at Object.checkLegacyResponse (C:\Users\dr00810779\AppData\Roaming\npm\node_modules\protractor\node_modules\selenium-webdriver\lib\error.js:546:15)
                    at parseHttpResponse (C:\Users\dr00810779\AppData\Roaming\npm\node_modules\protractor\node_modules\selenium-webdriver\lib\http.js:509:13)
                    at C:\Users\dr00810779\AppData\Roaming\npm\node_modules\protractor\node_modules\selenium-webdriver\lib\http.js:441:30
                    at runMicrotasks (&lt;anonymous>)
                    at processTicksAndRejections (internal/process/task_queues.js:95:5)
                From: Task: WebDriver.takeScreenshot()
                    at thenableWebDriverProxy.schedule (C:\Users\dr00810779\AppData\Roaming\npm\node_modules\protractor\node_modules\selenium-webdriver\lib\webdriver.js:807:17)
                    at thenableWebDriverProxy.takeScreenshot (C:\Users\dr00810779\AppData\Roaming\npm\node_modules\protractor\node_modules\selenium-webdriver\lib\webdriver.js:1085:17)
                    at run (C:\Users\dr00810779\AppData\Roaming\npm\node_modules\protractor\built\browser.js:58:33)
                    at ProtractorBrowser.to.&lt;computed> [as takeScreenshot] (C:\Users\dr00810779\AppData\Roaming\npm\node_modules\protractor\built\browser.js:66:16)
                    at Object.specDone (D:\iTAP\Recorded_Scenarios\testRun\java\conf.js:45:34)
                    at dispatch (C:\Users\dr00810779\AppData\Roaming\npm\node_modules\protractor\node_modules\jasmine-core\lib\jasmine-core\jasmine.js:4366:28)
                    at ReportDispatcher.specDone (C:\Users\dr00810779\AppData\Roaming\npm\node_modules\protractor\node_modules\jasmine-core\lib\jasmine-core\jasmine.js:4337:11)
                    at Spec.specResultCallback [as resultCallback] (C:\Users\dr00810779\AppData\Roaming\npm\node_modules\protractor\node_modules\jasmine-core\lib\jasmine-core\jasmine.js:1175:18)
                    at QueueRunner.complete [as onComplete] (C:\Users\dr00810779\AppData\Roaming\npm\node_modules\protractor\node_modules\jasmine-core\lib\jasmine-core\jasmine.js:530:12)
                    at Immediate.&lt;anonymous> (C:\Users\dr00810779\AppData\Roaming\npm\node_modules\protractor\node_modules\jasmine-core\lib\jasmine-core\jasmine.js:4231:12)</stack-trace>
            </failure>
        </test-case>
        <test-case start='1659772817831' status='failed' stop='1659772817861'>
            <name>missingcount_testcase38</name>
            <title>missingcount_testcase38</title>
            <labels/>
            <parameters/>
            <steps/>
            <attachments/>
            <failure>
                <message>WebDriverError: No active session with ID 38d9489646df6e482241391e231866e4</message>
                <stack-trace>WebDriverError: No active session with ID 38d9489646df6e482241391e231866e4
                    at Object.checkLegacyResponse (C:\Users\dr00810779\AppData\Roaming\npm\node_modules\protractor\node_modules\selenium-webdriver\lib\error.js:546:15)
                    at parseHttpResponse (C:\Users\dr00810779\AppData\Roaming\npm\node_modules\protractor\node_modules\selenium-webdriver\lib\http.js:509:13)
                    at C:\Users\dr00810779\AppData\Roaming\npm\node_modules\protractor\node_modules\selenium-webdriver\lib\http.js:441:30
                    at runMicrotasks (&lt;anonymous>)
                    at processTicksAndRejections (internal/process/task_queues.js:95:5)
                From: Task: WebDriver.takeScreenshot()
                    at thenableWebDriverProxy.schedule (C:\Users\dr00810779\AppData\Roaming\npm\node_modules\protractor\node_modules\selenium-webdriver\lib\webdriver.js:807:17)
                    at thenableWebDriverProxy.takeScreenshot (C:\Users\dr00810779\AppData\Roaming\npm\node_modules\protractor\node_modules\selenium-webdriver\lib\webdriver.js:1085:17)
                    at run (C:\Users\dr00810779\AppData\Roaming\npm\node_modules\protractor\built\browser.js:58:33)
                    at ProtractorBrowser.to.&lt;computed> [as takeScreenshot] (C:\Users\dr00810779\AppData\Roaming\npm\node_modules\protractor\built\browser.js:66:16)
                    at Object.specDone (D:\iTAP\Recorded_Scenarios\testRun\java\conf.js:45:34)
                    at dispatch (C:\Users\dr00810779\AppData\Roaming\npm\node_modules\protractor\node_modules\jasmine-core\lib\jasmine-core\jasmine.js:4366:28)
                    at ReportDispatcher.specDone (C:\Users\dr00810779\AppData\Roaming\npm\node_modules\protractor\node_modules\jasmine-core\lib\jasmine-core\jasmine.js:4337:11)
                    at Spec.specResultCallback [as resultCallback] (C:\Users\dr00810779\AppData\Roaming\npm\node_modules\protractor\node_modules\jasmine-core\lib\jasmine-core\jasmine.js:1175:18)
                    at QueueRunner.complete [as onComplete] (C:\Users\dr00810779\AppData\Roaming\npm\node_modules\protractor\node_modules\jasmine-core\lib\jasmine-core\jasmine.js:530:12)
                    at Immediate.&lt;anonymous> (C:\Users\dr00810779\AppData\Roaming\npm\node_modules\protractor\node_modules\jasmine-core\lib\jasmine-core\jasmine.js:4231:12)</stack-trace>
            </failure>
        </test-case>
        <test-case start='1659772817861' status='failed' stop='1659772817893'>
            <name>missingcomp_testcase39</name>
            <title>missingcomp_testcase39</title>
            <labels/>
            <parameters/>
            <steps/>
            <attachments/>
            <failure>
                <message>WebDriverError: No active session with ID 38d9489646df6e482241391e231866e4</message>
                <stack-trace>WebDriverError: No active session with ID 38d9489646df6e482241391e231866e4
                    at Object.checkLegacyResponse (C:\Users\dr00810779\AppData\Roaming\npm\node_modules\protractor\node_modules\selenium-webdriver\lib\error.js:546:15)
                    at parseHttpResponse (C:\Users\dr00810779\AppData\Roaming\npm\node_modules\protractor\node_modules\selenium-webdriver\lib\http.js:509:13)
                    at C:\Users\dr00810779\AppData\Roaming\npm\node_modules\protractor\node_modules\selenium-webdriver\lib\http.js:441:30
                    at runMicrotasks (&lt;anonymous>)
                    at processTicksAndRejections (internal/process/task_queues.js:95:5)
                From: Task: WebDriver.takeScreenshot()
                    at thenableWebDriverProxy.schedule (C:\Users\dr00810779\AppData\Roaming\npm\node_modules\protractor\node_modules\selenium-webdriver\lib\webdriver.js:807:17)
                    at thenableWebDriverProxy.takeScreenshot (C:\Users\dr00810779\AppData\Roaming\npm\node_modules\protractor\node_modules\selenium-webdriver\lib\webdriver.js:1085:17)
                    at run (C:\Users\dr00810779\AppData\Roaming\npm\node_modules\protractor\built\browser.js:58:33)
                    at ProtractorBrowser.to.&lt;computed> [as takeScreenshot] (C:\Users\dr00810779\AppData\Roaming\npm\node_modules\protractor\built\browser.js:66:16)
                    at Object.specDone (D:\iTAP\Recorded_Scenarios\testRun\java\conf.js:45:34)
                    at dispatch (C:\Users\dr00810779\AppData\Roaming\npm\node_modules\protractor\node_modules\jasmine-core\lib\jasmine-core\jasmine.js:4366:28)
                    at ReportDispatcher.specDone (C:\Users\dr00810779\AppData\Roaming\npm\node_modules\protractor\node_modules\jasmine-core\lib\jasmine-core\jasmine.js:4337:11)
                    at Spec.specResultCallback [as resultCallback] (C:\Users\dr00810779\AppData\Roaming\npm\node_modules\protractor\node_modules\jasmine-core\lib\jasmine-core\jasmine.js:1175:18)
                    at QueueRunner.complete [as onComplete] (C:\Users\dr00810779\AppData\Roaming\npm\node_modules\protractor\node_modules\jasmine-core\lib\jasmine-core\jasmine.js:530:12)
                    at Immediate.&lt;anonymous> (C:\Users\dr00810779\AppData\Roaming\npm\node_modules\protractor\node_modules\jasmine-core\lib\jasmine-core\jasmine.js:4231:12)</stack-trace>
            </failure>
        </test-case>
        <test-case start='1659772817893' status='failed' stop='1659772817939'>
            <name>mipage_testcase40</name>
            <title>mipage_testcase40</title>
            <labels/>
            <parameters/>
            <steps/>
            <attachments/>
            <failure>
                <message>WebDriverError: No active session with ID 38d9489646df6e482241391e231866e4</message>
                <stack-trace>WebDriverError: No active session with ID 38d9489646df6e482241391e231866e4
                    at Object.checkLegacyResponse (C:\Users\dr00810779\AppData\Roaming\npm\node_modules\protractor\node_modules\selenium-webdriver\lib\error.js:546:15)
                    at parseHttpResponse (C:\Users\dr00810779\AppData\Roaming\npm\node_modules\protractor\node_modules\selenium-webdriver\lib\http.js:509:13)
                    at C:\Users\dr00810779\AppData\Roaming\npm\node_modules\protractor\node_modules\selenium-webdriver\lib\http.js:441:30
                    at runMicrotasks (&lt;anonymous>)
                    at processTicksAndRejections (internal/process/task_queues.js:95:5)
                From: Task: WebDriver.takeScreenshot()
                    at thenableWebDriverProxy.schedule (C:\Users\dr00810779\AppData\Roaming\npm\node_modules\protractor\node_modules\selenium-webdriver\lib\webdriver.js:807:17)
                    at thenableWebDriverProxy.takeScreenshot (C:\Users\dr00810779\AppData\Roaming\npm\node_modules\protractor\node_modules\selenium-webdriver\lib\webdriver.js:1085:17)
                    at run (C:\Users\dr00810779\AppData\Roaming\npm\node_modules\protractor\built\browser.js:58:33)
                    at ProtractorBrowser.to.&lt;computed> [as takeScreenshot] (C:\Users\dr00810779\AppData\Roaming\npm\node_modules\protractor\built\browser.js:66:16)
                    at Object.specDone (D:\iTAP\Recorded_Scenarios\testRun\java\conf.js:45:34)
                    at dispatch (C:\Users\dr00810779\AppData\Roaming\npm\node_modules\protractor\node_modules\jasmine-core\lib\jasmine-core\jasmine.js:4366:28)
                    at ReportDispatcher.specDone (C:\Users\dr00810779\AppData\Roaming\npm\node_modules\protractor\node_modules\jasmine-core\lib\jasmine-core\jasmine.js:4337:11)
                    at Spec.specResultCallback [as resultCallback] (C:\Users\dr00810779\AppData\Roaming\npm\node_modules\protractor\node_modules\jasmine-core\lib\jasmine-core\jasmine.js:1175:18)
                    at QueueRunner.complete [as onComplete] (C:\Users\dr00810779\AppData\Roaming\npm\node_modules\protractor\node_modules\jasmine-core\lib\jasmine-core\jasmine.js:530:12)
                    at Immediate.&lt;anonymous> (C:\Users\dr00810779\AppData\Roaming\npm\node_modules\protractor\node_modules\jasmine-core\lib\jasmine-core\jasmine.js:4231:12)</stack-trace>
            </failure>
        </test-case>
        <test-case start='1659772817940' status='failed' stop='1659772817986'>
            <name>micount_testcase41</name>
            <title>micount_testcase41</title>
            <labels/>
            <parameters/>
            <steps/>
            <attachments/>
            <failure>
                <message>WebDriverError: No active session with ID 38d9489646df6e482241391e231866e4</message>
                <stack-trace>WebDriverError: No active session with ID 38d9489646df6e482241391e231866e4
                    at Object.checkLegacyResponse (C:\Users\dr00810779\AppData\Roaming\npm\node_modules\protractor\node_modules\selenium-webdriver\lib\error.js:546:15)
                    at parseHttpResponse (C:\Users\dr00810779\AppData\Roaming\npm\node_modules\protractor\node_modules\selenium-webdriver\lib\http.js:509:13)
                    at C:\Users\dr00810779\AppData\Roaming\npm\node_modules\protractor\node_modules\selenium-webdriver\lib\http.js:441:30
                    at runMicrotasks (&lt;anonymous>)
                    at processTicksAndRejections (internal/process/task_queues.js:95:5)
                From: Task: WebDriver.takeScreenshot()
                    at thenableWebDriverProxy.schedule (C:\Users\dr00810779\AppData\Roaming\npm\node_modules\protractor\node_modules\selenium-webdriver\lib\webdriver.js:807:17)
                    at thenableWebDriverProxy.takeScreenshot (C:\Users\dr00810779\AppData\Roaming\npm\node_modules\protractor\node_modules\selenium-webdriver\lib\webdriver.js:1085:17)
                    at run (C:\Users\dr00810779\AppData\Roaming\npm\node_modules\protractor\built\browser.js:58:33)
                    at ProtractorBrowser.to.&lt;computed> [as takeScreenshot] (C:\Users\dr00810779\AppData\Roaming\npm\node_modules\protractor\built\browser.js:66:16)
                    at Object.specDone (D:\iTAP\Recorded_Scenarios\testRun\java\conf.js:45:34)
                    at dispatch (C:\Users\dr00810779\AppData\Roaming\npm\node_modules\protractor\node_modules\jasmine-core\lib\jasmine-core\jasmine.js:4366:28)
                    at ReportDispatcher.specDone (C:\Users\dr00810779\AppData\Roaming\npm\node_modules\protractor\node_modules\jasmine-core\lib\jasmine-core\jasmine.js:4337:11)
                    at Spec.specResultCallback [as resultCallback] (C:\Users\dr00810779\AppData\Roaming\npm\node_modules\protractor\node_modules\jasmine-core\lib\jasmine-core\jasmine.js:1175:18)
                    at QueueRunner.complete [as onComplete] (C:\Users\dr00810779\AppData\Roaming\npm\node_modules\protractor\node_modules\jasmine-core\lib\jasmine-core\jasmine.js:530:12)
                    at Timeout._onTimeout (C:\Users\dr00810779\AppData\Roaming\npm\node_modules\protractor\node_modules\jasmine-core\lib\jasmine-core\jasmine.js:4231:12)</stack-trace>
            </failure>
        </test-case>
        <test-case start='1659772817986' status='failed' stop='1659772818010'>
            <name>masterinventory_testcase42</name>
            <title>masterinventory_testcase42</title>
            <labels/>
            <parameters/>
            <steps/>
            <attachments/>
            <failure>
                <message>WebDriverError: No active session with ID 38d9489646df6e482241391e231866e4</message>
                <stack-trace>WebDriverError: No active session with ID 38d9489646df6e482241391e231866e4
                    at Object.checkLegacyResponse (C:\Users\dr00810779\AppData\Roaming\npm\node_modules\protractor\node_modules\selenium-webdriver\lib\error.js:546:15)
                    at parseHttpResponse (C:\Users\dr00810779\AppData\Roaming\npm\node_modules\protractor\node_modules\selenium-webdriver\lib\http.js:509:13)
                    at C:\Users\dr00810779\AppData\Roaming\npm\node_modules\protractor\node_modules\selenium-webdriver\lib\http.js:441:30
                    at runMicrotasks (&lt;anonymous>)
                    at processTicksAndRejections (internal/process/task_queues.js:95:5)
                From: Task: WebDriver.takeScreenshot()
                    at thenableWebDriverProxy.schedule (C:\Users\dr00810779\AppData\Roaming\npm\node_modules\protractor\node_modules\selenium-webdriver\lib\webdriver.js:807:17)
                    at thenableWebDriverProxy.takeScreenshot (C:\Users\dr00810779\AppData\Roaming\npm\node_modules\protractor\node_modules\selenium-webdriver\lib\webdriver.js:1085:17)
                    at run (C:\Users\dr00810779\AppData\Roaming\npm\node_modules\protractor\built\browser.js:58:33)
                    at ProtractorBrowser.to.&lt;computed> [as takeScreenshot] (C:\Users\dr00810779\AppData\Roaming\npm\node_modules\protractor\built\browser.js:66:16)
                    at Object.specDone (D:\iTAP\Recorded_Scenarios\testRun\java\conf.js:45:34)
                    at dispatch (C:\Users\dr00810779\AppData\Roaming\npm\node_modules\protractor\node_modules\jasmine-core\lib\jasmine-core\jasmine.js:4366:28)
                    at ReportDispatcher.specDone (C:\Users\dr00810779\AppData\Roaming\npm\node_modules\protractor\node_modules\jasmine-core\lib\jasmine-core\jasmine.js:4337:11)
                    at Spec.specResultCallback [as resultCallback] (C:\Users\dr00810779\AppData\Roaming\npm\node_modules\protractor\node_modules\jasmine-core\lib\jasmine-core\jasmine.js:1175:18)
                    at QueueRunner.complete [as onComplete] (C:\Users\dr00810779\AppData\Roaming\npm\node_modules\protractor\node_modules\jasmine-core\lib\jasmine-core\jasmine.js:530:12)
                    at Immediate.&lt;anonymous> (C:\Users\dr00810779\AppData\Roaming\npm\node_modules\protractor\node_modules\jasmine-core\lib\jasmine-core\jasmine.js:4231:12)</stack-trace>
            </failure>
        </test-case>
        <test-case start='1659772818010' status='failed' stop='1659772818026'>
            <name>mainpage_testcase43</name>
            <title>mainpage_testcase43</title>
            <labels/>
            <parameters/>
            <steps/>
            <attachments/>
            <failure>
                <message>WebDriverError: No active session with ID 38d9489646df6e482241391e231866e4</message>
                <stack-trace>WebDriverError: No active session with ID 38d9489646df6e482241391e231866e4
                    at Object.checkLegacyResponse (C:\Users\dr00810779\AppData\Roaming\npm\node_modules\protractor\node_modules\selenium-webdriver\lib\error.js:546:15)
                    at parseHttpResponse (C:\Users\dr00810779\AppData\Roaming\npm\node_modules\protractor\node_modules\selenium-webdriver\lib\http.js:509:13)
                    at C:\Users\dr00810779\AppData\Roaming\npm\node_modules\protractor\node_modules\selenium-webdriver\lib\http.js:441:30
                    at runMicrotasks (&lt;anonymous>)
                    at processTicksAndRejections (internal/process/task_queues.js:95:5)
                From: Task: WebDriver.takeScreenshot()
                    at thenableWebDriverProxy.schedule (C:\Users\dr00810779\AppData\Roaming\npm\node_modules\protractor\node_modules\selenium-webdriver\lib\webdriver.js:807:17)
                    at thenableWebDriverProxy.takeScreenshot (C:\Users\dr00810779\AppData\Roaming\npm\node_modules\protractor\node_modules\selenium-webdriver\lib\webdriver.js:1085:17)
                    at run (C:\Users\dr00810779\AppData\Roaming\npm\node_modules\protractor\built\browser.js:58:33)
                    at ProtractorBrowser.to.&lt;computed> [as takeScreenshot] (C:\Users\dr00810779\AppData\Roaming\npm\node_modules\protractor\built\browser.js:66:16)
                    at Object.specDone (D:\iTAP\Recorded_Scenarios\testRun\java\conf.js:45:34)
                    at dispatch (C:\Users\dr00810779\AppData\Roaming\npm\node_modules\protractor\node_modules\jasmine-core\lib\jasmine-core\jasmine.js:4366:28)
                    at ReportDispatcher.specDone (C:\Users\dr00810779\AppData\Roaming\npm\node_modules\protractor\node_modules\jasmine-core\lib\jasmine-core\jasmine.js:4337:11)
                    at Spec.specResultCallback [as resultCallback] (C:\Users\dr00810779\AppData\Roaming\npm\node_modules\protractor\node_modules\jasmine-core\lib\jasmine-core\jasmine.js:1175:18)
                    at QueueRunner.complete [as onComplete] (C:\Users\dr00810779\AppData\Roaming\npm\node_modules\protractor\node_modules\jasmine-core\lib\jasmine-core\jasmine.js:530:12)
                    at Immediate.&lt;anonymous> (C:\Users\dr00810779\AppData\Roaming\npm\node_modules\protractor\node_modules\jasmine-core\lib\jasmine-core\jasmine.js:4231:12)</stack-trace>
            </failure>
        </test-case>
        <test-case start='1659772818026' status='failed' stop='1659772818047'>
            <name>logout_testcase44</name>
            <title>logout_testcase44</title>
            <labels/>
            <parameters/>
            <steps/>
            <attachments/>
            <failure>
                <message>WebDriverError: No active session with ID 38d9489646df6e482241391e231866e4</message>
                <stack-trace>WebDriverError: No active session with ID 38d9489646df6e482241391e231866e4
                    at Object.checkLegacyResponse (C:\Users\dr00810779\AppData\Roaming\npm\node_modules\protractor\node_modules\selenium-webdriver\lib\error.js:546:15)
                    at parseHttpResponse (C:\Users\dr00810779\AppData\Roaming\npm\node_modules\protractor\node_modules\selenium-webdriver\lib\http.js:509:13)
                    at C:\Users\dr00810779\AppData\Roaming\npm\node_modules\protractor\node_modules\selenium-webdriver\lib\http.js:441:30
                    at runMicrotasks (&lt;anonymous>)
                    at processTicksAndRejections (internal/process/task_queues.js:95:5)
                From: Task: WebDriver.takeScreenshot()
                    at thenableWebDriverProxy.schedule (C:\Users\dr00810779\AppData\Roaming\npm\node_modules\protractor\node_modules\selenium-webdriver\lib\webdriver.js:807:17)
                    at thenableWebDriverProxy.takeScreenshot (C:\Users\dr00810779\AppData\Roaming\npm\node_modules\protractor\node_modules\selenium-webdriver\lib\webdriver.js:1085:17)
                    at run (C:\Users\dr00810779\AppData\Roaming\npm\node_modules\protractor\built\browser.js:58:33)
                    at ProtractorBrowser.to.&lt;computed> [as takeScreenshot] (C:\Users\dr00810779\AppData\Roaming\npm\node_modules\protractor\built\browser.js:66:16)
                    at Object.specDone (D:\iTAP\Recorded_Scenarios\testRun\java\conf.js:45:34)
                    at dispatch (C:\Users\dr00810779\AppData\Roaming\npm\node_modules\protractor\node_modules\jasmine-core\lib\jasmine-core\jasmine.js:4366:28)
                    at ReportDispatcher.specDone (C:\Users\dr00810779\AppData\Roaming\npm\node_modules\protractor\node_modules\jasmine-core\lib\jasmine-core\jasmine.js:4337:11)
                    at Spec.specResultCallback [as resultCallback] (C:\Users\dr00810779\AppData\Roaming\npm\node_modules\protractor\node_modules\jasmine-core\lib\jasmine-core\jasmine.js:1175:18)
                    at QueueRunner.complete [as onComplete] (C:\Users\dr00810779\AppData\Roaming\npm\node_modules\protractor\node_modules\jasmine-core\lib\jasmine-core\jasmine.js:530:12)
                    at Immediate.&lt;anonymous> (C:\Users\dr00810779\AppData\Roaming\npm\node_modules\protractor\node_modules\jasmine-core\lib\jasmine-core\jasmine.js:4231:12)</stack-trace>
            </failure>
        </test-case>
        <test-case start='1659772818048' status='failed' stop='1659772818063'>
            <name>login_testcase45</name>
            <title>login_testcase45</title>
            <labels/>
            <parameters/>
            <steps/>
            <attachments/>
            <failure>
                <message>WebDriverError: No active session with ID 38d9489646df6e482241391e231866e4</message>
                <stack-trace>WebDriverError: No active session with ID 38d9489646df6e482241391e231866e4
                    at Object.checkLegacyResponse (C:\Users\dr00810779\AppData\Roaming\npm\node_modules\protractor\node_modules\selenium-webdriver\lib\error.js:546:15)
                    at parseHttpResponse (C:\Users\dr00810779\AppData\Roaming\npm\node_modules\protractor\node_modules\selenium-webdriver\lib\http.js:509:13)
                    at C:\Users\dr00810779\AppData\Roaming\npm\node_modules\protractor\node_modules\selenium-webdriver\lib\http.js:441:30
                    at runMicrotasks (&lt;anonymous>)
                    at processTicksAndRejections (internal/process/task_queues.js:95:5)
                From: Task: WebDriver.takeScreenshot()
                    at thenableWebDriverProxy.schedule (C:\Users\dr00810779\AppData\Roaming\npm\node_modules\protractor\node_modules\selenium-webdriver\lib\webdriver.js:807:17)
                    at thenableWebDriverProxy.takeScreenshot (C:\Users\dr00810779\AppData\Roaming\npm\node_modules\protractor\node_modules\selenium-webdriver\lib\webdriver.js:1085:17)
                    at run (C:\Users\dr00810779\AppData\Roaming\npm\node_modules\protractor\built\browser.js:58:33)
                    at ProtractorBrowser.to.&lt;computed> [as takeScreenshot] (C:\Users\dr00810779\AppData\Roaming\npm\node_modules\protractor\built\browser.js:66:16)
                    at Object.specDone (D:\iTAP\Recorded_Scenarios\testRun\java\conf.js:45:34)
                    at dispatch (C:\Users\dr00810779\AppData\Roaming\npm\node_modules\protractor\node_modules\jasmine-core\lib\jasmine-core\jasmine.js:4366:28)
                    at ReportDispatcher.specDone (C:\Users\dr00810779\AppData\Roaming\npm\node_modules\protractor\node_modules\jasmine-core\lib\jasmine-core\jasmine.js:4337:11)
                    at Spec.specResultCallback [as resultCallback] (C:\Users\dr00810779\AppData\Roaming\npm\node_modules\protractor\node_modules\jasmine-core\lib\jasmine-core\jasmine.js:1175:18)
                    at QueueRunner.complete [as onComplete] (C:\Users\dr00810779\AppData\Roaming\npm\node_modules\protractor\node_modules\jasmine-core\lib\jasmine-core\jasmine.js:530:12)
                    at Immediate.&lt;anonymous> (C:\Users\dr00810779\AppData\Roaming\npm\node_modules\protractor\node_modules\jasmine-core\lib\jasmine-core\jasmine.js:4231:12)</stack-trace>
            </failure>
        </test-case>
        <test-case start='1659772818063' status='failed' stop='1659772818086'>
            <name>GlossarySpinnerIconPresence_testcase46</name>
            <title>GlossarySpinnerIconPresence_testcase46</title>
            <labels/>
            <parameters/>
            <steps/>
            <attachments/>
            <failure>
                <message>WebDriverError: No active session with ID 38d9489646df6e482241391e231866e4</message>
                <stack-trace>WebDriverError: No active session with ID 38d9489646df6e482241391e231866e4
                    at Object.checkLegacyResponse (C:\Users\dr00810779\AppData\Roaming\npm\node_modules\protractor\node_modules\selenium-webdriver\lib\error.js:546:15)
                    at parseHttpResponse (C:\Users\dr00810779\AppData\Roaming\npm\node_modules\protractor\node_modules\selenium-webdriver\lib\http.js:509:13)
                    at C:\Users\dr00810779\AppData\Roaming\npm\node_modules\protractor\node_modules\selenium-webdriver\lib\http.js:441:30
                    at runMicrotasks (&lt;anonymous>)
                    at processTicksAndRejections (internal/process/task_queues.js:95:5)
                From: Task: WebDriver.takeScreenshot()
                    at thenableWebDriverProxy.schedule (C:\Users\dr00810779\AppData\Roaming\npm\node_modules\protractor\node_modules\selenium-webdriver\lib\webdriver.js:807:17)
                    at thenableWebDriverProxy.takeScreenshot (C:\Users\dr00810779\AppData\Roaming\npm\node_modules\protractor\node_modules\selenium-webdriver\lib\webdriver.js:1085:17)
                    at run (C:\Users\dr00810779\AppData\Roaming\npm\node_modules\protractor\built\browser.js:58:33)
                    at ProtractorBrowser.to.&lt;computed> [as takeScreenshot] (C:\Users\dr00810779\AppData\Roaming\npm\node_modules\protractor\built\browser.js:66:16)
                    at Object.specDone (D:\iTAP\Recorded_Scenarios\testRun\java\conf.js:45:34)
                    at dispatch (C:\Users\dr00810779\AppData\Roaming\npm\node_modules\protractor\node_modules\jasmine-core\lib\jasmine-core\jasmine.js:4366:28)
                    at ReportDispatcher.specDone (C:\Users\dr00810779\AppData\Roaming\npm\node_modules\protractor\node_modules\jasmine-core\lib\jasmine-core\jasmine.js:4337:11)
                    at Spec.specResultCallback [as resultCallback] (C:\Users\dr00810779\AppData\Roaming\npm\node_modules\protractor\node_modules\jasmine-core\lib\jasmine-core\jasmine.js:1175:18)
                    at QueueRunner.complete [as onComplete] (C:\Users\dr00810779\AppData\Roaming\npm\node_modules\protractor\node_modules\jasmine-core\lib\jasmine-core\jasmine.js:530:12)
                    at Immediate.&lt;anonymous> (C:\Users\dr00810779\AppData\Roaming\npm\node_modules\protractor\node_modules\jasmine-core\lib\jasmine-core\jasmine.js:4231:12)</stack-trace>
            </failure>
        </test-case>
        <test-case start='1659772818086' status='failed' stop='1659772818110'>
            <name>glossaryspinner_testcase47</name>
            <title>glossaryspinner_testcase47</title>
            <labels/>
            <parameters/>
            <steps/>
            <attachments/>
            <failure>
                <message>WebDriverError: No active session with ID 38d9489646df6e482241391e231866e4</message>
                <stack-trace>WebDriverError: No active session with ID 38d9489646df6e482241391e231866e4
                    at Object.checkLegacyResponse (C:\Users\dr00810779\AppData\Roaming\npm\node_modules\protractor\node_modules\selenium-webdriver\lib\error.js:546:15)
                    at parseHttpResponse (C:\Users\dr00810779\AppData\Roaming\npm\node_modules\protractor\node_modules\selenium-webdriver\lib\http.js:509:13)
                    at C:\Users\dr00810779\AppData\Roaming\npm\node_modules\protractor\node_modules\selenium-webdriver\lib\http.js:441:30
                    at runMicrotasks (&lt;anonymous>)
                    at processTicksAndRejections (internal/process/task_queues.js:95:5)
                From: Task: WebDriver.takeScreenshot()
                    at thenableWebDriverProxy.schedule (C:\Users\dr00810779\AppData\Roaming\npm\node_modules\protractor\node_modules\selenium-webdriver\lib\webdriver.js:807:17)
                    at thenableWebDriverProxy.takeScreenshot (C:\Users\dr00810779\AppData\Roaming\npm\node_modules\protractor\node_modules\selenium-webdriver\lib\webdriver.js:1085:17)
                    at run (C:\Users\dr00810779\AppData\Roaming\npm\node_modules\protractor\built\browser.js:58:33)
                    at ProtractorBrowser.to.&lt;computed> [as takeScreenshot] (C:\Users\dr00810779\AppData\Roaming\npm\node_modules\protractor\built\browser.js:66:16)
                    at Object.specDone (D:\iTAP\Recorded_Scenarios\testRun\java\conf.js:45:34)
                    at dispatch (C:\Users\dr00810779\AppData\Roaming\npm\node_modules\protractor\node_modules\jasmine-core\lib\jasmine-core\jasmine.js:4366:28)
                    at ReportDispatcher.specDone (C:\Users\dr00810779\AppData\Roaming\npm\node_modules\protractor\node_modules\jasmine-core\lib\jasmine-core\jasmine.js:4337:11)
                    at Spec.specResultCallback [as resultCallback] (C:\Users\dr00810779\AppData\Roaming\npm\node_modules\protractor\node_modules\jasmine-core\lib\jasmine-core\jasmine.js:1175:18)
                    at QueueRunner.complete [as onComplete] (C:\Users\dr00810779\AppData\Roaming\npm\node_modules\protractor\node_modules\jasmine-core\lib\jasmine-core\jasmine.js:530:12)
                    at Immediate.&lt;anonymous> (C:\Users\dr00810779\AppData\Roaming\npm\node_modules\protractor\node_modules\jasmine-core\lib\jasmine-core\jasmine.js:4231:12)</stack-trace>
            </failure>
        </test-case>
        <test-case start='1659772818110' status='failed' stop='1659772818125'>
            <name>glossarypage_testcase48</name>
            <title>glossarypage_testcase48</title>
            <labels/>
            <parameters/>
            <steps/>
            <attachments/>
            <failure>
                <message>WebDriverError: No active session with ID 38d9489646df6e482241391e231866e4</message>
                <stack-trace>WebDriverError: No active session with ID 38d9489646df6e482241391e231866e4
                    at Object.checkLegacyResponse (C:\Users\dr00810779\AppData\Roaming\npm\node_modules\protractor\node_modules\selenium-webdriver\lib\error.js:546:15)
                    at parseHttpResponse (C:\Users\dr00810779\AppData\Roaming\npm\node_modules\protractor\node_modules\selenium-webdriver\lib\http.js:509:13)
                    at C:\Users\dr00810779\AppData\Roaming\npm\node_modules\protractor\node_modules\selenium-webdriver\lib\http.js:441:30
                    at runMicrotasks (&lt;anonymous>)
                    at processTicksAndRejections (internal/process/task_queues.js:95:5)
                From: Task: WebDriver.takeScreenshot()
                    at thenableWebDriverProxy.schedule (C:\Users\dr00810779\AppData\Roaming\npm\node_modules\protractor\node_modules\selenium-webdriver\lib\webdriver.js:807:17)
                    at thenableWebDriverProxy.takeScreenshot (C:\Users\dr00810779\AppData\Roaming\npm\node_modules\protractor\node_modules\selenium-webdriver\lib\webdriver.js:1085:17)
                    at run (C:\Users\dr00810779\AppData\Roaming\npm\node_modules\protractor\built\browser.js:58:33)
                    at ProtractorBrowser.to.&lt;computed> [as takeScreenshot] (C:\Users\dr00810779\AppData\Roaming\npm\node_modules\protractor\built\browser.js:66:16)
                    at Object.specDone (D:\iTAP\Recorded_Scenarios\testRun\java\conf.js:45:34)
                    at dispatch (C:\Users\dr00810779\AppData\Roaming\npm\node_modules\protractor\node_modules\jasmine-core\lib\jasmine-core\jasmine.js:4366:28)
                    at ReportDispatcher.specDone (C:\Users\dr00810779\AppData\Roaming\npm\node_modules\protractor\node_modules\jasmine-core\lib\jasmine-core\jasmine.js:4337:11)
                    at Spec.specResultCallback [as resultCallback] (C:\Users\dr00810779\AppData\Roaming\npm\node_modules\protractor\node_modules\jasmine-core\lib\jasmine-core\jasmine.js:1175:18)
                    at QueueRunner.complete [as onComplete] (C:\Users\dr00810779\AppData\Roaming\npm\node_modules\protractor\node_modules\jasmine-core\lib\jasmine-core\jasmine.js:530:12)
                    at Immediate.&lt;anonymous> (C:\Users\dr00810779\AppData\Roaming\npm\node_modules\protractor\node_modules\jasmine-core\lib\jasmine-core\jasmine.js:4231:12)</stack-trace>
            </failure>
        </test-case>
        <test-case start='1659772818125' status='failed' stop='1659772818156'>
            <name>glossarycount_testcase49</name>
            <title>glossarycount_testcase49</title>
            <labels/>
            <parameters/>
            <steps/>
            <attachments/>
            <failure>
                <message>WebDriverError: No active session with ID 38d9489646df6e482241391e231866e4</message>
                <stack-trace>WebDriverError: No active session with ID 38d9489646df6e482241391e231866e4
                    at Object.checkLegacyResponse (C:\Users\dr00810779\AppData\Roaming\npm\node_modules\protractor\node_modules\selenium-webdriver\lib\error.js:546:15)
                    at parseHttpResponse (C:\Users\dr00810779\AppData\Roaming\npm\node_modules\protractor\node_modules\selenium-webdriver\lib\http.js:509:13)
                    at C:\Users\dr00810779\AppData\Roaming\npm\node_modules\protractor\node_modules\selenium-webdriver\lib\http.js:441:30
                    at runMicrotasks (&lt;anonymous>)
                    at processTicksAndRejections (internal/process/task_queues.js:95:5)
                From: Task: WebDriver.takeScreenshot()
                    at thenableWebDriverProxy.schedule (C:\Users\dr00810779\AppData\Roaming\npm\node_modules\protractor\node_modules\selenium-webdriver\lib\webdriver.js:807:17)
                    at thenableWebDriverProxy.takeScreenshot (C:\Users\dr00810779\AppData\Roaming\npm\node_modules\protractor\node_modules\selenium-webdriver\lib\webdriver.js:1085:17)
                    at run (C:\Users\dr00810779\AppData\Roaming\npm\node_modules\protractor\built\browser.js:58:33)
                    at ProtractorBrowser.to.&lt;computed> [as takeScreenshot] (C:\Users\dr00810779\AppData\Roaming\npm\node_modules\protractor\built\browser.js:66:16)
                    at Object.specDone (D:\iTAP\Recorded_Scenarios\testRun\java\conf.js:45:34)
                    at dispatch (C:\Users\dr00810779\AppData\Roaming\npm\node_modules\protractor\node_modules\jasmine-core\lib\jasmine-core\jasmine.js:4366:28)
                    at ReportDispatcher.specDone (C:\Users\dr00810779\AppData\Roaming\npm\node_modules\protractor\node_modules\jasmine-core\lib\jasmine-core\jasmine.js:4337:11)
                    at Spec.specResultCallback [as resultCallback] (C:\Users\dr00810779\AppData\Roaming\npm\node_modules\protractor\node_modules\jasmine-core\lib\jasmine-core\jasmine.js:1175:18)
                    at QueueRunner.complete [as onComplete] (C:\Users\dr00810779\AppData\Roaming\npm\node_modules\protractor\node_modules\jasmine-core\lib\jasmine-core\jasmine.js:530:12)
                    at Immediate.&lt;anonymous> (C:\Users\dr00810779\AppData\Roaming\npm\node_modules\protractor\node_modules\jasmine-core\lib\jasmine-core\jasmine.js:4231:12)</stack-trace>
            </failure>
        </test-case>
        <test-case start='1659772818156' status='failed' stop='1659772818187'>
            <name>glossary1_testcase50</name>
            <title>glossary1_testcase50</title>
            <labels/>
            <parameters/>
            <steps/>
            <attachments/>
            <failure>
                <message>WebDriverError: No active session with ID 38d9489646df6e482241391e231866e4</message>
                <stack-trace>WebDriverError: No active session with ID 38d9489646df6e482241391e231866e4
                    at Object.checkLegacyResponse (C:\Users\dr00810779\AppData\Roaming\npm\node_modules\protractor\node_modules\selenium-webdriver\lib\error.js:546:15)
                    at parseHttpResponse (C:\Users\dr00810779\AppData\Roaming\npm\node_modules\protractor\node_modules\selenium-webdriver\lib\http.js:509:13)
                    at C:\Users\dr00810779\AppData\Roaming\npm\node_modules\protractor\node_modules\selenium-webdriver\lib\http.js:441:30
                    at runMicrotasks (&lt;anonymous>)
                    at processTicksAndRejections (internal/process/task_queues.js:95:5)
                From: Task: WebDriver.takeScreenshot()
                    at thenableWebDriverProxy.schedule (C:\Users\dr00810779\AppData\Roaming\npm\node_modules\protractor\node_modules\selenium-webdriver\lib\webdriver.js:807:17)
                    at thenableWebDriverProxy.takeScreenshot (C:\Users\dr00810779\AppData\Roaming\npm\node_modules\protractor\node_modules\selenium-webdriver\lib\webdriver.js:1085:17)
                    at run (C:\Users\dr00810779\AppData\Roaming\npm\node_modules\protractor\built\browser.js:58:33)
                    at ProtractorBrowser.to.&lt;computed> [as takeScreenshot] (C:\Users\dr00810779\AppData\Roaming\npm\node_modules\protractor\built\browser.js:66:16)
                    at Object.specDone (D:\iTAP\Recorded_Scenarios\testRun\java\conf.js:45:34)
                    at dispatch (C:\Users\dr00810779\AppData\Roaming\npm\node_modules\protractor\node_modules\jasmine-core\lib\jasmine-core\jasmine.js:4366:28)
                    at ReportDispatcher.specDone (C:\Users\dr00810779\AppData\Roaming\npm\node_modules\protractor\node_modules\jasmine-core\lib\jasmine-core\jasmine.js:4337:11)
                    at Spec.specResultCallback [as resultCallback] (C:\Users\dr00810779\AppData\Roaming\npm\node_modules\protractor\node_modules\jasmine-core\lib\jasmine-core\jasmine.js:1175:18)
                    at QueueRunner.complete [as onComplete] (C:\Users\dr00810779\AppData\Roaming\npm\node_modules\protractor\node_modules\jasmine-core\lib\jasmine-core\jasmine.js:530:12)
                    at Immediate.&lt;anonymous> (C:\Users\dr00810779\AppData\Roaming\npm\node_modules\protractor\node_modules\jasmine-core\lib\jasmine-core\jasmine.js:4231:12)</stack-trace>
            </failure>
        </test-case>
        <test-case start='1659772818187' status='failed' stop='1659772818217'>
            <name>frontpage_testcase51</name>
            <title>frontpage_testcase51</title>
            <labels/>
            <parameters/>
            <steps/>
            <attachments/>
            <failure>
                <message>WebDriverError: No active session with ID 38d9489646df6e482241391e231866e4</message>
                <stack-trace>WebDriverError: No active session with ID 38d9489646df6e482241391e231866e4
                    at Object.checkLegacyResponse (C:\Users\dr00810779\AppData\Roaming\npm\node_modules\protractor\node_modules\selenium-webdriver\lib\error.js:546:15)
                    at parseHttpResponse (C:\Users\dr00810779\AppData\Roaming\npm\node_modules\protractor\node_modules\selenium-webdriver\lib\http.js:509:13)
                    at C:\Users\dr00810779\AppData\Roaming\npm\node_modules\protractor\node_modules\selenium-webdriver\lib\http.js:441:30
                    at runMicrotasks (&lt;anonymous>)
                    at processTicksAndRejections (internal/process/task_queues.js:95:5)
                From: Task: WebDriver.takeScreenshot()
                    at thenableWebDriverProxy.schedule (C:\Users\dr00810779\AppData\Roaming\npm\node_modules\protractor\node_modules\selenium-webdriver\lib\webdriver.js:807:17)
                    at thenableWebDriverProxy.takeScreenshot (C:\Users\dr00810779\AppData\Roaming\npm\node_modules\protractor\node_modules\selenium-webdriver\lib\webdriver.js:1085:17)
                    at run (C:\Users\dr00810779\AppData\Roaming\npm\node_modules\protractor\built\browser.js:58:33)
                    at ProtractorBrowser.to.&lt;computed> [as takeScreenshot] (C:\Users\dr00810779\AppData\Roaming\npm\node_modules\protractor\built\browser.js:66:16)
                    at Object.specDone (D:\iTAP\Recorded_Scenarios\testRun\java\conf.js:45:34)
                    at dispatch (C:\Users\dr00810779\AppData\Roaming\npm\node_modules\protractor\node_modules\jasmine-core\lib\jasmine-core\jasmine.js:4366:28)
                    at ReportDispatcher.specDone (C:\Users\dr00810779\AppData\Roaming\npm\node_modules\protractor\node_modules\jasmine-core\lib\jasmine-core\jasmine.js:4337:11)
                    at Spec.specResultCallback [as resultCallback] (C:\Users\dr00810779\AppData\Roaming\npm\node_modules\protractor\node_modules\jasmine-core\lib\jasmine-core\jasmine.js:1175:18)
                    at QueueRunner.complete [as onComplete] (C:\Users\dr00810779\AppData\Roaming\npm\node_modules\protractor\node_modules\jasmine-core\lib\jasmine-core\jasmine.js:530:12)
                    at Timeout._onTimeout (C:\Users\dr00810779\AppData\Roaming\npm\node_modules\protractor\node_modules\jasmine-core\lib\jasmine-core\jasmine.js:4231:12)</stack-trace>
            </failure>
        </test-case>
        <test-case start='1659772818217' status='failed' stop='1659772818247'>
            <name>crudpage_testcase52</name>
            <title>crudpage_testcase52</title>
            <labels/>
            <parameters/>
            <steps/>
            <attachments/>
            <failure>
                <message>WebDriverError: No active session with ID 38d9489646df6e482241391e231866e4</message>
                <stack-trace>WebDriverError: No active session with ID 38d9489646df6e482241391e231866e4
                    at Object.checkLegacyResponse (C:\Users\dr00810779\AppData\Roaming\npm\node_modules\protractor\node_modules\selenium-webdriver\lib\error.js:546:15)
                    at parseHttpResponse (C:\Users\dr00810779\AppData\Roaming\npm\node_modules\protractor\node_modules\selenium-webdriver\lib\http.js:509:13)
                    at C:\Users\dr00810779\AppData\Roaming\npm\node_modules\protractor\node_modules\selenium-webdriver\lib\http.js:441:30
                    at runMicrotasks (&lt;anonymous>)
                    at processTicksAndRejections (internal/process/task_queues.js:95:5)
                From: Task: WebDriver.takeScreenshot()
                    at thenableWebDriverProxy.schedule (C:\Users\dr00810779\AppData\Roaming\npm\node_modules\protractor\node_modules\selenium-webdriver\lib\webdriver.js:807:17)
                    at thenableWebDriverProxy.takeScreenshot (C:\Users\dr00810779\AppData\Roaming\npm\node_modules\protractor\node_modules\selenium-webdriver\lib\webdriver.js:1085:17)
                    at run (C:\Users\dr00810779\AppData\Roaming\npm\node_modules\protractor\built\browser.js:58:33)
                    at ProtractorBrowser.to.&lt;computed> [as takeScreenshot] (C:\Users\dr00810779\AppData\Roaming\npm\node_modules\protractor\built\browser.js:66:16)
                    at Object.specDone (D:\iTAP\Recorded_Scenarios\testRun\java\conf.js:45:34)
                    at dispatch (C:\Users\dr00810779\AppData\Roaming\npm\node_modules\protractor\node_modules\jasmine-core\lib\jasmine-core\jasmine.js:4366:28)
                    at ReportDispatcher.specDone (C:\Users\dr00810779\AppData\Roaming\npm\node_modules\protractor\node_modules\jasmine-core\lib\jasmine-core\jasmine.js:4337:11)
                    at Spec.specResultCallback [as resultCallback] (C:\Users\dr00810779\AppData\Roaming\npm\node_modules\protractor\node_modules\jasmine-core\lib\jasmine-core\jasmine.js:1175:18)
                    at QueueRunner.complete [as onComplete] (C:\Users\dr00810779\AppData\Roaming\npm\node_modules\protractor\node_modules\jasmine-core\lib\jasmine-core\jasmine.js:530:12)
                    at Immediate.&lt;anonymous> (C:\Users\dr00810779\AppData\Roaming\npm\node_modules\protractor\node_modules\jasmine-core\lib\jasmine-core\jasmine.js:4231:12)</stack-trace>
            </failure>
        </test-case>
        <test-case start='1659772818247' status='failed' stop='1659772818263'>
            <name>crudmultiplelocators_testcase53</name>
            <title>crudmultiplelocators_testcase53</title>
            <labels/>
            <parameters/>
            <steps/>
            <attachments/>
            <failure>
                <message>WebDriverError: No active session with ID 38d9489646df6e482241391e231866e4</message>
                <stack-trace>WebDriverError: No active session with ID 38d9489646df6e482241391e231866e4
                    at Object.checkLegacyResponse (C:\Users\dr00810779\AppData\Roaming\npm\node_modules\protractor\node_modules\selenium-webdriver\lib\error.js:546:15)
                    at parseHttpResponse (C:\Users\dr00810779\AppData\Roaming\npm\node_modules\protractor\node_modules\selenium-webdriver\lib\http.js:509:13)
                    at C:\Users\dr00810779\AppData\Roaming\npm\node_modules\protractor\node_modules\selenium-webdriver\lib\http.js:441:30
                    at runMicrotasks (&lt;anonymous>)
                    at processTicksAndRejections (internal/process/task_queues.js:95:5)
                From: Task: WebDriver.takeScreenshot()
                    at thenableWebDriverProxy.schedule (C:\Users\dr00810779\AppData\Roaming\npm\node_modules\protractor\node_modules\selenium-webdriver\lib\webdriver.js:807:17)
                    at thenableWebDriverProxy.takeScreenshot (C:\Users\dr00810779\AppData\Roaming\npm\node_modules\protractor\node_modules\selenium-webdriver\lib\webdriver.js:1085:17)
                    at run (C:\Users\dr00810779\AppData\Roaming\npm\node_modules\protractor\built\browser.js:58:33)
                    at ProtractorBrowser.to.&lt;computed> [as takeScreenshot] (C:\Users\dr00810779\AppData\Roaming\npm\node_modules\protractor\built\browser.js:66:16)
                    at Object.specDone (D:\iTAP\Recorded_Scenarios\testRun\java\conf.js:45:34)
                    at dispatch (C:\Users\dr00810779\AppData\Roaming\npm\node_modules\protractor\node_modules\jasmine-core\lib\jasmine-core\jasmine.js:4366:28)
                    at ReportDispatcher.specDone (C:\Users\dr00810779\AppData\Roaming\npm\node_modules\protractor\node_modules\jasmine-core\lib\jasmine-core\jasmine.js:4337:11)
                    at Spec.specResultCallback [as resultCallback] (C:\Users\dr00810779\AppData\Roaming\npm\node_modules\protractor\node_modules\jasmine-core\lib\jasmine-core\jasmine.js:1175:18)
                    at QueueRunner.complete [as onComplete] (C:\Users\dr00810779\AppData\Roaming\npm\node_modules\protractor\node_modules\jasmine-core\lib\jasmine-core\jasmine.js:530:12)
                    at Immediate.&lt;anonymous> (C:\Users\dr00810779\AppData\Roaming\npm\node_modules\protractor\node_modules\jasmine-core\lib\jasmine-core\jasmine.js:4231:12)</stack-trace>
            </failure>
        </test-case>
        <test-case start='1659772818263' status='failed' stop='1659772818293'>
            <name>crudcount_testcase54</name>
            <title>crudcount_testcase54</title>
            <labels/>
            <parameters/>
            <steps/>
            <attachments/>
            <failure>
                <message>WebDriverError: No active session with ID 38d9489646df6e482241391e231866e4</message>
                <stack-trace>WebDriverError: No active session with ID 38d9489646df6e482241391e231866e4
                    at Object.checkLegacyResponse (C:\Users\dr00810779\AppData\Roaming\npm\node_modules\protractor\node_modules\selenium-webdriver\lib\error.js:546:15)
                    at parseHttpResponse (C:\Users\dr00810779\AppData\Roaming\npm\node_modules\protractor\node_modules\selenium-webdriver\lib\http.js:509:13)
                    at C:\Users\dr00810779\AppData\Roaming\npm\node_modules\protractor\node_modules\selenium-webdriver\lib\http.js:441:30
                    at runMicrotasks (&lt;anonymous>)
                    at processTicksAndRejections (internal/process/task_queues.js:95:5)
                From: Task: WebDriver.takeScreenshot()
                    at thenableWebDriverProxy.schedule (C:\Users\dr00810779\AppData\Roaming\npm\node_modules\protractor\node_modules\selenium-webdriver\lib\webdriver.js:807:17)
                    at thenableWebDriverProxy.takeScreenshot (C:\Users\dr00810779\AppData\Roaming\npm\node_modules\protractor\node_modules\selenium-webdriver\lib\webdriver.js:1085:17)
                    at run (C:\Users\dr00810779\AppData\Roaming\npm\node_modules\protractor\built\browser.js:58:33)
                    at ProtractorBrowser.to.&lt;computed> [as takeScreenshot] (C:\Users\dr00810779\AppData\Roaming\npm\node_modules\protractor\built\browser.js:66:16)
                    at Object.specDone (D:\iTAP\Recorded_Scenarios\testRun\java\conf.js:45:34)
                    at dispatch (C:\Users\dr00810779\AppData\Roaming\npm\node_modules\protractor\node_modules\jasmine-core\lib\jasmine-core\jasmine.js:4366:28)
                    at ReportDispatcher.specDone (C:\Users\dr00810779\AppData\Roaming\npm\node_modules\protractor\node_modules\jasmine-core\lib\jasmine-core\jasmine.js:4337:11)
                    at Spec.specResultCallback [as resultCallback] (C:\Users\dr00810779\AppData\Roaming\npm\node_modules\protractor\node_modules\jasmine-core\lib\jasmine-core\jasmine.js:1175:18)
                    at QueueRunner.complete [as onComplete] (C:\Users\dr00810779\AppData\Roaming\npm\node_modules\protractor\node_modules\jasmine-core\lib\jasmine-core\jasmine.js:530:12)
                    at Immediate.&lt;anonymous> (C:\Users\dr00810779\AppData\Roaming\npm\node_modules\protractor\node_modules\jasmine-core\lib\jasmine-core\jasmine.js:4231:12)</stack-trace>
            </failure>
        </test-case>
        <test-case start='1659772818293' status='failed' stop='1659772818323'>
            <name>controlflowpage_testcase55</name>
            <title>controlflowpage_testcase55</title>
            <labels/>
            <parameters/>
            <steps/>
            <attachments/>
            <failure>
                <message>WebDriverError: No active session with ID 38d9489646df6e482241391e231866e4</message>
                <stack-trace>WebDriverError: No active session with ID 38d9489646df6e482241391e231866e4
                    at Object.checkLegacyResponse (C:\Users\dr00810779\AppData\Roaming\npm\node_modules\protractor\node_modules\selenium-webdriver\lib\error.js:546:15)
                    at parseHttpResponse (C:\Users\dr00810779\AppData\Roaming\npm\node_modules\protractor\node_modules\selenium-webdriver\lib\http.js:509:13)
                    at C:\Users\dr00810779\AppData\Roaming\npm\node_modules\protractor\node_modules\selenium-webdriver\lib\http.js:441:30
                    at runMicrotasks (&lt;anonymous>)
                    at processTicksAndRejections (internal/process/task_queues.js:95:5)
                From: Task: WebDriver.takeScreenshot()
                    at thenableWebDriverProxy.schedule (C:\Users\dr00810779\AppData\Roaming\npm\node_modules\protractor\node_modules\selenium-webdriver\lib\webdriver.js:807:17)
                    at thenableWebDriverProxy.takeScreenshot (C:\Users\dr00810779\AppData\Roaming\npm\node_modules\protractor\node_modules\selenium-webdriver\lib\webdriver.js:1085:17)
                    at run (C:\Users\dr00810779\AppData\Roaming\npm\node_modules\protractor\built\browser.js:58:33)
                    at ProtractorBrowser.to.&lt;computed> [as takeScreenshot] (C:\Users\dr00810779\AppData\Roaming\npm\node_modules\protractor\built\browser.js:66:16)
                    at Object.specDone (D:\iTAP\Recorded_Scenarios\testRun\java\conf.js:45:34)
                    at dispatch (C:\Users\dr00810779\AppData\Roaming\npm\node_modules\protractor\node_modules\jasmine-core\lib\jasmine-core\jasmine.js:4366:28)
                    at ReportDispatcher.specDone (C:\Users\dr00810779\AppData\Roaming\npm\node_modules\protractor\node_modules\jasmine-core\lib\jasmine-core\jasmine.js:4337:11)
                    at Spec.specResultCallback [as resultCallback] (C:\Users\dr00810779\AppData\Roaming\npm\node_modules\protractor\node_modules\jasmine-core\lib\jasmine-core\jasmine.js:1175:18)
                    at QueueRunner.complete [as onComplete] (C:\Users\dr00810779\AppData\Roaming\npm\node_modules\protractor\node_modules\jasmine-core\lib\jasmine-core\jasmine.js:530:12)
                    at Immediate.&lt;anonymous> (C:\Users\dr00810779\AppData\Roaming\npm\node_modules\protractor\node_modules\jasmine-core\lib\jasmine-core\jasmine.js:4231:12)</stack-trace>
            </failure>
        </test-case>
        <test-case start='1659772818323' status='failed' stop='1659772818353'>
            <name>controlflow_testcase56</name>
            <title>controlflow_testcase56</title>
            <labels/>
            <parameters/>
            <steps/>
            <attachments/>
            <failure>
                <message>WebDriverError: No active session with ID 38d9489646df6e482241391e231866e4</message>
                <stack-trace>WebDriverError: No active session with ID 38d9489646df6e482241391e231866e4
                    at Object.checkLegacyResponse (C:\Users\dr00810779\AppData\Roaming\npm\node_modules\protractor\node_modules\selenium-webdriver\lib\error.js:546:15)
                    at parseHttpResponse (C:\Users\dr00810779\AppData\Roaming\npm\node_modules\protractor\node_modules\selenium-webdriver\lib\http.js:509:13)
                    at C:\Users\dr00810779\AppData\Roaming\npm\node_modules\protractor\node_modules\selenium-webdriver\lib\http.js:441:30
                    at runMicrotasks (&lt;anonymous>)
                    at processTicksAndRejections (internal/process/task_queues.js:95:5)
                From: Task: WebDriver.takeScreenshot()
                    at thenableWebDriverProxy.schedule (C:\Users\dr00810779\AppData\Roaming\npm\node_modules\protractor\node_modules\selenium-webdriver\lib\webdriver.js:807:17)
                    at thenableWebDriverProxy.takeScreenshot (C:\Users\dr00810779\AppData\Roaming\npm\node_modules\protractor\node_modules\selenium-webdriver\lib\webdriver.js:1085:17)
                    at run (C:\Users\dr00810779\AppData\Roaming\npm\node_modules\protractor\built\browser.js:58:33)
                    at ProtractorBrowser.to.&lt;computed> [as takeScreenshot] (C:\Users\dr00810779\AppData\Roaming\npm\node_modules\protractor\built\browser.js:66:16)
                    at Object.specDone (D:\iTAP\Recorded_Scenarios\testRun\java\conf.js:45:34)
                    at dispatch (C:\Users\dr00810779\AppData\Roaming\npm\node_modules\protractor\node_modules\jasmine-core\lib\jasmine-core\jasmine.js:4366:28)
                    at ReportDispatcher.specDone (C:\Users\dr00810779\AppData\Roaming\npm\node_modules\protractor\node_modules\jasmine-core\lib\jasmine-core\jasmine.js:4337:11)
                    at Spec.specResultCallback [as resultCallback] (C:\Users\dr00810779\AppData\Roaming\npm\node_modules\protractor\node_modules\jasmine-core\lib\jasmine-core\jasmine.js:1175:18)
                    at QueueRunner.complete [as onComplete] (C:\Users\dr00810779\AppData\Roaming\npm\node_modules\protractor\node_modules\jasmine-core\lib\jasmine-core\jasmine.js:530:12)
                    at Immediate.&lt;anonymous> (C:\Users\dr00810779\AppData\Roaming\npm\node_modules\protractor\node_modules\jasmine-core\lib\jasmine-core\jasmine.js:4231:12)</stack-trace>
            </failure>
        </test-case>
        <test-case start='1659772818354' status='failed' stop='1659772818384'>
            <name>componentsRedirectionCheck_testcase57</name>
            <title>componentsRedirectionCheck_testcase57</title>
            <labels/>
            <parameters/>
            <steps/>
            <attachments/>
            <failure>
                <message>WebDriverError: No active session with ID 38d9489646df6e482241391e231866e4</message>
                <stack-trace>WebDriverError: No active session with ID 38d9489646df6e482241391e231866e4
                    at Object.checkLegacyResponse (C:\Users\dr00810779\AppData\Roaming\npm\node_modules\protractor\node_modules\selenium-webdriver\lib\error.js:546:15)
                    at parseHttpResponse (C:\Users\dr00810779\AppData\Roaming\npm\node_modules\protractor\node_modules\selenium-webdriver\lib\http.js:509:13)
                    at C:\Users\dr00810779\AppData\Roaming\npm\node_modules\protractor\node_modules\selenium-webdriver\lib\http.js:441:30
                    at runMicrotasks (&lt;anonymous>)
                    at processTicksAndRejections (internal/process/task_queues.js:95:5)
                From: Task: WebDriver.takeScreenshot()
                    at thenableWebDriverProxy.schedule (C:\Users\dr00810779\AppData\Roaming\npm\node_modules\protractor\node_modules\selenium-webdriver\lib\webdriver.js:807:17)
                    at thenableWebDriverProxy.takeScreenshot (C:\Users\dr00810779\AppData\Roaming\npm\node_modules\protractor\node_modules\selenium-webdriver\lib\webdriver.js:1085:17)
                    at run (C:\Users\dr00810779\AppData\Roaming\npm\node_modules\protractor\built\browser.js:58:33)
                    at ProtractorBrowser.to.&lt;computed> [as takeScreenshot] (C:\Users\dr00810779\AppData\Roaming\npm\node_modules\protractor\built\browser.js:66:16)
                    at Object.specDone (D:\iTAP\Recorded_Scenarios\testRun\java\conf.js:45:34)
                    at dispatch (C:\Users\dr00810779\AppData\Roaming\npm\node_modules\protractor\node_modules\jasmine-core\lib\jasmine-core\jasmine.js:4366:28)
                    at ReportDispatcher.specDone (C:\Users\dr00810779\AppData\Roaming\npm\node_modules\protractor\node_modules\jasmine-core\lib\jasmine-core\jasmine.js:4337:11)
                    at Spec.specResultCallback [as resultCallback] (C:\Users\dr00810779\AppData\Roaming\npm\node_modules\protractor\node_modules\jasmine-core\lib\jasmine-core\jasmine.js:1175:18)
                    at QueueRunner.complete [as onComplete] (C:\Users\dr00810779\AppData\Roaming\npm\node_modules\protractor\node_modules\jasmine-core\lib\jasmine-core\jasmine.js:530:12)
                    at Immediate.&lt;anonymous> (C:\Users\dr00810779\AppData\Roaming\npm\node_modules\protractor\node_modules\jasmine-core\lib\jasmine-core\jasmine.js:4231:12)</stack-trace>
            </failure>
        </test-case>
        <test-case start='1659772818385' status='failed' stop='1659772818400'>
            <name>components_testcase58</name>
            <title>components_testcase58</title>
            <labels/>
            <parameters/>
            <steps/>
            <attachments/>
            <failure>
                <message>WebDriverError: No active session with ID 38d9489646df6e482241391e231866e4</message>
                <stack-trace>WebDriverError: No active session with ID 38d9489646df6e482241391e231866e4
                    at Object.checkLegacyResponse (C:\Users\dr00810779\AppData\Roaming\npm\node_modules\protractor\node_modules\selenium-webdriver\lib\error.js:546:15)
                    at parseHttpResponse (C:\Users\dr00810779\AppData\Roaming\npm\node_modules\protractor\node_modules\selenium-webdriver\lib\http.js:509:13)
                    at C:\Users\dr00810779\AppData\Roaming\npm\node_modules\protractor\node_modules\selenium-webdriver\lib\http.js:441:30
                    at runMicrotasks (&lt;anonymous>)
                    at processTicksAndRejections (internal/process/task_queues.js:95:5)
                From: Task: WebDriver.takeScreenshot()
                    at thenableWebDriverProxy.schedule (C:\Users\dr00810779\AppData\Roaming\npm\node_modules\protractor\node_modules\selenium-webdriver\lib\webdriver.js:807:17)
                    at thenableWebDriverProxy.takeScreenshot (C:\Users\dr00810779\AppData\Roaming\npm\node_modules\protractor\node_modules\selenium-webdriver\lib\webdriver.js:1085:17)
                    at run (C:\Users\dr00810779\AppData\Roaming\npm\node_modules\protractor\built\browser.js:58:33)
                    at ProtractorBrowser.to.&lt;computed> [as takeScreenshot] (C:\Users\dr00810779\AppData\Roaming\npm\node_modules\protractor\built\browser.js:66:16)
                    at Object.specDone (D:\iTAP\Recorded_Scenarios\testRun\java\conf.js:45:34)
                    at dispatch (C:\Users\dr00810779\AppData\Roaming\npm\node_modules\protractor\node_modules\jasmine-core\lib\jasmine-core\jasmine.js:4366:28)
                    at ReportDispatcher.specDone (C:\Users\dr00810779\AppData\Roaming\npm\node_modules\protractor\node_modules\jasmine-core\lib\jasmine-core\jasmine.js:4337:11)
                    at Spec.specResultCallback [as resultCallback] (C:\Users\dr00810779\AppData\Roaming\npm\node_modules\protractor\node_modules\jasmine-core\lib\jasmine-core\jasmine.js:1175:18)
                    at QueueRunner.complete [as onComplete] (C:\Users\dr00810779\AppData\Roaming\npm\node_modules\protractor\node_modules\jasmine-core\lib\jasmine-core\jasmine.js:530:12)
                    at Immediate.&lt;anonymous> (C:\Users\dr00810779\AppData\Roaming\npm\node_modules\protractor\node_modules\jasmine-core\lib\jasmine-core\jasmine.js:4231:12)</stack-trace>
            </failure>
        </test-case>
        <test-case start='1659772818401' status='failed' stop='1659772818432'>
            <name>commentedlinespage_testcase59</name>
            <title>commentedlinespage_testcase59</title>
            <labels/>
            <parameters/>
            <steps/>
            <attachments/>
            <failure>
                <message>WebDriverError: No active session with ID 38d9489646df6e482241391e231866e4</message>
                <stack-trace>WebDriverError: No active session with ID 38d9489646df6e482241391e231866e4
                    at Object.checkLegacyResponse (C:\Users\dr00810779\AppData\Roaming\npm\node_modules\protractor\node_modules\selenium-webdriver\lib\error.js:546:15)
                    at parseHttpResponse (C:\Users\dr00810779\AppData\Roaming\npm\node_modules\protractor\node_modules\selenium-webdriver\lib\http.js:509:13)
                    at C:\Users\dr00810779\AppData\Roaming\npm\node_modules\protractor\node_modules\selenium-webdriver\lib\http.js:441:30
                    at runMicrotasks (&lt;anonymous>)
                    at processTicksAndRejections (internal/process/task_queues.js:95:5)
                From: Task: WebDriver.takeScreenshot()
                    at thenableWebDriverProxy.schedule (C:\Users\dr00810779\AppData\Roaming\npm\node_modules\protractor\node_modules\selenium-webdriver\lib\webdriver.js:807:17)
                    at thenableWebDriverProxy.takeScreenshot (C:\Users\dr00810779\AppData\Roaming\npm\node_modules\protractor\node_modules\selenium-webdriver\lib\webdriver.js:1085:17)
                    at run (C:\Users\dr00810779\AppData\Roaming\npm\node_modules\protractor\built\browser.js:58:33)
                    at ProtractorBrowser.to.&lt;computed> [as takeScreenshot] (C:\Users\dr00810779\AppData\Roaming\npm\node_modules\protractor\built\browser.js:66:16)
                    at Object.specDone (D:\iTAP\Recorded_Scenarios\testRun\java\conf.js:45:34)
                    at dispatch (C:\Users\dr00810779\AppData\Roaming\npm\node_modules\protractor\node_modules\jasmine-core\lib\jasmine-core\jasmine.js:4366:28)
                    at ReportDispatcher.specDone (C:\Users\dr00810779\AppData\Roaming\npm\node_modules\protractor\node_modules\jasmine-core\lib\jasmine-core\jasmine.js:4337:11)
                    at Spec.specResultCallback [as resultCallback] (C:\Users\dr00810779\AppData\Roaming\npm\node_modules\protractor\node_modules\jasmine-core\lib\jasmine-core\jasmine.js:1175:18)
                    at QueueRunner.complete [as onComplete] (C:\Users\dr00810779\AppData\Roaming\npm\node_modules\protractor\node_modules\jasmine-core\lib\jasmine-core\jasmine.js:530:12)
                    at Immediate.&lt;anonymous> (C:\Users\dr00810779\AppData\Roaming\npm\node_modules\protractor\node_modules\jasmine-core\lib\jasmine-core\jasmine.js:4231:12)</stack-trace>
            </failure>
        </test-case>
        <test-case start='1659772818433' status='failed' stop='1659772818463'>
            <name>commentedlinescount_testcase60</name>
            <title>commentedlinescount_testcase60</title>
            <labels/>
            <parameters/>
            <steps/>
            <attachments/>
            <failure>
                <message>WebDriverError: No active session with ID 38d9489646df6e482241391e231866e4</message>
                <stack-trace>WebDriverError: No active session with ID 38d9489646df6e482241391e231866e4
                    at Object.checkLegacyResponse (C:\Users\dr00810779\AppData\Roaming\npm\node_modules\protractor\node_modules\selenium-webdriver\lib\error.js:546:15)
                    at parseHttpResponse (C:\Users\dr00810779\AppData\Roaming\npm\node_modules\protractor\node_modules\selenium-webdriver\lib\http.js:509:13)
                    at C:\Users\dr00810779\AppData\Roaming\npm\node_modules\protractor\node_modules\selenium-webdriver\lib\http.js:441:30
                    at runMicrotasks (&lt;anonymous>)
                    at processTicksAndRejections (internal/process/task_queues.js:95:5)
                From: Task: WebDriver.takeScreenshot()
                    at thenableWebDriverProxy.schedule (C:\Users\dr00810779\AppData\Roaming\npm\node_modules\protractor\node_modules\selenium-webdriver\lib\webdriver.js:807:17)
                    at thenableWebDriverProxy.takeScreenshot (C:\Users\dr00810779\AppData\Roaming\npm\node_modules\protractor\node_modules\selenium-webdriver\lib\webdriver.js:1085:17)
                    at run (C:\Users\dr00810779\AppData\Roaming\npm\node_modules\protractor\built\browser.js:58:33)
                    at ProtractorBrowser.to.&lt;computed> [as takeScreenshot] (C:\Users\dr00810779\AppData\Roaming\npm\node_modules\protractor\built\browser.js:66:16)
                    at Object.specDone (D:\iTAP\Recorded_Scenarios\testRun\java\conf.js:45:34)
                    at dispatch (C:\Users\dr00810779\AppData\Roaming\npm\node_modules\protractor\node_modules\jasmine-core\lib\jasmine-core\jasmine.js:4366:28)
                    at ReportDispatcher.specDone (C:\Users\dr00810779\AppData\Roaming\npm\node_modules\protractor\node_modules\jasmine-core\lib\jasmine-core\jasmine.js:4337:11)
                    at Spec.specResultCallback [as resultCallback] (C:\Users\dr00810779\AppData\Roaming\npm\node_modules\protractor\node_modules\jasmine-core\lib\jasmine-core\jasmine.js:1175:18)
                    at QueueRunner.complete [as onComplete] (C:\Users\dr00810779\AppData\Roaming\npm\node_modules\protractor\node_modules\jasmine-core\lib\jasmine-core\jasmine.js:530:12)
                    at Immediate.&lt;anonymous> (C:\Users\dr00810779\AppData\Roaming\npm\node_modules\protractor\node_modules\jasmine-core\lib\jasmine-core\jasmine.js:4231:12)</stack-trace>
            </failure>
        </test-case>
        <test-case start='1659772818463' status='failed' stop='1659772818493'>
            <name>callchainpage_testcase61</name>
            <title>callchainpage_testcase61</title>
            <labels/>
            <parameters/>
            <steps/>
            <attachments/>
            <failure>
                <message>WebDriverError: No active session with ID 38d9489646df6e482241391e231866e4</message>
                <stack-trace>WebDriverError: No active session with ID 38d9489646df6e482241391e231866e4
                    at Object.checkLegacyResponse (C:\Users\dr00810779\AppData\Roaming\npm\node_modules\protractor\node_modules\selenium-webdriver\lib\error.js:546:15)
                    at parseHttpResponse (C:\Users\dr00810779\AppData\Roaming\npm\node_modules\protractor\node_modules\selenium-webdriver\lib\http.js:509:13)
                    at C:\Users\dr00810779\AppData\Roaming\npm\node_modules\protractor\node_modules\selenium-webdriver\lib\http.js:441:30
                    at runMicrotasks (&lt;anonymous>)
                    at processTicksAndRejections (internal/process/task_queues.js:95:5)
                From: Task: WebDriver.takeScreenshot()
                    at thenableWebDriverProxy.schedule (C:\Users\dr00810779\AppData\Roaming\npm\node_modules\protractor\node_modules\selenium-webdriver\lib\webdriver.js:807:17)
                    at thenableWebDriverProxy.takeScreenshot (C:\Users\dr00810779\AppData\Roaming\npm\node_modules\protractor\node_modules\selenium-webdriver\lib\webdriver.js:1085:17)
                    at run (C:\Users\dr00810779\AppData\Roaming\npm\node_modules\protractor\built\browser.js:58:33)
                    at ProtractorBrowser.to.&lt;computed> [as takeScreenshot] (C:\Users\dr00810779\AppData\Roaming\npm\node_modules\protractor\built\browser.js:66:16)
                    at Object.specDone (D:\iTAP\Recorded_Scenarios\testRun\java\conf.js:45:34)
                    at dispatch (C:\Users\dr00810779\AppData\Roaming\npm\node_modules\protractor\node_modules\jasmine-core\lib\jasmine-core\jasmine.js:4366:28)
                    at ReportDispatcher.specDone (C:\Users\dr00810779\AppData\Roaming\npm\node_modules\protractor\node_modules\jasmine-core\lib\jasmine-core\jasmine.js:4337:11)
                    at Spec.specResultCallback [as resultCallback] (C:\Users\dr00810779\AppData\Roaming\npm\node_modules\protractor\node_modules\jasmine-core\lib\jasmine-core\jasmine.js:1175:18)
                    at QueueRunner.complete [as onComplete] (C:\Users\dr00810779\AppData\Roaming\npm\node_modules\protractor\node_modules\jasmine-core\lib\jasmine-core\jasmine.js:530:12)
                    at Timeout._onTimeout (C:\Users\dr00810779\AppData\Roaming\npm\node_modules\protractor\node_modules\jasmine-core\lib\jasmine-core\jasmine.js:4231:12)</stack-trace>
            </failure>
        </test-case>
        <test-case start='1659772818494' status='failed' stop='1659772818523'>
            <name>callchain_testcase62</name>
            <title>callchain_testcase62</title>
            <labels/>
            <parameters/>
            <steps/>
            <attachments/>
            <failure>
                <message>WebDriverError: No active session with ID 38d9489646df6e482241391e231866e4</message>
                <stack-trace>WebDriverError: No active session with ID 38d9489646df6e482241391e231866e4
                    at Object.checkLegacyResponse (C:\Users\dr00810779\AppData\Roaming\npm\node_modules\protractor\node_modules\selenium-webdriver\lib\error.js:546:15)
                    at parseHttpResponse (C:\Users\dr00810779\AppData\Roaming\npm\node_modules\protractor\node_modules\selenium-webdriver\lib\http.js:509:13)
                    at C:\Users\dr00810779\AppData\Roaming\npm\node_modules\protractor\node_modules\selenium-webdriver\lib\http.js:441:30
                    at runMicrotasks (&lt;anonymous>)
                    at processTicksAndRejections (internal/process/task_queues.js:95:5)
                From: Task: WebDriver.takeScreenshot()
                    at thenableWebDriverProxy.schedule (C:\Users\dr00810779\AppData\Roaming\npm\node_modules\protractor\node_modules\selenium-webdriver\lib\webdriver.js:807:17)
                    at thenableWebDriverProxy.takeScreenshot (C:\Users\dr00810779\AppData\Roaming\npm\node_modules\protractor\node_modules\selenium-webdriver\lib\webdriver.js:1085:17)
                    at run (C:\Users\dr00810779\AppData\Roaming\npm\node_modules\protractor\built\browser.js:58:33)
                    at ProtractorBrowser.to.&lt;computed> [as takeScreenshot] (C:\Users\dr00810779\AppData\Roaming\npm\node_modules\protractor\built\browser.js:66:16)
                    at Object.specDone (D:\iTAP\Recorded_Scenarios\testRun\java\conf.js:45:34)
                    at dispatch (C:\Users\dr00810779\AppData\Roaming\npm\node_modules\protractor\node_modules\jasmine-core\lib\jasmine-core\jasmine.js:4366:28)
                    at ReportDispatcher.specDone (C:\Users\dr00810779\AppData\Roaming\npm\node_modules\protractor\node_modules\jasmine-core\lib\jasmine-core\jasmine.js:4337:11)
                    at Spec.specResultCallback [as resultCallback] (C:\Users\dr00810779\AppData\Roaming\npm\node_modules\protractor\node_modules\jasmine-core\lib\jasmine-core\jasmine.js:1175:18)
                    at QueueRunner.complete [as onComplete] (C:\Users\dr00810779\AppData\Roaming\npm\node_modules\protractor\node_modules\jasmine-core\lib\jasmine-core\jasmine.js:530:12)
                    at Immediate.&lt;anonymous> (C:\Users\dr00810779\AppData\Roaming\npm\node_modules\protractor\node_modules\jasmine-core\lib\jasmine-core\jasmine.js:4231:12)</stack-trace>
            </failure>
        </test-case>
    </test-cases>
</ns2:test-suite>